Override log path to logs
Override parallel_granularity to column
Design Parameters:
- paramFile: /tmp/demo_16_IMAGENET_PTB_False_False_False.cfg
- multiprocess: 4
- operationMode: 1
- memCellType: MemCellType.SRAM
- accessType: CellAccessType.CMOS_access
- transistorType: TransistorType.conventional
- deviceRoadmap: DeviceRoadmap.LSTP
- globalBufferType: SRAM
- globalBufferCoreSizeRow: 128
- globalBufferCoreSizeCol: 128
- tileBufferType: RF
- tileBufferCoreSizeRow: 32
- tileBufferCoreSizeCol: 32
- peBufferType: SRAM
- chipActivation: True
- actFunc: reLu
- novelMapping: False
- SARADC: False
- currentMode: True
- pipeline: True
- speedUpDegree: 8
- validated: True
- synchronous: True
- algoWeightMin: -1
- algoWeightMax: 1
- clkFreq: 1000000000.0
- temperature: 300
- techNode: 22
- featureSize: 4e-08
- wireWidth: 40
- globalBusDelayTolerance: 0.1
- localBusDelayTolerance: 0.1
- treeFoldedRatio: 4
- maxGlobalBusWidth: 2048
- numRowSubArray: 128
- numColSubArray: 128
- relaxArrayCellHeight: False
- relaxArrayCellWidth: False
- numColMuxed: 8
- levelOutput: 32
- cellBit: 1
- heightInFeatureSizeSRAM: 10
- widthInFeatureSizeSRAM: 28
- widthSRAMCellNMOS: 2
- widthSRAMCellPMOS: 1
- widthAccessCMOS: 1
- minSenseVoltage: 0.1
- heightInFeatureSize1T1R: 4
- widthInFeatureSize1T1R: 12
- heightInFeatureSizeCrossbar: 2
- widthInFeatureSizeCrossbar: 2
- resistanceOn: 6000.0
- resistanceOff: 900000.0
- maxConductance: 0.00016666666666666666
- minConductance: 1.111111111111111e-06
- readVoltage: 0.5
- readPulseWidth: 1e-08
- accessVoltage: 1.1
- resistanceAccess: 1500.0
- writeVoltage: 2
- conventionalParallel: False
- conventionalSequential: True
- BNNparallelMode: False
- BNNsequentialMode: False
- XNORsequentialMode: False
- XNORparallelMode: False
- parallelRead: False
- speculationRecover: False
- mergedTimestep: 100
- synapseBit: 8
- numBitInput: 8
- device: cpu
- multidevice: True
- debug: False
- debugTime: False
- testLayers: 0
- log_path: logs
- parallel_granularity: column
- speculative: False
- dense_mode: PTB
- sub_tw: 16
- dynamic_stw: False
- hit_threshold: 2
- miss_threshold: 1
- csr_compress: False
- alpha: 1.44
- beta: 1.4
- gamma: 0.17
- delta: 0.15
- epsilon: 0.05
- zeta: 1.22
- AR: 1.9
- Rho: 4.03e-08
- wireLengthRow: 4e-07
- wireLengthCol: 1.12e-06
- unitLengthWireResistance: 13256578.94736842
- wireResistanceRow: 5.302631578947368
- wireResistanceCol: 14.847368421052632
- numRowPerSynapse: 1
- numColPerSynapse: 8

Device Property:
- vdd: 0.85
- vth: 0.419915
- phyGateLength: 2.6e-08
- capIdealGate: 5.245e-10
- capFringe: 8.004e-10
- effectiveResistanceMultiplier: 1.77
- current_gmNmos: 456.0
- current_gmPmos: 185.0
- currentOnNmos: {0: 791.9, 10: 756.4, 20: 722.2, 30: 689.4, 40: 658.1, 50: 628.3, 60: 600.0, 70: 573.3, 80: 548.0, 90: 524.2, 100: 501.7, 1: 788.35, 2: 784.8, 3: 781.25, 4: 777.6999999999999, 5: 774.15, 6: 770.6, 7: 767.05, 8: 763.5, 9: 759.9499999999999, 11: 752.98, 12: 749.56, 13: 746.14, 14: 742.72, 15: 739.3, 16: 735.88, 17: 732.46, 18: 729.0400000000001, 19: 725.62, 21: 718.9200000000001, 22: 715.64, 23: 712.36, 24: 709.08, 25: 705.8, 26: 702.52, 27: 699.24, 28: 695.96, 29: 692.68, 31: 686.27, 32: 683.14, 33: 680.01, 34: 676.88, 35: 673.75, 36: 670.62, 37: 667.49, 38: 664.36, 39: 661.23, 41: 655.12, 42: 652.14, 43: 649.16, 44: 646.18, 45: 643.2, 46: 640.22, 47: 637.24, 48: 634.26, 49: 631.28, 51: 625.4699999999999, 52: 622.64, 53: 619.81, 54: 616.98, 55: 614.15, 56: 611.3199999999999, 57: 608.49, 58: 605.66, 59: 602.83, 61: 597.33, 62: 594.66, 63: 591.99, 64: 589.3199999999999, 65: 586.65, 66: 583.98, 67: 581.31, 68: 578.64, 69: 575.9699999999999, 71: 570.77, 72: 568.24, 73: 565.7099999999999, 74: 563.18, 75: 560.65, 76: 558.12, 77: 555.59, 78: 553.06, 79: 550.53, 81: 545.62, 82: 543.24, 83: 540.86, 84: 538.48, 85: 536.1, 86: 533.72, 87: 531.34, 88: 528.96, 89: 526.58, 91: 521.95, 92: 519.7, 93: 517.45, 94: 515.2, 95: 512.95, 96: 510.7, 97: 508.45, 98: 506.2, 99: 503.95}
- currentOnPmos: {0: 600.2, 10: 561.3, 20: 525.5, 30: 492.5, 40: 462.2, 50: 434.3, 60: 408.7, 70: 385.1, 80: 363.4, 90: 343.3, 100: 324.8, 1: 596.3100000000001, 2: 592.4200000000001, 3: 588.53, 4: 584.64, 5: 580.75, 6: 576.86, 7: 572.97, 8: 569.0799999999999, 9: 565.1899999999999, 11: 557.7199999999999, 12: 554.14, 13: 550.56, 14: 546.98, 15: 543.4, 16: 539.8199999999999, 17: 536.24, 18: 532.66, 19: 529.08, 21: 522.2, 22: 518.9, 23: 515.6, 24: 512.3, 25: 509.0, 26: 505.7, 27: 502.4, 28: 499.1, 29: 495.8, 31: 489.47, 32: 486.44, 33: 483.40999999999997, 34: 480.38, 35: 477.35, 36: 474.32, 37: 471.28999999999996, 38: 468.26, 39: 465.23, 41: 459.40999999999997, 42: 456.62, 43: 453.83, 44: 451.04, 45: 448.25, 46: 445.46, 47: 442.67, 48: 439.88, 49: 437.09000000000003, 51: 431.74, 52: 429.18, 53: 426.62, 54: 424.06, 55: 421.5, 56: 418.94, 57: 416.38, 58: 413.82, 59: 411.26, 61: 406.34, 62: 403.98, 63: 401.62, 64: 399.26, 65: 396.9, 66: 394.54, 67: 392.18, 68: 389.82, 69: 387.46000000000004, 71: 382.93, 72: 380.76, 73: 378.59000000000003, 74: 376.42, 75: 374.25, 76: 372.08, 77: 369.90999999999997, 78: 367.74, 79: 365.57, 81: 361.39, 82: 359.38, 83: 357.37, 84: 355.36, 85: 353.35, 86: 351.34, 87: 349.33, 88: 347.32, 89: 345.31, 91: 341.45, 92: 339.6, 93: 337.75, 94: 335.90000000000003, 95: 334.05, 96: 332.2, 97: 330.35, 98: 328.5, 99: 326.65000000000003}
- currentOffNmos: {0: 0.0001, 10: 0.0001473, 20: 0.0002121, 30: 0.0002996, 40: 0.0004153, 50: 0.0005658, 60: 0.0007589, 70: 0.001003, 80: 0.001307, 90: 0.001682, 100: 0.002139, 1: 0.00010473000000000001, 2: 0.00010946, 3: 0.00011419, 4: 0.00011892, 5: 0.00012365, 6: 0.00012838, 7: 0.00013311, 8: 0.00013784, 9: 0.00014257, 11: 0.00015378, 12: 0.00016026000000000001, 13: 0.00016674, 14: 0.00017322, 15: 0.0001797, 16: 0.00018618, 17: 0.00019266, 18: 0.00019914, 19: 0.00020562, 21: 0.00022085, 22: 0.0002296, 23: 0.00023835000000000002, 24: 0.0002471, 25: 0.00025585, 26: 0.00026460000000000003, 27: 0.00027335, 28: 0.0002821, 29: 0.00029085000000000005, 31: 0.00031117000000000004, 32: 0.00032274, 33: 0.00033431, 34: 0.00034588, 35: 0.00035745000000000004, 36: 0.00036902, 37: 0.00038059, 38: 0.00039216, 39: 0.00040373000000000004, 41: 0.00043035, 42: 0.0004454, 43: 0.00046045, 44: 0.0004755, 45: 0.00049055, 46: 0.0005056, 47: 0.00052065, 48: 0.0005357, 49: 0.00055075, 51: 0.00058511, 52: 0.0006044199999999999, 53: 0.00062373, 54: 0.00064304, 55: 0.0006623499999999999, 56: 0.00068166, 57: 0.00070097, 58: 0.00072028, 59: 0.0007395899999999999, 61: 0.00078331, 62: 0.0008077199999999999, 63: 0.0008321299999999999, 64: 0.0008565399999999999, 65: 0.00088095, 66: 0.00090536, 67: 0.0009297699999999999, 68: 0.00095418, 69: 0.00097859, 71: 0.0010334, 72: 0.0010638, 73: 0.0010942, 74: 0.0011246, 75: 0.001155, 76: 0.0011854, 77: 0.0012158, 78: 0.0012462, 79: 0.0012766000000000001, 81: 0.0013445, 82: 0.001382, 83: 0.0014195, 84: 0.001457, 85: 0.0014945, 86: 0.001532, 87: 0.0015695, 88: 0.001607, 89: 0.0016445, 91: 0.0017277, 92: 0.0017733999999999998, 93: 0.0018191, 94: 0.0018647999999999998, 95: 0.0019104999999999999, 96: 0.0019562, 97: 0.0020019, 98: 0.0020475999999999997, 99: 0.0020932999999999998}
- currentOffPmos: {0: 0.0001, 10: 0.0001473, 20: 0.0002121, 30: 0.0002996, 40: 0.0004153, 50: 0.0005658, 60: 0.0007589, 70: 0.001003, 80: 0.001307, 90: 0.001682, 100: 0.002139, 1: 0.00010473000000000001, 2: 0.00010946, 3: 0.00011419, 4: 0.00011892, 5: 0.00012365, 6: 0.00012838, 7: 0.00013311, 8: 0.00013784, 9: 0.00014257, 11: 0.00015378, 12: 0.00016026000000000001, 13: 0.00016674, 14: 0.00017322, 15: 0.0001797, 16: 0.00018618, 17: 0.00019266, 18: 0.00019914, 19: 0.00020562, 21: 0.00022085, 22: 0.0002296, 23: 0.00023835000000000002, 24: 0.0002471, 25: 0.00025585, 26: 0.00026460000000000003, 27: 0.00027335, 28: 0.0002821, 29: 0.00029085000000000005, 31: 0.00031117000000000004, 32: 0.00032274, 33: 0.00033431, 34: 0.00034588, 35: 0.00035745000000000004, 36: 0.00036902, 37: 0.00038059, 38: 0.00039216, 39: 0.00040373000000000004, 41: 0.00043035, 42: 0.0004454, 43: 0.00046045, 44: 0.0004755, 45: 0.00049055, 46: 0.0005056, 47: 0.00052065, 48: 0.0005357, 49: 0.00055075, 51: 0.00058511, 52: 0.0006044199999999999, 53: 0.00062373, 54: 0.00064304, 55: 0.0006623499999999999, 56: 0.00068166, 57: 0.00070097, 58: 0.00072028, 59: 0.0007395899999999999, 61: 0.00078331, 62: 0.0008077199999999999, 63: 0.0008321299999999999, 64: 0.0008565399999999999, 65: 0.00088095, 66: 0.00090536, 67: 0.0009297699999999999, 68: 0.00095418, 69: 0.00097859, 71: 0.0010334, 72: 0.0010638, 73: 0.0010942, 74: 0.0011246, 75: 0.001155, 76: 0.0011854, 77: 0.0012158, 78: 0.0012462, 79: 0.0012766000000000001, 81: 0.0013445, 82: 0.001382, 83: 0.0014195, 84: 0.001457, 85: 0.0014945, 86: 0.001532, 87: 0.0015695, 88: 0.001607, 89: 0.0016445, 91: 0.0017277, 92: 0.0017733999999999998, 93: 0.0018191, 94: 0.0018647999999999998, 95: 0.0019104999999999999, 96: 0.0019562, 97: 0.0020019, 98: 0.0020475999999999997, 99: 0.0020932999999999998}
- pnSizeRatio: 1.3193935354881705
- techNodeInNano: 22
- techNode: 2.2000000000000002e-08
- deviceRoadmap: DeviceRoadmap.LSTP
- transistorType: TransistorType.conventional
- capOverlap: 1.0490000000000001e-10
- cjd: 0.001
- cjswd: 2.5e-10
- cjswgd: 5e-11
- mjd: 0.5
- mjswd: 0.33
- mjswgd: 0.33
- buildInPotential: 0.9
- capJunction: 0.0007171371656006362
- capSidewall: 2.0074164593238696e-10
- capDrainToChannel: 4.014832918647739e-11
- capPolywire: 0.0

Memory Cell Property:
- memCellType: MemCellType.SRAM
- techNode: 22
- area: 0
- aspectRatio: 1
- resistanceOn: 6000.0
- resistanceOff: 900000.0
- minSenseVoltage: 0.1
- accessType: CellAccessType.CMOS_access
- featureSize: 4e-08
- accessVoltage: 1.1
- readVoltage: 0.5
- writeVoltage: 2
- readPulseWidth: 1e-08
- writePulseWidth: 1e-08
- resistanceAccess: 1500.0
- nonlinearIV: False
- nonlinearity: 0.0
- resistanceAvg: 453000.0
- resCellAccess: 86357.32243511004
- resMemCellOn: 0.0
- resMemCellOff: 0.0
- resMemCellAvg: 0.0
- resMemCellOnAtHalfVw: 0.0
- resMemCellOffAtHalfVw: 0.0
- resMemCellAvgAtHalfVw: 0.0
- resMemCellOnAtVw: 0.0
- resMemCellOffAtVw: 0.0
- resMemCellAvgAtVw: 0.0
- capSRAMCell: 1.9364668729435822e-16
- multipleCells: 1
- maxNumLevelLTP: 0
- maxNumLevelLTD: 0
- widthAccessCMOS: 1
- widthSRAMCellNMOS: 2
- widthSRAMPCellPMOS: 1
- widthInFeatureSize: 28
- heightInFeatureSize: 10
- capCellAccess: 3.100281451830707e-17

=============== Parameter Loading Finish ===============
Time elapsed = 2.04 s
=============== Network Structure Loading Finish ===============
{'IH': 56, 'IW': 56, 'Cin': 64, 'KH': 3, 'KW': 3, 'Cout': 64, 'pooling': 0, 'stride': 1, 'isSNN': 1, 'T': 100, 'weight_row': 64, 'weight_col': 576}
{'IH': 56, 'IW': 56, 'Cin': 64, 'KH': 3, 'KW': 3, 'Cout': 64, 'pooling': 0, 'stride': 1, 'isSNN': 1, 'T': 100, 'weight_row': 64, 'weight_col': 576}
{'IH': 56, 'IW': 56, 'Cin': 64, 'KH': 3, 'KW': 3, 'Cout': 64, 'pooling': 0, 'stride': 1, 'isSNN': 1, 'T': 100, 'weight_row': 64, 'weight_col': 576}
{'IH': 56, 'IW': 56, 'Cin': 64, 'KH': 3, 'KW': 3, 'Cout': 64, 'pooling': 0, 'stride': 1, 'isSNN': 1, 'T': 100, 'weight_row': 64, 'weight_col': 576}
{'IH': 56, 'IW': 56, 'Cin': 64, 'KH': 3, 'KW': 3, 'Cout': 128, 'pooling': 0, 'stride': 2, 'isSNN': 1, 'T': 100, 'weight_row': 128, 'weight_col': 576}
{'IH': 28, 'IW': 28, 'Cin': 128, 'KH': 3, 'KW': 3, 'Cout': 128, 'pooling': 0, 'stride': 1, 'isSNN': 1, 'T': 100, 'weight_row': 128, 'weight_col': 1152}
{'IH': 28, 'IW': 28, 'Cin': 128, 'KH': 3, 'KW': 3, 'Cout': 128, 'pooling': 0, 'stride': 1, 'isSNN': 1, 'T': 100, 'weight_row': 128, 'weight_col': 1152}
{'IH': 28, 'IW': 28, 'Cin': 128, 'KH': 3, 'KW': 3, 'Cout': 128, 'pooling': 0, 'stride': 1, 'isSNN': 1, 'T': 100, 'weight_row': 128, 'weight_col': 1152}
{'IH': 28, 'IW': 28, 'Cin': 128, 'KH': 3, 'KW': 3, 'Cout': 256, 'pooling': 0, 'stride': 2, 'isSNN': 1, 'T': 100, 'weight_row': 256, 'weight_col': 1152}
{'IH': 14, 'IW': 14, 'Cin': 256, 'KH': 3, 'KW': 3, 'Cout': 256, 'pooling': 0, 'stride': 1, 'isSNN': 1, 'T': 100, 'weight_row': 256, 'weight_col': 2304}
{'IH': 14, 'IW': 14, 'Cin': 256, 'KH': 3, 'KW': 3, 'Cout': 256, 'pooling': 0, 'stride': 1, 'isSNN': 1, 'T': 100, 'weight_row': 256, 'weight_col': 2304}
{'IH': 14, 'IW': 14, 'Cin': 256, 'KH': 3, 'KW': 3, 'Cout': 256, 'pooling': 0, 'stride': 1, 'isSNN': 1, 'T': 100, 'weight_row': 256, 'weight_col': 2304}
{'IH': 14, 'IW': 14, 'Cin': 256, 'KH': 3, 'KW': 3, 'Cout': 512, 'pooling': 0, 'stride': 2, 'isSNN': 1, 'T': 100, 'weight_row': 512, 'weight_col': 2304}
{'IH': 7, 'IW': 7, 'Cin': 512, 'KH': 3, 'KW': 3, 'Cout': 512, 'pooling': 0, 'stride': 1, 'isSNN': 1, 'T': 100, 'weight_row': 512, 'weight_col': 4608}
{'IH': 7, 'IW': 7, 'Cin': 512, 'KH': 3, 'KW': 3, 'Cout': 512, 'pooling': 0, 'stride': 1, 'isSNN': 1, 'T': 100, 'weight_row': 512, 'weight_col': 4608}
{'IH': 7, 'IW': 7, 'Cin': 512, 'KH': 3, 'KW': 3, 'Cout': 512, 'pooling': 1, 'stride': 1, 'isSNN': 1, 'T': 100, 'weight_row': 512, 'weight_col': 4608}

------------------------------ FloorPlan --------------------------------
Tile and PE size are optimized to maximize memory utilization ( = memory mapped by synapse / total memory on chip)
Desired Conventional Mapped Tile Storage Size: 1024 x 1024
Desired Conventional PE Storage Size: 512 x 512
User-defined SubArray Size: 128 x 128
----------------- # of tile used for each layer -----------------
Layer 1: 40
Layer 2: 40
Layer 3: 40
Layer 4: 40
Layer 5: 40
Layer 6: 18
Layer 7: 18
Layer 8: 18
Layer 9: 36
Layer 10: 18
Layer 11: 18
Layer 12: 18
Layer 13: 36
Layer 14: 36
Layer 15: 36
Layer 16: 36
----------------- Speed-up of each layer ------------------
Layer 1: 64
Layer 2: 64
Layer 3: 64
Layer 4: 64
Layer 5: 64
Layer 6: 16
Layer 7: 16
Layer 8: 16
Layer 9: 16
Layer 10: 4
Layer 11: 4
Layer 12: 4
Layer 13: 4
Layer 14: 2
Layer 15: 2
Layer 16: 2
----------------- Utilization of each layer ------------------
Layer 1: 0.45
Layer 2: 0.45
Layer 3: 0.45
Layer 4: 0.45
Layer 5: 0.9
Layer 6: 1.0
Layer 7: 1.0
Layer 8: 1.0
Layer 9: 1.0
Layer 10: 1.0
Layer 11: 1.0
Layer 12: 1.0
Layer 13: 1.0
Layer 14: 1.0
Layer 15: 1.0
Layer 16: 1.0
Memory Utilization of Whole Chip: 81.14754098360656 %
---------------------------- FloorPlan Done ------------------------------
Chip Area: 1.45e+08 um^2
Chip ADC (or S/As and precharger for SRAM) Area: 7.02e+06 um^2 (4.85 %)
Chip IC Area (Global and Tile/PE local): 5.60e+06 um^2 (3.86 %)
Chip Accum (subarray level: adders, shiftAdds; PE/Tile/Global level: accumulation units) Area: 2.63e+07 um^2 (18.13 %)
Chip Other (e.g. decoders, mux, switchmatrix, buffers, IC, pooling and activation units) Area: 2.40e+07 um^2 (16.56 %)
Chip Popcnt Area: 0.00e+00 um^2 (0.00 %)
Chip Array Area: 6.93e+07 um^2 (47.85 %)
Time elapsed = 19.58 s
=============== Chip Clk Period Estimating ===============
Time elapsed after estimating layer 1 = 57.32 s
Chip Clk Period: 1.0281894905588658 ns
=============== Chip Performance Estimating ===============
Time elapsed before estimating layer 1 ts 1 ====> 94.30 s
TS 0 layer 1 readLatency: 2.54e+07 ns
TS 0 layer 1 bufferLatency: 1.86e+07 ns (73.45%)
TS 0 layer 1 icLatency: 2.04e+02 ns
TS 0 layer 1 coreLatencyADC: 3.22e+03 ns (0.01%)
TS 0 layer 1 coreLatencyAccum: 6.57e+06 ns (25.90%)
TS 0 layer 1 coreLatencyOther: 1.61e+05 ns (0.64%)
TS 0 layer 1 arrayReadLatency: 6.48e+06 ns (25.56%)
TS 0 layer 1 arrayLatencyADC: 3.22e+03 ns (0.01%)
TS 0 layer 1 arrayLatencyAccum: 6.48e+06 ns (25.55%)
TS 0 layer 1 arrayLatencyOther: 0.00e+00 ns (0.00%)
TS 0 layer 1 readLatencyBuffer: 1.86e+07 ns (73.45%)
TS 0 layer 1 readLatencyIC: 4.09e+02 ns (0.00%)
TS 0 layer 1 readDynamicEnergy: 2.86e+08 pJ
TS 0 layer 1 leakagePower: 357.22 uW
TS 0 layer 1 leakageEnergy: 9.06e+06 pJ
TS 0 layer 1 bufferDynamicEnergy: 1.86e+06 pJ (0.65%)
TS 0 layer 1 icDynamicEnergy: 1.10e+04 pJ (0.00%)
TS 0 layer 1 coreEnergyADC: 4.71e+05 pJ (0.16%)
TS 0 layer 1 coreEnergyAccum: 2.83e+08 pJ (98.96%)
TS 0 layer 1 coreEnergyOther: 6.39e+05 pJ (0.22%)
TS 0 layer 1 coreEnergyPopcnt: 0.00e+00 pJ (0.00%)
TS 0 layer 1 arrayReadDynamicEnergy: 2.83e+08 pJ (99.12%)
TS 0 layer 1 arrayEnergyADC: 4.71e+05 pJ (0.16%)
TS 0 layer 1 arrayEnergyAccum: 2.83e+08 pJ (98.95%)
TS 0 layer 1 arrayEnergyOther: 0.00e+00 pJ (0.00%)
TS 0 layer 1 arrayEnergyPopcnt: 0.00e+00 pJ (0.00%)
TS 0 layer 1 readDynamicEnergyBuffer: 1.86e+06 pJ (0.65%)
TS 0 layer 1 readDynamicEnergyIC: 2.71e+04 pJ (0.01%)
Time elapsed before estimating layer 2 ts 1 ====> 130.51 s
TS 0 layer 2 readLatency: 2.10e+07 ns
TS 0 layer 2 bufferLatency: 1.86e+07 ns (88.57%)
TS 0 layer 2 icLatency: 2.04e+02 ns
TS 0 layer 2 coreLatencyADC: 3.22e+03 ns (0.02%)
TS 0 layer 2 coreLatencyAccum: 2.24e+06 ns (10.64%)
TS 0 layer 2 coreLatencyOther: 1.61e+05 ns (0.77%)
TS 0 layer 2 arrayReadLatency: 2.15e+06 ns (10.23%)
TS 0 layer 2 arrayLatencyADC: 3.22e+03 ns (0.02%)
TS 0 layer 2 arrayLatencyAccum: 2.15e+06 ns (10.21%)
TS 0 layer 2 arrayLatencyOther: 0.00e+00 ns (0.00%)
TS 0 layer 2 readLatencyBuffer: 1.86e+07 ns (88.58%)
TS 0 layer 2 readLatencyIC: 4.09e+02 ns (0.00%)
TS 0 layer 2 readDynamicEnergy: 1.60e+08 pJ
TS 0 layer 2 leakagePower: 357.22 uW
TS 0 layer 2 leakageEnergy: 7.51e+06 pJ
TS 0 layer 2 bufferDynamicEnergy: 1.86e+06 pJ (1.16%)
TS 0 layer 2 icDynamicEnergy: 1.10e+04 pJ (0.01%)
TS 0 layer 2 coreEnergyADC: 4.71e+05 pJ (0.29%)
TS 0 layer 2 coreEnergyAccum: 1.57e+08 pJ (98.14%)
TS 0 layer 2 coreEnergyOther: 6.39e+05 pJ (0.40%)
TS 0 layer 2 coreEnergyPopcnt: 0.00e+00 pJ (0.00%)
TS 0 layer 2 arrayReadDynamicEnergy: 1.57e+08 pJ (98.42%)
TS 0 layer 2 arrayEnergyADC: 4.71e+05 pJ (0.29%)
TS 0 layer 2 arrayEnergyAccum: 1.57e+08 pJ (98.13%)
TS 0 layer 2 arrayEnergyOther: 0.00e+00 pJ (0.00%)
TS 0 layer 2 arrayEnergyPopcnt: 0.00e+00 pJ (0.00%)
TS 0 layer 2 readDynamicEnergyBuffer: 1.86e+06 pJ (1.16%)
TS 0 layer 2 readDynamicEnergyIC: 2.71e+04 pJ (0.02%)
Time elapsed before estimating layer 3 ts 1 ====> 169.72 s
TS 0 layer 3 readLatency: 2.45e+07 ns
TS 0 layer 3 bufferLatency: 1.86e+07 ns (76.06%)
TS 0 layer 3 icLatency: 2.04e+02 ns
TS 0 layer 3 coreLatencyADC: 3.22e+03 ns (0.01%)
TS 0 layer 3 coreLatencyAccum: 5.70e+06 ns (23.27%)
TS 0 layer 3 coreLatencyOther: 1.61e+05 ns (0.66%)
TS 0 layer 3 arrayReadLatency: 5.61e+06 ns (22.91%)
TS 0 layer 3 arrayLatencyADC: 3.22e+03 ns (0.01%)
TS 0 layer 3 arrayLatencyAccum: 5.61e+06 ns (22.90%)
TS 0 layer 3 arrayLatencyOther: 0.00e+00 ns (0.00%)
TS 0 layer 3 readLatencyBuffer: 1.86e+07 ns (76.06%)
TS 0 layer 3 readLatencyIC: 4.09e+02 ns (0.00%)
TS 0 layer 3 readDynamicEnergy: 3.30e+08 pJ
TS 0 layer 3 leakagePower: 357.22 uW
TS 0 layer 3 leakageEnergy: 8.75e+06 pJ
TS 0 layer 3 bufferDynamicEnergy: 1.86e+06 pJ (0.56%)
TS 0 layer 3 icDynamicEnergy: 1.10e+04 pJ (0.00%)
TS 0 layer 3 coreEnergyADC: 4.71e+05 pJ (0.14%)
TS 0 layer 3 coreEnergyAccum: 3.27e+08 pJ (99.10%)
TS 0 layer 3 coreEnergyOther: 6.39e+05 pJ (0.19%)
TS 0 layer 3 coreEnergyPopcnt: 0.00e+00 pJ (0.00%)
TS 0 layer 3 arrayReadDynamicEnergy: 3.28e+08 pJ (99.24%)
TS 0 layer 3 arrayEnergyADC: 4.71e+05 pJ (0.14%)
TS 0 layer 3 arrayEnergyAccum: 3.27e+08 pJ (99.09%)
TS 0 layer 3 arrayEnergyOther: 0.00e+00 pJ (0.00%)
TS 0 layer 3 arrayEnergyPopcnt: 0.00e+00 pJ (0.00%)
TS 0 layer 3 readDynamicEnergyBuffer: 1.86e+06 pJ (0.56%)
TS 0 layer 3 readDynamicEnergyIC: 2.71e+04 pJ (0.01%)
Time elapsed before estimating layer 4 ts 1 ====> 207.98 s
TS 0 layer 4 readLatency: 2.05e+07 ns
TS 0 layer 4 bufferLatency: 1.86e+07 ns (90.75%)
TS 0 layer 4 icLatency: 2.04e+02 ns
TS 0 layer 4 coreLatencyADC: 3.22e+03 ns (0.02%)
TS 0 layer 4 coreLatencyAccum: 1.73e+06 ns (8.45%)
TS 0 layer 4 coreLatencyOther: 1.61e+05 ns (0.79%)
TS 0 layer 4 arrayReadLatency: 1.65e+06 ns (8.02%)
TS 0 layer 4 arrayLatencyADC: 3.22e+03 ns (0.02%)
TS 0 layer 4 arrayLatencyAccum: 1.64e+06 ns (8.01%)
TS 0 layer 4 arrayLatencyOther: 0.00e+00 ns (0.00%)
TS 0 layer 4 readLatencyBuffer: 1.86e+07 ns (90.76%)
TS 0 layer 4 readLatencyIC: 4.09e+02 ns (0.00%)
TS 0 layer 4 readDynamicEnergy: 2.24e+08 pJ
TS 0 layer 4 leakagePower: 357.22 uW
TS 0 layer 4 leakageEnergy: 7.33e+06 pJ
TS 0 layer 4 bufferDynamicEnergy: 1.86e+06 pJ (0.83%)
TS 0 layer 4 icDynamicEnergy: 1.10e+04 pJ (0.00%)
TS 0 layer 4 coreEnergyADC: 4.71e+05 pJ (0.21%)
TS 0 layer 4 coreEnergyAccum: 2.21e+08 pJ (98.67%)
TS 0 layer 4 coreEnergyOther: 6.39e+05 pJ (0.29%)
TS 0 layer 4 coreEnergyPopcnt: 0.00e+00 pJ (0.00%)
TS 0 layer 4 arrayReadDynamicEnergy: 2.21e+08 pJ (98.87%)
TS 0 layer 4 arrayEnergyADC: 4.71e+05 pJ (0.21%)
TS 0 layer 4 arrayEnergyAccum: 2.21e+08 pJ (98.66%)
TS 0 layer 4 arrayEnergyOther: 0.00e+00 pJ (0.00%)
TS 0 layer 4 arrayEnergyPopcnt: 0.00e+00 pJ (0.00%)
TS 0 layer 4 readDynamicEnergyBuffer: 1.86e+06 pJ (0.83%)
TS 0 layer 4 readDynamicEnergyIC: 2.71e+04 pJ (0.01%)
Time elapsed before estimating layer 5 ts 1 ====> 220.44 s
TS 0 layer 5 readLatency: 7.35e+06 ns
TS 0 layer 5 bufferLatency: 5.13e+06 ns (69.76%)
TS 0 layer 5 icLatency: 3.52e+02 ns
TS 0 layer 5 coreLatencyADC: 1.61e+03 ns (0.02%)
TS 0 layer 5 coreLatencyAccum: 2.14e+06 ns (29.11%)
TS 0 layer 5 coreLatencyOther: 8.06e+04 ns (1.10%)
TS 0 layer 5 arrayReadLatency: 2.12e+06 ns (28.82%)
TS 0 layer 5 arrayLatencyADC: 1.61e+03 ns (0.02%)
TS 0 layer 5 arrayLatencyAccum: 2.12e+06 ns (28.80%)
TS 0 layer 5 arrayLatencyOther: 0.00e+00 ns (0.00%)
TS 0 layer 5 readLatencyBuffer: 5.13e+06 ns (69.80%)
TS 0 layer 5 readLatencyIC: 7.05e+02 ns (0.01%)
TS 0 layer 5 readDynamicEnergy: 1.79e+08 pJ
TS 0 layer 5 leakagePower: 652.80 uW
TS 0 layer 5 leakageEnergy: 4.80e+06 pJ
TS 0 layer 5 bufferDynamicEnergy: 4.69e+05 pJ (0.26%)
TS 0 layer 5 icDynamicEnergy: 2.04e+04 pJ (0.01%)
TS 0 layer 5 coreEnergyADC: 2.36e+05 pJ (0.13%)
TS 0 layer 5 coreEnergyAccum: 1.78e+08 pJ (99.42%)
TS 0 layer 5 coreEnergyOther: 3.19e+05 pJ (0.18%)
TS 0 layer 5 coreEnergyPopcnt: 0.00e+00 pJ (0.00%)
TS 0 layer 5 arrayReadDynamicEnergy: 1.78e+08 pJ (99.54%)
TS 0 layer 5 arrayEnergyADC: 2.36e+05 pJ (0.13%)
TS 0 layer 5 arrayEnergyAccum: 1.78e+08 pJ (99.41%)
TS 0 layer 5 arrayEnergyOther: 0.00e+00 pJ (0.00%)
TS 0 layer 5 arrayEnergyPopcnt: 0.00e+00 pJ (0.00%)
TS 0 layer 5 readDynamicEnergyBuffer: 4.75e+05 pJ (0.27%)
TS 0 layer 5 readDynamicEnergyIC: 5.05e+04 pJ (0.03%)
Time elapsed before estimating layer 6 ts 1 ====> 239.32 s
TS 0 layer 6 readLatency: 2.47e+07 ns
TS 0 layer 6 bufferLatency: 2.01e+07 ns (81.30%)
TS 0 layer 6 icLatency: 7.05e+02 ns
TS 0 layer 6 coreLatencyADC: 6.45e+03 ns (0.03%)
TS 0 layer 6 coreLatencyAccum: 4.53e+06 ns (18.34%)
TS 0 layer 6 coreLatencyOther: 8.06e+04 ns (0.33%)
TS 0 layer 6 arrayReadLatency: 4.52e+06 ns (18.32%)
TS 0 layer 6 arrayLatencyADC: 6.45e+03 ns (0.03%)
TS 0 layer 6 arrayLatencyAccum: 4.52e+06 ns (18.29%)
TS 0 layer 6 arrayLatencyOther: 0.00e+00 ns (0.00%)
TS 0 layer 6 readLatencyBuffer: 2.01e+07 ns (81.33%)
TS 0 layer 6 readLatencyIC: 1.41e+03 ns (0.01%)
TS 0 layer 6 readDynamicEnergy: 1.63e+08 pJ
TS 0 layer 6 leakagePower: 1193.25 uW
TS 0 layer 6 leakageEnergy: 2.95e+07 pJ
TS 0 layer 6 bufferDynamicEnergy: 9.42e+05 pJ (0.58%)
TS 0 layer 6 icDynamicEnergy: 7.78e+04 pJ (0.05%)
TS 0 layer 6 coreEnergyADC: 4.71e+05 pJ (0.29%)
TS 0 layer 6 coreEnergyAccum: 1.61e+08 pJ (98.89%)
TS 0 layer 6 coreEnergyOther: 3.19e+05 pJ (0.20%)
TS 0 layer 6 coreEnergyPopcnt: 0.00e+00 pJ (0.00%)
TS 0 layer 6 arrayReadDynamicEnergy: 1.61e+08 pJ (99.17%)
TS 0 layer 6 arrayEnergyADC: 4.71e+05 pJ (0.29%)
TS 0 layer 6 arrayEnergyAccum: 1.61e+08 pJ (98.88%)
TS 0 layer 6 arrayEnergyOther: 0.00e+00 pJ (0.00%)
TS 0 layer 6 arrayEnergyPopcnt: 0.00e+00 pJ (0.00%)
TS 0 layer 6 readDynamicEnergyBuffer: 9.67e+05 pJ (0.59%)
TS 0 layer 6 readDynamicEnergyIC: 1.95e+05 pJ (0.12%)
Time elapsed before estimating layer 7 ts 1 ====> 258.41 s
TS 0 layer 7 readLatency: 2.77e+07 ns
TS 0 layer 7 bufferLatency: 2.01e+07 ns (72.32%)
TS 0 layer 7 icLatency: 7.05e+02 ns
TS 0 layer 7 coreLatencyADC: 6.45e+03 ns (0.02%)
TS 0 layer 7 coreLatencyAccum: 7.59e+06 ns (27.36%)
TS 0 layer 7 coreLatencyOther: 8.06e+04 ns (0.29%)
TS 0 layer 7 arrayReadLatency: 7.59e+06 ns (27.34%)
TS 0 layer 7 arrayLatencyADC: 6.45e+03 ns (0.02%)
TS 0 layer 7 arrayLatencyAccum: 7.58e+06 ns (27.32%)
TS 0 layer 7 arrayLatencyOther: 0.00e+00 ns (0.00%)
TS 0 layer 7 readLatencyBuffer: 2.01e+07 ns (72.35%)
TS 0 layer 7 readLatencyIC: 1.41e+03 ns (0.01%)
TS 0 layer 7 readDynamicEnergy: 2.94e+08 pJ
TS 0 layer 7 leakagePower: 1193.25 uW
TS 0 layer 7 leakageEnergy: 3.31e+07 pJ
TS 0 layer 7 bufferDynamicEnergy: 9.42e+05 pJ (0.32%)
TS 0 layer 7 icDynamicEnergy: 7.78e+04 pJ (0.03%)
TS 0 layer 7 coreEnergyADC: 4.71e+05 pJ (0.16%)
TS 0 layer 7 coreEnergyAccum: 2.93e+08 pJ (99.39%)
TS 0 layer 7 coreEnergyOther: 3.19e+05 pJ (0.11%)
TS 0 layer 7 coreEnergyPopcnt: 0.00e+00 pJ (0.00%)
TS 0 layer 7 arrayReadDynamicEnergy: 2.93e+08 pJ (99.54%)
TS 0 layer 7 arrayEnergyADC: 4.71e+05 pJ (0.16%)
TS 0 layer 7 arrayEnergyAccum: 2.93e+08 pJ (99.38%)
TS 0 layer 7 arrayEnergyOther: 0.00e+00 pJ (0.00%)
TS 0 layer 7 arrayEnergyPopcnt: 0.00e+00 pJ (0.00%)
TS 0 layer 7 readDynamicEnergyBuffer: 9.67e+05 pJ (0.33%)
TS 0 layer 7 readDynamicEnergyIC: 1.95e+05 pJ (0.07%)
Time elapsed before estimating layer 8 ts 1 ====> 276.32 s
TS 0 layer 8 readLatency: 2.30e+07 ns
TS 0 layer 8 bufferLatency: 2.01e+07 ns (87.15%)
TS 0 layer 8 icLatency: 7.05e+02 ns
TS 0 layer 8 coreLatencyADC: 6.45e+03 ns (0.03%)
TS 0 layer 8 coreLatencyAccum: 2.87e+06 ns (12.47%)
TS 0 layer 8 coreLatencyOther: 8.06e+04 ns (0.35%)
TS 0 layer 8 arrayReadLatency: 2.87e+06 ns (12.44%)
TS 0 layer 8 arrayLatencyADC: 6.45e+03 ns (0.03%)
TS 0 layer 8 arrayLatencyAccum: 2.86e+06 ns (12.42%)
TS 0 layer 8 arrayLatencyOther: 0.00e+00 ns (0.00%)
TS 0 layer 8 readLatencyBuffer: 2.01e+07 ns (87.18%)
TS 0 layer 8 readLatencyIC: 1.41e+03 ns (0.01%)
TS 0 layer 8 readDynamicEnergy: 6.42e+07 pJ
TS 0 layer 8 leakagePower: 1193.25 uW
TS 0 layer 8 leakageEnergy: 2.75e+07 pJ
TS 0 layer 8 bufferDynamicEnergy: 9.42e+05 pJ (1.47%)
TS 0 layer 8 icDynamicEnergy: 7.78e+04 pJ (0.12%)
TS 0 layer 8 coreEnergyADC: 4.71e+05 pJ (0.73%)
TS 0 layer 8 coreEnergyAccum: 6.23e+07 pJ (97.18%)
TS 0 layer 8 coreEnergyOther: 3.19e+05 pJ (0.50%)
TS 0 layer 8 coreEnergyPopcnt: 0.00e+00 pJ (0.00%)
TS 0 layer 8 arrayReadDynamicEnergy: 6.28e+07 pJ (97.90%)
TS 0 layer 8 arrayEnergyADC: 4.71e+05 pJ (0.73%)
TS 0 layer 8 arrayEnergyAccum: 6.23e+07 pJ (97.16%)
TS 0 layer 8 arrayEnergyOther: 0.00e+00 pJ (0.00%)
TS 0 layer 8 arrayEnergyPopcnt: 0.00e+00 pJ (0.00%)
TS 0 layer 8 readDynamicEnergyBuffer: 9.67e+05 pJ (1.51%)
TS 0 layer 8 readDynamicEnergyIC: 1.95e+05 pJ (0.30%)
Time elapsed before estimating layer 9 ts 1 ====> 286.00 s
TS 0 layer 9 readLatency: 4.77e+06 ns
TS 0 layer 9 bufferLatency: 2.77e+06 ns (58.02%)
TS 0 layer 9 icLatency: 1.30e+03 ns
TS 0 layer 9 coreLatencyADC: 1.61e+03 ns (0.03%)
TS 0 layer 9 coreLatencyAccum: 1.96e+06 ns (41.08%)
TS 0 layer 9 coreLatencyOther: 4.03e+04 ns (0.84%)
TS 0 layer 9 arrayReadLatency: 1.95e+06 ns (40.96%)
TS 0 layer 9 arrayLatencyADC: 1.61e+03 ns (0.03%)
TS 0 layer 9 arrayLatencyAccum: 1.95e+06 ns (40.92%)
TS 0 layer 9 arrayLatencyOther: 0.00e+00 ns (0.00%)
TS 0 layer 9 readLatencyBuffer: 2.78e+06 ns (58.24%)
TS 0 layer 9 readLatencyIC: 2.59e+03 ns (0.05%)
TS 0 layer 9 readDynamicEnergy: 1.21e+08 pJ
TS 0 layer 9 leakagePower: 2276.62 uW
TS 0 layer 9 leakageEnergy: 1.09e+07 pJ
TS 0 layer 9 bufferDynamicEnergy: 2.59e+05 pJ (0.21%)
TS 0 layer 9 icDynamicEnergy: 1.49e+05 pJ (0.12%)
TS 0 layer 9 coreEnergyADC: 2.36e+05 pJ (0.20%)
TS 0 layer 9 coreEnergyAccum: 1.20e+08 pJ (99.33%)
TS 0 layer 9 coreEnergyOther: 1.60e+05 pJ (0.13%)
TS 0 layer 9 coreEnergyPopcnt: 0.00e+00 pJ (0.00%)
TS 0 layer 9 arrayReadDynamicEnergy: 1.20e+08 pJ (99.51%)
TS 0 layer 9 arrayEnergyADC: 2.36e+05 pJ (0.20%)
TS 0 layer 9 arrayEnergyAccum: 1.20e+08 pJ (99.32%)
TS 0 layer 9 arrayEnergyOther: 0.00e+00 pJ (0.00%)
TS 0 layer 9 arrayEnergyPopcnt: 0.00e+00 pJ (0.00%)
TS 0 layer 9 readDynamicEnergyBuffer: 3.07e+05 pJ (0.25%)
TS 0 layer 9 readDynamicEnergyIC: 3.75e+05 pJ (0.31%)
Time elapsed before estimating layer 10 ts 1 ====> 299.11 s
TS 0 layer 10 readLatency: 1.31e+07 ns
TS 0 layer 10 bufferLatency: 1.01e+07 ns (76.47%)
TS 0 layer 10 icLatency: 2.59e+03 ns
TS 0 layer 10 coreLatencyADC: 6.45e+03 ns (0.05%)
TS 0 layer 10 coreLatencyAccum: 3.04e+06 ns (23.16%)
TS 0 layer 10 coreLatencyOther: 4.03e+04 ns (0.31%)
TS 0 layer 10 arrayReadLatency: 3.05e+06 ns (23.20%)
TS 0 layer 10 arrayLatencyADC: 6.45e+03 ns (0.05%)
TS 0 layer 10 arrayLatencyAccum: 3.04e+06 ns (23.15%)
TS 0 layer 10 arrayLatencyOther: 0.00e+00 ns (0.00%)
TS 0 layer 10 readLatencyBuffer: 1.01e+07 ns (76.63%)
TS 0 layer 10 readLatencyIC: 5.19e+03 ns (0.04%)
TS 0 layer 10 readDynamicEnergy: 8.42e+07 pJ
TS 0 layer 10 leakagePower: 4552.85 uW
TS 0 layer 10 leakageEnergy: 5.99e+07 pJ
TS 0 layer 10 bufferDynamicEnergy: 5.69e+05 pJ (0.68%)
TS 0 layer 10 icDynamicEnergy: 5.95e+05 pJ (0.71%)
TS 0 layer 10 coreEnergyADC: 4.71e+05 pJ (0.56%)
TS 0 layer 10 coreEnergyAccum: 8.24e+07 pJ (97.87%)
TS 0 layer 10 coreEnergyOther: 1.60e+05 pJ (0.19%)
TS 0 layer 10 coreEnergyPopcnt: 0.00e+00 pJ (0.00%)
TS 0 layer 10 arrayReadDynamicEnergy: 8.28e+07 pJ (98.33%)
TS 0 layer 10 arrayEnergyADC: 4.71e+05 pJ (0.56%)
TS 0 layer 10 arrayEnergyAccum: 8.23e+07 pJ (97.77%)
TS 0 layer 10 arrayEnergyOther: 0.00e+00 pJ (0.00%)
TS 0 layer 10 arrayEnergyPopcnt: 0.00e+00 pJ (0.00%)
TS 0 layer 10 readDynamicEnergyBuffer: 7.63e+05 pJ (0.91%)
TS 0 layer 10 readDynamicEnergyIC: 1.50e+06 pJ (1.78%)
Time elapsed before estimating layer 11 ts 1 ====> 312.03 s
TS 0 layer 11 readLatency: 1.49e+07 ns
TS 0 layer 11 bufferLatency: 1.01e+07 ns (67.29%)
TS 0 layer 11 icLatency: 2.59e+03 ns
TS 0 layer 11 coreLatencyADC: 6.45e+03 ns (0.04%)
TS 0 layer 11 coreLatencyAccum: 4.84e+06 ns (32.38%)
TS 0 layer 11 coreLatencyOther: 4.03e+04 ns (0.27%)
TS 0 layer 11 arrayReadLatency: 4.84e+06 ns (32.41%)
TS 0 layer 11 arrayLatencyADC: 6.45e+03 ns (0.04%)
TS 0 layer 11 arrayLatencyAccum: 4.84e+06 ns (32.37%)
TS 0 layer 11 arrayLatencyOther: 0.00e+00 ns (0.00%)
TS 0 layer 11 readLatencyBuffer: 1.01e+07 ns (67.44%)
TS 0 layer 11 readLatencyIC: 5.19e+03 ns (0.03%)
TS 0 layer 11 readDynamicEnergy: 1.92e+08 pJ
TS 0 layer 11 leakagePower: 4552.85 uW
TS 0 layer 11 leakageEnergy: 6.80e+07 pJ
TS 0 layer 11 bufferDynamicEnergy: 5.69e+05 pJ (0.30%)
TS 0 layer 11 icDynamicEnergy: 5.95e+05 pJ (0.31%)
TS 0 layer 11 coreEnergyADC: 4.71e+05 pJ (0.25%)
TS 0 layer 11 coreEnergyAccum: 1.90e+08 pJ (99.07%)
TS 0 layer 11 coreEnergyOther: 1.60e+05 pJ (0.08%)
TS 0 layer 11 coreEnergyPopcnt: 0.00e+00 pJ (0.00%)
TS 0 layer 11 arrayReadDynamicEnergy: 1.91e+08 pJ (99.27%)
TS 0 layer 11 arrayEnergyADC: 4.71e+05 pJ (0.25%)
TS 0 layer 11 arrayEnergyAccum: 1.90e+08 pJ (99.03%)
TS 0 layer 11 arrayEnergyOther: 0.00e+00 pJ (0.00%)
TS 0 layer 11 arrayEnergyPopcnt: 0.00e+00 pJ (0.00%)
TS 0 layer 11 readDynamicEnergyBuffer: 7.63e+05 pJ (0.40%)
TS 0 layer 11 readDynamicEnergyIC: 1.50e+06 pJ (0.78%)
Time elapsed before estimating layer 12 ts 1 ====> 324.58 s
TS 0 layer 12 readLatency: 1.21e+07 ns
TS 0 layer 12 bufferLatency: 1.01e+07 ns (82.77%)
TS 0 layer 12 icLatency: 2.59e+03 ns
TS 0 layer 12 coreLatencyADC: 6.45e+03 ns (0.05%)
TS 0 layer 12 coreLatencyAccum: 2.04e+06 ns (16.82%)
TS 0 layer 12 coreLatencyOther: 4.03e+04 ns (0.33%)
TS 0 layer 12 arrayReadLatency: 2.05e+06 ns (16.87%)
TS 0 layer 12 arrayLatencyADC: 6.45e+03 ns (0.05%)
TS 0 layer 12 arrayLatencyAccum: 2.04e+06 ns (16.81%)
TS 0 layer 12 arrayLatencyOther: 0.00e+00 ns (0.00%)
TS 0 layer 12 readLatencyBuffer: 1.01e+07 ns (82.95%)
TS 0 layer 12 readLatencyIC: 5.19e+03 ns (0.04%)
TS 0 layer 12 readDynamicEnergy: 6.76e+07 pJ
TS 0 layer 12 leakagePower: 4552.85 uW
TS 0 layer 12 leakageEnergy: 5.53e+07 pJ
TS 0 layer 12 bufferDynamicEnergy: 5.69e+05 pJ (0.84%)
TS 0 layer 12 icDynamicEnergy: 5.95e+05 pJ (0.88%)
TS 0 layer 12 coreEnergyADC: 4.71e+05 pJ (0.70%)
TS 0 layer 12 coreEnergyAccum: 6.58e+07 pJ (97.35%)
TS 0 layer 12 coreEnergyOther: 1.60e+05 pJ (0.24%)
TS 0 layer 12 coreEnergyPopcnt: 0.00e+00 pJ (0.00%)
TS 0 layer 12 arrayReadDynamicEnergy: 6.62e+07 pJ (97.93%)
TS 0 layer 12 arrayEnergyADC: 4.71e+05 pJ (0.70%)
TS 0 layer 12 arrayEnergyAccum: 6.57e+07 pJ (97.23%)
TS 0 layer 12 arrayEnergyOther: 0.00e+00 pJ (0.00%)
TS 0 layer 12 arrayEnergyPopcnt: 0.00e+00 pJ (0.00%)
TS 0 layer 12 readDynamicEnergyBuffer: 7.63e+05 pJ (1.13%)
TS 0 layer 12 readDynamicEnergyIC: 1.50e+06 pJ (2.22%)
Time elapsed before estimating layer 13 ts 1 ====> 333.46 s
TS 0 layer 13 readLatency: 2.44e+06 ns
TS 0 layer 13 bufferLatency: 1.42e+06 ns (58.17%)
TS 0 layer 13 icLatency: 4.96e+03 ns
TS 0 layer 13 coreLatencyADC: 1.61e+03 ns (0.07%)
TS 0 layer 13 coreLatencyAccum: 9.94e+05 ns (40.73%)
TS 0 layer 13 coreLatencyOther: 2.02e+04 ns (0.83%)
TS 0 layer 13 arrayReadLatency: 9.93e+05 ns (40.69%)
TS 0 layer 13 arrayLatencyADC: 1.61e+03 ns (0.07%)
TS 0 layer 13 arrayLatencyAccum: 9.91e+05 ns (40.62%)
TS 0 layer 13 arrayLatencyOther: 0.00e+00 ns (0.00%)
TS 0 layer 13 readLatencyBuffer: 1.46e+06 ns (59.85%)
TS 0 layer 13 readLatencyIC: 9.93e+03 ns (0.41%)
TS 0 layer 13 readDynamicEnergy: 8.70e+07 pJ
TS 0 layer 13 leakagePower: 8886.63 uW
TS 0 layer 13 leakageEnergy: 2.17e+07 pJ
TS 0 layer 13 bufferDynamicEnergy: 3.20e+05 pJ (0.37%)
TS 0 layer 13 icDynamicEnergy: 1.16e+06 pJ (1.34%)
TS 0 layer 13 coreEnergyADC: 2.36e+05 pJ (0.27%)
TS 0 layer 13 coreEnergyAccum: 8.52e+07 pJ (97.93%)
TS 0 layer 13 coreEnergyOther: 7.98e+04 pJ (0.09%)
TS 0 layer 13 coreEnergyPopcnt: 0.00e+00 pJ (0.00%)
TS 0 layer 13 arrayReadDynamicEnergy: 8.53e+07 pJ (98.02%)
TS 0 layer 13 arrayEnergyADC: 2.36e+05 pJ (0.27%)
TS 0 layer 13 arrayEnergyAccum: 8.50e+07 pJ (97.75%)
TS 0 layer 13 arrayEnergyOther: 0.00e+00 pJ (0.00%)
TS 0 layer 13 arrayEnergyPopcnt: 0.00e+00 pJ (0.00%)
TS 0 layer 13 readDynamicEnergyBuffer: 6.97e+05 pJ (0.80%)
TS 0 layer 13 readDynamicEnergyIC: 2.94e+06 pJ (3.38%)
Time elapsed before estimating layer 14 ts 1 ====> 347.41 s
TS 0 layer 14 readLatency: 3.46e+06 ns
TS 0 layer 14 bufferLatency: 2.59e+06 ns (74.90%)
TS 0 layer 14 icLatency: 9.93e+03 ns
TS 0 layer 14 coreLatencyADC: 3.22e+03 ns (0.09%)
TS 0 layer 14 coreLatencyAccum: 8.34e+05 ns (24.13%)
TS 0 layer 14 coreLatencyOther: 2.02e+04 ns (0.58%)
TS 0 layer 14 arrayReadLatency: 8.34e+05 ns (24.13%)
TS 0 layer 14 arrayLatencyADC: 3.22e+03 ns (0.09%)
TS 0 layer 14 arrayLatencyAccum: 8.31e+05 ns (24.03%)
TS 0 layer 14 arrayLatencyOther: 0.00e+00 ns (0.00%)
TS 0 layer 14 readLatencyBuffer: 2.67e+06 ns (77.31%)
TS 0 layer 14 readLatencyIC: 1.99e+04 ns (0.57%)
TS 0 layer 14 readDynamicEnergy: 5.22e+07 pJ
TS 0 layer 14 leakagePower: 17773.00 uW
TS 0 layer 14 leakageEnergy: 6.14e+07 pJ
TS 0 layer 14 bufferDynamicEnergy: 1.05e+06 pJ (2.00%)
TS 0 layer 14 icDynamicEnergy: 4.65e+06 pJ (8.91%)
TS 0 layer 14 coreEnergyADC: 4.71e+05 pJ (0.90%)
TS 0 layer 14 coreEnergyAccum: 4.59e+07 pJ (88.03%)
TS 0 layer 14 coreEnergyOther: 7.98e+04 pJ (0.15%)
TS 0 layer 14 coreEnergyPopcnt: 0.00e+00 pJ (0.00%)
TS 0 layer 14 arrayReadDynamicEnergy: 4.58e+07 pJ (87.72%)
TS 0 layer 14 arrayEnergyADC: 4.71e+05 pJ (0.90%)
TS 0 layer 14 arrayEnergyAccum: 4.53e+07 pJ (86.82%)
TS 0 layer 14 arrayEnergyOther: 0.00e+00 pJ (0.00%)
TS 0 layer 14 arrayEnergyPopcnt: 0.00e+00 pJ (0.00%)
TS 0 layer 14 readDynamicEnergyBuffer: 2.56e+06 pJ (4.90%)
TS 0 layer 14 readDynamicEnergyIC: 1.18e+07 pJ (22.54%)
Time elapsed before estimating layer 15 ts 1 ====> 361.12 s
TS 0 layer 15 readLatency: 4.34e+06 ns
TS 0 layer 15 bufferLatency: 2.59e+06 ns (59.73%)
TS 0 layer 15 icLatency: 9.93e+03 ns
TS 0 layer 15 coreLatencyADC: 3.22e+03 ns (0.07%)
TS 0 layer 15 coreLatencyAccum: 1.71e+06 ns (39.50%)
TS 0 layer 15 coreLatencyOther: 2.02e+04 ns (0.46%)
TS 0 layer 15 arrayReadLatency: 1.71e+06 ns (39.49%)
TS 0 layer 15 arrayLatencyADC: 3.22e+03 ns (0.07%)
TS 0 layer 15 arrayLatencyAccum: 1.71e+06 ns (39.42%)
TS 0 layer 15 arrayLatencyOther: 0.00e+00 ns (0.00%)
TS 0 layer 15 readLatencyBuffer: 2.67e+06 ns (61.65%)
TS 0 layer 15 readLatencyIC: 1.99e+04 ns (0.46%)
TS 0 layer 15 readDynamicEnergy: 7.99e+07 pJ
TS 0 layer 15 leakagePower: 17773.00 uW
TS 0 layer 15 leakageEnergy: 7.70e+07 pJ
TS 0 layer 15 bufferDynamicEnergy: 1.05e+06 pJ (1.31%)
TS 0 layer 15 icDynamicEnergy: 4.65e+06 pJ (5.82%)
TS 0 layer 15 coreEnergyADC: 4.71e+05 pJ (0.59%)
TS 0 layer 15 coreEnergyAccum: 7.37e+07 pJ (92.19%)
TS 0 layer 15 coreEnergyOther: 7.98e+04 pJ (0.10%)
TS 0 layer 15 coreEnergyPopcnt: 0.00e+00 pJ (0.00%)
TS 0 layer 15 arrayReadDynamicEnergy: 7.35e+07 pJ (91.98%)
TS 0 layer 15 arrayEnergyADC: 4.71e+05 pJ (0.59%)
TS 0 layer 15 arrayEnergyAccum: 7.31e+07 pJ (91.39%)
TS 0 layer 15 arrayEnergyOther: 0.00e+00 pJ (0.00%)
TS 0 layer 15 arrayEnergyPopcnt: 0.00e+00 pJ (0.00%)
TS 0 layer 15 readDynamicEnergyBuffer: 2.56e+06 pJ (3.20%)
TS 0 layer 15 readDynamicEnergyIC: 1.18e+07 pJ (14.71%)
Time elapsed before estimating layer 16 ts 1 ====> 375.06 s
TS 0 layer 16 readLatency: 1.91e+06 ns
TS 0 layer 16 bufferLatency: 8.97e+05 ns (46.87%)
TS 0 layer 16 icLatency: 9.93e+03 ns
TS 0 layer 16 coreLatencyADC: 3.22e+03 ns (0.17%)
TS 0 layer 16 coreLatencyAccum: 9.81e+05 ns (51.27%)
TS 0 layer 16 coreLatencyOther: 2.24e+04 ns (1.17%)
TS 0 layer 16 arrayReadLatency: 9.81e+05 ns (51.25%)
TS 0 layer 16 arrayLatencyADC: 3.22e+03 ns (0.17%)
TS 0 layer 16 arrayLatencyAccum: 9.77e+05 ns (51.09%)
TS 0 layer 16 arrayLatencyOther: 0.00e+00 ns (0.00%)
TS 0 layer 16 readLatencyBuffer: 9.80e+05 ns (51.22%)
TS 0 layer 16 readLatencyIC: 1.99e+04 ns (1.04%)
TS 0 layer 16 readDynamicEnergy: 7.47e+07 pJ
TS 0 layer 16 leakagePower: 17773.00 uW
TS 0 layer 16 leakageEnergy: 3.40e+07 pJ
TS 0 layer 16 bufferDynamicEnergy: 8.72e+05 pJ (1.17%)
TS 0 layer 16 icDynamicEnergy: 4.65e+06 pJ (6.22%)
TS 0 layer 16 coreEnergyADC: 4.71e+05 pJ (0.63%)
TS 0 layer 16 coreEnergyAccum: 6.87e+07 pJ (91.87%)
TS 0 layer 16 coreEnergyOther: 7.98e+04 pJ (0.11%)
TS 0 layer 16 coreEnergyPopcnt: 0.00e+00 pJ (0.00%)
TS 0 layer 16 arrayReadDynamicEnergy: 6.85e+07 pJ (91.66%)
TS 0 layer 16 arrayEnergyADC: 4.71e+05 pJ (0.63%)
TS 0 layer 16 arrayEnergyAccum: 6.80e+07 pJ (91.03%)
TS 0 layer 16 arrayEnergyOther: 0.00e+00 pJ (0.00%)
TS 0 layer 16 arrayEnergyPopcnt: 0.00e+00 pJ (0.00%)
TS 0 layer 16 readDynamicEnergyBuffer: 2.38e+06 pJ (3.19%)
TS 0 layer 16 readDynamicEnergyIC: 1.18e+07 pJ (15.74%)
=============== Chip Performance Estimating Finish ===============
Max SNN Latency Layer: 6, Max Time Step: 5
SNN pipeline latency: 0.02774837257603515
Average of the snn layer latency (per timestep): 0.014461720289016806
Mean of the snn layer latency (per timestep): 0.014461720289016806
STD of the snn layer latency (per timestep): 0.009122387078328244
=============== Chip Area Analysis ===============
Chip Area: 1.45e+08 um^2
Chip ADC (or S/As and precharger for SRAM) Area: 7.02e+06 um^2 (4.85 %)
Chip IC Area (Global and Tile/PE local): 5.60e+06 um^2 (3.86 %)
Chip Accum (subarray level: adders, shiftAdds; PE/Tile/Global level: accumulation units) Area: 2.63e+07 um^2 (18.13 %)
Chip Other (e.g. decoders, mux, switchmatrix, buffers, IC, pooling and activation units) Area: 2.40e+07 um^2 (16.56 %)
Chip Popcnt Area: 0.00e+00 um^2 (0.00 %)
Chip Array Area: 6.93e+07 um^2 (47.85 %)
=============== Chip Latency Analysis ===============
Pipelined Clock Latency (per Layer per mergedTimeStep): 2.77e+07 ns
Buffer Latency (slowest timestep of the slowest layer): 2.01e+07 ns         (72.32 % of pipeline latency)
IC Latency (slowest timestep of the slowest layer): 7.05e+02 ns         (0.00 % of pipeline latency)
Core Latency ADC (slowest timestep of the slowest layer): 6.45e+03 ns         (0.02 % of pipeline latency)
Core Latency Accum (slowest timestep of the slowest layer): 7.59e+06 ns         (27.36 % of pipeline latency)
Core Latency Other (slowest timestep of the slowest layer): 8.06e+04 ns         (0.29 % of pipeline latency)
Array Read Latency (slowest timestep of the slowest layer): 7.59e+06 ns           (27.34 % of pipeline latency)
Array Latency ADC (slowest timestep of the slowest layer): 6.45e+03 ns           (0.02 % of pipeline latency)
Array Latency Accum (slowest timestep of the slowest layer): 7.58e+06 ns           (27.32 % of pipeline latency)
Array Latency Other (slowest timestep of the slowest layer): 0.00e+00 ns           (0.00 % of pipeline latency)
Read Latency Buffer (slowest timestep of the slowest layer): 2.01e+07 ns           (72.35 % of pipeline latency)
Read Latency IC (slowest timestep of the slowest layer): 1.41e+03 ns           (0.01 % of pipeline latency)
Total Read Latency (per image): 2.31e+08 ns
Total Buffer Latency (per image): 1.80e+08 ns         (77.91 % of total read latency)
Total IC Latency (per image): 4.71e+04 ns         (0.02 % of total read latency)
Total Core Latency ADC (per image): 6.61e+04 ns         (0.03 % of total read latency)
Total Core Latency Accum (per image): 4.98e+07 ns         (21.51 % of total read latency)
Total Core Latency Other (per image): 1.21e+06 ns         (0.52 % of total read latency)
Total Array Read Latency (per image): 4.94e+07 ns         (21.35 % of total read latency)
Total Array Latency ADC (per image): 6.61e+04 ns         (0.03 % of total read latency)
Total Array Latency Accum (per image): 4.93e+07 ns         (21.32 % of total read latency)
Total Array Latency Other (per image): 0.00e+00 ns         (0.00 % of total read latency)
Total Read Latency Buffer (per image): 1.81e+08 ns         (78.08 % of total read latency)
Total Read Latency IC (per image): 9.42e+04 ns         (0.04 % of total read latency)
=============== Chip Energy Analysis ===============
Total Read Dynamic Energy (per image): 2.46e+09 pJ
Total Buffer Dynamic Energy (per image): 1.60e+07 pJ         (0.65 % of total read dynamic energy)
Total IC Dynamic Energy (per image): 1.73e+07 pJ         (0.71 % of total read dynamic energy)
Total Core Energy ADC (per image): 6.83e+06 pJ         (0.28 % of total read dynamic energy)
Total Core Energy Accum (per image): 2.41e+09 pJ         (98.17 % of total read dynamic energy)
Total Core Energy Other (per image): 4.79e+06 pJ         (0.19 % of total read dynamic energy)
Total Core Energy Popcnt (per image): 0.00e+00 pJ         (0.00 % of total read dynamic energy)
Total Leakage Power (per image): 83802.19 uW
Total Leakage Energy (per image): 2.33e+09 pJ
Total Array Read Dynamic Energy (per image): 2.42e+09 pJ (98.35 % of total read dynamic energy)
Total Array Energy ADC (per image): 6.83e+06 pJ (0.28 % of total read dynamic energy)
Total Array Energy Accum (per image): 2.41e+09 pJ (98.07 % of total read dynamic energy)
Total Array Energy Other (per image): 0.00e+00 pJ (0.00 % of total read dynamic energy)
Total Array Energy Popcnt (per image): 0.00e+00 pJ (0.00 % of total read dynamic energy)
Total Read Dynamic Energy Buffer (per image): 2.16e+07 pJ (0.88 % of total read dynamic energy)
Total Read Dynamic Energy IC (per image): 4.38e+07 pJ (1.78 % of total read dynamic energy)

=============== Chip Performance Estimating Finish ===============
Energy Efficiency TOPS/W (Pipelined Process without IC Energy): 75.54299027739937
Throughput TOPS (Pipelined Process with IC Delay): 15.83159206891296
Throughput FPS (Pipelined Process with IC Delay): 36.03814952606081
Compute Efficiency TOPS/mm^2 (Pipelined Process with IC Delay): 0.10924957912779858
Simulation finished, total time elapsed = 375.07 s
