Override log path to logs
Override parallel_granularity to column
Design Parameters:
- paramFile: /tmp/demo_100_IMAGENET_ComPASS_False_False_False.cfg
- multiprocess: 4
- operationMode: 1
- memCellType: MemCellType.SRAM
- accessType: CellAccessType.CMOS_access
- transistorType: TransistorType.conventional
- deviceRoadmap: DeviceRoadmap.LSTP
- globalBufferType: SRAM
- globalBufferCoreSizeRow: 128
- globalBufferCoreSizeCol: 128
- tileBufferType: RF
- tileBufferCoreSizeRow: 32
- tileBufferCoreSizeCol: 32
- peBufferType: SRAM
- chipActivation: True
- actFunc: reLu
- novelMapping: False
- SARADC: False
- currentMode: True
- pipeline: True
- speedUpDegree: 8
- validated: True
- synchronous: True
- algoWeightMin: -1
- algoWeightMax: 1
- clkFreq: 1000000000.0
- temperature: 300
- techNode: 22
- featureSize: 4e-08
- wireWidth: 40
- globalBusDelayTolerance: 0.1
- localBusDelayTolerance: 0.1
- treeFoldedRatio: 4
- maxGlobalBusWidth: 2048
- numRowSubArray: 128
- numColSubArray: 128
- relaxArrayCellHeight: False
- relaxArrayCellWidth: False
- numColMuxed: 8
- levelOutput: 32
- cellBit: 1
- heightInFeatureSizeSRAM: 10
- widthInFeatureSizeSRAM: 28
- widthSRAMCellNMOS: 2
- widthSRAMCellPMOS: 1
- widthAccessCMOS: 1
- minSenseVoltage: 0.1
- heightInFeatureSize1T1R: 4
- widthInFeatureSize1T1R: 12
- heightInFeatureSizeCrossbar: 2
- widthInFeatureSizeCrossbar: 2
- resistanceOn: 6000.0
- resistanceOff: 900000.0
- maxConductance: 0.00016666666666666666
- minConductance: 1.111111111111111e-06
- readVoltage: 0.5
- readPulseWidth: 1e-08
- accessVoltage: 1.1
- resistanceAccess: 1500.0
- writeVoltage: 2
- conventionalParallel: False
- conventionalSequential: True
- BNNparallelMode: False
- BNNsequentialMode: False
- XNORsequentialMode: False
- XNORparallelMode: False
- parallelRead: False
- speculationRecover: False
- mergedTimestep: 100
- synapseBit: 8
- numBitInput: 8
- device: cpu
- multidevice: True
- debug: False
- debugTime: False
- testLayers: 0
- log_path: logs
- parallel_granularity: column
- speculative: False
- dense_mode: ComPASS
- sub_tw: 100
- dynamic_stw: False
- hit_threshold: 2
- miss_threshold: 1
- csr_compress: False
- alpha: 1.44
- beta: 1.4
- gamma: 0.17
- delta: 0.15
- epsilon: 0.05
- zeta: 1.22
- AR: 1.9
- Rho: 4.03e-08
- wireLengthRow: 4e-07
- wireLengthCol: 1.12e-06
- unitLengthWireResistance: 13256578.94736842
- wireResistanceRow: 5.302631578947368
- wireResistanceCol: 14.847368421052632
- numRowPerSynapse: 1
- numColPerSynapse: 8

Device Property:
- vdd: 0.85
- vth: 0.419915
- phyGateLength: 2.6e-08
- capIdealGate: 5.245e-10
- capFringe: 8.004e-10
- effectiveResistanceMultiplier: 1.77
- current_gmNmos: 456.0
- current_gmPmos: 185.0
- currentOnNmos: {0: 791.9, 10: 756.4, 20: 722.2, 30: 689.4, 40: 658.1, 50: 628.3, 60: 600.0, 70: 573.3, 80: 548.0, 90: 524.2, 100: 501.7, 1: 788.35, 2: 784.8, 3: 781.25, 4: 777.6999999999999, 5: 774.15, 6: 770.6, 7: 767.05, 8: 763.5, 9: 759.9499999999999, 11: 752.98, 12: 749.56, 13: 746.14, 14: 742.72, 15: 739.3, 16: 735.88, 17: 732.46, 18: 729.0400000000001, 19: 725.62, 21: 718.9200000000001, 22: 715.64, 23: 712.36, 24: 709.08, 25: 705.8, 26: 702.52, 27: 699.24, 28: 695.96, 29: 692.68, 31: 686.27, 32: 683.14, 33: 680.01, 34: 676.88, 35: 673.75, 36: 670.62, 37: 667.49, 38: 664.36, 39: 661.23, 41: 655.12, 42: 652.14, 43: 649.16, 44: 646.18, 45: 643.2, 46: 640.22, 47: 637.24, 48: 634.26, 49: 631.28, 51: 625.4699999999999, 52: 622.64, 53: 619.81, 54: 616.98, 55: 614.15, 56: 611.3199999999999, 57: 608.49, 58: 605.66, 59: 602.83, 61: 597.33, 62: 594.66, 63: 591.99, 64: 589.3199999999999, 65: 586.65, 66: 583.98, 67: 581.31, 68: 578.64, 69: 575.9699999999999, 71: 570.77, 72: 568.24, 73: 565.7099999999999, 74: 563.18, 75: 560.65, 76: 558.12, 77: 555.59, 78: 553.06, 79: 550.53, 81: 545.62, 82: 543.24, 83: 540.86, 84: 538.48, 85: 536.1, 86: 533.72, 87: 531.34, 88: 528.96, 89: 526.58, 91: 521.95, 92: 519.7, 93: 517.45, 94: 515.2, 95: 512.95, 96: 510.7, 97: 508.45, 98: 506.2, 99: 503.95}
- currentOnPmos: {0: 600.2, 10: 561.3, 20: 525.5, 30: 492.5, 40: 462.2, 50: 434.3, 60: 408.7, 70: 385.1, 80: 363.4, 90: 343.3, 100: 324.8, 1: 596.3100000000001, 2: 592.4200000000001, 3: 588.53, 4: 584.64, 5: 580.75, 6: 576.86, 7: 572.97, 8: 569.0799999999999, 9: 565.1899999999999, 11: 557.7199999999999, 12: 554.14, 13: 550.56, 14: 546.98, 15: 543.4, 16: 539.8199999999999, 17: 536.24, 18: 532.66, 19: 529.08, 21: 522.2, 22: 518.9, 23: 515.6, 24: 512.3, 25: 509.0, 26: 505.7, 27: 502.4, 28: 499.1, 29: 495.8, 31: 489.47, 32: 486.44, 33: 483.40999999999997, 34: 480.38, 35: 477.35, 36: 474.32, 37: 471.28999999999996, 38: 468.26, 39: 465.23, 41: 459.40999999999997, 42: 456.62, 43: 453.83, 44: 451.04, 45: 448.25, 46: 445.46, 47: 442.67, 48: 439.88, 49: 437.09000000000003, 51: 431.74, 52: 429.18, 53: 426.62, 54: 424.06, 55: 421.5, 56: 418.94, 57: 416.38, 58: 413.82, 59: 411.26, 61: 406.34, 62: 403.98, 63: 401.62, 64: 399.26, 65: 396.9, 66: 394.54, 67: 392.18, 68: 389.82, 69: 387.46000000000004, 71: 382.93, 72: 380.76, 73: 378.59000000000003, 74: 376.42, 75: 374.25, 76: 372.08, 77: 369.90999999999997, 78: 367.74, 79: 365.57, 81: 361.39, 82: 359.38, 83: 357.37, 84: 355.36, 85: 353.35, 86: 351.34, 87: 349.33, 88: 347.32, 89: 345.31, 91: 341.45, 92: 339.6, 93: 337.75, 94: 335.90000000000003, 95: 334.05, 96: 332.2, 97: 330.35, 98: 328.5, 99: 326.65000000000003}
- currentOffNmos: {0: 0.0001, 10: 0.0001473, 20: 0.0002121, 30: 0.0002996, 40: 0.0004153, 50: 0.0005658, 60: 0.0007589, 70: 0.001003, 80: 0.001307, 90: 0.001682, 100: 0.002139, 1: 0.00010473000000000001, 2: 0.00010946, 3: 0.00011419, 4: 0.00011892, 5: 0.00012365, 6: 0.00012838, 7: 0.00013311, 8: 0.00013784, 9: 0.00014257, 11: 0.00015378, 12: 0.00016026000000000001, 13: 0.00016674, 14: 0.00017322, 15: 0.0001797, 16: 0.00018618, 17: 0.00019266, 18: 0.00019914, 19: 0.00020562, 21: 0.00022085, 22: 0.0002296, 23: 0.00023835000000000002, 24: 0.0002471, 25: 0.00025585, 26: 0.00026460000000000003, 27: 0.00027335, 28: 0.0002821, 29: 0.00029085000000000005, 31: 0.00031117000000000004, 32: 0.00032274, 33: 0.00033431, 34: 0.00034588, 35: 0.00035745000000000004, 36: 0.00036902, 37: 0.00038059, 38: 0.00039216, 39: 0.00040373000000000004, 41: 0.00043035, 42: 0.0004454, 43: 0.00046045, 44: 0.0004755, 45: 0.00049055, 46: 0.0005056, 47: 0.00052065, 48: 0.0005357, 49: 0.00055075, 51: 0.00058511, 52: 0.0006044199999999999, 53: 0.00062373, 54: 0.00064304, 55: 0.0006623499999999999, 56: 0.00068166, 57: 0.00070097, 58: 0.00072028, 59: 0.0007395899999999999, 61: 0.00078331, 62: 0.0008077199999999999, 63: 0.0008321299999999999, 64: 0.0008565399999999999, 65: 0.00088095, 66: 0.00090536, 67: 0.0009297699999999999, 68: 0.00095418, 69: 0.00097859, 71: 0.0010334, 72: 0.0010638, 73: 0.0010942, 74: 0.0011246, 75: 0.001155, 76: 0.0011854, 77: 0.0012158, 78: 0.0012462, 79: 0.0012766000000000001, 81: 0.0013445, 82: 0.001382, 83: 0.0014195, 84: 0.001457, 85: 0.0014945, 86: 0.001532, 87: 0.0015695, 88: 0.001607, 89: 0.0016445, 91: 0.0017277, 92: 0.0017733999999999998, 93: 0.0018191, 94: 0.0018647999999999998, 95: 0.0019104999999999999, 96: 0.0019562, 97: 0.0020019, 98: 0.0020475999999999997, 99: 0.0020932999999999998}
- currentOffPmos: {0: 0.0001, 10: 0.0001473, 20: 0.0002121, 30: 0.0002996, 40: 0.0004153, 50: 0.0005658, 60: 0.0007589, 70: 0.001003, 80: 0.001307, 90: 0.001682, 100: 0.002139, 1: 0.00010473000000000001, 2: 0.00010946, 3: 0.00011419, 4: 0.00011892, 5: 0.00012365, 6: 0.00012838, 7: 0.00013311, 8: 0.00013784, 9: 0.00014257, 11: 0.00015378, 12: 0.00016026000000000001, 13: 0.00016674, 14: 0.00017322, 15: 0.0001797, 16: 0.00018618, 17: 0.00019266, 18: 0.00019914, 19: 0.00020562, 21: 0.00022085, 22: 0.0002296, 23: 0.00023835000000000002, 24: 0.0002471, 25: 0.00025585, 26: 0.00026460000000000003, 27: 0.00027335, 28: 0.0002821, 29: 0.00029085000000000005, 31: 0.00031117000000000004, 32: 0.00032274, 33: 0.00033431, 34: 0.00034588, 35: 0.00035745000000000004, 36: 0.00036902, 37: 0.00038059, 38: 0.00039216, 39: 0.00040373000000000004, 41: 0.00043035, 42: 0.0004454, 43: 0.00046045, 44: 0.0004755, 45: 0.00049055, 46: 0.0005056, 47: 0.00052065, 48: 0.0005357, 49: 0.00055075, 51: 0.00058511, 52: 0.0006044199999999999, 53: 0.00062373, 54: 0.00064304, 55: 0.0006623499999999999, 56: 0.00068166, 57: 0.00070097, 58: 0.00072028, 59: 0.0007395899999999999, 61: 0.00078331, 62: 0.0008077199999999999, 63: 0.0008321299999999999, 64: 0.0008565399999999999, 65: 0.00088095, 66: 0.00090536, 67: 0.0009297699999999999, 68: 0.00095418, 69: 0.00097859, 71: 0.0010334, 72: 0.0010638, 73: 0.0010942, 74: 0.0011246, 75: 0.001155, 76: 0.0011854, 77: 0.0012158, 78: 0.0012462, 79: 0.0012766000000000001, 81: 0.0013445, 82: 0.001382, 83: 0.0014195, 84: 0.001457, 85: 0.0014945, 86: 0.001532, 87: 0.0015695, 88: 0.001607, 89: 0.0016445, 91: 0.0017277, 92: 0.0017733999999999998, 93: 0.0018191, 94: 0.0018647999999999998, 95: 0.0019104999999999999, 96: 0.0019562, 97: 0.0020019, 98: 0.0020475999999999997, 99: 0.0020932999999999998}
- pnSizeRatio: 1.3193935354881705
- techNodeInNano: 22
- techNode: 2.2000000000000002e-08
- deviceRoadmap: DeviceRoadmap.LSTP
- transistorType: TransistorType.conventional
- capOverlap: 1.0490000000000001e-10
- cjd: 0.001
- cjswd: 2.5e-10
- cjswgd: 5e-11
- mjd: 0.5
- mjswd: 0.33
- mjswgd: 0.33
- buildInPotential: 0.9
- capJunction: 0.0007171371656006362
- capSidewall: 2.0074164593238696e-10
- capDrainToChannel: 4.014832918647739e-11
- capPolywire: 0.0

Memory Cell Property:
- memCellType: MemCellType.SRAM
- techNode: 22
- area: 0
- aspectRatio: 1
- resistanceOn: 6000.0
- resistanceOff: 900000.0
- minSenseVoltage: 0.1
- accessType: CellAccessType.CMOS_access
- featureSize: 4e-08
- accessVoltage: 1.1
- readVoltage: 0.5
- writeVoltage: 2
- readPulseWidth: 1e-08
- writePulseWidth: 1e-08
- resistanceAccess: 1500.0
- nonlinearIV: False
- nonlinearity: 0.0
- resistanceAvg: 453000.0
- resCellAccess: 86357.32243511004
- resMemCellOn: 0.0
- resMemCellOff: 0.0
- resMemCellAvg: 0.0
- resMemCellOnAtHalfVw: 0.0
- resMemCellOffAtHalfVw: 0.0
- resMemCellAvgAtHalfVw: 0.0
- resMemCellOnAtVw: 0.0
- resMemCellOffAtVw: 0.0
- resMemCellAvgAtVw: 0.0
- capSRAMCell: 1.9364668729435822e-16
- multipleCells: 1
- maxNumLevelLTP: 0
- maxNumLevelLTD: 0
- widthAccessCMOS: 1
- widthSRAMCellNMOS: 2
- widthSRAMPCellPMOS: 1
- widthInFeatureSize: 28
- heightInFeatureSize: 10
- capCellAccess: 3.100281451830707e-17

=============== Parameter Loading Finish ===============
Time elapsed = 1.78 s
=============== Network Structure Loading Finish ===============
{'IH': 56, 'IW': 56, 'Cin': 64, 'KH': 3, 'KW': 3, 'Cout': 64, 'pooling': 0, 'stride': 1, 'isSNN': 1, 'T': 100, 'weight_row': 64, 'weight_col': 576}
{'IH': 56, 'IW': 56, 'Cin': 64, 'KH': 3, 'KW': 3, 'Cout': 64, 'pooling': 0, 'stride': 1, 'isSNN': 1, 'T': 100, 'weight_row': 64, 'weight_col': 576}
{'IH': 56, 'IW': 56, 'Cin': 64, 'KH': 3, 'KW': 3, 'Cout': 64, 'pooling': 0, 'stride': 1, 'isSNN': 1, 'T': 100, 'weight_row': 64, 'weight_col': 576}
{'IH': 56, 'IW': 56, 'Cin': 64, 'KH': 3, 'KW': 3, 'Cout': 64, 'pooling': 0, 'stride': 1, 'isSNN': 1, 'T': 100, 'weight_row': 64, 'weight_col': 576}
{'IH': 56, 'IW': 56, 'Cin': 64, 'KH': 3, 'KW': 3, 'Cout': 128, 'pooling': 0, 'stride': 2, 'isSNN': 1, 'T': 100, 'weight_row': 128, 'weight_col': 576}
{'IH': 28, 'IW': 28, 'Cin': 128, 'KH': 3, 'KW': 3, 'Cout': 128, 'pooling': 0, 'stride': 1, 'isSNN': 1, 'T': 100, 'weight_row': 128, 'weight_col': 1152}
{'IH': 28, 'IW': 28, 'Cin': 128, 'KH': 3, 'KW': 3, 'Cout': 128, 'pooling': 0, 'stride': 1, 'isSNN': 1, 'T': 100, 'weight_row': 128, 'weight_col': 1152}
{'IH': 28, 'IW': 28, 'Cin': 128, 'KH': 3, 'KW': 3, 'Cout': 128, 'pooling': 0, 'stride': 1, 'isSNN': 1, 'T': 100, 'weight_row': 128, 'weight_col': 1152}
{'IH': 28, 'IW': 28, 'Cin': 128, 'KH': 3, 'KW': 3, 'Cout': 256, 'pooling': 0, 'stride': 2, 'isSNN': 1, 'T': 100, 'weight_row': 256, 'weight_col': 1152}
{'IH': 14, 'IW': 14, 'Cin': 256, 'KH': 3, 'KW': 3, 'Cout': 256, 'pooling': 0, 'stride': 1, 'isSNN': 1, 'T': 100, 'weight_row': 256, 'weight_col': 2304}
{'IH': 14, 'IW': 14, 'Cin': 256, 'KH': 3, 'KW': 3, 'Cout': 256, 'pooling': 0, 'stride': 1, 'isSNN': 1, 'T': 100, 'weight_row': 256, 'weight_col': 2304}
{'IH': 14, 'IW': 14, 'Cin': 256, 'KH': 3, 'KW': 3, 'Cout': 256, 'pooling': 0, 'stride': 1, 'isSNN': 1, 'T': 100, 'weight_row': 256, 'weight_col': 2304}
{'IH': 14, 'IW': 14, 'Cin': 256, 'KH': 3, 'KW': 3, 'Cout': 512, 'pooling': 0, 'stride': 2, 'isSNN': 1, 'T': 100, 'weight_row': 512, 'weight_col': 2304}
{'IH': 7, 'IW': 7, 'Cin': 512, 'KH': 3, 'KW': 3, 'Cout': 512, 'pooling': 0, 'stride': 1, 'isSNN': 1, 'T': 100, 'weight_row': 512, 'weight_col': 4608}
{'IH': 7, 'IW': 7, 'Cin': 512, 'KH': 3, 'KW': 3, 'Cout': 512, 'pooling': 0, 'stride': 1, 'isSNN': 1, 'T': 100, 'weight_row': 512, 'weight_col': 4608}
{'IH': 7, 'IW': 7, 'Cin': 512, 'KH': 3, 'KW': 3, 'Cout': 512, 'pooling': 1, 'stride': 1, 'isSNN': 1, 'T': 100, 'weight_row': 512, 'weight_col': 4608}

------------------------------ FloorPlan --------------------------------
Tile and PE size are optimized to maximize memory utilization ( = memory mapped by synapse / total memory on chip)
Desired Conventional Mapped Tile Storage Size: 1024 x 1024
Desired Conventional PE Storage Size: 512 x 512
User-defined SubArray Size: 128 x 128
----------------- # of tile used for each layer -----------------
Layer 1: 40
Layer 2: 40
Layer 3: 40
Layer 4: 40
Layer 5: 40
Layer 6: 18
Layer 7: 18
Layer 8: 18
Layer 9: 36
Layer 10: 18
Layer 11: 18
Layer 12: 18
Layer 13: 36
Layer 14: 36
Layer 15: 36
Layer 16: 36
----------------- Speed-up of each layer ------------------
Layer 1: 64
Layer 2: 64
Layer 3: 64
Layer 4: 64
Layer 5: 64
Layer 6: 16
Layer 7: 16
Layer 8: 16
Layer 9: 16
Layer 10: 4
Layer 11: 4
Layer 12: 4
Layer 13: 4
Layer 14: 2
Layer 15: 2
Layer 16: 2
----------------- Utilization of each layer ------------------
Layer 1: 0.45
Layer 2: 0.45
Layer 3: 0.45
Layer 4: 0.45
Layer 5: 0.9
Layer 6: 1.0
Layer 7: 1.0
Layer 8: 1.0
Layer 9: 1.0
Layer 10: 1.0
Layer 11: 1.0
Layer 12: 1.0
Layer 13: 1.0
Layer 14: 1.0
Layer 15: 1.0
Layer 16: 1.0
Memory Utilization of Whole Chip: 81.14754098360656 %
---------------------------- FloorPlan Done ------------------------------
Chip Area: 1.46e+08 um^2
Chip ADC (or S/As and precharger for SRAM) Area: 7.02e+06 um^2 (4.82 %)
Chip IC Area (Global and Tile/PE local): 5.61e+06 um^2 (3.85 %)
Chip Accum (subarray level: adders, shiftAdds; PE/Tile/Global level: accumulation units) Area: 2.63e+07 um^2 (18.04 %)
Chip Other (e.g. decoders, mux, switchmatrix, buffers, IC, pooling and activation units) Area: 2.40e+07 um^2 (16.47 %)
Chip Popcnt Area: 7.67e+05 um^2 (0.53 %)
Chip Array Area: 6.93e+07 um^2 (47.60 %)
Time elapsed = 19.06 s
=============== Chip Clk Period Estimating ===============
Time elapsed after estimating layer 1 = 58.28 s
Chip Clk Period: 1.0281894905588658 ns
=============== Chip Performance Estimating ===============
Time elapsed before estimating layer 1 ts 1 ====> 104.30 s
TS 0 layer 1 readLatency: 1.92e+07 ns
TS 0 layer 1 bufferLatency: 1.86e+07 ns (96.87%)
TS 0 layer 1 icLatency: 2.04e+02 ns
TS 0 layer 1 coreLatencyADC: 3.22e+03 ns (0.02%)
TS 0 layer 1 coreLatencyAccum: 4.37e+05 ns (2.27%)
TS 0 layer 1 coreLatencyOther: 1.61e+05 ns (0.84%)
TS 0 layer 1 arrayReadLatency: 3.50e+05 ns (1.82%)
TS 0 layer 1 arrayLatencyADC: 3.22e+03 ns (0.02%)
TS 0 layer 1 arrayLatencyAccum: 3.47e+05 ns (1.80%)
TS 0 layer 1 arrayLatencyOther: 0.00e+00 ns (0.00%)
TS 0 layer 1 readLatencyBuffer: 1.86e+07 ns (96.88%)
TS 0 layer 1 readLatencyIC: 4.09e+02 ns (0.00%)
TS 0 layer 1 readDynamicEnergy: 1.84e+08 pJ
TS 0 layer 1 leakagePower: 357.22 uW
TS 0 layer 1 leakageEnergy: 6.87e+06 pJ
TS 0 layer 1 bufferDynamicEnergy: 1.86e+06 pJ (1.01%)
TS 0 layer 1 icDynamicEnergy: 1.11e+04 pJ (0.01%)
TS 0 layer 1 coreEnergyADC: 4.71e+05 pJ (0.26%)
TS 0 layer 1 coreEnergyAccum: 1.78e+08 pJ (97.02%)
TS 0 layer 1 coreEnergyOther: 6.39e+05 pJ (0.35%)
TS 0 layer 1 coreEnergyPopcnt: 2.50e+06 pJ (1.36%)
TS 0 layer 1 arrayReadDynamicEnergy: 1.81e+08 pJ (98.62%)
TS 0 layer 1 arrayEnergyADC: 4.71e+05 pJ (0.26%)
TS 0 layer 1 arrayEnergyAccum: 1.78e+08 pJ (97.01%)
TS 0 layer 1 arrayEnergyOther: 0.00e+00 pJ (0.00%)
TS 0 layer 1 arrayEnergyPopcnt: 2.50e+06 pJ (1.36%)
TS 0 layer 1 readDynamicEnergyBuffer: 1.86e+06 pJ (1.01%)
TS 0 layer 1 readDynamicEnergyIC: 2.71e+04 pJ (0.01%)
Time elapsed before estimating layer 2 ts 1 ====> 148.14 s
TS 0 layer 2 readLatency: 1.94e+07 ns
TS 0 layer 2 bufferLatency: 1.86e+07 ns (95.83%)
TS 0 layer 2 icLatency: 2.04e+02 ns
TS 0 layer 2 coreLatencyADC: 3.22e+03 ns (0.02%)
TS 0 layer 2 coreLatencyAccum: 6.46e+05 ns (3.32%)
TS 0 layer 2 coreLatencyOther: 1.61e+05 ns (0.83%)
TS 0 layer 2 arrayReadLatency: 5.58e+05 ns (2.87%)
TS 0 layer 2 arrayLatencyADC: 3.22e+03 ns (0.02%)
TS 0 layer 2 arrayLatencyAccum: 5.55e+05 ns (2.85%)
TS 0 layer 2 arrayLatencyOther: 0.00e+00 ns (0.00%)
TS 0 layer 2 readLatencyBuffer: 1.86e+07 ns (95.84%)
TS 0 layer 2 readLatencyIC: 4.09e+02 ns (0.00%)
TS 0 layer 2 readDynamicEnergy: 1.58e+08 pJ
TS 0 layer 2 leakagePower: 357.22 uW
TS 0 layer 2 leakageEnergy: 6.94e+06 pJ
TS 0 layer 2 bufferDynamicEnergy: 1.86e+06 pJ (1.17%)
TS 0 layer 2 icDynamicEnergy: 1.11e+04 pJ (0.01%)
TS 0 layer 2 coreEnergyADC: 4.71e+05 pJ (0.30%)
TS 0 layer 2 coreEnergyAccum: 1.53e+08 pJ (96.54%)
TS 0 layer 2 coreEnergyOther: 6.39e+05 pJ (0.40%)
TS 0 layer 2 coreEnergyPopcnt: 2.50e+06 pJ (1.58%)
TS 0 layer 2 arrayReadDynamicEnergy: 1.56e+08 pJ (98.40%)
TS 0 layer 2 arrayEnergyADC: 4.71e+05 pJ (0.30%)
TS 0 layer 2 arrayEnergyAccum: 1.53e+08 pJ (96.53%)
TS 0 layer 2 arrayEnergyOther: 0.00e+00 pJ (0.00%)
TS 0 layer 2 arrayEnergyPopcnt: 2.50e+06 pJ (1.58%)
TS 0 layer 2 readDynamicEnergyBuffer: 1.86e+06 pJ (1.18%)
TS 0 layer 2 readDynamicEnergyIC: 2.71e+04 pJ (0.02%)
Time elapsed before estimating layer 3 ts 1 ====> 190.97 s
TS 0 layer 3 readLatency: 1.93e+07 ns
TS 0 layer 3 bufferLatency: 1.86e+07 ns (96.48%)
TS 0 layer 3 icLatency: 2.04e+02 ns
TS 0 layer 3 coreLatencyADC: 3.22e+03 ns (0.02%)
TS 0 layer 3 coreLatencyAccum: 5.16e+05 ns (2.67%)
TS 0 layer 3 coreLatencyOther: 1.61e+05 ns (0.83%)
TS 0 layer 3 arrayReadLatency: 4.28e+05 ns (2.22%)
TS 0 layer 3 arrayLatencyADC: 3.22e+03 ns (0.02%)
TS 0 layer 3 arrayLatencyAccum: 4.25e+05 ns (2.20%)
TS 0 layer 3 arrayLatencyOther: 0.00e+00 ns (0.00%)
TS 0 layer 3 readLatencyBuffer: 1.86e+07 ns (96.49%)
TS 0 layer 3 readLatencyIC: 4.09e+02 ns (0.00%)
TS 0 layer 3 readDynamicEnergy: 2.23e+08 pJ
TS 0 layer 3 leakagePower: 357.22 uW
TS 0 layer 3 leakageEnergy: 6.90e+06 pJ
TS 0 layer 3 bufferDynamicEnergy: 1.86e+06 pJ (0.83%)
TS 0 layer 3 icDynamicEnergy: 1.11e+04 pJ (0.00%)
TS 0 layer 3 coreEnergyADC: 4.71e+05 pJ (0.21%)
TS 0 layer 3 coreEnergyAccum: 2.18e+08 pJ (97.55%)
TS 0 layer 3 coreEnergyOther: 6.39e+05 pJ (0.29%)
TS 0 layer 3 coreEnergyPopcnt: 2.50e+06 pJ (1.12%)
TS 0 layer 3 arrayReadDynamicEnergy: 2.21e+08 pJ (98.87%)
TS 0 layer 3 arrayEnergyADC: 4.71e+05 pJ (0.21%)
TS 0 layer 3 arrayEnergyAccum: 2.18e+08 pJ (97.54%)
TS 0 layer 3 arrayEnergyOther: 0.00e+00 pJ (0.00%)
TS 0 layer 3 arrayEnergyPopcnt: 2.50e+06 pJ (1.12%)
TS 0 layer 3 readDynamicEnergyBuffer: 1.86e+06 pJ (0.83%)
TS 0 layer 3 readDynamicEnergyIC: 2.71e+04 pJ (0.01%)
Time elapsed before estimating layer 4 ts 1 ====> 231.97 s
TS 0 layer 4 readLatency: 1.95e+07 ns
TS 0 layer 4 bufferLatency: 1.86e+07 ns (95.73%)
TS 0 layer 4 icLatency: 2.04e+02 ns
TS 0 layer 4 coreLatencyADC: 3.22e+03 ns (0.02%)
TS 0 layer 4 coreLatencyAccum: 6.66e+05 ns (3.42%)
TS 0 layer 4 coreLatencyOther: 1.61e+05 ns (0.83%)
TS 0 layer 4 arrayReadLatency: 5.79e+05 ns (2.97%)
TS 0 layer 4 arrayLatencyADC: 3.22e+03 ns (0.02%)
TS 0 layer 4 arrayLatencyAccum: 5.75e+05 ns (2.96%)
TS 0 layer 4 arrayLatencyOther: 0.00e+00 ns (0.00%)
TS 0 layer 4 readLatencyBuffer: 1.86e+07 ns (95.74%)
TS 0 layer 4 readLatencyIC: 4.09e+02 ns (0.00%)
TS 0 layer 4 readDynamicEnergy: 2.24e+08 pJ
TS 0 layer 4 leakagePower: 357.22 uW
TS 0 layer 4 leakageEnergy: 6.95e+06 pJ
TS 0 layer 4 bufferDynamicEnergy: 1.86e+06 pJ (0.83%)
TS 0 layer 4 icDynamicEnergy: 1.11e+04 pJ (0.00%)
TS 0 layer 4 coreEnergyADC: 4.71e+05 pJ (0.21%)
TS 0 layer 4 coreEnergyAccum: 2.18e+08 pJ (97.55%)
TS 0 layer 4 coreEnergyOther: 6.39e+05 pJ (0.29%)
TS 0 layer 4 coreEnergyPopcnt: 2.50e+06 pJ (1.12%)
TS 0 layer 4 arrayReadDynamicEnergy: 2.21e+08 pJ (98.87%)
TS 0 layer 4 arrayEnergyADC: 4.71e+05 pJ (0.21%)
TS 0 layer 4 arrayEnergyAccum: 2.18e+08 pJ (97.55%)
TS 0 layer 4 arrayEnergyOther: 0.00e+00 pJ (0.00%)
TS 0 layer 4 arrayEnergyPopcnt: 2.50e+06 pJ (1.12%)
TS 0 layer 4 readDynamicEnergyBuffer: 1.86e+06 pJ (0.83%)
TS 0 layer 4 readDynamicEnergyIC: 2.71e+04 pJ (0.01%)
Time elapsed before estimating layer 5 ts 1 ====> 245.72 s
TS 0 layer 5 readLatency: 5.40e+06 ns
TS 0 layer 5 bufferLatency: 5.13e+06 ns (94.96%)
TS 0 layer 5 icLatency: 3.52e+02 ns
TS 0 layer 5 coreLatencyADC: 1.61e+03 ns (0.03%)
TS 0 layer 5 coreLatencyAccum: 1.90e+05 ns (3.51%)
TS 0 layer 5 coreLatencyOther: 8.06e+04 ns (1.49%)
TS 0 layer 5 arrayReadLatency: 1.68e+05 ns (3.12%)
TS 0 layer 5 arrayLatencyADC: 1.61e+03 ns (0.03%)
TS 0 layer 5 arrayLatencyAccum: 1.67e+05 ns (3.09%)
TS 0 layer 5 arrayLatencyOther: 0.00e+00 ns (0.00%)
TS 0 layer 5 readLatencyBuffer: 5.13e+06 ns (95.01%)
TS 0 layer 5 readLatencyIC: 7.05e+02 ns (0.01%)
TS 0 layer 5 readDynamicEnergy: 9.30e+07 pJ
TS 0 layer 5 leakagePower: 652.80 uW
TS 0 layer 5 leakageEnergy: 3.52e+06 pJ
TS 0 layer 5 bufferDynamicEnergy: 4.69e+05 pJ (0.50%)
TS 0 layer 5 icDynamicEnergy: 2.04e+04 pJ (0.02%)
TS 0 layer 5 coreEnergyADC: 2.36e+05 pJ (0.25%)
TS 0 layer 5 coreEnergyAccum: 9.13e+07 pJ (98.21%)
TS 0 layer 5 coreEnergyOther: 3.19e+05 pJ (0.34%)
TS 0 layer 5 coreEnergyPopcnt: 6.24e+05 pJ (0.67%)
TS 0 layer 5 arrayReadDynamicEnergy: 9.21e+07 pJ (99.12%)
TS 0 layer 5 arrayEnergyADC: 2.36e+05 pJ (0.25%)
TS 0 layer 5 arrayEnergyAccum: 9.13e+07 pJ (98.20%)
TS 0 layer 5 arrayEnergyOther: 0.00e+00 pJ (0.00%)
TS 0 layer 5 arrayEnergyPopcnt: 6.24e+05 pJ (0.67%)
TS 0 layer 5 readDynamicEnergyBuffer: 4.75e+05 pJ (0.51%)
TS 0 layer 5 readDynamicEnergyIC: 5.06e+04 pJ (0.05%)
Time elapsed before estimating layer 6 ts 1 ====> 264.97 s
TS 0 layer 6 readLatency: 2.12e+07 ns
TS 0 layer 6 bufferLatency: 2.01e+07 ns (94.86%)
TS 0 layer 6 icLatency: 7.05e+02 ns
TS 0 layer 6 coreLatencyADC: 6.45e+03 ns (0.03%)
TS 0 layer 6 coreLatencyAccum: 9.99e+05 ns (4.72%)
TS 0 layer 6 coreLatencyOther: 8.06e+04 ns (0.38%)
TS 0 layer 6 arrayReadLatency: 9.94e+05 ns (4.70%)
TS 0 layer 6 arrayLatencyADC: 6.45e+03 ns (0.03%)
TS 0 layer 6 arrayLatencyAccum: 9.87e+05 ns (4.67%)
TS 0 layer 6 arrayLatencyOther: 0.00e+00 ns (0.00%)
TS 0 layer 6 readLatencyBuffer: 2.01e+07 ns (94.89%)
TS 0 layer 6 readLatencyIC: 1.41e+03 ns (0.01%)
TS 0 layer 6 readDynamicEnergy: 1.35e+08 pJ
TS 0 layer 6 leakagePower: 1193.25 uW
TS 0 layer 6 leakageEnergy: 2.52e+07 pJ
TS 0 layer 6 bufferDynamicEnergy: 9.42e+05 pJ (0.70%)
TS 0 layer 6 icDynamicEnergy: 7.80e+04 pJ (0.06%)
TS 0 layer 6 coreEnergyADC: 4.71e+05 pJ (0.35%)
TS 0 layer 6 coreEnergyAccum: 1.32e+08 pJ (97.74%)
TS 0 layer 6 coreEnergyOther: 3.19e+05 pJ (0.24%)
TS 0 layer 6 coreEnergyPopcnt: 1.25e+06 pJ (0.92%)
TS 0 layer 6 arrayReadDynamicEnergy: 1.34e+08 pJ (99.00%)
TS 0 layer 6 arrayEnergyADC: 4.71e+05 pJ (0.35%)
TS 0 layer 6 arrayEnergyAccum: 1.32e+08 pJ (97.73%)
TS 0 layer 6 arrayEnergyOther: 0.00e+00 pJ (0.00%)
TS 0 layer 6 arrayEnergyPopcnt: 1.25e+06 pJ (0.92%)
TS 0 layer 6 readDynamicEnergyBuffer: 9.67e+05 pJ (0.72%)
TS 0 layer 6 readDynamicEnergyIC: 1.95e+05 pJ (0.14%)
Time elapsed before estimating layer 7 ts 1 ====> 284.24 s
TS 0 layer 7 readLatency: 2.05e+07 ns
TS 0 layer 7 bufferLatency: 2.01e+07 ns (97.83%)
TS 0 layer 7 icLatency: 7.05e+02 ns
TS 0 layer 7 coreLatencyADC: 6.45e+03 ns (0.03%)
TS 0 layer 7 coreLatencyAccum: 3.57e+05 ns (1.74%)
TS 0 layer 7 coreLatencyOther: 8.06e+04 ns (0.39%)
TS 0 layer 7 arrayReadLatency: 3.52e+05 ns (1.71%)
TS 0 layer 7 arrayLatencyADC: 6.45e+03 ns (0.03%)
TS 0 layer 7 arrayLatencyAccum: 3.45e+05 ns (1.68%)
TS 0 layer 7 arrayLatencyOther: 0.00e+00 ns (0.00%)
TS 0 layer 7 readLatencyBuffer: 2.01e+07 ns (97.86%)
TS 0 layer 7 readLatencyIC: 1.41e+03 ns (0.01%)
TS 0 layer 7 readDynamicEnergy: 8.27e+07 pJ
TS 0 layer 7 leakagePower: 1193.25 uW
TS 0 layer 7 leakageEnergy: 2.45e+07 pJ
TS 0 layer 7 bufferDynamicEnergy: 9.42e+05 pJ (1.14%)
TS 0 layer 7 icDynamicEnergy: 7.80e+04 pJ (0.09%)
TS 0 layer 7 coreEnergyADC: 4.71e+05 pJ (0.57%)
TS 0 layer 7 coreEnergyAccum: 7.96e+07 pJ (96.30%)
TS 0 layer 7 coreEnergyOther: 3.19e+05 pJ (0.39%)
TS 0 layer 7 coreEnergyPopcnt: 1.25e+06 pJ (1.51%)
TS 0 layer 7 arrayReadDynamicEnergy: 8.13e+07 pJ (98.37%)
TS 0 layer 7 arrayEnergyADC: 4.71e+05 pJ (0.57%)
TS 0 layer 7 arrayEnergyAccum: 7.96e+07 pJ (96.29%)
TS 0 layer 7 arrayEnergyOther: 0.00e+00 pJ (0.00%)
TS 0 layer 7 arrayEnergyPopcnt: 1.25e+06 pJ (1.51%)
TS 0 layer 7 readDynamicEnergyBuffer: 9.67e+05 pJ (1.17%)
TS 0 layer 7 readDynamicEnergyIC: 1.95e+05 pJ (0.24%)
Time elapsed before estimating layer 8 ts 1 ====> 303.13 s
TS 0 layer 8 readLatency: 2.09e+07 ns
TS 0 layer 8 bufferLatency: 2.01e+07 ns (95.99%)
TS 0 layer 8 icLatency: 7.05e+02 ns
TS 0 layer 8 coreLatencyADC: 6.45e+03 ns (0.03%)
TS 0 layer 8 coreLatencyAccum: 7.50e+05 ns (3.59%)
TS 0 layer 8 coreLatencyOther: 8.06e+04 ns (0.39%)
TS 0 layer 8 arrayReadLatency: 7.45e+05 ns (3.56%)
TS 0 layer 8 arrayLatencyADC: 6.45e+03 ns (0.03%)
TS 0 layer 8 arrayLatencyAccum: 7.38e+05 ns (3.53%)
TS 0 layer 8 arrayLatencyOther: 0.00e+00 ns (0.00%)
TS 0 layer 8 readLatencyBuffer: 2.01e+07 ns (96.02%)
TS 0 layer 8 readLatencyIC: 1.41e+03 ns (0.01%)
TS 0 layer 8 readDynamicEnergy: 4.89e+07 pJ
TS 0 layer 8 leakagePower: 1193.25 uW
TS 0 layer 8 leakageEnergy: 2.49e+07 pJ
TS 0 layer 8 bufferDynamicEnergy: 9.42e+05 pJ (1.93%)
TS 0 layer 8 icDynamicEnergy: 7.80e+04 pJ (0.16%)
TS 0 layer 8 coreEnergyADC: 4.71e+05 pJ (0.96%)
TS 0 layer 8 coreEnergyAccum: 4.58e+07 pJ (93.74%)
TS 0 layer 8 coreEnergyOther: 3.19e+05 pJ (0.65%)
TS 0 layer 8 coreEnergyPopcnt: 1.25e+06 pJ (2.55%)
TS 0 layer 8 arrayReadDynamicEnergy: 4.75e+07 pJ (97.24%)
TS 0 layer 8 arrayEnergyADC: 4.71e+05 pJ (0.96%)
TS 0 layer 8 arrayEnergyAccum: 4.58e+07 pJ (93.72%)
TS 0 layer 8 arrayEnergyOther: 0.00e+00 pJ (0.00%)
TS 0 layer 8 arrayEnergyPopcnt: 1.25e+06 pJ (2.55%)
TS 0 layer 8 readDynamicEnergyBuffer: 9.67e+05 pJ (1.98%)
TS 0 layer 8 readDynamicEnergyIC: 1.95e+05 pJ (0.40%)
Time elapsed before estimating layer 9 ts 1 ====> 313.99 s
TS 0 layer 9 readLatency: 2.92e+06 ns
TS 0 layer 9 bufferLatency: 2.77e+06 ns (94.84%)
TS 0 layer 9 icLatency: 1.30e+03 ns
TS 0 layer 9 coreLatencyADC: 1.61e+03 ns (0.06%)
TS 0 layer 9 coreLatencyAccum: 1.08e+05 ns (3.68%)
TS 0 layer 9 coreLatencyOther: 4.03e+04 ns (1.38%)
TS 0 layer 9 arrayReadLatency: 1.02e+05 ns (3.48%)
TS 0 layer 9 arrayLatencyADC: 1.61e+03 ns (0.06%)
TS 0 layer 9 arrayLatencyAccum: 1.00e+05 ns (3.43%)
TS 0 layer 9 arrayLatencyOther: 0.00e+00 ns (0.00%)
TS 0 layer 9 readLatencyBuffer: 2.78e+06 ns (95.20%)
TS 0 layer 9 readLatencyIC: 2.59e+03 ns (0.09%)
TS 0 layer 9 readDynamicEnergy: 3.89e+07 pJ
TS 0 layer 9 leakagePower: 2276.62 uW
TS 0 layer 9 leakageEnergy: 6.65e+06 pJ
TS 0 layer 9 bufferDynamicEnergy: 2.59e+05 pJ (0.66%)
TS 0 layer 9 icDynamicEnergy: 1.49e+05 pJ (0.38%)
TS 0 layer 9 coreEnergyADC: 2.36e+05 pJ (0.60%)
TS 0 layer 9 coreEnergyAccum: 3.75e+07 pJ (96.33%)
TS 0 layer 9 coreEnergyOther: 1.60e+05 pJ (0.41%)
TS 0 layer 9 coreEnergyPopcnt: 6.24e+05 pJ (1.60%)
TS 0 layer 9 arrayReadDynamicEnergy: 3.83e+07 pJ (98.49%)
TS 0 layer 9 arrayEnergyADC: 2.36e+05 pJ (0.60%)
TS 0 layer 9 arrayEnergyAccum: 3.75e+07 pJ (96.28%)
TS 0 layer 9 arrayEnergyOther: 0.00e+00 pJ (0.00%)
TS 0 layer 9 arrayEnergyPopcnt: 6.24e+05 pJ (1.60%)
TS 0 layer 9 readDynamicEnergyBuffer: 3.07e+05 pJ (0.79%)
TS 0 layer 9 readDynamicEnergyIC: 3.75e+05 pJ (0.96%)
Time elapsed before estimating layer 10 ts 1 ====> 328.32 s
TS 0 layer 10 readLatency: 1.09e+07 ns
TS 0 layer 10 bufferLatency: 1.01e+07 ns (92.63%)
TS 0 layer 10 icLatency: 2.59e+03 ns
TS 0 layer 10 coreLatencyADC: 6.45e+03 ns (0.06%)
TS 0 layer 10 coreLatencyAccum: 7.50e+05 ns (6.91%)
TS 0 layer 10 coreLatencyOther: 4.03e+04 ns (0.37%)
TS 0 layer 10 arrayReadLatency: 7.55e+05 ns (6.96%)
TS 0 layer 10 arrayLatencyADC: 6.45e+03 ns (0.06%)
TS 0 layer 10 arrayLatencyAccum: 7.49e+05 ns (6.90%)
TS 0 layer 10 arrayLatencyOther: 0.00e+00 ns (0.00%)
TS 0 layer 10 readLatencyBuffer: 1.01e+07 ns (92.83%)
TS 0 layer 10 readLatencyIC: 5.19e+03 ns (0.05%)
TS 0 layer 10 readDynamicEnergy: 5.50e+07 pJ
TS 0 layer 10 leakagePower: 4552.85 uW
TS 0 layer 10 leakageEnergy: 4.94e+07 pJ
TS 0 layer 10 bufferDynamicEnergy: 5.69e+05 pJ (1.03%)
TS 0 layer 10 icDynamicEnergy: 5.96e+05 pJ (1.08%)
TS 0 layer 10 coreEnergyADC: 4.71e+05 pJ (0.86%)
TS 0 layer 10 coreEnergyAccum: 5.19e+07 pJ (94.46%)
TS 0 layer 10 coreEnergyOther: 1.60e+05 pJ (0.29%)
TS 0 layer 10 coreEnergyPopcnt: 1.25e+06 pJ (2.27%)
TS 0 layer 10 arrayReadDynamicEnergy: 5.36e+07 pJ (97.45%)
TS 0 layer 10 arrayEnergyADC: 4.71e+05 pJ (0.86%)
TS 0 layer 10 arrayEnergyAccum: 5.18e+07 pJ (94.32%)
TS 0 layer 10 arrayEnergyOther: 0.00e+00 pJ (0.00%)
TS 0 layer 10 arrayEnergyPopcnt: 1.25e+06 pJ (2.27%)
TS 0 layer 10 readDynamicEnergyBuffer: 7.63e+05 pJ (1.39%)
TS 0 layer 10 readDynamicEnergyIC: 1.50e+06 pJ (2.73%)
Time elapsed before estimating layer 11 ts 1 ====> 342.54 s
TS 0 layer 11 readLatency: 1.05e+07 ns
TS 0 layer 11 bufferLatency: 1.01e+07 ns (95.50%)
TS 0 layer 11 icLatency: 2.59e+03 ns
TS 0 layer 11 coreLatencyADC: 6.45e+03 ns (0.06%)
TS 0 layer 11 coreLatencyAccum: 4.24e+05 ns (4.03%)
TS 0 layer 11 coreLatencyOther: 4.03e+04 ns (0.38%)
TS 0 layer 11 arrayReadLatency: 4.30e+05 ns (4.08%)
TS 0 layer 11 arrayLatencyADC: 6.45e+03 ns (0.06%)
TS 0 layer 11 arrayLatencyAccum: 4.23e+05 ns (4.02%)
TS 0 layer 11 arrayLatencyOther: 0.00e+00 ns (0.00%)
TS 0 layer 11 readLatencyBuffer: 1.01e+07 ns (95.70%)
TS 0 layer 11 readLatencyIC: 5.19e+03 ns (0.05%)
TS 0 layer 11 readDynamicEnergy: 7.24e+07 pJ
TS 0 layer 11 leakagePower: 4552.85 uW
TS 0 layer 11 leakageEnergy: 4.79e+07 pJ
TS 0 layer 11 bufferDynamicEnergy: 5.69e+05 pJ (0.79%)
TS 0 layer 11 icDynamicEnergy: 5.96e+05 pJ (0.82%)
TS 0 layer 11 coreEnergyADC: 4.71e+05 pJ (0.65%)
TS 0 layer 11 coreEnergyAccum: 6.93e+07 pJ (95.79%)
TS 0 layer 11 coreEnergyOther: 1.60e+05 pJ (0.22%)
TS 0 layer 11 coreEnergyPopcnt: 1.25e+06 pJ (1.73%)
TS 0 layer 11 arrayReadDynamicEnergy: 7.10e+07 pJ (98.06%)
TS 0 layer 11 arrayEnergyADC: 4.71e+05 pJ (0.65%)
TS 0 layer 11 arrayEnergyAccum: 6.92e+07 pJ (95.68%)
TS 0 layer 11 arrayEnergyOther: 0.00e+00 pJ (0.00%)
TS 0 layer 11 arrayEnergyPopcnt: 1.25e+06 pJ (1.73%)
TS 0 layer 11 readDynamicEnergyBuffer: 7.63e+05 pJ (1.05%)
TS 0 layer 11 readDynamicEnergyIC: 1.50e+06 pJ (2.07%)
Time elapsed before estimating layer 12 ts 1 ====> 356.79 s
TS 0 layer 12 readLatency: 1.08e+07 ns
TS 0 layer 12 bufferLatency: 1.01e+07 ns (93.36%)
TS 0 layer 12 icLatency: 2.59e+03 ns
TS 0 layer 12 coreLatencyADC: 6.45e+03 ns (0.06%)
TS 0 layer 12 coreLatencyAccum: 6.65e+05 ns (6.18%)
TS 0 layer 12 coreLatencyOther: 4.03e+04 ns (0.37%)
TS 0 layer 12 arrayReadLatency: 6.71e+05 ns (6.23%)
TS 0 layer 12 arrayLatencyADC: 6.45e+03 ns (0.06%)
TS 0 layer 12 arrayLatencyAccum: 6.64e+05 ns (6.17%)
TS 0 layer 12 arrayLatencyOther: 0.00e+00 ns (0.00%)
TS 0 layer 12 readLatencyBuffer: 1.01e+07 ns (93.56%)
TS 0 layer 12 readLatencyIC: 5.19e+03 ns (0.05%)
TS 0 layer 12 readDynamicEnergy: 4.74e+07 pJ
TS 0 layer 12 leakagePower: 4552.85 uW
TS 0 layer 12 leakageEnergy: 4.90e+07 pJ
TS 0 layer 12 bufferDynamicEnergy: 5.69e+05 pJ (1.20%)
TS 0 layer 12 icDynamicEnergy: 5.96e+05 pJ (1.26%)
TS 0 layer 12 coreEnergyADC: 4.71e+05 pJ (0.99%)
TS 0 layer 12 coreEnergyAccum: 4.44e+07 pJ (93.58%)
TS 0 layer 12 coreEnergyOther: 1.60e+05 pJ (0.34%)
TS 0 layer 12 coreEnergyPopcnt: 1.25e+06 pJ (2.63%)
TS 0 layer 12 arrayReadDynamicEnergy: 4.60e+07 pJ (97.04%)
TS 0 layer 12 arrayEnergyADC: 4.71e+05 pJ (0.99%)
TS 0 layer 12 arrayEnergyAccum: 4.43e+07 pJ (93.42%)
TS 0 layer 12 arrayEnergyOther: 0.00e+00 pJ (0.00%)
TS 0 layer 12 arrayEnergyPopcnt: 1.25e+06 pJ (2.63%)
TS 0 layer 12 readDynamicEnergyBuffer: 7.63e+05 pJ (1.61%)
TS 0 layer 12 readDynamicEnergyIC: 1.50e+06 pJ (3.16%)
Time elapsed before estimating layer 13 ts 1 ====> 366.69 s
TS 0 layer 13 readLatency: 1.55e+06 ns
TS 0 layer 13 bufferLatency: 1.42e+06 ns (91.77%)
TS 0 layer 13 icLatency: 4.96e+03 ns
TS 0 layer 13 coreLatencyADC: 1.61e+03 ns (0.10%)
TS 0 layer 13 coreLatencyAccum: 1.01e+05 ns (6.50%)
TS 0 layer 13 coreLatencyOther: 2.02e+04 ns (1.30%)
TS 0 layer 13 arrayReadLatency: 9.95e+04 ns (6.43%)
TS 0 layer 13 arrayLatencyADC: 1.61e+03 ns (0.10%)
TS 0 layer 13 arrayLatencyAccum: 9.78e+04 ns (6.32%)
TS 0 layer 13 arrayLatencyOther: 0.00e+00 ns (0.00%)
TS 0 layer 13 readLatencyBuffer: 1.46e+06 ns (94.41%)
TS 0 layer 13 readLatencyIC: 9.93e+03 ns (0.64%)
TS 0 layer 13 readDynamicEnergy: 2.74e+07 pJ
TS 0 layer 13 leakagePower: 8886.63 uW
TS 0 layer 13 leakageEnergy: 1.37e+07 pJ
TS 0 layer 13 bufferDynamicEnergy: 3.20e+05 pJ (1.17%)
TS 0 layer 13 icDynamicEnergy: 1.16e+06 pJ (4.25%)
TS 0 layer 13 coreEnergyADC: 2.36e+05 pJ (0.86%)
TS 0 layer 13 coreEnergyAccum: 2.50e+07 pJ (91.16%)
TS 0 layer 13 coreEnergyOther: 7.98e+04 pJ (0.29%)
TS 0 layer 13 coreEnergyPopcnt: 6.24e+05 pJ (2.28%)
TS 0 layer 13 arrayReadDynamicEnergy: 2.57e+07 pJ (93.72%)
TS 0 layer 13 arrayEnergyADC: 2.36e+05 pJ (0.86%)
TS 0 layer 13 arrayEnergyAccum: 2.48e+07 pJ (90.58%)
TS 0 layer 13 arrayEnergyOther: 0.00e+00 pJ (0.00%)
TS 0 layer 13 arrayEnergyPopcnt: 6.24e+05 pJ (2.28%)
TS 0 layer 13 readDynamicEnergyBuffer: 6.97e+05 pJ (2.54%)
TS 0 layer 13 readDynamicEnergyIC: 2.94e+06 pJ (10.74%)
Time elapsed before estimating layer 14 ts 1 ====> 380.92 s
TS 0 layer 14 readLatency: 2.82e+06 ns
TS 0 layer 14 bufferLatency: 2.59e+06 ns (91.72%)
TS 0 layer 14 icLatency: 9.93e+03 ns
TS 0 layer 14 coreLatencyADC: 3.22e+03 ns (0.11%)
TS 0 layer 14 coreLatencyAccum: 2.00e+05 ns (7.10%)
TS 0 layer 14 coreLatencyOther: 2.02e+04 ns (0.71%)
TS 0 layer 14 arrayReadLatency: 2.00e+05 ns (7.09%)
TS 0 layer 14 arrayLatencyADC: 3.22e+03 ns (0.11%)
TS 0 layer 14 arrayLatencyAccum: 1.97e+05 ns (6.97%)
TS 0 layer 14 arrayLatencyOther: 0.00e+00 ns (0.00%)
TS 0 layer 14 readLatencyBuffer: 2.67e+06 ns (94.67%)
TS 0 layer 14 readLatencyIC: 1.99e+04 ns (0.70%)
TS 0 layer 14 readDynamicEnergy: 2.88e+07 pJ
TS 0 layer 14 leakagePower: 17773.00 uW
TS 0 layer 14 leakageEnergy: 5.02e+07 pJ
TS 0 layer 14 bufferDynamicEnergy: 1.05e+06 pJ (3.64%)
TS 0 layer 14 icDynamicEnergy: 4.66e+06 pJ (16.20%)
TS 0 layer 14 coreEnergyADC: 4.71e+05 pJ (1.64%)
TS 0 layer 14 coreEnergyAccum: 2.13e+07 pJ (73.91%)
TS 0 layer 14 coreEnergyOther: 7.98e+04 pJ (0.28%)
TS 0 layer 14 coreEnergyPopcnt: 1.25e+06 pJ (4.34%)
TS 0 layer 14 arrayReadDynamicEnergy: 2.23e+07 pJ (77.69%)
TS 0 layer 14 arrayEnergyADC: 4.71e+05 pJ (1.64%)
TS 0 layer 14 arrayEnergyAccum: 2.06e+07 pJ (71.71%)
TS 0 layer 14 arrayEnergyOther: 0.00e+00 pJ (0.00%)
TS 0 layer 14 arrayEnergyPopcnt: 1.25e+06 pJ (4.34%)
TS 0 layer 14 readDynamicEnergyBuffer: 2.56e+06 pJ (8.89%)
TS 0 layer 14 readDynamicEnergyIC: 1.18e+07 pJ (40.95%)
Time elapsed before estimating layer 15 ts 1 ====> 395.32 s
TS 0 layer 15 readLatency: 2.85e+06 ns
TS 0 layer 15 bufferLatency: 2.59e+06 ns (90.87%)
TS 0 layer 15 icLatency: 9.93e+03 ns
TS 0 layer 15 coreLatencyADC: 3.22e+03 ns (0.11%)
TS 0 layer 15 coreLatencyAccum: 2.27e+05 ns (7.96%)
TS 0 layer 15 coreLatencyOther: 2.02e+04 ns (0.71%)
TS 0 layer 15 arrayReadLatency: 2.27e+05 ns (7.95%)
TS 0 layer 15 arrayLatencyADC: 3.22e+03 ns (0.11%)
TS 0 layer 15 arrayLatencyAccum: 2.23e+05 ns (7.84%)
TS 0 layer 15 arrayLatencyOther: 0.00e+00 ns (0.00%)
TS 0 layer 15 readLatencyBuffer: 2.67e+06 ns (93.79%)
TS 0 layer 15 readLatencyIC: 1.99e+04 ns (0.70%)
TS 0 layer 15 readDynamicEnergy: 3.70e+07 pJ
TS 0 layer 15 leakagePower: 17773.00 uW
TS 0 layer 15 leakageEnergy: 5.07e+07 pJ
TS 0 layer 15 bufferDynamicEnergy: 1.05e+06 pJ (2.83%)
TS 0 layer 15 icDynamicEnergy: 4.66e+06 pJ (12.59%)
TS 0 layer 15 coreEnergyADC: 4.71e+05 pJ (1.27%)
TS 0 layer 15 coreEnergyAccum: 2.95e+07 pJ (79.72%)
TS 0 layer 15 coreEnergyOther: 7.98e+04 pJ (0.22%)
TS 0 layer 15 coreEnergyPopcnt: 1.25e+06 pJ (3.38%)
TS 0 layer 15 arrayReadDynamicEnergy: 3.06e+07 pJ (82.66%)
TS 0 layer 15 arrayEnergyADC: 4.71e+05 pJ (1.27%)
TS 0 layer 15 arrayEnergyAccum: 2.89e+07 pJ (78.01%)
TS 0 layer 15 arrayEnergyOther: 0.00e+00 pJ (0.00%)
TS 0 layer 15 arrayEnergyPopcnt: 1.25e+06 pJ (3.38%)
TS 0 layer 15 readDynamicEnergyBuffer: 2.56e+06 pJ (6.91%)
TS 0 layer 15 readDynamicEnergyIC: 1.18e+07 pJ (31.84%)
Time elapsed before estimating layer 16 ts 1 ====> 409.37 s
TS 0 layer 16 readLatency: 1.43e+06 ns
TS 0 layer 16 bufferLatency: 8.97e+05 ns (62.85%)
TS 0 layer 16 icLatency: 9.93e+03 ns
TS 0 layer 16 coreLatencyADC: 3.22e+03 ns (0.23%)
TS 0 layer 16 coreLatencyAccum: 4.94e+05 ns (34.66%)
TS 0 layer 16 coreLatencyOther: 2.24e+04 ns (1.57%)
TS 0 layer 16 arrayReadLatency: 4.94e+05 ns (34.64%)
TS 0 layer 16 arrayLatencyADC: 3.22e+03 ns (0.23%)
TS 0 layer 16 arrayLatencyAccum: 4.91e+05 ns (34.41%)
TS 0 layer 16 arrayLatencyOther: 0.00e+00 ns (0.00%)
TS 0 layer 16 readLatencyBuffer: 9.80e+05 ns (68.68%)
TS 0 layer 16 readLatencyIC: 1.99e+04 ns (1.39%)
TS 0 layer 16 readDynamicEnergy: 8.00e+07 pJ
TS 0 layer 16 leakagePower: 17773.00 uW
TS 0 layer 16 leakageEnergy: 2.54e+07 pJ
TS 0 layer 16 bufferDynamicEnergy: 8.72e+05 pJ (1.09%)
TS 0 layer 16 icDynamicEnergy: 4.66e+06 pJ (5.82%)
TS 0 layer 16 coreEnergyADC: 4.71e+05 pJ (0.59%)
TS 0 layer 16 coreEnergyAccum: 7.27e+07 pJ (90.84%)
TS 0 layer 16 coreEnergyOther: 7.98e+04 pJ (0.10%)
TS 0 layer 16 coreEnergyPopcnt: 1.25e+06 pJ (1.56%)
TS 0 layer 16 arrayReadDynamicEnergy: 7.38e+07 pJ (92.20%)
TS 0 layer 16 arrayEnergyADC: 4.71e+05 pJ (0.59%)
TS 0 layer 16 arrayEnergyAccum: 7.21e+07 pJ (90.05%)
TS 0 layer 16 arrayEnergyOther: 0.00e+00 pJ (0.00%)
TS 0 layer 16 arrayEnergyPopcnt: 1.25e+06 pJ (1.56%)
TS 0 layer 16 readDynamicEnergyBuffer: 2.38e+06 pJ (2.98%)
TS 0 layer 16 readDynamicEnergyIC: 1.18e+07 pJ (14.72%)
=============== Chip Performance Estimating Finish ===============
Max SNN Latency Layer: 5, Max Time Step: 4
SNN pipeline latency: 0.021155558328597033
Average of the snn layer latency (per timestep): 0.011821083494028287
Mean of the snn layer latency (per timestep): 0.011821083494028287
STD of the snn layer latency (per timestep): 0.007794265353343178
=============== Chip Area Analysis ===============
Chip Area: 1.46e+08 um^2
Chip ADC (or S/As and precharger for SRAM) Area: 7.02e+06 um^2 (4.82 %)
Chip IC Area (Global and Tile/PE local): 5.61e+06 um^2 (3.85 %)
Chip Accum (subarray level: adders, shiftAdds; PE/Tile/Global level: accumulation units) Area: 2.63e+07 um^2 (18.04 %)
Chip Other (e.g. decoders, mux, switchmatrix, buffers, IC, pooling and activation units) Area: 2.40e+07 um^2 (16.47 %)
Chip Popcnt Area: 7.67e+05 um^2 (0.53 %)
Chip Array Area: 6.93e+07 um^2 (47.60 %)
=============== Chip Latency Analysis ===============
Pipelined Clock Latency (per Layer per mergedTimeStep): 2.12e+07 ns
Buffer Latency (slowest timestep of the slowest layer): 2.01e+07 ns         (94.86 % of pipeline latency)
IC Latency (slowest timestep of the slowest layer): 7.05e+02 ns         (0.00 % of pipeline latency)
Core Latency ADC (slowest timestep of the slowest layer): 6.45e+03 ns         (0.03 % of pipeline latency)
Core Latency Accum (slowest timestep of the slowest layer): 9.99e+05 ns         (4.72 % of pipeline latency)
Core Latency Other (slowest timestep of the slowest layer): 8.06e+04 ns         (0.38 % of pipeline latency)
Array Read Latency (slowest timestep of the slowest layer): 9.94e+05 ns           (4.70 % of pipeline latency)
Array Latency ADC (slowest timestep of the slowest layer): 6.45e+03 ns           (0.03 % of pipeline latency)
Array Latency Accum (slowest timestep of the slowest layer): 9.87e+05 ns           (4.67 % of pipeline latency)
Array Latency Other (slowest timestep of the slowest layer): 0.00e+00 ns           (0.00 % of pipeline latency)
Read Latency Buffer (slowest timestep of the slowest layer): 2.01e+07 ns           (94.89 % of pipeline latency)
Read Latency IC (slowest timestep of the slowest layer): 1.41e+03 ns           (0.01 % of pipeline latency)
Total Read Latency (per image): 1.89e+08 ns
Total Buffer Latency (per image): 1.80e+08 ns         (95.32 % of total read latency)
Total IC Latency (per image): 4.71e+04 ns         (0.02 % of total read latency)
Total Core Latency ADC (per image): 6.61e+04 ns         (0.03 % of total read latency)
Total Core Latency Accum (per image): 7.53e+06 ns         (3.98 % of total read latency)
Total Core Latency Other (per image): 1.21e+06 ns         (0.64 % of total read latency)
Total Array Read Latency (per image): 7.15e+06 ns         (3.78 % of total read latency)
Total Array Latency ADC (per image): 6.61e+04 ns         (0.03 % of total read latency)
Total Array Latency Accum (per image): 7.08e+06 ns         (3.75 % of total read latency)
Total Array Latency Other (per image): 0.00e+00 ns         (0.00 % of total read latency)
Total Read Latency Buffer (per image): 1.81e+08 ns         (95.53 % of total read latency)
Total Read Latency IC (per image): 9.42e+04 ns         (0.05 % of total read latency)
=============== Chip Energy Analysis ===============
Total Read Dynamic Energy (per image): 1.54e+09 pJ
Total Buffer Dynamic Energy (per image): 1.60e+07 pJ         (1.04 % of total read dynamic energy)
Total IC Dynamic Energy (per image): 1.74e+07 pJ         (1.13 % of total read dynamic energy)
Total Core Energy ADC (per image): 6.83e+06 pJ         (0.44 % of total read dynamic energy)
Total Core Energy Accum (per image): 1.47e+09 pJ         (95.57 % of total read dynamic energy)
Total Core Energy Other (per image): 4.79e+06 pJ         (0.31 % of total read dynamic energy)
Total Core Energy Popcnt (per image): 2.31e+07 pJ         (1.50 % of total read dynamic energy)
Total Leakage Power (per image): 83802.19 uW
Total Leakage Energy (per image): 1.77e+09 pJ
Total Array Read Dynamic Energy (per image): 1.50e+09 pJ (97.36 % of total read dynamic energy)
Total Array Energy ADC (per image): 6.83e+06 pJ (0.44 % of total read dynamic energy)
Total Array Energy Accum (per image): 1.47e+09 pJ (95.41 % of total read dynamic energy)
Total Array Energy Other (per image): 0.00e+00 pJ (0.00 % of total read dynamic energy)
Total Array Energy Popcnt (per image): 2.31e+07 pJ (1.50 % of total read dynamic energy)
Total Read Dynamic Energy Buffer (per image): 2.16e+07 pJ (1.41 % of total read dynamic energy)
Total Read Dynamic Energy IC (per image): 4.39e+07 pJ (2.86 % of total read dynamic energy)

=============== Chip Performance Estimating Finish ===============
Energy Efficiency TOPS/W (Pipelined Process without IC Energy): 109.40693465698432
Throughput TOPS (Pipelined Process with IC Delay): 20.765271631057583
Throughput FPS (Pipelined Process with IC Delay): 47.268901367081845
Compute Efficiency TOPS/mm^2 (Pipelined Process with IC Delay): 0.14252481859845934
Simulation finished, total time elapsed = 409.38 s
