=============== Parameter Loading Finish ===============
Time elapsed = 0.03 s
=============== Network Structure Loading Finish ===============
{'IH': 56, 'IW': 56, 'Cin': 64, 'KH': 3, 'KW': 3, 'Cout': 64, 'pooling': 0, 'stride': 1, 'isSNN': 1, 'T': 100, 'weight_row': 64, 'weight_col': 576}
{'IH': 56, 'IW': 56, 'Cin': 64, 'KH': 3, 'KW': 3, 'Cout': 64, 'pooling': 0, 'stride': 1, 'isSNN': 1, 'T': 100, 'weight_row': 64, 'weight_col': 576}
{'IH': 56, 'IW': 56, 'Cin': 64, 'KH': 3, 'KW': 3, 'Cout': 64, 'pooling': 0, 'stride': 1, 'isSNN': 1, 'T': 100, 'weight_row': 64, 'weight_col': 576}
{'IH': 56, 'IW': 56, 'Cin': 64, 'KH': 3, 'KW': 3, 'Cout': 64, 'pooling': 0, 'stride': 1, 'isSNN': 1, 'T': 100, 'weight_row': 64, 'weight_col': 576}
{'IH': 56, 'IW': 56, 'Cin': 64, 'KH': 3, 'KW': 3, 'Cout': 128, 'pooling': 0, 'stride': 2, 'isSNN': 1, 'T': 100, 'weight_row': 128, 'weight_col': 576}
{'IH': 28, 'IW': 28, 'Cin': 128, 'KH': 3, 'KW': 3, 'Cout': 128, 'pooling': 0, 'stride': 1, 'isSNN': 1, 'T': 100, 'weight_row': 128, 'weight_col': 1152}
{'IH': 28, 'IW': 28, 'Cin': 128, 'KH': 3, 'KW': 3, 'Cout': 128, 'pooling': 0, 'stride': 1, 'isSNN': 1, 'T': 100, 'weight_row': 128, 'weight_col': 1152}
{'IH': 28, 'IW': 28, 'Cin': 128, 'KH': 3, 'KW': 3, 'Cout': 128, 'pooling': 0, 'stride': 1, 'isSNN': 1, 'T': 100, 'weight_row': 128, 'weight_col': 1152}
{'IH': 28, 'IW': 28, 'Cin': 128, 'KH': 3, 'KW': 3, 'Cout': 256, 'pooling': 0, 'stride': 2, 'isSNN': 1, 'T': 100, 'weight_row': 256, 'weight_col': 1152}
{'IH': 14, 'IW': 14, 'Cin': 256, 'KH': 3, 'KW': 3, 'Cout': 256, 'pooling': 0, 'stride': 1, 'isSNN': 1, 'T': 100, 'weight_row': 256, 'weight_col': 2304}
{'IH': 14, 'IW': 14, 'Cin': 256, 'KH': 3, 'KW': 3, 'Cout': 256, 'pooling': 0, 'stride': 1, 'isSNN': 1, 'T': 100, 'weight_row': 256, 'weight_col': 2304}
{'IH': 14, 'IW': 14, 'Cin': 256, 'KH': 3, 'KW': 3, 'Cout': 256, 'pooling': 0, 'stride': 1, 'isSNN': 1, 'T': 100, 'weight_row': 256, 'weight_col': 2304}
{'IH': 14, 'IW': 14, 'Cin': 256, 'KH': 3, 'KW': 3, 'Cout': 512, 'pooling': 0, 'stride': 2, 'isSNN': 1, 'T': 100, 'weight_row': 512, 'weight_col': 2304}
{'IH': 7, 'IW': 7, 'Cin': 512, 'KH': 3, 'KW': 3, 'Cout': 512, 'pooling': 0, 'stride': 1, 'isSNN': 1, 'T': 100, 'weight_row': 512, 'weight_col': 4608}
{'IH': 7, 'IW': 7, 'Cin': 512, 'KH': 3, 'KW': 3, 'Cout': 512, 'pooling': 0, 'stride': 1, 'isSNN': 1, 'T': 100, 'weight_row': 512, 'weight_col': 4608}
{'IH': 7, 'IW': 7, 'Cin': 512, 'KH': 3, 'KW': 3, 'Cout': 512, 'pooling': 1, 'stride': 1, 'isSNN': 1, 'T': 100, 'weight_row': 512, 'weight_col': 4608}

------------------------------ FloorPlan --------------------------------
Tile and PE size are optimized to maximize memory utilization ( = memory mapped by synapse / total memory on chip)
Desired Conventional Mapped Tile Storage Size: 1024 x 1024
Desired Conventional PE Storage Size: 512 x 512
User-defined SubArray Size: 128 x 128
----------------- # of tile used for each layer -----------------
Layer 1: 40
Layer 2: 40
Layer 3: 40
Layer 4: 40
Layer 5: 40
Layer 6: 18
Layer 7: 18
Layer 8: 18
Layer 9: 36
Layer 10: 18
Layer 11: 18
Layer 12: 18
Layer 13: 36
Layer 14: 36
Layer 15: 36
Layer 16: 36
----------------- Speed-up of each layer ------------------
Layer 1: 64
Layer 2: 64
Layer 3: 64
Layer 4: 64
Layer 5: 64
Layer 6: 16
Layer 7: 16
Layer 8: 16
Layer 9: 16
Layer 10: 4
Layer 11: 4
Layer 12: 4
Layer 13: 4
Layer 14: 2
Layer 15: 2
Layer 16: 2
----------------- Utilization of each layer ------------------
Layer 1: 0.45
Layer 2: 0.45
Layer 3: 0.45
Layer 4: 0.45
Layer 5: 0.9
Layer 6: 1.0
Layer 7: 1.0
Layer 8: 1.0
Layer 9: 1.0
Layer 10: 1.0
Layer 11: 1.0
Layer 12: 1.0
Layer 13: 1.0
Layer 14: 1.0
Layer 15: 1.0
Layer 16: 1.0
Memory Utilization of Whole Chip: 81.14754098360656 %
---------------------------- FloorPlan Done ------------------------------
Chip Area: 1.46e+08 um^2
Chip ADC (or S/As and precharger for SRAM) Area: 7.02e+06 um^2 (4.82 %)
Chip IC Area (Global and Tile/PE local): 5.61e+06 um^2 (3.85 %)
Chip Accum (subarray level: adders, shiftAdds; PE/Tile/Global level: accumulation units) Area: 2.63e+07 um^2 (18.04 %)
Chip Other (e.g. decoders, mux, switchmatrix, buffers, IC, pooling and activation units) Area: 2.40e+07 um^2 (16.47 %)
Chip Popcnt Area: 7.67e+05 um^2 (0.53 %)
Chip Array Area: 6.93e+07 um^2 (47.60 %)
Time elapsed = 18.94 s
=============== Chip Clk Period Estimating ===============
Time elapsed after estimating layer 1 = 39.10 s
Chip Clk Period: 1.0281894905588658 ns
=============== Chip Performance Estimating ===============
Time elapsed before estimating layer 1 ts 1 ====> 110.03 s
TS 0 layer 1 readLatency: 1.95e+07 ns
TS 0 layer 1 bufferLatency: 1.86e+07 ns (95.48%)
TS 0 layer 1 icLatency: 2.04e+02 ns
TS 0 layer 1 coreLatencyADC: 3.22e+03 ns (0.02%)
TS 0 layer 1 coreLatencyAccum: 7.16e+05 ns (3.67%)
TS 0 layer 1 coreLatencyOther: 1.61e+05 ns (0.83%)
TS 0 layer 1 arrayReadLatency: 6.29e+05 ns (3.22%)
TS 0 layer 1 arrayLatencyADC: 3.22e+03 ns (0.02%)
TS 0 layer 1 arrayLatencyAccum: 6.26e+05 ns (3.21%)
TS 0 layer 1 arrayLatencyOther: 0.00e+00 ns (0.00%)
TS 0 layer 1 readLatencyBuffer: 1.86e+07 ns (95.49%)
TS 0 layer 1 readLatencyIC: 4.09e+02 ns (0.00%)
TS 0 layer 1 readDynamicEnergy: 1.79e+08 pJ
TS 0 layer 1 leakagePower: 356.96 uW
TS 0 layer 1 leakageEnergy: 6.97e+06 pJ
TS 0 layer 1 bufferDynamicEnergy: 1.86e+06 pJ (1.04%)
TS 0 layer 1 icDynamicEnergy: 1.11e+04 pJ (0.01%)
TS 0 layer 1 coreEnergyADC: 4.71e+05 pJ (0.26%)
TS 0 layer 1 coreEnergyAccum: 1.73e+08 pJ (96.94%)
TS 0 layer 1 coreEnergyOther: 6.39e+05 pJ (0.36%)
TS 0 layer 1 coreEnergyPopcnt: 2.50e+06 pJ (1.40%)
TS 0 layer 1 arrayReadDynamicEnergy: 1.76e+08 pJ (98.59%)
TS 0 layer 1 arrayEnergyADC: 4.71e+05 pJ (0.26%)
TS 0 layer 1 arrayEnergyAccum: 1.73e+08 pJ (96.93%)
TS 0 layer 1 arrayEnergyOther: 0.00e+00 pJ (0.00%)
TS 0 layer 1 arrayEnergyPopcnt: 2.50e+06 pJ (1.40%)
TS 0 layer 1 readDynamicEnergyBuffer: 1.86e+06 pJ (1.04%)
TS 0 layer 1 readDynamicEnergyIC: 2.71e+04 pJ (0.02%)
Time elapsed before estimating layer 2 ts 1 ====> 179.79 s
TS 0 layer 2 readLatency: 1.94e+07 ns
TS 0 layer 2 bufferLatency: 1.86e+07 ns (96.18%)
TS 0 layer 2 icLatency: 2.04e+02 ns
TS 0 layer 2 coreLatencyADC: 3.22e+03 ns (0.02%)
TS 0 layer 2 coreLatencyAccum: 5.75e+05 ns (2.97%)
TS 0 layer 2 coreLatencyOther: 1.61e+05 ns (0.83%)
TS 0 layer 2 arrayReadLatency: 4.87e+05 ns (2.52%)
TS 0 layer 2 arrayLatencyADC: 3.22e+03 ns (0.02%)
TS 0 layer 2 arrayLatencyAccum: 4.84e+05 ns (2.50%)
TS 0 layer 2 arrayLatencyOther: 0.00e+00 ns (0.00%)
TS 0 layer 2 readLatencyBuffer: 1.86e+07 ns (96.19%)
TS 0 layer 2 readLatencyIC: 4.09e+02 ns (0.00%)
TS 0 layer 2 readDynamicEnergy: 2.56e+08 pJ
TS 0 layer 2 leakagePower: 356.96 uW
TS 0 layer 2 leakageEnergy: 6.91e+06 pJ
TS 0 layer 2 bufferDynamicEnergy: 1.86e+06 pJ (0.72%)
TS 0 layer 2 icDynamicEnergy: 1.11e+04 pJ (0.00%)
TS 0 layer 2 coreEnergyADC: 4.71e+05 pJ (0.18%)
TS 0 layer 2 coreEnergyAccum: 2.51e+08 pJ (97.86%)
TS 0 layer 2 coreEnergyOther: 6.39e+05 pJ (0.25%)
TS 0 layer 2 coreEnergyPopcnt: 2.50e+06 pJ (0.97%)
TS 0 layer 2 arrayReadDynamicEnergy: 2.54e+08 pJ (99.01%)
TS 0 layer 2 arrayEnergyADC: 4.71e+05 pJ (0.18%)
TS 0 layer 2 arrayEnergyAccum: 2.51e+08 pJ (97.86%)
TS 0 layer 2 arrayEnergyOther: 0.00e+00 pJ (0.00%)
TS 0 layer 2 arrayEnergyPopcnt: 2.50e+06 pJ (0.97%)
TS 0 layer 2 readDynamicEnergyBuffer: 1.86e+06 pJ (0.73%)
TS 0 layer 2 readDynamicEnergyIC: 2.71e+04 pJ (0.01%)
Time elapsed before estimating layer 3 ts 1 ====> 246.78 s
TS 0 layer 3 readLatency: 1.95e+07 ns
TS 0 layer 3 bufferLatency: 1.86e+07 ns (95.51%)
TS 0 layer 3 icLatency: 2.04e+02 ns
TS 0 layer 3 coreLatencyADC: 3.22e+03 ns (0.02%)
TS 0 layer 3 coreLatencyAccum: 7.11e+05 ns (3.65%)
TS 0 layer 3 coreLatencyOther: 1.61e+05 ns (0.83%)
TS 0 layer 3 arrayReadLatency: 6.23e+05 ns (3.20%)
TS 0 layer 3 arrayLatencyADC: 3.22e+03 ns (0.02%)
TS 0 layer 3 arrayLatencyAccum: 6.20e+05 ns (3.18%)
TS 0 layer 3 arrayLatencyOther: 0.00e+00 ns (0.00%)
TS 0 layer 3 readLatencyBuffer: 1.86e+07 ns (95.52%)
TS 0 layer 3 readLatencyIC: 4.09e+02 ns (0.00%)
TS 0 layer 3 readDynamicEnergy: 2.47e+08 pJ
TS 0 layer 3 leakagePower: 356.96 uW
TS 0 layer 3 leakageEnergy: 6.96e+06 pJ
TS 0 layer 3 bufferDynamicEnergy: 1.86e+06 pJ (0.75%)
TS 0 layer 3 icDynamicEnergy: 1.11e+04 pJ (0.00%)
TS 0 layer 3 coreEnergyADC: 4.71e+05 pJ (0.19%)
TS 0 layer 3 coreEnergyAccum: 2.42e+08 pJ (97.79%)
TS 0 layer 3 coreEnergyOther: 6.39e+05 pJ (0.26%)
TS 0 layer 3 coreEnergyPopcnt: 2.50e+06 pJ (1.01%)
TS 0 layer 3 arrayReadDynamicEnergy: 2.45e+08 pJ (98.98%)
TS 0 layer 3 arrayEnergyADC: 4.71e+05 pJ (0.19%)
TS 0 layer 3 arrayEnergyAccum: 2.42e+08 pJ (97.78%)
TS 0 layer 3 arrayEnergyOther: 0.00e+00 pJ (0.00%)
TS 0 layer 3 arrayEnergyPopcnt: 2.50e+06 pJ (1.01%)
TS 0 layer 3 readDynamicEnergyBuffer: 1.86e+06 pJ (0.75%)
TS 0 layer 3 readDynamicEnergyIC: 2.71e+04 pJ (0.01%)
Time elapsed before estimating layer 4 ts 1 ====> 261.03 s
TS 0 layer 4 readLatency: 1.90e+07 ns
TS 0 layer 4 bufferLatency: 1.86e+07 ns (98.15%)
TS 0 layer 4 icLatency: 2.04e+02 ns
TS 0 layer 4 coreLatencyADC: 8.06e+02 ns (0.00%)
TS 0 layer 4 coreLatencyAccum: 1.89e+05 ns (0.99%)
TS 0 layer 4 coreLatencyOther: 1.61e+05 ns (0.85%)
TS 0 layer 4 arrayReadLatency: 9.85e+04 ns (0.52%)
TS 0 layer 4 arrayLatencyADC: 8.06e+02 ns (0.00%)
TS 0 layer 4 arrayLatencyAccum: 9.77e+04 ns (0.51%)
TS 0 layer 4 arrayLatencyOther: 0.00e+00 ns (0.00%)
TS 0 layer 4 readLatencyBuffer: 1.86e+07 ns (98.16%)
TS 0 layer 4 readLatencyIC: 4.09e+02 ns (0.00%)
TS 0 layer 4 readDynamicEnergy: 5.65e+07 pJ
TS 0 layer 4 leakagePower: 356.96 uW
TS 0 layer 4 leakageEnergy: 6.78e+06 pJ
TS 0 layer 4 bufferDynamicEnergy: 1.86e+06 pJ (3.29%)
TS 0 layer 4 icDynamicEnergy: 1.11e+04 pJ (0.02%)
TS 0 layer 4 coreEnergyADC: 1.18e+05 pJ (0.21%)
TS 0 layer 4 coreEnergyAccum: 5.33e+07 pJ (94.25%)
TS 0 layer 4 coreEnergyOther: 6.39e+05 pJ (1.13%)
TS 0 layer 4 coreEnergyPopcnt: 6.24e+05 pJ (1.11%)
TS 0 layer 4 arrayReadDynamicEnergy: 5.40e+07 pJ (95.53%)
TS 0 layer 4 arrayEnergyADC: 1.18e+05 pJ (0.21%)
TS 0 layer 4 arrayEnergyAccum: 5.32e+07 pJ (94.22%)
TS 0 layer 4 arrayEnergyOther: 0.00e+00 pJ (0.00%)
TS 0 layer 4 arrayEnergyPopcnt: 6.24e+05 pJ (1.11%)
TS 0 layer 4 readDynamicEnergyBuffer: 1.86e+06 pJ (3.29%)
TS 0 layer 4 readDynamicEnergyIC: 2.71e+04 pJ (0.05%)
Time elapsed before estimating layer 5 ts 1 ====> 280.37 s
TS 0 layer 5 readLatency: 5.52e+06 ns
TS 0 layer 5 bufferLatency: 5.13e+06 ns (92.98%)
TS 0 layer 5 icLatency: 7.05e+02 ns
TS 0 layer 5 coreLatencyADC: 1.61e+03 ns (0.03%)
TS 0 layer 5 coreLatencyAccum: 3.04e+05 ns (5.52%)
TS 0 layer 5 coreLatencyOther: 8.06e+04 ns (1.46%)
TS 0 layer 5 arrayReadLatency: 2.83e+05 ns (5.13%)
TS 0 layer 5 arrayLatencyADC: 1.61e+03 ns (0.03%)
TS 0 layer 5 arrayLatencyAccum: 2.81e+05 ns (5.10%)
TS 0 layer 5 arrayLatencyOther: 0.00e+00 ns (0.00%)
TS 0 layer 5 readLatencyBuffer: 5.13e+06 ns (93.09%)
TS 0 layer 5 readLatencyIC: 1.41e+03 ns (0.03%)
TS 0 layer 5 readDynamicEnergy: 7.76e+07 pJ
TS 0 layer 5 leakagePower: 652.55 uW
TS 0 layer 5 leakageEnergy: 3.60e+06 pJ
TS 0 layer 5 bufferDynamicEnergy: 4.72e+05 pJ (0.61%)
TS 0 layer 5 icDynamicEnergy: 4.08e+04 pJ (0.05%)
TS 0 layer 5 coreEnergyADC: 2.36e+05 pJ (0.30%)
TS 0 layer 5 coreEnergyAccum: 7.59e+07 pJ (97.82%)
TS 0 layer 5 coreEnergyOther: 3.19e+05 pJ (0.41%)
TS 0 layer 5 coreEnergyPopcnt: 6.24e+05 pJ (0.81%)
TS 0 layer 5 arrayReadDynamicEnergy: 7.67e+07 pJ (98.92%)
TS 0 layer 5 arrayEnergyADC: 2.36e+05 pJ (0.30%)
TS 0 layer 5 arrayEnergyAccum: 7.59e+07 pJ (97.81%)
TS 0 layer 5 arrayEnergyOther: 0.00e+00 pJ (0.00%)
TS 0 layer 5 arrayEnergyPopcnt: 6.24e+05 pJ (0.81%)
TS 0 layer 5 readDynamicEnergyBuffer: 4.85e+05 pJ (0.63%)
TS 0 layer 5 readDynamicEnergyIC: 1.01e+05 pJ (0.13%)
Time elapsed before estimating layer 6 ts 1 ====> 312.32 s
TS 0 layer 6 readLatency: 2.07e+07 ns
TS 0 layer 6 bufferLatency: 2.01e+07 ns (97.04%)
TS 0 layer 6 icLatency: 7.05e+02 ns
TS 0 layer 6 coreLatencyADC: 6.45e+03 ns (0.03%)
TS 0 layer 6 coreLatencyAccum: 5.25e+05 ns (2.54%)
TS 0 layer 6 coreLatencyOther: 8.06e+04 ns (0.39%)
TS 0 layer 6 arrayReadLatency: 5.20e+05 ns (2.51%)
TS 0 layer 6 arrayLatencyADC: 6.45e+03 ns (0.03%)
TS 0 layer 6 arrayLatencyAccum: 5.14e+05 ns (2.48%)
TS 0 layer 6 arrayLatencyOther: 0.00e+00 ns (0.00%)
TS 0 layer 6 readLatencyBuffer: 2.01e+07 ns (97.06%)
TS 0 layer 6 readLatencyIC: 1.41e+03 ns (0.01%)
TS 0 layer 6 readDynamicEnergy: 1.15e+08 pJ
TS 0 layer 6 leakagePower: 1193.18 uW
TS 0 layer 6 leakageEnergy: 2.47e+07 pJ
TS 0 layer 6 bufferDynamicEnergy: 9.42e+05 pJ (0.82%)
TS 0 layer 6 icDynamicEnergy: 7.80e+04 pJ (0.07%)
TS 0 layer 6 coreEnergyADC: 4.71e+05 pJ (0.41%)
TS 0 layer 6 coreEnergyAccum: 1.12e+08 pJ (97.33%)
TS 0 layer 6 coreEnergyOther: 3.19e+05 pJ (0.28%)
TS 0 layer 6 coreEnergyPopcnt: 1.25e+06 pJ (1.09%)
TS 0 layer 6 arrayReadDynamicEnergy: 1.13e+08 pJ (98.82%)
TS 0 layer 6 arrayEnergyADC: 4.71e+05 pJ (0.41%)
TS 0 layer 6 arrayEnergyAccum: 1.12e+08 pJ (97.32%)
TS 0 layer 6 arrayEnergyOther: 0.00e+00 pJ (0.00%)
TS 0 layer 6 arrayEnergyPopcnt: 1.25e+06 pJ (1.09%)
TS 0 layer 6 readDynamicEnergyBuffer: 9.67e+05 pJ (0.84%)
TS 0 layer 6 readDynamicEnergyIC: 1.95e+05 pJ (0.17%)
Time elapsed before estimating layer 7 ts 1 ====> 343.80 s
TS 0 layer 7 readLatency: 2.10e+07 ns
TS 0 layer 7 bufferLatency: 2.01e+07 ns (95.76%)
TS 0 layer 7 icLatency: 7.05e+02 ns
TS 0 layer 7 coreLatencyADC: 6.45e+03 ns (0.03%)
TS 0 layer 7 coreLatencyAccum: 8.01e+05 ns (3.82%)
TS 0 layer 7 coreLatencyOther: 8.06e+04 ns (0.38%)
TS 0 layer 7 arrayReadLatency: 7.96e+05 ns (3.80%)
TS 0 layer 7 arrayLatencyADC: 6.45e+03 ns (0.03%)
TS 0 layer 7 arrayLatencyAccum: 7.90e+05 ns (3.77%)
TS 0 layer 7 arrayLatencyOther: 0.00e+00 ns (0.00%)
TS 0 layer 7 readLatencyBuffer: 2.01e+07 ns (95.79%)
TS 0 layer 7 readLatencyIC: 1.41e+03 ns (0.01%)
TS 0 layer 7 readDynamicEnergy: 5.67e+07 pJ
TS 0 layer 7 leakagePower: 1193.18 uW
TS 0 layer 7 leakageEnergy: 2.50e+07 pJ
TS 0 layer 7 bufferDynamicEnergy: 9.42e+05 pJ (1.66%)
TS 0 layer 7 icDynamicEnergy: 7.80e+04 pJ (0.14%)
TS 0 layer 7 coreEnergyADC: 4.71e+05 pJ (0.83%)
TS 0 layer 7 coreEnergyAccum: 5.36e+07 pJ (94.61%)
TS 0 layer 7 coreEnergyOther: 3.19e+05 pJ (0.56%)
TS 0 layer 7 coreEnergyPopcnt: 1.25e+06 pJ (2.20%)
TS 0 layer 7 arrayReadDynamicEnergy: 5.54e+07 pJ (97.62%)
TS 0 layer 7 arrayEnergyADC: 4.71e+05 pJ (0.83%)
TS 0 layer 7 arrayEnergyAccum: 5.36e+07 pJ (94.59%)
TS 0 layer 7 arrayEnergyOther: 0.00e+00 pJ (0.00%)
TS 0 layer 7 arrayEnergyPopcnt: 1.25e+06 pJ (2.20%)
TS 0 layer 7 readDynamicEnergyBuffer: 9.67e+05 pJ (1.71%)
TS 0 layer 7 readDynamicEnergyIC: 1.95e+05 pJ (0.34%)
Time elapsed before estimating layer 8 ts 1 ====> 350.60 s
TS 0 layer 8 readLatency: 2.03e+07 ns
TS 0 layer 8 bufferLatency: 2.01e+07 ns (98.82%)
TS 0 layer 8 icLatency: 7.05e+02 ns
TS 0 layer 8 coreLatencyADC: 1.61e+03 ns (0.01%)
TS 0 layer 8 coreLatencyAccum: 1.56e+05 ns (0.77%)
TS 0 layer 8 coreLatencyOther: 8.06e+04 ns (0.40%)
TS 0 layer 8 arrayReadLatency: 1.46e+05 ns (0.72%)
TS 0 layer 8 arrayLatencyADC: 1.61e+03 ns (0.01%)
TS 0 layer 8 arrayLatencyAccum: 1.45e+05 ns (0.71%)
TS 0 layer 8 arrayLatencyOther: 0.00e+00 ns (0.00%)
TS 0 layer 8 readLatencyBuffer: 2.01e+07 ns (98.85%)
TS 0 layer 8 readLatencyIC: 1.41e+03 ns (0.01%)
TS 0 layer 8 readDynamicEnergy: 2.81e+07 pJ
TS 0 layer 8 leakagePower: 1193.18 uW
TS 0 layer 8 leakageEnergy: 2.42e+07 pJ
TS 0 layer 8 bufferDynamicEnergy: 9.42e+05 pJ (3.35%)
TS 0 layer 8 icDynamicEnergy: 7.80e+04 pJ (0.28%)
TS 0 layer 8 coreEnergyADC: 1.18e+05 pJ (0.42%)
TS 0 layer 8 coreEnergyAccum: 2.63e+07 pJ (93.70%)
TS 0 layer 8 coreEnergyOther: 3.19e+05 pJ (1.14%)
TS 0 layer 8 coreEnergyPopcnt: 3.12e+05 pJ (1.11%)
TS 0 layer 8 arrayReadDynamicEnergy: 2.67e+07 pJ (95.19%)
TS 0 layer 8 arrayEnergyADC: 1.18e+05 pJ (0.42%)
TS 0 layer 8 arrayEnergyAccum: 2.63e+07 pJ (93.66%)
TS 0 layer 8 arrayEnergyOther: 0.00e+00 pJ (0.00%)
TS 0 layer 8 arrayEnergyPopcnt: 3.12e+05 pJ (1.11%)
TS 0 layer 8 readDynamicEnergyBuffer: 9.67e+05 pJ (3.44%)
TS 0 layer 8 readDynamicEnergyIC: 1.95e+05 pJ (0.69%)
Time elapsed before estimating layer 9 ts 1 ====> 364.34 s
TS 0 layer 9 readLatency: 3.02e+06 ns
TS 0 layer 9 bufferLatency: 2.78e+06 ns (91.91%)
TS 0 layer 9 icLatency: 2.59e+03 ns
TS 0 layer 9 coreLatencyADC: 1.61e+03 ns (0.05%)
TS 0 layer 9 coreLatencyAccum: 2.00e+05 ns (6.61%)
TS 0 layer 9 coreLatencyOther: 4.03e+04 ns (1.33%)
TS 0 layer 9 arrayReadLatency: 1.94e+05 ns (6.40%)
TS 0 layer 9 arrayLatencyADC: 1.61e+03 ns (0.05%)
TS 0 layer 9 arrayLatencyAccum: 1.92e+05 ns (6.35%)
TS 0 layer 9 arrayLatencyOther: 0.00e+00 ns (0.00%)
TS 0 layer 9 readLatencyBuffer: 2.80e+06 ns (92.62%)
TS 0 layer 9 readLatencyIC: 5.19e+03 ns (0.17%)
TS 0 layer 9 readDynamicEnergy: 3.29e+07 pJ
TS 0 layer 9 leakagePower: 2276.42 uW
TS 0 layer 9 leakageEnergy: 6.88e+06 pJ
TS 0 layer 9 bufferDynamicEnergy: 2.85e+05 pJ (0.87%)
TS 0 layer 9 icDynamicEnergy: 2.98e+05 pJ (0.91%)
TS 0 layer 9 coreEnergyADC: 2.36e+05 pJ (0.72%)
TS 0 layer 9 coreEnergyAccum: 3.13e+07 pJ (95.12%)
TS 0 layer 9 coreEnergyOther: 1.60e+05 pJ (0.49%)
TS 0 layer 9 coreEnergyPopcnt: 6.24e+05 pJ (1.90%)
TS 0 layer 9 arrayReadDynamicEnergy: 3.21e+07 pJ (97.62%)
TS 0 layer 9 arrayEnergyADC: 2.36e+05 pJ (0.72%)
TS 0 layer 9 arrayEnergyAccum: 3.12e+07 pJ (95.00%)
TS 0 layer 9 arrayEnergyOther: 0.00e+00 pJ (0.00%)
TS 0 layer 9 arrayEnergyPopcnt: 6.24e+05 pJ (1.90%)
TS 0 layer 9 readDynamicEnergyBuffer: 3.82e+05 pJ (1.16%)
TS 0 layer 9 readDynamicEnergyIC: 7.51e+05 pJ (2.28%)
Time elapsed before estimating layer 10 ts 1 ====> 387.89 s
TS 0 layer 10 readLatency: 1.06e+07 ns
TS 0 layer 10 bufferLatency: 1.01e+07 ns (94.93%)
TS 0 layer 10 icLatency: 2.59e+03 ns
TS 0 layer 10 coreLatencyADC: 6.45e+03 ns (0.06%)
TS 0 layer 10 coreLatencyAccum: 4.87e+05 ns (4.60%)
TS 0 layer 10 coreLatencyOther: 4.03e+04 ns (0.38%)
TS 0 layer 10 arrayReadLatency: 4.92e+05 ns (4.65%)
TS 0 layer 10 arrayLatencyADC: 6.45e+03 ns (0.06%)
TS 0 layer 10 arrayLatencyAccum: 4.86e+05 ns (4.59%)
TS 0 layer 10 arrayLatencyOther: 0.00e+00 ns (0.00%)
TS 0 layer 10 readLatencyBuffer: 1.01e+07 ns (95.14%)
TS 0 layer 10 readLatencyIC: 5.19e+03 ns (0.05%)
TS 0 layer 10 readDynamicEnergy: 8.38e+07 pJ
TS 0 layer 10 leakagePower: 4552.85 uW
TS 0 layer 10 leakageEnergy: 4.82e+07 pJ
TS 0 layer 10 bufferDynamicEnergy: 5.69e+05 pJ (0.68%)
TS 0 layer 10 icDynamicEnergy: 5.96e+05 pJ (0.71%)
TS 0 layer 10 coreEnergyADC: 4.71e+05 pJ (0.56%)
TS 0 layer 10 coreEnergyAccum: 8.07e+07 pJ (96.37%)
TS 0 layer 10 coreEnergyOther: 1.60e+05 pJ (0.19%)
TS 0 layer 10 coreEnergyPopcnt: 1.25e+06 pJ (1.49%)
TS 0 layer 10 arrayReadDynamicEnergy: 8.24e+07 pJ (98.33%)
TS 0 layer 10 arrayEnergyADC: 4.71e+05 pJ (0.56%)
TS 0 layer 10 arrayEnergyAccum: 8.07e+07 pJ (96.27%)
TS 0 layer 10 arrayEnergyOther: 0.00e+00 pJ (0.00%)
TS 0 layer 10 arrayEnergyPopcnt: 1.25e+06 pJ (1.49%)
TS 0 layer 10 readDynamicEnergyBuffer: 7.63e+05 pJ (0.91%)
TS 0 layer 10 readDynamicEnergyIC: 1.50e+06 pJ (1.79%)
Time elapsed before estimating layer 11 ts 1 ====> 411.08 s
TS 0 layer 11 readLatency: 1.08e+07 ns
TS 0 layer 11 bufferLatency: 1.01e+07 ns (93.15%)
TS 0 layer 11 icLatency: 2.59e+03 ns
TS 0 layer 11 coreLatencyADC: 6.45e+03 ns (0.06%)
TS 0 layer 11 coreLatencyAccum: 6.90e+05 ns (6.39%)
TS 0 layer 11 coreLatencyOther: 4.03e+04 ns (0.37%)
TS 0 layer 11 arrayReadLatency: 6.95e+05 ns (6.44%)
TS 0 layer 11 arrayLatencyADC: 6.45e+03 ns (0.06%)
TS 0 layer 11 arrayLatencyAccum: 6.89e+05 ns (6.38%)
TS 0 layer 11 arrayLatencyOther: 0.00e+00 ns (0.00%)
TS 0 layer 11 readLatencyBuffer: 1.01e+07 ns (93.35%)
TS 0 layer 11 readLatencyIC: 5.19e+03 ns (0.05%)
TS 0 layer 11 readDynamicEnergy: 5.25e+07 pJ
TS 0 layer 11 leakagePower: 4552.85 uW
TS 0 layer 11 leakageEnergy: 4.91e+07 pJ
TS 0 layer 11 bufferDynamicEnergy: 5.69e+05 pJ (1.08%)
TS 0 layer 11 icDynamicEnergy: 5.96e+05 pJ (1.14%)
TS 0 layer 11 coreEnergyADC: 4.71e+05 pJ (0.90%)
TS 0 layer 11 coreEnergyAccum: 4.95e+07 pJ (94.20%)
TS 0 layer 11 coreEnergyOther: 1.60e+05 pJ (0.30%)
TS 0 layer 11 coreEnergyPopcnt: 1.25e+06 pJ (2.38%)
TS 0 layer 11 arrayReadDynamicEnergy: 5.11e+07 pJ (97.33%)
TS 0 layer 11 arrayEnergyADC: 4.71e+05 pJ (0.90%)
TS 0 layer 11 arrayEnergyAccum: 4.94e+07 pJ (94.05%)
TS 0 layer 11 arrayEnergyOther: 0.00e+00 pJ (0.00%)
TS 0 layer 11 arrayEnergyPopcnt: 1.25e+06 pJ (2.38%)
TS 0 layer 11 readDynamicEnergyBuffer: 7.63e+05 pJ (1.45%)
TS 0 layer 11 readDynamicEnergyIC: 1.50e+06 pJ (2.86%)
Time elapsed before estimating layer 12 ts 1 ====> 417.50 s
TS 0 layer 12 readLatency: 1.02e+07 ns
TS 0 layer 12 bufferLatency: 1.01e+07 ns (98.47%)
TS 0 layer 12 icLatency: 2.59e+03 ns
TS 0 layer 12 coreLatencyADC: 1.61e+03 ns (0.02%)
TS 0 layer 12 coreLatencyAccum: 1.12e+05 ns (1.09%)
TS 0 layer 12 coreLatencyOther: 4.03e+04 ns (0.39%)
TS 0 layer 12 arrayReadLatency: 1.12e+05 ns (1.10%)
TS 0 layer 12 arrayLatencyADC: 1.61e+03 ns (0.02%)
TS 0 layer 12 arrayLatencyAccum: 1.11e+05 ns (1.08%)
TS 0 layer 12 arrayLatencyOther: 0.00e+00 ns (0.00%)
TS 0 layer 12 readLatencyBuffer: 1.01e+07 ns (98.68%)
TS 0 layer 12 readLatencyIC: 5.19e+03 ns (0.05%)
TS 0 layer 12 readDynamicEnergy: 1.76e+07 pJ
TS 0 layer 12 leakagePower: 4552.85 uW
TS 0 layer 12 leakageEnergy: 4.65e+07 pJ
TS 0 layer 12 bufferDynamicEnergy: 5.69e+05 pJ (3.24%)
TS 0 layer 12 icDynamicEnergy: 5.96e+05 pJ (3.40%)
TS 0 layer 12 coreEnergyADC: 1.18e+05 pJ (0.67%)
TS 0 layer 12 coreEnergyAccum: 1.58e+07 pJ (90.01%)
TS 0 layer 12 coreEnergyOther: 1.60e+05 pJ (0.91%)
TS 0 layer 12 coreEnergyPopcnt: 3.12e+05 pJ (1.78%)
TS 0 layer 12 arrayReadDynamicEnergy: 1.61e+07 pJ (92.01%)
TS 0 layer 12 arrayEnergyADC: 1.18e+05 pJ (0.67%)
TS 0 layer 12 arrayEnergyAccum: 1.57e+07 pJ (89.56%)
TS 0 layer 12 arrayEnergyOther: 0.00e+00 pJ (0.00%)
TS 0 layer 12 arrayEnergyPopcnt: 3.12e+05 pJ (1.78%)
TS 0 layer 12 readDynamicEnergyBuffer: 7.63e+05 pJ (4.35%)
TS 0 layer 12 readDynamicEnergyIC: 1.50e+06 pJ (8.55%)
Time elapsed before estimating layer 13 ts 1 ====> 430.53 s
TS 0 layer 13 readLatency: 1.60e+06 ns
TS 0 layer 13 bufferLatency: 1.46e+06 ns (91.09%)
TS 0 layer 13 icLatency: 9.93e+03 ns
TS 0 layer 13 coreLatencyADC: 1.61e+03 ns (0.10%)
TS 0 layer 13 coreLatencyAccum: 1.11e+05 ns (6.93%)
TS 0 layer 13 coreLatencyOther: 2.02e+04 ns (1.26%)
TS 0 layer 13 arrayReadLatency: 1.09e+05 ns (6.78%)
TS 0 layer 13 arrayLatencyADC: 1.61e+03 ns (0.10%)
TS 0 layer 13 arrayLatencyAccum: 1.07e+05 ns (6.68%)
TS 0 layer 13 arrayLatencyOther: 0.00e+00 ns (0.00%)
TS 0 layer 13 readLatencyBuffer: 1.54e+06 ns (96.19%)
TS 0 layer 13 readLatencyIC: 1.99e+04 ns (1.24%)
TS 0 layer 13 readDynamicEnergy: 1.43e+07 pJ
TS 0 layer 13 leakagePower: 8886.50 uW
TS 0 layer 13 leakageEnergy: 1.42e+07 pJ
TS 0 layer 13 bufferDynamicEnergy: 5.23e+05 pJ (3.66%)
TS 0 layer 13 icDynamicEnergy: 2.33e+06 pJ (16.28%)
TS 0 layer 13 coreEnergyADC: 2.36e+05 pJ (1.65%)
TS 0 layer 13 coreEnergyAccum: 1.05e+07 pJ (73.50%)
TS 0 layer 13 coreEnergyOther: 7.98e+04 pJ (0.56%)
TS 0 layer 13 coreEnergyPopcnt: 6.24e+05 pJ (4.36%)
TS 0 layer 13 arrayReadDynamicEnergy: 1.11e+07 pJ (77.30%)
TS 0 layer 13 arrayEnergyADC: 2.36e+05 pJ (1.65%)
TS 0 layer 13 arrayEnergyAccum: 1.02e+07 pJ (71.29%)
TS 0 layer 13 arrayEnergyOther: 0.00e+00 pJ (0.00%)
TS 0 layer 13 arrayEnergyPopcnt: 6.24e+05 pJ (4.36%)
TS 0 layer 13 readDynamicEnergyBuffer: 1.28e+06 pJ (8.93%)
TS 0 layer 13 readDynamicEnergyIC: 5.89e+06 pJ (41.15%)
Time elapsed before estimating layer 14 ts 1 ====> 451.85 s
TS 0 layer 14 readLatency: 2.90e+06 ns
TS 0 layer 14 bufferLatency: 2.59e+06 ns (89.41%)
TS 0 layer 14 icLatency: 9.93e+03 ns
TS 0 layer 14 coreLatencyADC: 3.22e+03 ns (0.11%)
TS 0 layer 14 coreLatencyAccum: 2.73e+05 ns (9.44%)
TS 0 layer 14 coreLatencyOther: 2.02e+04 ns (0.70%)
TS 0 layer 14 arrayReadLatency: 2.73e+05 ns (9.43%)
TS 0 layer 14 arrayLatencyADC: 3.22e+03 ns (0.11%)
TS 0 layer 14 arrayLatencyAccum: 2.70e+05 ns (9.32%)
TS 0 layer 14 arrayLatencyOther: 0.00e+00 ns (0.00%)
TS 0 layer 14 readLatencyBuffer: 2.67e+06 ns (92.28%)
TS 0 layer 14 readLatencyIC: 1.99e+04 ns (0.69%)
TS 0 layer 14 readDynamicEnergy: 4.67e+07 pJ
TS 0 layer 14 leakagePower: 17773.00 uW
TS 0 layer 14 leakageEnergy: 5.15e+07 pJ
TS 0 layer 14 bufferDynamicEnergy: 1.05e+06 pJ (2.24%)
TS 0 layer 14 icDynamicEnergy: 4.66e+06 pJ (9.98%)
TS 0 layer 14 coreEnergyADC: 4.71e+05 pJ (1.01%)
TS 0 layer 14 coreEnergyAccum: 3.92e+07 pJ (83.92%)
TS 0 layer 14 coreEnergyOther: 7.98e+04 pJ (0.17%)
TS 0 layer 14 coreEnergyPopcnt: 1.25e+06 pJ (2.68%)
TS 0 layer 14 arrayReadDynamicEnergy: 4.02e+07 pJ (86.25%)
TS 0 layer 14 arrayEnergyADC: 4.71e+05 pJ (1.01%)
TS 0 layer 14 arrayEnergyAccum: 3.85e+07 pJ (82.56%)
TS 0 layer 14 arrayEnergyOther: 0.00e+00 pJ (0.00%)
TS 0 layer 14 arrayEnergyPopcnt: 1.25e+06 pJ (2.68%)
TS 0 layer 14 readDynamicEnergyBuffer: 2.56e+06 pJ (5.48%)
TS 0 layer 14 readDynamicEnergyIC: 1.18e+07 pJ (25.24%)
Time elapsed before estimating layer 15 ts 1 ====> 473.60 s
TS 0 layer 15 readLatency: 2.91e+06 ns
TS 0 layer 15 bufferLatency: 2.59e+06 ns (88.91%)
TS 0 layer 15 icLatency: 9.93e+03 ns
TS 0 layer 15 coreLatencyADC: 3.22e+03 ns (0.11%)
TS 0 layer 15 coreLatencyAccum: 2.90e+05 ns (9.94%)
TS 0 layer 15 coreLatencyOther: 2.02e+04 ns (0.69%)
TS 0 layer 15 arrayReadLatency: 2.89e+05 ns (9.93%)
TS 0 layer 15 arrayLatencyADC: 3.22e+03 ns (0.11%)
TS 0 layer 15 arrayLatencyAccum: 2.86e+05 ns (9.82%)
TS 0 layer 15 arrayLatencyOther: 0.00e+00 ns (0.00%)
TS 0 layer 15 readLatencyBuffer: 2.67e+06 ns (91.77%)
TS 0 layer 15 readLatencyIC: 1.99e+04 ns (0.68%)
TS 0 layer 15 readDynamicEnergy: 5.43e+07 pJ
TS 0 layer 15 leakagePower: 17773.00 uW
TS 0 layer 15 leakageEnergy: 5.18e+07 pJ
TS 0 layer 15 bufferDynamicEnergy: 1.05e+06 pJ (1.92%)
TS 0 layer 15 icDynamicEnergy: 4.66e+06 pJ (8.57%)
TS 0 layer 15 coreEnergyADC: 4.71e+05 pJ (0.87%)
TS 0 layer 15 coreEnergyAccum: 4.68e+07 pJ (86.19%)
TS 0 layer 15 coreEnergyOther: 7.98e+04 pJ (0.15%)
TS 0 layer 15 coreEnergyPopcnt: 1.25e+06 pJ (2.30%)
TS 0 layer 15 arrayReadDynamicEnergy: 4.79e+07 pJ (88.19%)
TS 0 layer 15 arrayEnergyADC: 4.71e+05 pJ (0.87%)
TS 0 layer 15 arrayEnergyAccum: 4.62e+07 pJ (85.03%)
TS 0 layer 15 arrayEnergyOther: 0.00e+00 pJ (0.00%)
TS 0 layer 15 arrayEnergyPopcnt: 1.25e+06 pJ (2.30%)
TS 0 layer 15 readDynamicEnergyBuffer: 2.56e+06 pJ (4.70%)
TS 0 layer 15 readDynamicEnergyIC: 1.18e+07 pJ (21.67%)
