=============== Parameter Loading Finish ===============
Time elapsed = 0.04 s
=============== Network Structure Loading Finish ===============
{'IH': 128, 'IW': 128, 'Cin': 2, 'KH': 3, 'KW': 3, 'Cout': 128, 'pooling': 1, 'stride': 1, 'isSNN': 1, 'T': 100, 'weight_row': 128, 'weight_col': 18}
{'IH': 64, 'IW': 64, 'Cin': 128, 'KH': 3, 'KW': 3, 'Cout': 128, 'pooling': 1, 'stride': 1, 'isSNN': 1, 'T': 100, 'weight_row': 128, 'weight_col': 1152}
{'IH': 32, 'IW': 32, 'Cin': 128, 'KH': 3, 'KW': 3, 'Cout': 128, 'pooling': 1, 'stride': 1, 'isSNN': 1, 'T': 100, 'weight_row': 128, 'weight_col': 1152}
{'IH': 16, 'IW': 16, 'Cin': 128, 'KH': 3, 'KW': 3, 'Cout': 128, 'pooling': 1, 'stride': 1, 'isSNN': 1, 'T': 100, 'weight_row': 128, 'weight_col': 1152}
{'IH': 1, 'IW': 1, 'Cin': 8192, 'KH': 1, 'KW': 1, 'Cout': 512, 'pooling': 1, 'stride': 1, 'isSNN': 1, 'T': 100, 'weight_row': 512, 'weight_col': 8192}
{'IH': 1, 'IW': 1, 'Cin': 512, 'KH': 1, 'KW': 1, 'Cout': 10, 'pooling': 1, 'stride': 1, 'isSNN': 1, 'T': 100, 'weight_row': 10, 'weight_col': 512}

------------------------------ FloorPlan --------------------------------
Tile and PE size are optimized to maximize memory utilization ( = memory mapped by synapse / total memory on chip)
Desired Conventional Mapped Tile Storage Size: 1024 x 1024
Desired Conventional PE Storage Size: 512 x 512
User-defined SubArray Size: 128 x 128
----------------- # of tile used for each layer -----------------
Layer 1: 2
Layer 2: 18
Layer 3: 9
Layer 4: 9
Layer 5: 64
Layer 6: 4
----------------- Speed-up of each layer ------------------
Layer 1: 64
Layer 2: 16
Layer 3: 8
Layer 4: 8
Layer 5: 2
Layer 6: 8
----------------- Utilization of each layer ------------------
Layer 1: 0.5625
Layer 2: 1.0
Layer 3: 1.0
Layer 4: 1.0
Layer 5: 1.0
Layer 6: 0.078125
Memory Utilization of Whole Chip: 95.69575471698113 %
---------------------------- FloorPlan Done ------------------------------
Chip Area: 3.69e+07 um^2
Chip ADC (or S/As and precharger for SRAM) Area: 1.53e+06 um^2 (4.13 %)
Chip IC Area (Global and Tile/PE local): 3.46e+06 um^2 (9.38 %)
Chip Accum (subarray level: adders, shiftAdds; PE/Tile/Global level: accumulation units) Area: 5.71e+06 um^2 (15.45 %)
Chip Other (e.g. decoders, mux, switchmatrix, buffers, IC, pooling and activation units) Area: 8.24e+06 um^2 (22.32 %)
Chip Popcnt Area: 1.67e+05 um^2 (0.45 %)
Chip Array Area: 1.51e+07 um^2 (40.80 %)
Time elapsed = 4.22 s
=============== Chip Clk Period Estimating ===============
Time elapsed after estimating layer 1 = 33.06 s
Chip Clk Period: 1.0281894905588658 ns
=============== Chip Performance Estimating ===============
Time elapsed before estimating layer 1 ts 1 ====> 145.23 s
TS 0 layer 1 readLatency: 5.37e+07 ns
TS 0 layer 1 bufferLatency: 4.93e+07 ns (91.80%)
TS 0 layer 1 icLatency: 9.50e+00 ns
TS 0 layer 1 coreLatencyADC: 3.37e+04 ns (0.06%)
TS 0 layer 1 coreLatencyAccum: 2.24e+06 ns (4.17%)
TS 0 layer 1 coreLatencyOther: 2.13e+06 ns (3.96%)
TS 0 layer 1 arrayReadLatency: 2.27e+06 ns (4.23%)
TS 0 layer 1 arrayLatencyADC: 3.37e+04 ns (0.06%)
TS 0 layer 1 arrayLatencyAccum: 2.24e+06 ns (4.16%)
TS 0 layer 1 arrayLatencyOther: 0.00e+00 ns (0.00%)
TS 0 layer 1 readLatencyBuffer: 4.93e+07 ns (91.80%)
TS 0 layer 1 readLatencyIC: 1.90e+01 ns (0.00%)
TS 0 layer 1 readDynamicEnergy: 6.33e+07 pJ
TS 0 layer 1 leakagePower: 13.39 uW
TS 0 layer 1 leakageEnergy: 7.19e+05 pJ
TS 0 layer 1 bufferDynamicEnergy: 1.32e+05 pJ (0.21%)
TS 0 layer 1 icDynamicEnergy: 9.18e+01 pJ (0.00%)
TS 0 layer 1 coreEnergyADC: 2.73e+05 pJ (0.43%)
TS 0 layer 1 coreEnergyAccum: 5.62e+07 pJ (88.81%)
TS 0 layer 1 coreEnergyOther: 6.67e+06 pJ (10.55%)
TS 0 layer 1 coreEnergyPopcnt: 7.25e+05 pJ (1.15%)
TS 0 layer 1 arrayReadDynamicEnergy: 5.65e+07 pJ (89.24%)
TS 0 layer 1 arrayEnergyADC: 2.73e+05 pJ (0.43%)
TS 0 layer 1 arrayEnergyAccum: 5.62e+07 pJ (88.81%)
TS 0 layer 1 arrayEnergyOther: 0.00e+00 pJ (0.00%)
TS 0 layer 1 arrayEnergyPopcnt: 7.25e+05 pJ (1.15%)
TS 0 layer 1 readDynamicEnergyBuffer: 1.32e+05 pJ (0.21%)
TS 0 layer 1 readDynamicEnergyIC: 2.17e+02 pJ (0.00%)
successRate of layer 1 = 0.73
Max(successRate) of layer 1 = 0.73
Min(successRate) of layer 1 = 0.73
Time elapsed before estimating layer 2 ts 1 ====> 955.40 s
TS 0 layer 2 readLatency: 8.47e+06 ns
TS 0 layer 2 bufferLatency: 4.39e+06 ns (51.81%)
TS 0 layer 2 icLatency: 7.05e+02 ns
TS 0 layer 2 coreLatencyADC: 3.37e+04 ns (0.40%)
TS 0 layer 2 coreLatencyAccum: 3.51e+06 ns (41.50%)
TS 0 layer 2 coreLatencyOther: 5.32e+05 ns (6.28%)
TS 0 layer 2 arrayReadLatency: 3.49e+06 ns (41.20%)
TS 0 layer 2 arrayLatencyADC: 3.37e+04 ns (0.40%)
TS 0 layer 2 arrayLatencyAccum: 3.45e+06 ns (40.80%)
TS 0 layer 2 arrayLatencyOther: 0.00e+00 ns (0.00%)
TS 0 layer 2 readLatencyBuffer: 4.39e+06 ns (51.88%)
TS 0 layer 2 readLatencyIC: 1.41e+03 ns (0.02%)
TS 0 layer 2 readDynamicEnergy: 6.39e+08 pJ
TS 0 layer 2 leakagePower: 1193.18 uW
TS 0 layer 2 leakageEnergy: 1.01e+07 pJ
TS 0 layer 2 bufferDynamicEnergy: 1.24e+06 pJ (0.19%)
TS 0 layer 2 icDynamicEnergy: 7.80e+04 pJ (0.01%)
TS 0 layer 2 coreEnergyADC: 2.46e+06 pJ (0.39%)
TS 0 layer 2 coreEnergyAccum: 6.33e+08 pJ (99.15%)
TS 0 layer 2 coreEnergyOther: 1.67e+06 pJ (0.26%)
TS 0 layer 2 coreEnergyPopcnt: 6.52e+06 pJ (1.02%)
TS 0 layer 2 arrayReadDynamicEnergy: 6.36e+08 pJ (99.53%)
TS 0 layer 2 arrayEnergyADC: 2.46e+06 pJ (0.39%)
TS 0 layer 2 arrayEnergyAccum: 6.33e+08 pJ (99.15%)
TS 0 layer 2 arrayEnergyOther: 0.00e+00 pJ (0.00%)
TS 0 layer 2 arrayEnergyPopcnt: 6.52e+06 pJ (1.02%)
TS 0 layer 2 readDynamicEnergyBuffer: 1.26e+06 pJ (0.20%)
TS 0 layer 2 readDynamicEnergyIC: 1.95e+05 pJ (0.03%)
successRate of layer 2 = 0.69
Max(successRate) of layer 2 = 0.69
Min(successRate) of layer 2 = 0.69
Time elapsed before estimating layer 3 ts 1 ====> 1099.29 s
TS 0 layer 3 readLatency: 3.49e+06 ns
TS 0 layer 3 bufferLatency: 2.20e+06 ns (62.97%)
TS 0 layer 3 icLatency: 7.05e+02 ns
TS 0 layer 3 coreLatencyADC: 1.68e+04 ns (0.48%)
TS 0 layer 3 coreLatencyAccum: 1.14e+06 ns (32.71%)
TS 0 layer 3 coreLatencyOther: 1.33e+05 ns (3.81%)
TS 0 layer 3 arrayReadLatency: 1.16e+06 ns (33.19%)
TS 0 layer 3 arrayLatencyADC: 1.68e+04 ns (0.48%)
TS 0 layer 3 arrayLatencyAccum: 1.14e+06 ns (32.70%)
TS 0 layer 3 arrayLatencyOther: 0.00e+00 ns (0.00%)
TS 0 layer 3 readLatencyBuffer: 2.20e+06 ns (63.14%)
TS 0 layer 3 readLatencyIC: 1.41e+03 ns (0.04%)
TS 0 layer 3 readDynamicEnergy: 1.34e+08 pJ
TS 0 layer 3 leakagePower: 1193.18 uW
TS 0 layer 3 leakageEnergy: 4.16e+06 pJ
TS 0 layer 3 bufferDynamicEnergy: 3.19e+05 pJ (0.24%)
TS 0 layer 3 icDynamicEnergy: 7.80e+04 pJ (0.06%)
TS 0 layer 3 coreEnergyADC: 6.15e+05 pJ (0.46%)
TS 0 layer 3 coreEnergyAccum: 1.32e+08 pJ (98.93%)
TS 0 layer 3 coreEnergyOther: 4.17e+05 pJ (0.31%)
TS 0 layer 3 coreEnergyPopcnt: 1.63e+06 pJ (1.22%)
TS 0 layer 3 arrayReadDynamicEnergy: 1.33e+08 pJ (99.38%)
TS 0 layer 3 arrayEnergyADC: 6.15e+05 pJ (0.46%)
TS 0 layer 3 arrayEnergyAccum: 1.32e+08 pJ (98.92%)
TS 0 layer 3 arrayEnergyOther: 0.00e+00 pJ (0.00%)
TS 0 layer 3 arrayEnergyPopcnt: 1.63e+06 pJ (1.22%)
TS 0 layer 3 readDynamicEnergyBuffer: 3.45e+05 pJ (0.26%)
TS 0 layer 3 readDynamicEnergyIC: 1.95e+05 pJ (0.15%)
successRate of layer 3 = 0.81
Max(successRate) of layer 3 = 0.81
Min(successRate) of layer 3 = 0.81
Time elapsed before estimating layer 4 ts 1 ====> 1130.30 s
TS 0 layer 4 readLatency: 8.34e+05 ns
TS 0 layer 4 bufferLatency: 5.53e+05 ns (66.35%)
TS 0 layer 4 icLatency: 7.05e+02 ns
TS 0 layer 4 coreLatencyADC: 4.21e+03 ns (0.50%)
TS 0 layer 4 coreLatencyAccum: 2.42e+05 ns (28.97%)
TS 0 layer 4 coreLatencyOther: 3.41e+04 ns (4.09%)
TS 0 layer 4 arrayReadLatency: 2.45e+05 ns (29.43%)
TS 0 layer 4 arrayLatencyADC: 4.21e+03 ns (0.50%)
TS 0 layer 4 arrayLatencyAccum: 2.41e+05 ns (28.92%)
TS 0 layer 4 arrayLatencyOther: 0.00e+00 ns (0.00%)
TS 0 layer 4 readLatencyBuffer: 5.59e+05 ns (67.06%)
TS 0 layer 4 readLatencyIC: 1.41e+03 ns (0.17%)
TS 0 layer 4 readDynamicEnergy: 2.48e+07 pJ
TS 0 layer 4 leakagePower: 1193.18 uW
TS 0 layer 4 leakageEnergy: 9.95e+05 pJ
TS 0 layer 4 bufferDynamicEnergy: 9.02e+04 pJ (0.36%)
TS 0 layer 4 icDynamicEnergy: 7.80e+04 pJ (0.31%)
TS 0 layer 4 coreEnergyADC: 1.54e+05 pJ (0.62%)
TS 0 layer 4 coreEnergyAccum: 2.44e+07 pJ (98.28%)
TS 0 layer 4 coreEnergyOther: 1.04e+05 pJ (0.42%)
TS 0 layer 4 coreEnergyPopcnt: 4.08e+05 pJ (1.64%)
TS 0 layer 4 arrayReadDynamicEnergy: 2.46e+07 pJ (98.86%)
TS 0 layer 4 arrayEnergyADC: 1.54e+05 pJ (0.62%)
TS 0 layer 4 arrayEnergyAccum: 2.44e+07 pJ (98.24%)
TS 0 layer 4 arrayEnergyOther: 0.00e+00 pJ (0.00%)
TS 0 layer 4 arrayEnergyPopcnt: 4.08e+05 pJ (1.64%)
TS 0 layer 4 readDynamicEnergyBuffer: 1.16e+05 pJ (0.47%)
TS 0 layer 4 readDynamicEnergyIC: 1.95e+05 pJ (0.78%)
successRate of layer 4 = 0.85
Max(successRate) of layer 4 = 0.85
Min(successRate) of layer 4 = 0.85
Time elapsed before estimating layer 5 ts 1 ====> 1145.60 s
TS 0 layer 5 readLatency: 1.78e+05 ns
TS 0 layer 5 bufferLatency: 1.47e+05 ns (82.94%)
TS 0 layer 5 icLatency: 1.76e+04 ns
TS 0 layer 5 coreLatencyADC: 6.58e+01 ns (0.04%)
TS 0 layer 5 coreLatencyAccum: 1.11e+04 ns (6.25%)
TS 0 layer 5 coreLatencyOther: 1.52e+03 ns (0.85%)
TS 0 layer 5 arrayReadLatency: 4.97e+03 ns (2.80%)
TS 0 layer 5 arrayLatencyADC: 6.58e+01 ns (0.04%)
TS 0 layer 5 arrayLatencyAccum: 4.90e+03 ns (2.76%)
TS 0 layer 5 arrayLatencyOther: 0.00e+00 ns (0.00%)
TS 0 layer 5 readLatencyBuffer: 2.95e+05 ns (166.11%)
TS 0 layer 5 readLatencyIC: 3.53e+04 ns (19.85%)
TS 0 layer 5 readDynamicEnergy: 2.20e+07 pJ
TS 0 layer 5 leakagePower: 31596.44 uW
TS 0 layer 5 leakageEnergy: 5.62e+06 pJ
TS 0 layer 5 bufferDynamicEnergy: 2.57e+06 pJ (11.70%)
TS 0 layer 5 icDynamicEnergy: 1.47e+07 pJ (66.90%)
TS 0 layer 5 coreEnergyADC: 1.71e+04 pJ (0.08%)
TS 0 layer 5 coreEnergyAccum: 4.69e+06 pJ (21.31%)
TS 0 layer 5 coreEnergyOther: 1.64e+03 pJ (0.01%)
TS 0 layer 5 coreEnergyPopcnt: 4.53e+04 pJ (0.21%)
TS 0 layer 5 arrayReadDynamicEnergy: 2.71e+06 pJ (12.31%)
TS 0 layer 5 arrayEnergyADC: 1.71e+04 pJ (0.08%)
TS 0 layer 5 arrayEnergyAccum: 2.69e+06 pJ (12.23%)
TS 0 layer 5 arrayEnergyOther: 0.00e+00 pJ (0.00%)
TS 0 layer 5 arrayEnergyPopcnt: 4.53e+04 pJ (0.21%)
TS 0 layer 5 readDynamicEnergyBuffer: 7.34e+06 pJ (33.38%)
TS 0 layer 5 readDynamicEnergyIC: 3.72e+07 pJ (169.17%)
successRate of layer 5 = 0.77
Max(successRate) of layer 5 = 0.79
Min(successRate) of layer 5 = 0.75
Time elapsed before estimating layer 6 ts 1 ====> 1145.88 s
TS 0 layer 6 readLatency: 3.57e+03 ns
TS 0 layer 6 bufferLatency: 2.26e+03 ns (63.34%)
TS 0 layer 6 icLatency: 7.06e+01 ns
TS 0 layer 6 coreLatencyADC: 1.29e+00 ns (0.04%)
TS 0 layer 6 coreLatencyAccum: 1.21e+02 ns (3.40%)
TS 0 layer 6 coreLatencyOther: 1.12e+03 ns (31.25%)
TS 0 layer 6 arrayReadLatency: 1.93e+01 ns (0.54%)
TS 0 layer 6 arrayLatencyADC: 1.29e+00 ns (0.04%)
TS 0 layer 6 arrayLatencyAccum: 1.80e+01 ns (0.50%)
TS 0 layer 6 arrayLatencyOther: 0.00e+00 ns (0.00%)
TS 0 layer 6 readLatencyBuffer: 2.94e+03 ns (82.22%)
TS 0 layer 6 readLatencyIC: 1.41e+02 ns (3.95%)
TS 0 layer 6 readDynamicEnergy: 4.99e+03 pJ
TS 0 layer 6 leakagePower: 94.79 uW
TS 0 layer 6 leakageEnergy: 3.38e+02 pJ
TS 0 layer 6 bufferDynamicEnergy: 6.13e+02 pJ (12.28%)
TS 0 layer 6 icDynamicEnergy: 2.47e+03 pJ (49.39%)
TS 0 layer 6 coreEnergyADC: 2.09e+01 pJ (0.42%)
TS 0 layer 6 coreEnergyAccum: 1.85e+03 pJ (37.14%)
TS 0 layer 6 coreEnergyOther: 3.87e+01 pJ (0.77%)
TS 0 layer 6 coreEnergyPopcnt: 7.08e+02 pJ (14.18%)
TS 0 layer 6 arrayReadDynamicEnergy: 1.71e+03 pJ (34.20%)
TS 0 layer 6 arrayEnergyADC: 2.09e+01 pJ (0.42%)
TS 0 layer 6 arrayEnergyAccum: 1.69e+03 pJ (33.79%)
TS 0 layer 6 arrayEnergyOther: 0.00e+00 pJ (0.00%)
TS 0 layer 6 arrayEnergyPopcnt: 7.08e+02 pJ (14.18%)
TS 0 layer 6 readDynamicEnergyBuffer: 1.51e+03 pJ (30.20%)
TS 0 layer 6 readDynamicEnergyIC: 5.66e+03 pJ (113.40%)
successRate of layer 6 = 1.00
Max(successRate) of layer 6 = 1.00
Min(successRate) of layer 6 = 1.00
=============== Chip Performance Estimating Finish ===============
Max SNN Latency Layer: 0, Max Time Step: -1
SNN pipeline latency: 0.05369262602145222
Average of the snn layer latency (per timestep): 0.011110090543775578
Mean of the snn layer latency (per timestep): 0.011110090543775578
STD of the snn layer latency (per timestep): 0.019265011021808127
=============== Chip Area Analysis ===============
Chip Area: 3.69e+07 um^2
Chip ADC (or S/As and precharger for SRAM) Area: 1.53e+06 um^2 (4.13 %)
Chip IC Area (Global and Tile/PE local): 3.46e+06 um^2 (9.38 %)
Chip Accum (subarray level: adders, shiftAdds; PE/Tile/Global level: accumulation units) Area: 5.71e+06 um^2 (15.45 %)
Chip Other (e.g. decoders, mux, switchmatrix, buffers, IC, pooling and activation units) Area: 8.24e+06 um^2 (22.32 %)
Chip Popcnt Area: 1.67e+05 um^2 (0.45 %)
Chip Array Area: 1.51e+07 um^2 (40.80 %)
=============== Chip Latency Analysis ===============
Pipelined Clock Latency (per Layer per mergedTimeStep): 5.37e+07 ns
Buffer Latency (slowest timestep of the slowest layer): 4.93e+07 ns         (91.80 % of pipeline latency)
IC Latency (slowest timestep of the slowest layer): 9.50e+00 ns         (0.00 % of pipeline latency)
Core Latency ADC (slowest timestep of the slowest layer): 3.37e+04 ns         (0.06 % of pipeline latency)
Core Latency Accum (slowest timestep of the slowest layer): 2.24e+06 ns         (4.17 % of pipeline latency)
Core Latency Other (slowest timestep of the slowest layer): 2.13e+06 ns         (3.96 % of pipeline latency)
Array Read Latency (slowest timestep of the slowest layer): 2.27e+06 ns           (4.23 % of pipeline latency)
Array Latency ADC (slowest timestep of the slowest layer): 3.37e+04 ns           (0.06 % of pipeline latency)
Array Latency Accum (slowest timestep of the slowest layer): 2.24e+06 ns           (4.16 % of pipeline latency)
Array Latency Other (slowest timestep of the slowest layer): 0.00e+00 ns           (0.00 % of pipeline latency)
Read Latency Buffer (slowest timestep of the slowest layer): 4.93e+07 ns           (91.80 % of pipeline latency)
Read Latency IC (slowest timestep of the slowest layer): 1.90e+01 ns           (0.00 % of pipeline latency)
Total Read Latency (per image): 6.67e+07 ns
Total Buffer Latency (per image): 5.66e+07 ns         (84.87 % of total read latency)
Total IC Latency (per image): 1.98e+04 ns         (0.03 % of total read latency)
Total Core Latency ADC (per image): 8.85e+04 ns         (0.13 % of total read latency)
Total Core Latency Accum (per image): 7.15e+06 ns         (10.72 % of total read latency)
Total Core Latency Other (per image): 2.83e+06 ns         (4.24 % of total read latency)
Total Array Read Latency (per image): 7.16e+06 ns         (10.75 % of total read latency)
Total Array Latency ADC (per image): 8.85e+04 ns         (0.13 % of total read latency)
Total Array Latency Accum (per image): 7.08e+06 ns         (10.62 % of total read latency)
Total Array Latency Other (per image): 0.00e+00 ns         (0.00 % of total read latency)
Total Read Latency Buffer (per image): 5.67e+07 ns         (85.12 % of total read latency)
Total Read Latency IC (per image): 3.97e+04 ns         (0.06 % of total read latency)
=============== Chip Energy Analysis ===============
Total Read Dynamic Energy (per image): 8.83e+08 pJ
Total Buffer Dynamic Energy (per image): 4.35e+06 pJ         (0.49 % of total read dynamic energy)
Total IC Dynamic Energy (per image): 1.50e+07 pJ         (1.69 % of total read dynamic energy)
Total Core Energy ADC (per image): 3.52e+06 pJ         (0.40 % of total read dynamic energy)
Total Core Energy Accum (per image): 8.51e+08 pJ         (96.41 % of total read dynamic energy)
Total Core Energy Other (per image): 8.87e+06 pJ         (1.00 % of total read dynamic energy)
Total Core Energy Popcnt (per image): 9.33e+06 pJ         (1.06 % of total read dynamic energy)
Total Leakage Power (per image): 35284.17 uW
Total Leakage Energy (per image): 1.89e+09 pJ
Total Array Read Dynamic Energy (per image): 8.52e+08 pJ (96.58 % of total read dynamic energy)
Total Array Energy ADC (per image): 3.52e+06 pJ (0.40 % of total read dynamic energy)
Total Array Energy Accum (per image): 8.49e+08 pJ (96.18 % of total read dynamic energy)
Total Array Energy Other (per image): 0.00e+00 pJ (0.00 % of total read dynamic energy)
Total Array Energy Popcnt (per image): 9.33e+06 pJ (1.06 % of total read dynamic energy)
Total Read Dynamic Energy Buffer (per image): 9.20e+06 pJ (1.04 % of total read dynamic energy)
Total Read Dynamic Energy IC (per image): 3.78e+07 pJ (4.28 % of total read dynamic energy)

=============== Chip Performance Estimating Finish ===============
Energy Efficiency TOPS/W (Pipelined Process without IC Energy): 49.53773139127898
Throughput TOPS (Pipelined Process with IC Delay): 3.1090735463991543
Throughput FPS (Pipelined Process with IC Delay): 18.624531413316653
Compute Efficiency TOPS/mm^2 (Pipelined Process with IC Delay): 0.08421857362888724
Simulation finished, total time elapsed = 1145.88 s
