=============== Parameter Loading Finish ===============
Time elapsed = 0.03 s
=============== Network Structure Loading Finish ===============
{'IH': 128, 'IW': 128, 'Cin': 2, 'KH': 3, 'KW': 3, 'Cout': 128, 'pooling': 1, 'stride': 1, 'isSNN': 1, 'T': 100, 'weight_row': 128, 'weight_col': 18}
{'IH': 64, 'IW': 64, 'Cin': 128, 'KH': 3, 'KW': 3, 'Cout': 128, 'pooling': 1, 'stride': 1, 'isSNN': 1, 'T': 100, 'weight_row': 128, 'weight_col': 1152}
{'IH': 32, 'IW': 32, 'Cin': 128, 'KH': 3, 'KW': 3, 'Cout': 128, 'pooling': 1, 'stride': 1, 'isSNN': 1, 'T': 100, 'weight_row': 128, 'weight_col': 1152}
{'IH': 16, 'IW': 16, 'Cin': 128, 'KH': 3, 'KW': 3, 'Cout': 128, 'pooling': 1, 'stride': 1, 'isSNN': 1, 'T': 100, 'weight_row': 128, 'weight_col': 1152}
{'IH': 1, 'IW': 1, 'Cin': 8192, 'KH': 1, 'KW': 1, 'Cout': 512, 'pooling': 1, 'stride': 1, 'isSNN': 1, 'T': 100, 'weight_row': 512, 'weight_col': 8192}
{'IH': 1, 'IW': 1, 'Cin': 512, 'KH': 1, 'KW': 1, 'Cout': 10, 'pooling': 1, 'stride': 1, 'isSNN': 1, 'T': 100, 'weight_row': 10, 'weight_col': 512}

------------------------------ FloorPlan --------------------------------
Tile and PE size are optimized to maximize memory utilization ( = memory mapped by synapse / total memory on chip)
Desired Conventional Mapped Tile Storage Size: 1024 x 1024
Desired Conventional PE Storage Size: 512 x 512
User-defined SubArray Size: 128 x 128
----------------- # of tile used for each layer -----------------
Layer 1: 2
Layer 2: 18
Layer 3: 9
Layer 4: 9
Layer 5: 64
Layer 6: 4
----------------- Speed-up of each layer ------------------
Layer 1: 64
Layer 2: 16
Layer 3: 8
Layer 4: 8
Layer 5: 2
Layer 6: 8
----------------- Utilization of each layer ------------------
Layer 1: 0.5625
Layer 2: 1.0
Layer 3: 1.0
Layer 4: 1.0
Layer 5: 1.0
Layer 6: 0.078125
Memory Utilization of Whole Chip: 95.69575471698113 %
---------------------------- FloorPlan Done ------------------------------
Chip Area: 3.69e+07 um^2
Chip ADC (or S/As and precharger for SRAM) Area: 1.53e+06 um^2 (4.13 %)
Chip IC Area (Global and Tile/PE local): 3.46e+06 um^2 (9.38 %)
Chip Accum (subarray level: adders, shiftAdds; PE/Tile/Global level: accumulation units) Area: 5.71e+06 um^2 (15.45 %)
Chip Other (e.g. decoders, mux, switchmatrix, buffers, IC, pooling and activation units) Area: 8.24e+06 um^2 (22.32 %)
Chip Popcnt Area: 1.67e+05 um^2 (0.45 %)
Chip Array Area: 1.51e+07 um^2 (40.80 %)
Time elapsed = 5.09 s
=============== Chip Clk Period Estimating ===============
Time elapsed after estimating layer 1 = 34.12 s
Chip Clk Period: 1.0281894905588658 ns
=============== Chip Performance Estimating ===============
Time elapsed before estimating layer 1 ts 1 ====> 78.21 s
TS 0 layer 1 readLatency: 5.37e+07 ns
TS 0 layer 1 bufferLatency: 4.93e+07 ns (91.73%)
TS 0 layer 1 icLatency: 9.50e+00 ns
TS 0 layer 1 coreLatencyADC: 3.37e+04 ns (0.06%)
TS 0 layer 1 coreLatencyAccum: 2.28e+06 ns (4.24%)
TS 0 layer 1 coreLatencyOther: 2.13e+06 ns (3.96%)
TS 0 layer 1 arrayReadLatency: 2.31e+06 ns (4.30%)
TS 0 layer 1 arrayLatencyADC: 3.37e+04 ns (0.06%)
TS 0 layer 1 arrayLatencyAccum: 2.28e+06 ns (4.24%)
TS 0 layer 1 arrayLatencyOther: 0.00e+00 ns (0.00%)
TS 0 layer 1 readLatencyBuffer: 4.93e+07 ns (91.73%)
TS 0 layer 1 readLatencyIC: 1.90e+01 ns (0.00%)
TS 0 layer 1 readDynamicEnergy: 5.69e+07 pJ
TS 0 layer 1 leakagePower: 13.39 uW
TS 0 layer 1 leakageEnergy: 7.19e+05 pJ
TS 0 layer 1 bufferDynamicEnergy: 1.32e+05 pJ (0.23%)
TS 0 layer 1 icDynamicEnergy: 9.18e+01 pJ (0.00%)
TS 0 layer 1 coreEnergyADC: 2.73e+05 pJ (0.48%)
TS 0 layer 1 coreEnergyAccum: 4.91e+07 pJ (86.28%)
TS 0 layer 1 coreEnergyOther: 6.67e+06 pJ (11.73%)
TS 0 layer 1 coreEnergyPopcnt: 7.25e+05 pJ (1.27%)
TS 0 layer 1 arrayReadDynamicEnergy: 5.01e+07 pJ (88.03%)
TS 0 layer 1 arrayEnergyADC: 2.73e+05 pJ (0.48%)
TS 0 layer 1 arrayEnergyAccum: 4.91e+07 pJ (86.28%)
TS 0 layer 1 arrayEnergyOther: 0.00e+00 pJ (0.00%)
TS 0 layer 1 arrayEnergyPopcnt: 7.25e+05 pJ (1.27%)
TS 0 layer 1 readDynamicEnergyBuffer: 1.32e+05 pJ (0.23%)
TS 0 layer 1 readDynamicEnergyIC: 2.17e+02 pJ (0.00%)
Time elapsed before estimating layer 2 ts 1 ====> 293.02 s
TS 0 layer 2 readLatency: 8.81e+06 ns
TS 0 layer 2 bufferLatency: 4.39e+06 ns (49.77%)
TS 0 layer 2 icLatency: 7.05e+02 ns
TS 0 layer 2 coreLatencyADC: 3.37e+04 ns (0.38%)
TS 0 layer 2 coreLatencyAccum: 3.86e+06 ns (43.81%)
TS 0 layer 2 coreLatencyOther: 5.32e+05 ns (6.04%)
TS 0 layer 2 arrayReadLatency: 3.83e+06 ns (43.51%)
TS 0 layer 2 arrayLatencyADC: 3.37e+04 ns (0.38%)
TS 0 layer 2 arrayLatencyAccum: 3.80e+06 ns (43.13%)
TS 0 layer 2 arrayLatencyOther: 0.00e+00 ns (0.00%)
TS 0 layer 2 readLatencyBuffer: 4.39e+06 ns (49.83%)
TS 0 layer 2 readLatencyIC: 1.41e+03 ns (0.02%)
TS 0 layer 2 readDynamicEnergy: 6.27e+08 pJ
TS 0 layer 2 leakagePower: 1193.18 uW
TS 0 layer 2 leakageEnergy: 1.05e+07 pJ
TS 0 layer 2 bufferDynamicEnergy: 1.24e+06 pJ (0.20%)
TS 0 layer 2 icDynamicEnergy: 7.80e+04 pJ (0.01%)
TS 0 layer 2 coreEnergyADC: 2.46e+06 pJ (0.39%)
TS 0 layer 2 coreEnergyAccum: 6.15e+08 pJ (98.09%)
TS 0 layer 2 coreEnergyOther: 1.67e+06 pJ (0.27%)
TS 0 layer 2 coreEnergyPopcnt: 6.52e+06 pJ (1.04%)
TS 0 layer 2 arrayReadDynamicEnergy: 6.24e+08 pJ (99.52%)
TS 0 layer 2 arrayEnergyADC: 2.46e+06 pJ (0.39%)
TS 0 layer 2 arrayEnergyAccum: 6.15e+08 pJ (98.09%)
TS 0 layer 2 arrayEnergyOther: 0.00e+00 pJ (0.00%)
TS 0 layer 2 arrayEnergyPopcnt: 6.52e+06 pJ (1.04%)
TS 0 layer 2 readDynamicEnergyBuffer: 1.26e+06 pJ (0.20%)
TS 0 layer 2 readDynamicEnergyIC: 1.95e+05 pJ (0.03%)
Time elapsed before estimating layer 3 ts 1 ====> 336.42 s
TS 0 layer 3 readLatency: 3.60e+06 ns
TS 0 layer 3 bufferLatency: 2.20e+06 ns (60.98%)
TS 0 layer 3 icLatency: 7.05e+02 ns
TS 0 layer 3 coreLatencyADC: 1.68e+04 ns (0.47%)
TS 0 layer 3 coreLatencyAccum: 1.25e+06 ns (34.84%)
TS 0 layer 3 coreLatencyOther: 1.33e+05 ns (3.69%)
TS 0 layer 3 arrayReadLatency: 1.27e+06 ns (35.29%)
TS 0 layer 3 arrayLatencyADC: 1.68e+04 ns (0.47%)
TS 0 layer 3 arrayLatencyAccum: 1.25e+06 ns (34.83%)
TS 0 layer 3 arrayLatencyOther: 0.00e+00 ns (0.00%)
TS 0 layer 3 readLatencyBuffer: 2.20e+06 ns (61.15%)
TS 0 layer 3 readLatencyIC: 1.41e+03 ns (0.04%)
TS 0 layer 3 readDynamicEnergy: 1.40e+08 pJ
TS 0 layer 3 leakagePower: 1193.18 uW
TS 0 layer 3 leakageEnergy: 4.30e+06 pJ
TS 0 layer 3 bufferDynamicEnergy: 3.19e+05 pJ (0.23%)
TS 0 layer 3 icDynamicEnergy: 7.80e+04 pJ (0.06%)
TS 0 layer 3 coreEnergyADC: 6.15e+05 pJ (0.44%)
TS 0 layer 3 coreEnergyAccum: 1.37e+08 pJ (97.81%)
TS 0 layer 3 coreEnergyOther: 4.17e+05 pJ (0.30%)
TS 0 layer 3 coreEnergyPopcnt: 1.63e+06 pJ (1.17%)
TS 0 layer 3 arrayReadDynamicEnergy: 1.39e+08 pJ (99.41%)
TS 0 layer 3 arrayEnergyADC: 6.15e+05 pJ (0.44%)
TS 0 layer 3 arrayEnergyAccum: 1.37e+08 pJ (97.80%)
TS 0 layer 3 arrayEnergyOther: 0.00e+00 pJ (0.00%)
TS 0 layer 3 arrayEnergyPopcnt: 1.63e+06 pJ (1.17%)
TS 0 layer 3 readDynamicEnergyBuffer: 3.45e+05 pJ (0.25%)
TS 0 layer 3 readDynamicEnergyIC: 1.95e+05 pJ (0.14%)
Time elapsed before estimating layer 4 ts 1 ====> 345.06 s
TS 0 layer 4 readLatency: 8.77e+05 ns
TS 0 layer 4 bufferLatency: 5.53e+05 ns (63.10%)
TS 0 layer 4 icLatency: 7.05e+02 ns
TS 0 layer 4 coreLatencyADC: 4.21e+03 ns (0.48%)
TS 0 layer 4 coreLatencyAccum: 2.85e+05 ns (32.46%)
TS 0 layer 4 coreLatencyOther: 3.41e+04 ns (3.89%)
TS 0 layer 4 arrayReadLatency: 2.88e+05 ns (32.89%)
TS 0 layer 4 arrayLatencyADC: 4.21e+03 ns (0.48%)
TS 0 layer 4 arrayLatencyAccum: 2.84e+05 ns (32.41%)
TS 0 layer 4 arrayLatencyOther: 0.00e+00 ns (0.00%)
TS 0 layer 4 readLatencyBuffer: 5.59e+05 ns (63.77%)
TS 0 layer 4 readLatencyIC: 1.41e+03 ns (0.16%)
TS 0 layer 4 readDynamicEnergy: 2.73e+07 pJ
TS 0 layer 4 leakagePower: 1193.18 uW
TS 0 layer 4 leakageEnergy: 1.05e+06 pJ
TS 0 layer 4 bufferDynamicEnergy: 9.02e+04 pJ (0.33%)
TS 0 layer 4 icDynamicEnergy: 7.80e+04 pJ (0.29%)
TS 0 layer 4 coreEnergyADC: 1.54e+05 pJ (0.56%)
TS 0 layer 4 coreEnergyAccum: 2.65e+07 pJ (96.94%)
TS 0 layer 4 coreEnergyOther: 1.04e+05 pJ (0.38%)
TS 0 layer 4 coreEnergyPopcnt: 4.08e+05 pJ (1.49%)
TS 0 layer 4 arrayReadDynamicEnergy: 2.70e+07 pJ (98.97%)
TS 0 layer 4 arrayEnergyADC: 1.54e+05 pJ (0.56%)
TS 0 layer 4 arrayEnergyAccum: 2.64e+07 pJ (96.91%)
TS 0 layer 4 arrayEnergyOther: 0.00e+00 pJ (0.00%)
TS 0 layer 4 arrayEnergyPopcnt: 4.08e+05 pJ (1.49%)
TS 0 layer 4 readDynamicEnergyBuffer: 1.16e+05 pJ (0.42%)
TS 0 layer 4 readDynamicEnergyIC: 1.95e+05 pJ (0.71%)
Time elapsed before estimating layer 5 ts 1 ====> 352.32 s
TS 0 layer 5 readLatency: 1.79e+05 ns
TS 0 layer 5 bufferLatency: 1.47e+05 ns (82.50%)
TS 0 layer 5 icLatency: 1.76e+04 ns
TS 0 layer 5 coreLatencyADC: 6.58e+01 ns (0.04%)
TS 0 layer 5 coreLatencyAccum: 1.21e+04 ns (6.75%)
TS 0 layer 5 coreLatencyOther: 1.52e+03 ns (0.85%)
TS 0 layer 5 arrayReadLatency: 5.92e+03 ns (3.31%)
TS 0 layer 5 arrayLatencyADC: 6.58e+01 ns (0.04%)
TS 0 layer 5 arrayLatencyAccum: 5.86e+03 ns (3.28%)
TS 0 layer 5 arrayLatencyOther: 0.00e+00 ns (0.00%)
TS 0 layer 5 readLatencyBuffer: 2.95e+05 ns (165.22%)
TS 0 layer 5 readLatencyIC: 3.53e+04 ns (19.75%)
TS 0 layer 5 readDynamicEnergy: 2.25e+07 pJ
TS 0 layer 5 leakagePower: 31596.44 uW
TS 0 layer 5 leakageEnergy: 5.65e+06 pJ
TS 0 layer 5 bufferDynamicEnergy: 2.57e+06 pJ (11.46%)
TS 0 layer 5 icDynamicEnergy: 1.47e+07 pJ (65.52%)
TS 0 layer 5 coreEnergyADC: 1.71e+04 pJ (0.08%)
TS 0 layer 5 coreEnergyAccum: 5.11e+06 pJ (22.74%)
TS 0 layer 5 coreEnergyOther: 1.64e+03 pJ (0.01%)
TS 0 layer 5 coreEnergyPopcnt: 4.53e+04 pJ (0.20%)
TS 0 layer 5 arrayReadDynamicEnergy: 3.17e+06 pJ (14.12%)
TS 0 layer 5 arrayEnergyADC: 1.71e+04 pJ (0.08%)
TS 0 layer 5 arrayEnergyAccum: 3.11e+06 pJ (13.84%)
TS 0 layer 5 arrayEnergyOther: 0.00e+00 pJ (0.00%)
TS 0 layer 5 arrayEnergyPopcnt: 4.53e+04 pJ (0.20%)
TS 0 layer 5 readDynamicEnergyBuffer: 7.34e+06 pJ (32.69%)
TS 0 layer 5 readDynamicEnergyIC: 3.72e+07 pJ (165.67%)
Time elapsed before estimating layer 6 ts 1 ====> 352.42 s
TS 0 layer 6 readLatency: 3.59e+03 ns
TS 0 layer 6 bufferLatency: 2.26e+03 ns (62.98%)
TS 0 layer 6 icLatency: 7.06e+01 ns
TS 0 layer 6 coreLatencyADC: 1.29e+00 ns (0.04%)
TS 0 layer 6 coreLatencyAccum: 1.42e+02 ns (3.95%)
TS 0 layer 6 coreLatencyOther: 1.12e+03 ns (31.07%)
TS 0 layer 6 arrayReadLatency: 3.98e+01 ns (1.11%)
TS 0 layer 6 arrayLatencyADC: 1.29e+00 ns (0.04%)
TS 0 layer 6 arrayLatencyAccum: 3.86e+01 ns (1.07%)
TS 0 layer 6 arrayLatencyOther: 0.00e+00 ns (0.00%)
TS 0 layer 6 readLatencyBuffer: 2.94e+03 ns (81.74%)
TS 0 layer 6 readLatencyIC: 1.41e+02 ns (3.93%)
TS 0 layer 6 readDynamicEnergy: 5.95e+03 pJ
TS 0 layer 6 leakagePower: 94.79 uW
TS 0 layer 6 leakageEnergy: 3.40e+02 pJ
TS 0 layer 6 bufferDynamicEnergy: 6.13e+02 pJ (10.29%)
TS 0 layer 6 icDynamicEnergy: 2.47e+03 pJ (41.40%)
TS 0 layer 6 coreEnergyADC: 2.09e+01 pJ (0.35%)
TS 0 layer 6 coreEnergyAccum: 2.11e+03 pJ (35.41%)
TS 0 layer 6 coreEnergyOther: 3.87e+01 pJ (0.65%)
TS 0 layer 6 coreEnergyPopcnt: 7.08e+02 pJ (11.89%)
TS 0 layer 6 arrayReadDynamicEnergy: 2.67e+03 pJ (44.84%)
TS 0 layer 6 arrayEnergyADC: 2.09e+01 pJ (0.35%)
TS 0 layer 6 arrayEnergyAccum: 1.94e+03 pJ (32.60%)
TS 0 layer 6 arrayEnergyOther: 0.00e+00 pJ (0.00%)
TS 0 layer 6 arrayEnergyPopcnt: 7.08e+02 pJ (11.89%)
TS 0 layer 6 readDynamicEnergyBuffer: 1.51e+03 pJ (25.32%)
TS 0 layer 6 readDynamicEnergyIC: 5.66e+03 pJ (95.07%)
=============== Chip Performance Estimating Finish ===============
Max SNN Latency Layer: 0, Max Time Step: -1
SNN pipeline latency: 0.053733659714613066
Average of the snn layer latency (per timestep): 0.011201050858666529
Mean of the snn layer latency (per timestep): 0.011201050858666529
STD of the snn layer latency (per timestep): 0.019261155752005234
=============== Chip Area Analysis ===============
Chip Area: 3.69e+07 um^2
Chip ADC (or S/As and precharger for SRAM) Area: 1.53e+06 um^2 (4.13 %)
Chip IC Area (Global and Tile/PE local): 3.46e+06 um^2 (9.38 %)
Chip Accum (subarray level: adders, shiftAdds; PE/Tile/Global level: accumulation units) Area: 5.71e+06 um^2 (15.45 %)
Chip Other (e.g. decoders, mux, switchmatrix, buffers, IC, pooling and activation units) Area: 8.24e+06 um^2 (22.32 %)
Chip Popcnt Area: 1.67e+05 um^2 (0.45 %)
Chip Array Area: 1.51e+07 um^2 (40.80 %)
=============== Chip Latency Analysis ===============
Pipelined Clock Latency (per Layer per mergedTimeStep): 5.37e+07 ns
Buffer Latency (slowest timestep of the slowest layer): 4.93e+07 ns         (91.73 % of pipeline latency)
IC Latency (slowest timestep of the slowest layer): 9.50e+00 ns         (0.00 % of pipeline latency)
Core Latency ADC (slowest timestep of the slowest layer): 3.37e+04 ns         (0.06 % of pipeline latency)
Core Latency Accum (slowest timestep of the slowest layer): 2.28e+06 ns         (4.24 % of pipeline latency)
Core Latency Other (slowest timestep of the slowest layer): 2.13e+06 ns         (3.96 % of pipeline latency)
Array Read Latency (slowest timestep of the slowest layer): 2.31e+06 ns           (4.30 % of pipeline latency)
Array Latency ADC (slowest timestep of the slowest layer): 3.37e+04 ns           (0.06 % of pipeline latency)
Array Latency Accum (slowest timestep of the slowest layer): 2.28e+06 ns           (4.24 % of pipeline latency)
Array Latency Other (slowest timestep of the slowest layer): 0.00e+00 ns           (0.00 % of pipeline latency)
Read Latency Buffer (slowest timestep of the slowest layer): 4.93e+07 ns           (91.73 % of pipeline latency)
Read Latency IC (slowest timestep of the slowest layer): 1.90e+01 ns           (0.00 % of pipeline latency)
Total Read Latency (per image): 6.72e+07 ns
Total Buffer Latency (per image): 5.66e+07 ns         (84.18 % of total read latency)
Total IC Latency (per image): 1.98e+04 ns         (0.03 % of total read latency)
Total Core Latency ADC (per image): 8.85e+04 ns         (0.13 % of total read latency)
Total Core Latency Accum (per image): 7.69e+06 ns         (11.45 % of total read latency)
Total Core Latency Other (per image): 2.83e+06 ns         (4.21 % of total read latency)
Total Array Read Latency (per image): 7.71e+06 ns         (11.47 % of total read latency)
Total Array Latency ADC (per image): 8.85e+04 ns         (0.13 % of total read latency)
Total Array Latency Accum (per image): 7.62e+06 ns         (11.34 % of total read latency)
Total Array Latency Other (per image): 0.00e+00 ns         (0.00 % of total read latency)
Total Read Latency Buffer (per image): 5.67e+07 ns         (84.43 % of total read latency)
Total Read Latency IC (per image): 3.97e+04 ns         (0.06 % of total read latency)
=============== Chip Energy Analysis ===============
Total Read Dynamic Energy (per image): 8.74e+08 pJ
Total Buffer Dynamic Energy (per image): 4.35e+06 pJ         (0.50 % of total read dynamic energy)
Total IC Dynamic Energy (per image): 1.50e+07 pJ         (1.71 % of total read dynamic energy)
Total Core Energy ADC (per image): 3.52e+06 pJ         (0.40 % of total read dynamic energy)
Total Core Energy Accum (per image): 8.33e+08 pJ         (95.30 % of total read dynamic energy)
Total Core Energy Other (per image): 8.87e+06 pJ         (1.02 % of total read dynamic energy)
Total Core Energy Popcnt (per image): 9.33e+06 pJ         (1.07 % of total read dynamic energy)
Total Leakage Power (per image): 35284.17 uW
Total Leakage Energy (per image): 1.90e+09 pJ
Total Array Read Dynamic Energy (per image): 8.43e+08 pJ (96.54 % of total read dynamic energy)
Total Array Energy ADC (per image): 3.52e+06 pJ (0.40 % of total read dynamic energy)
Total Array Energy Accum (per image): 8.30e+08 pJ (95.07 % of total read dynamic energy)
Total Array Energy Other (per image): 0.00e+00 pJ (0.00 % of total read dynamic energy)
Total Array Energy Popcnt (per image): 9.33e+06 pJ (1.07 % of total read dynamic energy)
Total Read Dynamic Energy Buffer (per image): 9.20e+06 pJ (1.05 % of total read dynamic energy)
Total Read Dynamic Energy IC (per image): 3.78e+07 pJ (4.33 % of total read dynamic energy)

=============== Chip Performance Estimating Finish ===============
Energy Efficiency TOPS/W (Pipelined Process without IC Energy): 49.67501426386039
Throughput TOPS (Pipelined Process with IC Delay): 3.1066993033158616
Throughput FPS (Pipelined Process with IC Delay): 18.61030879547641
Compute Efficiency TOPS/mm^2 (Pipelined Process with IC Delay): 0.08415426014033862
Simulation finished, total time elapsed = 352.43 s
