=============== Parameter Loading Finish ===============
Time elapsed = 0.03 s
=============== Network Structure Loading Finish ===============
{'IH': 56, 'IW': 56, 'Cin': 64, 'KH': 3, 'KW': 3, 'Cout': 64, 'pooling': 0, 'stride': 1, 'isSNN': 1, 'T': 100, 'weight_row': 64, 'weight_col': 576}
{'IH': 56, 'IW': 56, 'Cin': 64, 'KH': 3, 'KW': 3, 'Cout': 64, 'pooling': 0, 'stride': 1, 'isSNN': 1, 'T': 100, 'weight_row': 64, 'weight_col': 576}
{'IH': 56, 'IW': 56, 'Cin': 64, 'KH': 3, 'KW': 3, 'Cout': 64, 'pooling': 0, 'stride': 1, 'isSNN': 1, 'T': 100, 'weight_row': 64, 'weight_col': 576}
{'IH': 56, 'IW': 56, 'Cin': 64, 'KH': 3, 'KW': 3, 'Cout': 64, 'pooling': 0, 'stride': 1, 'isSNN': 1, 'T': 100, 'weight_row': 64, 'weight_col': 576}
{'IH': 56, 'IW': 56, 'Cin': 64, 'KH': 3, 'KW': 3, 'Cout': 128, 'pooling': 0, 'stride': 2, 'isSNN': 1, 'T': 100, 'weight_row': 128, 'weight_col': 576}
{'IH': 28, 'IW': 28, 'Cin': 128, 'KH': 3, 'KW': 3, 'Cout': 128, 'pooling': 0, 'stride': 1, 'isSNN': 1, 'T': 100, 'weight_row': 128, 'weight_col': 1152}
{'IH': 28, 'IW': 28, 'Cin': 128, 'KH': 3, 'KW': 3, 'Cout': 128, 'pooling': 0, 'stride': 1, 'isSNN': 1, 'T': 100, 'weight_row': 128, 'weight_col': 1152}
{'IH': 28, 'IW': 28, 'Cin': 128, 'KH': 3, 'KW': 3, 'Cout': 128, 'pooling': 0, 'stride': 1, 'isSNN': 1, 'T': 100, 'weight_row': 128, 'weight_col': 1152}
{'IH': 28, 'IW': 28, 'Cin': 128, 'KH': 3, 'KW': 3, 'Cout': 256, 'pooling': 0, 'stride': 2, 'isSNN': 1, 'T': 100, 'weight_row': 256, 'weight_col': 1152}
{'IH': 14, 'IW': 14, 'Cin': 256, 'KH': 3, 'KW': 3, 'Cout': 256, 'pooling': 0, 'stride': 1, 'isSNN': 1, 'T': 100, 'weight_row': 256, 'weight_col': 2304}
{'IH': 14, 'IW': 14, 'Cin': 256, 'KH': 3, 'KW': 3, 'Cout': 256, 'pooling': 0, 'stride': 1, 'isSNN': 1, 'T': 100, 'weight_row': 256, 'weight_col': 2304}
{'IH': 14, 'IW': 14, 'Cin': 256, 'KH': 3, 'KW': 3, 'Cout': 256, 'pooling': 0, 'stride': 1, 'isSNN': 1, 'T': 100, 'weight_row': 256, 'weight_col': 2304}
{'IH': 14, 'IW': 14, 'Cin': 256, 'KH': 3, 'KW': 3, 'Cout': 512, 'pooling': 0, 'stride': 2, 'isSNN': 1, 'T': 100, 'weight_row': 512, 'weight_col': 2304}
{'IH': 7, 'IW': 7, 'Cin': 512, 'KH': 3, 'KW': 3, 'Cout': 512, 'pooling': 0, 'stride': 1, 'isSNN': 1, 'T': 100, 'weight_row': 512, 'weight_col': 4608}
{'IH': 7, 'IW': 7, 'Cin': 512, 'KH': 3, 'KW': 3, 'Cout': 512, 'pooling': 0, 'stride': 1, 'isSNN': 1, 'T': 100, 'weight_row': 512, 'weight_col': 4608}
{'IH': 7, 'IW': 7, 'Cin': 512, 'KH': 3, 'KW': 3, 'Cout': 512, 'pooling': 1, 'stride': 1, 'isSNN': 1, 'T': 100, 'weight_row': 512, 'weight_col': 4608}

------------------------------ FloorPlan --------------------------------
Tile and PE size are optimized to maximize memory utilization ( = memory mapped by synapse / total memory on chip)
Desired Conventional Mapped Tile Storage Size: 1024 x 1024
Desired Conventional PE Storage Size: 512 x 512
User-defined SubArray Size: 128 x 128
----------------- # of tile used for each layer -----------------
Layer 1: 40
Layer 2: 40
Layer 3: 40
Layer 4: 40
Layer 5: 40
Layer 6: 18
Layer 7: 18
Layer 8: 18
Layer 9: 36
Layer 10: 18
Layer 11: 18
Layer 12: 18
Layer 13: 36
Layer 14: 36
Layer 15: 36
Layer 16: 36
----------------- Speed-up of each layer ------------------
Layer 1: 64
Layer 2: 64
Layer 3: 64
Layer 4: 64
Layer 5: 64
Layer 6: 16
Layer 7: 16
Layer 8: 16
Layer 9: 16
Layer 10: 4
Layer 11: 4
Layer 12: 4
Layer 13: 4
Layer 14: 2
Layer 15: 2
Layer 16: 2
----------------- Utilization of each layer ------------------
Layer 1: 0.45
Layer 2: 0.45
Layer 3: 0.45
Layer 4: 0.45
Layer 5: 0.9
Layer 6: 1.0
Layer 7: 1.0
Layer 8: 1.0
Layer 9: 1.0
Layer 10: 1.0
Layer 11: 1.0
Layer 12: 1.0
Layer 13: 1.0
Layer 14: 1.0
Layer 15: 1.0
Layer 16: 1.0
Memory Utilization of Whole Chip: 81.14754098360656 %
---------------------------- FloorPlan Done ------------------------------
Chip Area: 1.46e+08 um^2
Chip ADC (or S/As and precharger for SRAM) Area: 7.02e+06 um^2 (4.82 %)
Chip IC Area (Global and Tile/PE local): 5.61e+06 um^2 (3.85 %)
Chip Accum (subarray level: adders, shiftAdds; PE/Tile/Global level: accumulation units) Area: 2.63e+07 um^2 (18.04 %)
Chip Other (e.g. decoders, mux, switchmatrix, buffers, IC, pooling and activation units) Area: 2.40e+07 um^2 (16.47 %)
Chip Popcnt Area: 7.67e+05 um^2 (0.53 %)
Chip Array Area: 6.93e+07 um^2 (47.60 %)
Time elapsed = 18.90 s
=============== Chip Clk Period Estimating ===============
Time elapsed after estimating layer 1 = 40.38 s
Chip Clk Period: 1.0281894905588658 ns
=============== Chip Performance Estimating ===============
Time elapsed before estimating layer 1 ts 1 ====> 253.47 s
TS 0 layer 1 readLatency: 1.92e+07 ns
TS 0 layer 1 bufferLatency: 1.86e+07 ns (97.22%)
TS 0 layer 1 icLatency: 2.04e+02 ns
TS 0 layer 1 coreLatencyADC: 3.22e+03 ns (0.02%)
TS 0 layer 1 coreLatencyAccum: 3.69e+05 ns (1.92%)
TS 0 layer 1 coreLatencyOther: 1.61e+05 ns (0.84%)
TS 0 layer 1 arrayReadLatency: 2.81e+05 ns (1.47%)
TS 0 layer 1 arrayLatencyADC: 3.22e+03 ns (0.02%)
TS 0 layer 1 arrayLatencyAccum: 2.78e+05 ns (1.45%)
TS 0 layer 1 arrayLatencyOther: 0.00e+00 ns (0.00%)
TS 0 layer 1 readLatencyBuffer: 1.86e+07 ns (97.23%)
TS 0 layer 1 readLatencyIC: 4.09e+02 ns (0.00%)
TS 0 layer 1 readDynamicEnergy: 1.20e+08 pJ
TS 0 layer 1 leakagePower: 356.96 uW
TS 0 layer 1 leakageEnergy: 6.84e+06 pJ
TS 0 layer 1 bufferDynamicEnergy: 1.86e+06 pJ (1.54%)
TS 0 layer 1 icDynamicEnergy: 1.11e+04 pJ (0.01%)
TS 0 layer 1 coreEnergyADC: 4.71e+05 pJ (0.39%)
TS 0 layer 1 coreEnergyAccum: 1.17e+08 pJ (97.53%)
TS 0 layer 1 coreEnergyOther: 6.39e+05 pJ (0.53%)
TS 0 layer 1 coreEnergyPopcnt: 2.50e+06 pJ (2.08%)
TS 0 layer 1 arrayReadDynamicEnergy: 1.18e+08 pJ (97.90%)
TS 0 layer 1 arrayEnergyADC: 4.71e+05 pJ (0.39%)
TS 0 layer 1 arrayEnergyAccum: 1.17e+08 pJ (97.51%)
TS 0 layer 1 arrayEnergyOther: 0.00e+00 pJ (0.00%)
TS 0 layer 1 arrayEnergyPopcnt: 2.50e+06 pJ (2.08%)
TS 0 layer 1 readDynamicEnergyBuffer: 1.86e+06 pJ (1.55%)
TS 0 layer 1 readDynamicEnergyIC: 2.71e+04 pJ (0.02%)
successRate of layer 1 = 0.62
Max(successRate) of layer 1 = 0.62
Min(successRate) of layer 1 = 0.62
Time elapsed before estimating layer 2 ts 1 ====> 498.50 s
TS 0 layer 2 readLatency: 1.92e+07 ns
TS 0 layer 2 bufferLatency: 1.86e+07 ns (97.02%)
TS 0 layer 2 icLatency: 2.04e+02 ns
TS 0 layer 2 coreLatencyADC: 3.22e+03 ns (0.02%)
TS 0 layer 2 coreLatencyAccum: 4.07e+05 ns (2.12%)
TS 0 layer 2 coreLatencyOther: 1.61e+05 ns (0.84%)
TS 0 layer 2 arrayReadLatency: 3.20e+05 ns (1.66%)
TS 0 layer 2 arrayLatencyADC: 3.22e+03 ns (0.02%)
TS 0 layer 2 arrayLatencyAccum: 3.16e+05 ns (1.65%)
TS 0 layer 2 arrayLatencyOther: 0.00e+00 ns (0.00%)
TS 0 layer 2 readLatencyBuffer: 1.86e+07 ns (97.03%)
TS 0 layer 2 readLatencyIC: 4.09e+02 ns (0.00%)
TS 0 layer 2 readDynamicEnergy: 1.32e+08 pJ
TS 0 layer 2 leakagePower: 356.96 uW
TS 0 layer 2 leakageEnergy: 6.85e+06 pJ
TS 0 layer 2 bufferDynamicEnergy: 1.86e+06 pJ (1.40%)
TS 0 layer 2 icDynamicEnergy: 1.11e+04 pJ (0.01%)
TS 0 layer 2 coreEnergyADC: 4.71e+05 pJ (0.36%)
TS 0 layer 2 coreEnergyAccum: 1.29e+08 pJ (97.75%)
TS 0 layer 2 coreEnergyOther: 6.39e+05 pJ (0.48%)
TS 0 layer 2 coreEnergyPopcnt: 2.50e+06 pJ (1.89%)
TS 0 layer 2 arrayReadDynamicEnergy: 1.30e+08 pJ (98.09%)
TS 0 layer 2 arrayEnergyADC: 4.71e+05 pJ (0.36%)
TS 0 layer 2 arrayEnergyAccum: 1.29e+08 pJ (97.73%)
TS 0 layer 2 arrayEnergyOther: 0.00e+00 pJ (0.00%)
TS 0 layer 2 arrayEnergyPopcnt: 2.50e+06 pJ (1.89%)
TS 0 layer 2 readDynamicEnergyBuffer: 1.86e+06 pJ (1.41%)
TS 0 layer 2 readDynamicEnergyIC: 2.71e+04 pJ (0.02%)
successRate of layer 2 = 0.56
Max(successRate) of layer 2 = 0.56
Min(successRate) of layer 2 = 0.56
Time elapsed before estimating layer 3 ts 1 ====> 720.42 s
TS 0 layer 3 readLatency: 1.92e+07 ns
TS 0 layer 3 bufferLatency: 1.86e+07 ns (97.16%)
TS 0 layer 3 icLatency: 2.04e+02 ns
TS 0 layer 3 coreLatencyADC: 3.22e+03 ns (0.02%)
TS 0 layer 3 coreLatencyAccum: 3.80e+05 ns (1.98%)
TS 0 layer 3 coreLatencyOther: 1.61e+05 ns (0.84%)
TS 0 layer 3 arrayReadLatency: 2.92e+05 ns (1.52%)
TS 0 layer 3 arrayLatencyADC: 3.22e+03 ns (0.02%)
TS 0 layer 3 arrayLatencyAccum: 2.89e+05 ns (1.51%)
TS 0 layer 3 arrayLatencyOther: 0.00e+00 ns (0.00%)
TS 0 layer 3 readLatencyBuffer: 1.86e+07 ns (97.17%)
TS 0 layer 3 readLatencyIC: 4.09e+02 ns (0.00%)
TS 0 layer 3 readDynamicEnergy: 1.40e+08 pJ
TS 0 layer 3 leakagePower: 356.96 uW
TS 0 layer 3 leakageEnergy: 6.85e+06 pJ
TS 0 layer 3 bufferDynamicEnergy: 1.86e+06 pJ (1.33%)
TS 0 layer 3 icDynamicEnergy: 1.11e+04 pJ (0.01%)
TS 0 layer 3 coreEnergyADC: 4.71e+05 pJ (0.34%)
TS 0 layer 3 coreEnergyAccum: 1.37e+08 pJ (97.87%)
TS 0 layer 3 coreEnergyOther: 6.39e+05 pJ (0.46%)
TS 0 layer 3 coreEnergyPopcnt: 2.50e+06 pJ (1.79%)
TS 0 layer 3 arrayReadDynamicEnergy: 1.37e+08 pJ (98.19%)
TS 0 layer 3 arrayEnergyADC: 4.71e+05 pJ (0.34%)
TS 0 layer 3 arrayEnergyAccum: 1.37e+08 pJ (97.86%)
TS 0 layer 3 arrayEnergyOther: 0.00e+00 pJ (0.00%)
TS 0 layer 3 arrayEnergyPopcnt: 2.50e+06 pJ (1.79%)
TS 0 layer 3 readDynamicEnergyBuffer: 1.86e+06 pJ (1.33%)
TS 0 layer 3 readDynamicEnergyIC: 2.71e+04 pJ (0.02%)
successRate of layer 3 = 0.61
Max(successRate) of layer 3 = 0.61
Min(successRate) of layer 3 = 0.61
Time elapsed before estimating layer 4 ts 1 ====> 934.51 s
TS 0 layer 4 readLatency: 1.93e+07 ns
TS 0 layer 4 bufferLatency: 1.86e+07 ns (96.71%)
TS 0 layer 4 icLatency: 2.04e+02 ns
TS 0 layer 4 coreLatencyADC: 3.22e+03 ns (0.02%)
TS 0 layer 4 coreLatencyAccum: 4.68e+05 ns (2.43%)
TS 0 layer 4 coreLatencyOther: 1.61e+05 ns (0.84%)
TS 0 layer 4 arrayReadLatency: 3.81e+05 ns (1.98%)
TS 0 layer 4 arrayLatencyADC: 3.22e+03 ns (0.02%)
TS 0 layer 4 arrayLatencyAccum: 3.78e+05 ns (1.96%)
TS 0 layer 4 arrayLatencyOther: 0.00e+00 ns (0.00%)
TS 0 layer 4 readLatencyBuffer: 1.86e+07 ns (96.72%)
TS 0 layer 4 readLatencyIC: 4.09e+02 ns (0.00%)
TS 0 layer 4 readDynamicEnergy: 1.74e+08 pJ
TS 0 layer 4 leakagePower: 356.96 uW
TS 0 layer 4 leakageEnergy: 6.88e+06 pJ
TS 0 layer 4 bufferDynamicEnergy: 1.86e+06 pJ (1.07%)
TS 0 layer 4 icDynamicEnergy: 1.11e+04 pJ (0.01%)
TS 0 layer 4 coreEnergyADC: 4.71e+05 pJ (0.27%)
TS 0 layer 4 coreEnergyAccum: 1.71e+08 pJ (98.29%)
TS 0 layer 4 coreEnergyOther: 6.39e+05 pJ (0.37%)
TS 0 layer 4 coreEnergyPopcnt: 2.50e+06 pJ (1.43%)
TS 0 layer 4 arrayReadDynamicEnergy: 1.72e+08 pJ (98.55%)
TS 0 layer 4 arrayEnergyADC: 4.71e+05 pJ (0.27%)
TS 0 layer 4 arrayEnergyAccum: 1.71e+08 pJ (98.28%)
TS 0 layer 4 arrayEnergyOther: 0.00e+00 pJ (0.00%)
TS 0 layer 4 arrayEnergyPopcnt: 2.50e+06 pJ (1.43%)
TS 0 layer 4 readDynamicEnergyBuffer: 1.86e+06 pJ (1.07%)
TS 0 layer 4 readDynamicEnergyIC: 2.71e+04 pJ (0.02%)
successRate of layer 4 = 0.49
Max(successRate) of layer 4 = 0.49
Min(successRate) of layer 4 = 0.49
Time elapsed before estimating layer 5 ts 1 ====> 1010.23 s
TS 0 layer 5 readLatency: 5.35e+06 ns
TS 0 layer 5 bufferLatency: 5.13e+06 ns (95.88%)
TS 0 layer 5 icLatency: 3.52e+02 ns
TS 0 layer 5 coreLatencyADC: 1.61e+03 ns (0.03%)
TS 0 layer 5 coreLatencyAccum: 1.38e+05 ns (2.58%)
TS 0 layer 5 coreLatencyOther: 8.06e+04 ns (1.51%)
TS 0 layer 5 arrayReadLatency: 1.16e+05 ns (2.18%)
TS 0 layer 5 arrayLatencyADC: 1.61e+03 ns (0.03%)
TS 0 layer 5 arrayLatencyAccum: 1.15e+05 ns (2.15%)
TS 0 layer 5 arrayLatencyOther: 0.00e+00 ns (0.00%)
TS 0 layer 5 readLatencyBuffer: 5.13e+06 ns (95.93%)
TS 0 layer 5 readLatencyIC: 7.05e+02 ns (0.01%)
TS 0 layer 5 readDynamicEnergy: 6.22e+07 pJ
TS 0 layer 5 leakagePower: 652.55 uW
TS 0 layer 5 leakageEnergy: 3.49e+06 pJ
TS 0 layer 5 bufferDynamicEnergy: 4.69e+05 pJ (0.75%)
TS 0 layer 5 icDynamicEnergy: 2.04e+04 pJ (0.03%)
TS 0 layer 5 coreEnergyADC: 2.36e+05 pJ (0.38%)
TS 0 layer 5 coreEnergyAccum: 6.12e+07 pJ (98.32%)
TS 0 layer 5 coreEnergyOther: 3.19e+05 pJ (0.51%)
TS 0 layer 5 coreEnergyPopcnt: 6.24e+05 pJ (1.00%)
TS 0 layer 5 arrayReadDynamicEnergy: 6.14e+07 pJ (98.69%)
TS 0 layer 5 arrayEnergyADC: 2.36e+05 pJ (0.38%)
TS 0 layer 5 arrayEnergyAccum: 6.12e+07 pJ (98.31%)
TS 0 layer 5 arrayEnergyOther: 0.00e+00 pJ (0.00%)
TS 0 layer 5 arrayEnergyPopcnt: 6.24e+05 pJ (1.00%)
TS 0 layer 5 readDynamicEnergyBuffer: 4.75e+05 pJ (0.76%)
TS 0 layer 5 readDynamicEnergyIC: 5.06e+04 pJ (0.08%)
successRate of layer 5 = 0.70
Max(successRate) of layer 5 = 0.70
Min(successRate) of layer 5 = 0.70
Time elapsed before estimating layer 6 ts 1 ====> 1150.70 s
TS 0 layer 6 readLatency: 2.08e+07 ns
TS 0 layer 6 bufferLatency: 2.01e+07 ns (96.68%)
TS 0 layer 6 icLatency: 7.05e+02 ns
TS 0 layer 6 coreLatencyADC: 6.45e+03 ns (0.03%)
TS 0 layer 6 coreLatencyAccum: 6.02e+05 ns (2.90%)
TS 0 layer 6 coreLatencyOther: 8.06e+04 ns (0.39%)
TS 0 layer 6 arrayReadLatency: 5.97e+05 ns (2.87%)
TS 0 layer 6 arrayLatencyADC: 6.45e+03 ns (0.03%)
TS 0 layer 6 arrayLatencyAccum: 5.90e+05 ns (2.84%)
TS 0 layer 6 arrayLatencyOther: 0.00e+00 ns (0.00%)
TS 0 layer 6 readLatencyBuffer: 2.01e+07 ns (96.71%)
TS 0 layer 6 readLatencyIC: 1.41e+03 ns (0.01%)
TS 0 layer 6 readDynamicEnergy: 9.66e+07 pJ
TS 0 layer 6 leakagePower: 1193.18 uW
TS 0 layer 6 leakageEnergy: 2.48e+07 pJ
TS 0 layer 6 bufferDynamicEnergy: 9.42e+05 pJ (0.97%)
TS 0 layer 6 icDynamicEnergy: 7.80e+04 pJ (0.08%)
TS 0 layer 6 coreEnergyADC: 4.71e+05 pJ (0.49%)
TS 0 layer 6 coreEnergyAccum: 9.48e+07 pJ (98.13%)
TS 0 layer 6 coreEnergyOther: 3.19e+05 pJ (0.33%)
TS 0 layer 6 coreEnergyPopcnt: 1.25e+06 pJ (1.29%)
TS 0 layer 6 arrayReadDynamicEnergy: 9.53e+07 pJ (98.60%)
TS 0 layer 6 arrayEnergyADC: 4.71e+05 pJ (0.49%)
TS 0 layer 6 arrayEnergyAccum: 9.48e+07 pJ (98.12%)
TS 0 layer 6 arrayEnergyOther: 0.00e+00 pJ (0.00%)
TS 0 layer 6 arrayEnergyPopcnt: 1.25e+06 pJ (1.29%)
TS 0 layer 6 readDynamicEnergyBuffer: 9.67e+05 pJ (1.00%)
TS 0 layer 6 readDynamicEnergyIC: 1.95e+05 pJ (0.20%)
successRate of layer 6 = 0.62
Max(successRate) of layer 6 = 0.62
Min(successRate) of layer 6 = 0.62
Time elapsed before estimating layer 7 ts 1 ====> 1267.47 s
TS 0 layer 7 readLatency: 2.05e+07 ns
TS 0 layer 7 bufferLatency: 2.01e+07 ns (97.76%)
TS 0 layer 7 icLatency: 7.05e+02 ns
TS 0 layer 7 coreLatencyADC: 6.45e+03 ns (0.03%)
TS 0 layer 7 coreLatencyAccum: 3.72e+05 ns (1.81%)
TS 0 layer 7 coreLatencyOther: 8.06e+04 ns (0.39%)
TS 0 layer 7 arrayReadLatency: 3.66e+05 ns (1.79%)
TS 0 layer 7 arrayLatencyADC: 6.45e+03 ns (0.03%)
TS 0 layer 7 arrayLatencyAccum: 3.60e+05 ns (1.75%)
TS 0 layer 7 arrayLatencyOther: 0.00e+00 ns (0.00%)
TS 0 layer 7 readLatencyBuffer: 2.01e+07 ns (97.79%)
TS 0 layer 7 readLatencyIC: 1.41e+03 ns (0.01%)
TS 0 layer 7 readDynamicEnergy: 7.78e+07 pJ
TS 0 layer 7 leakagePower: 1193.18 uW
TS 0 layer 7 leakageEnergy: 2.45e+07 pJ
TS 0 layer 7 bufferDynamicEnergy: 9.42e+05 pJ (1.21%)
TS 0 layer 7 icDynamicEnergy: 7.80e+04 pJ (0.10%)
TS 0 layer 7 coreEnergyADC: 4.71e+05 pJ (0.61%)
TS 0 layer 7 coreEnergyAccum: 7.60e+07 pJ (97.67%)
TS 0 layer 7 coreEnergyOther: 3.19e+05 pJ (0.41%)
TS 0 layer 7 coreEnergyPopcnt: 1.25e+06 pJ (1.61%)
TS 0 layer 7 arrayReadDynamicEnergy: 7.64e+07 pJ (98.26%)
TS 0 layer 7 arrayEnergyADC: 4.71e+05 pJ (0.61%)
TS 0 layer 7 arrayEnergyAccum: 7.60e+07 pJ (97.66%)
TS 0 layer 7 arrayEnergyOther: 0.00e+00 pJ (0.00%)
TS 0 layer 7 arrayEnergyPopcnt: 1.25e+06 pJ (1.61%)
TS 0 layer 7 readDynamicEnergyBuffer: 9.67e+05 pJ (1.24%)
TS 0 layer 7 readDynamicEnergyIC: 1.95e+05 pJ (0.25%)
successRate of layer 7 = 0.79
Max(successRate) of layer 7 = 0.79
Min(successRate) of layer 7 = 0.79
Time elapsed before estimating layer 8 ts 1 ====> 1458.47 s
TS 0 layer 8 readLatency: 2.08e+07 ns
TS 0 layer 8 bufferLatency: 2.01e+07 ns (96.52%)
TS 0 layer 8 icLatency: 7.05e+02 ns
TS 0 layer 8 coreLatencyADC: 6.45e+03 ns (0.03%)
TS 0 layer 8 coreLatencyAccum: 6.36e+05 ns (3.06%)
TS 0 layer 8 coreLatencyOther: 8.06e+04 ns (0.39%)
TS 0 layer 8 arrayReadLatency: 6.31e+05 ns (3.03%)
TS 0 layer 8 arrayLatencyADC: 6.45e+03 ns (0.03%)
TS 0 layer 8 arrayLatencyAccum: 6.24e+05 ns (3.00%)
TS 0 layer 8 arrayLatencyOther: 0.00e+00 ns (0.00%)
TS 0 layer 8 readLatencyBuffer: 2.01e+07 ns (96.55%)
TS 0 layer 8 readLatencyIC: 1.41e+03 ns (0.01%)
TS 0 layer 8 readDynamicEnergy: 1.04e+08 pJ
TS 0 layer 8 leakagePower: 1193.18 uW
TS 0 layer 8 leakageEnergy: 2.48e+07 pJ
TS 0 layer 8 bufferDynamicEnergy: 9.42e+05 pJ (0.90%)
TS 0 layer 8 icDynamicEnergy: 7.80e+04 pJ (0.07%)
TS 0 layer 8 coreEnergyADC: 4.71e+05 pJ (0.45%)
TS 0 layer 8 coreEnergyAccum: 1.03e+08 pJ (98.27%)
TS 0 layer 8 coreEnergyOther: 3.19e+05 pJ (0.31%)
TS 0 layer 8 coreEnergyPopcnt: 1.25e+06 pJ (1.20%)
TS 0 layer 8 arrayReadDynamicEnergy: 1.03e+08 pJ (98.71%)
TS 0 layer 8 arrayEnergyADC: 4.71e+05 pJ (0.45%)
TS 0 layer 8 arrayEnergyAccum: 1.03e+08 pJ (98.26%)
TS 0 layer 8 arrayEnergyOther: 0.00e+00 pJ (0.00%)
TS 0 layer 8 arrayEnergyPopcnt: 1.25e+06 pJ (1.20%)
TS 0 layer 8 readDynamicEnergyBuffer: 9.67e+05 pJ (0.93%)
TS 0 layer 8 readDynamicEnergyIC: 1.95e+05 pJ (0.19%)
successRate of layer 8 = 0.46
Max(successRate) of layer 8 = 0.46
Min(successRate) of layer 8 = 0.46
Time elapsed before estimating layer 9 ts 1 ====> 1529.13 s
TS 0 layer 9 readLatency: 3.02e+06 ns
TS 0 layer 9 bufferLatency: 2.77e+06 ns (91.74%)
TS 0 layer 9 icLatency: 1.30e+03 ns
TS 0 layer 9 coreLatencyADC: 1.61e+03 ns (0.05%)
TS 0 layer 9 coreLatencyAccum: 2.06e+05 ns (6.83%)
TS 0 layer 9 coreLatencyOther: 4.03e+04 ns (1.34%)
TS 0 layer 9 arrayReadLatency: 2.00e+05 ns (6.64%)
TS 0 layer 9 arrayLatencyADC: 1.61e+03 ns (0.05%)
TS 0 layer 9 arrayLatencyAccum: 1.99e+05 ns (6.58%)
TS 0 layer 9 arrayLatencyOther: 0.00e+00 ns (0.00%)
TS 0 layer 9 readLatencyBuffer: 2.78e+06 ns (92.09%)
TS 0 layer 9 readLatencyIC: 2.59e+03 ns (0.09%)
TS 0 layer 9 readDynamicEnergy: 8.08e+07 pJ
TS 0 layer 9 leakagePower: 2276.42 uW
TS 0 layer 9 leakageEnergy: 6.87e+06 pJ
TS 0 layer 9 bufferDynamicEnergy: 2.59e+05 pJ (0.32%)
TS 0 layer 9 icDynamicEnergy: 1.49e+05 pJ (0.18%)
TS 0 layer 9 coreEnergyADC: 2.36e+05 pJ (0.29%)
TS 0 layer 9 coreEnergyAccum: 8.00e+07 pJ (99.01%)
TS 0 layer 9 coreEnergyOther: 1.60e+05 pJ (0.20%)
TS 0 layer 9 coreEnergyPopcnt: 6.24e+05 pJ (0.77%)
TS 0 layer 9 arrayReadDynamicEnergy: 8.02e+07 pJ (99.27%)
TS 0 layer 9 arrayEnergyADC: 2.36e+05 pJ (0.29%)
TS 0 layer 9 arrayEnergyAccum: 8.00e+07 pJ (98.98%)
TS 0 layer 9 arrayEnergyOther: 0.00e+00 pJ (0.00%)
TS 0 layer 9 arrayEnergyPopcnt: 6.24e+05 pJ (0.77%)
TS 0 layer 9 readDynamicEnergyBuffer: 3.07e+05 pJ (0.38%)
TS 0 layer 9 readDynamicEnergyIC: 3.75e+05 pJ (0.46%)
successRate of layer 9 = 0.55
Max(successRate) of layer 9 = 0.58
Min(successRate) of layer 9 = 0.52
Time elapsed before estimating layer 10 ts 1 ====> 1668.35 s
TS 0 layer 10 readLatency: 1.08e+07 ns
TS 0 layer 10 bufferLatency: 1.01e+07 ns (93.13%)
TS 0 layer 10 icLatency: 2.59e+03 ns
TS 0 layer 10 coreLatencyADC: 6.45e+03 ns (0.06%)
TS 0 layer 10 coreLatencyAccum: 6.92e+05 ns (6.41%)
TS 0 layer 10 coreLatencyOther: 4.03e+04 ns (0.37%)
TS 0 layer 10 arrayReadLatency: 6.97e+05 ns (6.46%)
TS 0 layer 10 arrayLatencyADC: 6.45e+03 ns (0.06%)
TS 0 layer 10 arrayLatencyAccum: 6.91e+05 ns (6.40%)
TS 0 layer 10 arrayLatencyOther: 0.00e+00 ns (0.00%)
TS 0 layer 10 readLatencyBuffer: 1.01e+07 ns (93.33%)
TS 0 layer 10 readLatencyIC: 5.19e+03 ns (0.05%)
TS 0 layer 10 readDynamicEnergy: 1.46e+08 pJ
TS 0 layer 10 leakagePower: 4552.85 uW
TS 0 layer 10 leakageEnergy: 4.91e+07 pJ
TS 0 layer 10 bufferDynamicEnergy: 5.69e+05 pJ (0.39%)
TS 0 layer 10 icDynamicEnergy: 5.96e+05 pJ (0.41%)
TS 0 layer 10 coreEnergyADC: 4.71e+05 pJ (0.32%)
TS 0 layer 10 coreEnergyAccum: 1.44e+08 pJ (98.77%)
TS 0 layer 10 coreEnergyOther: 1.60e+05 pJ (0.11%)
TS 0 layer 10 coreEnergyPopcnt: 1.25e+06 pJ (0.86%)
TS 0 layer 10 arrayReadDynamicEnergy: 1.44e+08 pJ (99.04%)
TS 0 layer 10 arrayEnergyADC: 4.71e+05 pJ (0.32%)
TS 0 layer 10 arrayEnergyAccum: 1.44e+08 pJ (98.71%)
TS 0 layer 10 arrayEnergyOther: 0.00e+00 pJ (0.00%)
TS 0 layer 10 arrayEnergyPopcnt: 1.25e+06 pJ (0.86%)
TS 0 layer 10 readDynamicEnergyBuffer: 7.63e+05 pJ (0.52%)
TS 0 layer 10 readDynamicEnergyIC: 1.50e+06 pJ (1.03%)
successRate of layer 10 = 0.54
Max(successRate) of layer 10 = 0.56
Min(successRate) of layer 10 = 0.52
Time elapsed before estimating layer 11 ts 1 ====> 1807.96 s
TS 0 layer 11 readLatency: 1.08e+07 ns
TS 0 layer 11 bufferLatency: 1.01e+07 ns (92.77%)
TS 0 layer 11 icLatency: 2.59e+03 ns
TS 0 layer 11 coreLatencyADC: 6.45e+03 ns (0.06%)
TS 0 layer 11 coreLatencyAccum: 7.34e+05 ns (6.78%)
TS 0 layer 11 coreLatencyOther: 4.03e+04 ns (0.37%)
TS 0 layer 11 arrayReadLatency: 7.40e+05 ns (6.83%)
TS 0 layer 11 arrayLatencyADC: 6.45e+03 ns (0.06%)
TS 0 layer 11 arrayLatencyAccum: 7.33e+05 ns (6.77%)
TS 0 layer 11 arrayLatencyOther: 0.00e+00 ns (0.00%)
TS 0 layer 11 readLatencyBuffer: 1.01e+07 ns (92.97%)
TS 0 layer 11 readLatencyIC: 5.19e+03 ns (0.05%)
TS 0 layer 11 readDynamicEnergy: 1.61e+08 pJ
TS 0 layer 11 leakagePower: 4552.85 uW
TS 0 layer 11 leakageEnergy: 4.93e+07 pJ
TS 0 layer 11 bufferDynamicEnergy: 5.69e+05 pJ (0.35%)
TS 0 layer 11 icDynamicEnergy: 5.96e+05 pJ (0.37%)
TS 0 layer 11 coreEnergyADC: 4.71e+05 pJ (0.29%)
TS 0 layer 11 coreEnergyAccum: 1.59e+08 pJ (98.89%)
TS 0 layer 11 coreEnergyOther: 1.60e+05 pJ (0.10%)
TS 0 layer 11 coreEnergyPopcnt: 1.25e+06 pJ (0.78%)
TS 0 layer 11 arrayReadDynamicEnergy: 1.60e+08 pJ (99.13%)
TS 0 layer 11 arrayEnergyADC: 4.71e+05 pJ (0.29%)
TS 0 layer 11 arrayEnergyAccum: 1.59e+08 pJ (98.84%)
TS 0 layer 11 arrayEnergyOther: 0.00e+00 pJ (0.00%)
TS 0 layer 11 arrayEnergyPopcnt: 1.25e+06 pJ (0.78%)
TS 0 layer 11 readDynamicEnergyBuffer: 7.63e+05 pJ (0.47%)
TS 0 layer 11 readDynamicEnergyIC: 1.50e+06 pJ (0.93%)
successRate of layer 11 = 0.53
Max(successRate) of layer 11 = 0.54
Min(successRate) of layer 11 = 0.52
Time elapsed before estimating layer 12 ts 1 ====> 1976.43 s
TS 0 layer 12 readLatency: 1.10e+07 ns
TS 0 layer 12 bufferLatency: 1.01e+07 ns (91.59%)
TS 0 layer 12 icLatency: 2.59e+03 ns
TS 0 layer 12 coreLatencyADC: 6.45e+03 ns (0.06%)
TS 0 layer 12 coreLatencyAccum: 8.74e+05 ns (7.97%)
TS 0 layer 12 coreLatencyOther: 4.03e+04 ns (0.37%)
TS 0 layer 12 arrayReadLatency: 8.80e+05 ns (8.01%)
TS 0 layer 12 arrayLatencyADC: 6.45e+03 ns (0.06%)
TS 0 layer 12 arrayLatencyAccum: 8.73e+05 ns (7.96%)
TS 0 layer 12 arrayLatencyOther: 0.00e+00 ns (0.00%)
TS 0 layer 12 readLatencyBuffer: 1.01e+07 ns (91.78%)
TS 0 layer 12 readLatencyIC: 5.19e+03 ns (0.05%)
TS 0 layer 12 readDynamicEnergy: 1.93e+08 pJ
TS 0 layer 12 leakagePower: 4552.85 uW
TS 0 layer 12 leakageEnergy: 5.00e+07 pJ
TS 0 layer 12 bufferDynamicEnergy: 5.69e+05 pJ (0.29%)
TS 0 layer 12 icDynamicEnergy: 5.96e+05 pJ (0.31%)
TS 0 layer 12 coreEnergyADC: 4.71e+05 pJ (0.24%)
TS 0 layer 12 coreEnergyAccum: 1.91e+08 pJ (99.07%)
TS 0 layer 12 coreEnergyOther: 1.60e+05 pJ (0.08%)
TS 0 layer 12 coreEnergyPopcnt: 1.25e+06 pJ (0.65%)
TS 0 layer 12 arrayReadDynamicEnergy: 1.92e+08 pJ (99.27%)
TS 0 layer 12 arrayEnergyADC: 4.71e+05 pJ (0.24%)
TS 0 layer 12 arrayEnergyAccum: 1.91e+08 pJ (99.03%)
TS 0 layer 12 arrayEnergyOther: 0.00e+00 pJ (0.00%)
TS 0 layer 12 arrayEnergyPopcnt: 1.25e+06 pJ (0.65%)
TS 0 layer 12 readDynamicEnergyBuffer: 7.63e+05 pJ (0.39%)
TS 0 layer 12 readDynamicEnergyIC: 1.50e+06 pJ (0.78%)
successRate of layer 12 = 0.36
Max(successRate) of layer 12 = 0.37
Min(successRate) of layer 12 = 0.35
Time elapsed before estimating layer 13 ts 1 ====> 2053.92 s
TS 0 layer 13 readLatency: 1.64e+06 ns
TS 0 layer 13 bufferLatency: 1.42e+06 ns (86.73%)
TS 0 layer 13 icLatency: 4.96e+03 ns
TS 0 layer 13 coreLatencyADC: 1.61e+03 ns (0.10%)
TS 0 layer 13 coreLatencyAccum: 1.91e+05 ns (11.64%)
TS 0 layer 13 coreLatencyOther: 2.02e+04 ns (1.23%)
TS 0 layer 13 arrayReadLatency: 1.89e+05 ns (11.57%)
TS 0 layer 13 arrayLatencyADC: 1.61e+03 ns (0.10%)
TS 0 layer 13 arrayLatencyAccum: 1.88e+05 ns (11.47%)
TS 0 layer 13 arrayLatencyOther: 0.00e+00 ns (0.00%)
TS 0 layer 13 readLatencyBuffer: 1.46e+06 ns (89.22%)
TS 0 layer 13 readLatencyIC: 9.93e+03 ns (0.61%)
TS 0 layer 13 readDynamicEnergy: 8.65e+07 pJ
TS 0 layer 13 leakagePower: 8886.50 uW
TS 0 layer 13 leakageEnergy: 1.45e+07 pJ
TS 0 layer 13 bufferDynamicEnergy: 3.20e+05 pJ (0.37%)
TS 0 layer 13 icDynamicEnergy: 1.16e+06 pJ (1.35%)
TS 0 layer 13 coreEnergyADC: 2.36e+05 pJ (0.27%)
TS 0 layer 13 coreEnergyAccum: 8.47e+07 pJ (97.92%)
TS 0 layer 13 coreEnergyOther: 7.98e+04 pJ (0.09%)
TS 0 layer 13 coreEnergyPopcnt: 6.24e+05 pJ (0.72%)
TS 0 layer 13 arrayReadDynamicEnergy: 8.48e+07 pJ (98.01%)
TS 0 layer 13 arrayEnergyADC: 2.36e+05 pJ (0.27%)
TS 0 layer 13 arrayEnergyAccum: 8.45e+07 pJ (97.74%)
TS 0 layer 13 arrayEnergyOther: 0.00e+00 pJ (0.00%)
TS 0 layer 13 arrayEnergyPopcnt: 6.24e+05 pJ (0.72%)
TS 0 layer 13 readDynamicEnergyBuffer: 6.97e+05 pJ (0.81%)
TS 0 layer 13 readDynamicEnergyIC: 2.94e+06 pJ (3.40%)
successRate of layer 13 = 0.52
Max(successRate) of layer 13 = 0.56
Min(successRate) of layer 13 = 0.49
Time elapsed before estimating layer 14 ts 1 ====> 2154.38 s
TS 0 layer 14 readLatency: 2.82e+06 ns
TS 0 layer 14 bufferLatency: 2.59e+06 ns (91.79%)
TS 0 layer 14 icLatency: 9.93e+03 ns
TS 0 layer 14 coreLatencyADC: 3.22e+03 ns (0.11%)
TS 0 layer 14 coreLatencyAccum: 1.98e+05 ns (7.03%)
TS 0 layer 14 coreLatencyOther: 2.02e+04 ns (0.71%)
TS 0 layer 14 arrayReadLatency: 1.98e+05 ns (7.02%)
TS 0 layer 14 arrayLatencyADC: 3.22e+03 ns (0.11%)
TS 0 layer 14 arrayLatencyAccum: 1.95e+05 ns (6.91%)
TS 0 layer 14 arrayLatencyOther: 0.00e+00 ns (0.00%)
TS 0 layer 14 readLatencyBuffer: 2.67e+06 ns (94.73%)
TS 0 layer 14 readLatencyIC: 1.99e+04 ns (0.70%)
TS 0 layer 14 readDynamicEnergy: 9.33e+07 pJ
TS 0 layer 14 leakagePower: 17773.00 uW
TS 0 layer 14 leakageEnergy: 5.01e+07 pJ
TS 0 layer 14 bufferDynamicEnergy: 1.05e+06 pJ (1.12%)
TS 0 layer 14 icDynamicEnergy: 4.66e+06 pJ (4.99%)
TS 0 layer 14 coreEnergyADC: 4.71e+05 pJ (0.50%)
TS 0 layer 14 coreEnergyAccum: 8.70e+07 pJ (93.30%)
TS 0 layer 14 coreEnergyOther: 7.98e+04 pJ (0.09%)
TS 0 layer 14 coreEnergyPopcnt: 1.25e+06 pJ (1.34%)
TS 0 layer 14 arrayReadDynamicEnergy: 8.69e+07 pJ (93.12%)
TS 0 layer 14 arrayEnergyADC: 4.71e+05 pJ (0.50%)
TS 0 layer 14 arrayEnergyAccum: 8.64e+07 pJ (92.62%)
TS 0 layer 14 arrayEnergyOther: 0.00e+00 pJ (0.00%)
TS 0 layer 14 arrayEnergyPopcnt: 1.25e+06 pJ (1.34%)
TS 0 layer 14 readDynamicEnergyBuffer: 2.56e+06 pJ (2.74%)
TS 0 layer 14 readDynamicEnergyIC: 1.18e+07 pJ (12.62%)
successRate of layer 14 = 0.82
Max(successRate) of layer 14 = 0.84
Min(successRate) of layer 14 = 0.81
Time elapsed before estimating layer 15 ts 1 ====> 2248.51 s
TS 0 layer 15 readLatency: 2.80e+06 ns
TS 0 layer 15 bufferLatency: 2.59e+06 ns (92.47%)
TS 0 layer 15 icLatency: 9.93e+03 ns
TS 0 layer 15 coreLatencyADC: 3.22e+03 ns (0.12%)
TS 0 layer 15 coreLatencyAccum: 1.78e+05 ns (6.35%)
TS 0 layer 15 coreLatencyOther: 2.02e+04 ns (0.72%)
TS 0 layer 15 arrayReadLatency: 1.77e+05 ns (6.34%)
TS 0 layer 15 arrayLatencyADC: 3.22e+03 ns (0.12%)
TS 0 layer 15 arrayLatencyAccum: 1.74e+05 ns (6.22%)
TS 0 layer 15 arrayLatencyOther: 0.00e+00 ns (0.00%)
TS 0 layer 15 readLatencyBuffer: 2.67e+06 ns (95.43%)
TS 0 layer 15 readLatencyIC: 1.99e+04 ns (0.71%)
TS 0 layer 15 readDynamicEnergy: 5.97e+07 pJ
TS 0 layer 15 leakagePower: 17773.00 uW
TS 0 layer 15 leakageEnergy: 4.98e+07 pJ
TS 0 layer 15 bufferDynamicEnergy: 1.05e+06 pJ (1.75%)
TS 0 layer 15 icDynamicEnergy: 4.66e+06 pJ (7.79%)
TS 0 layer 15 coreEnergyADC: 4.71e+05 pJ (0.79%)
TS 0 layer 15 coreEnergyAccum: 5.35e+07 pJ (89.53%)
TS 0 layer 15 coreEnergyOther: 7.98e+04 pJ (0.13%)
TS 0 layer 15 coreEnergyPopcnt: 1.25e+06 pJ (2.09%)
TS 0 layer 15 arrayReadDynamicEnergy: 5.33e+07 pJ (89.26%)
TS 0 layer 15 arrayEnergyADC: 4.71e+05 pJ (0.79%)
TS 0 layer 15 arrayEnergyAccum: 5.29e+07 pJ (88.47%)
TS 0 layer 15 arrayEnergyOther: 0.00e+00 pJ (0.00%)
TS 0 layer 15 arrayEnergyPopcnt: 1.25e+06 pJ (2.09%)
TS 0 layer 15 readDynamicEnergyBuffer: 2.56e+06 pJ (4.28%)
TS 0 layer 15 readDynamicEnergyIC: 1.18e+07 pJ (19.71%)
successRate of layer 15 = 0.86
Max(successRate) of layer 15 = 0.88
Min(successRate) of layer 15 = 0.84
Time elapsed before estimating layer 16 ts 1 ====> 2318.67 s
TS 0 layer 16 readLatency: 9.73e+05 ns
TS 0 layer 16 bufferLatency: 8.97e+05 ns (92.20%)
TS 0 layer 16 icLatency: 9.93e+03 ns
TS 0 layer 16 coreLatencyADC: 3.22e+03 ns (0.33%)
TS 0 layer 16 coreLatencyAccum: 4.04e+04 ns (4.15%)
TS 0 layer 16 coreLatencyOther: 2.24e+04 ns (2.30%)
TS 0 layer 16 arrayReadLatency: 4.01e+04 ns (4.12%)
TS 0 layer 16 arrayLatencyADC: 3.22e+03 ns (0.33%)
TS 0 layer 16 arrayLatencyAccum: 3.69e+04 ns (3.79%)
TS 0 layer 16 arrayLatencyOther: 0.00e+00 ns (0.00%)
TS 0 layer 16 readLatencyBuffer: 9.80e+05 ns (100.75%)
TS 0 layer 16 readLatencyIC: 1.99e+04 ns (2.04%)
TS 0 layer 16 readDynamicEnergy: 2.45e+07 pJ
TS 0 layer 16 leakagePower: 17773.00 uW
TS 0 layer 16 leakageEnergy: 1.73e+07 pJ
TS 0 layer 16 bufferDynamicEnergy: 8.72e+05 pJ (3.56%)
TS 0 layer 16 icDynamicEnergy: 4.66e+06 pJ (19.02%)
TS 0 layer 16 coreEnergyADC: 4.71e+05 pJ (1.92%)
TS 0 layer 16 coreEnergyAccum: 1.84e+07 pJ (75.17%)
TS 0 layer 16 coreEnergyOther: 7.98e+04 pJ (0.33%)
TS 0 layer 16 coreEnergyPopcnt: 1.25e+06 pJ (5.10%)
TS 0 layer 16 arrayReadDynamicEnergy: 1.82e+07 pJ (74.51%)
TS 0 layer 16 arrayEnergyADC: 4.71e+05 pJ (1.92%)
TS 0 layer 16 arrayEnergyAccum: 1.78e+07 pJ (72.58%)
TS 0 layer 16 arrayEnergyOther: 0.00e+00 pJ (0.00%)
TS 0 layer 16 arrayEnergyPopcnt: 1.25e+06 pJ (5.10%)
TS 0 layer 16 readDynamicEnergyBuffer: 2.38e+06 pJ (9.73%)
TS 0 layer 16 readDynamicEnergyIC: 1.18e+07 pJ (48.09%)
successRate of layer 16 = 0.99
Max(successRate) of layer 16 = 1.00
Min(successRate) of layer 16 = 0.99
=============== Chip Performance Estimating Finish ===============
Max SNN Latency Layer: 7, Max Time Step: 6
SNN pipeline latency: 0.02079233445408474
Average of the snn layer latency (per timestep): 0.011755794740578666
Mean of the snn layer latency (per timestep): 0.011755794740578666
STD of the snn layer latency (per timestep): 0.007745805804912129
=============== Chip Area Analysis ===============
Chip Area: 1.46e+08 um^2
Chip ADC (or S/As and precharger for SRAM) Area: 7.02e+06 um^2 (4.82 %)
Chip IC Area (Global and Tile/PE local): 5.61e+06 um^2 (3.85 %)
Chip Accum (subarray level: adders, shiftAdds; PE/Tile/Global level: accumulation units) Area: 2.63e+07 um^2 (18.04 %)
Chip Other (e.g. decoders, mux, switchmatrix, buffers, IC, pooling and activation units) Area: 2.40e+07 um^2 (16.47 %)
Chip Popcnt Area: 7.67e+05 um^2 (0.53 %)
Chip Array Area: 6.93e+07 um^2 (47.60 %)
=============== Chip Latency Analysis ===============
Pipelined Clock Latency (per Layer per mergedTimeStep): 2.08e+07 ns
Buffer Latency (slowest timestep of the slowest layer): 2.01e+07 ns         (96.52 % of pipeline latency)
IC Latency (slowest timestep of the slowest layer): 7.05e+02 ns         (0.00 % of pipeline latency)
Core Latency ADC (slowest timestep of the slowest layer): 6.45e+03 ns         (0.03 % of pipeline latency)
Core Latency Accum (slowest timestep of the slowest layer): 6.36e+05 ns         (3.06 % of pipeline latency)
Core Latency Other (slowest timestep of the slowest layer): 8.06e+04 ns         (0.39 % of pipeline latency)
Array Read Latency (slowest timestep of the slowest layer): 6.31e+05 ns           (3.03 % of pipeline latency)
Array Latency ADC (slowest timestep of the slowest layer): 6.45e+03 ns           (0.03 % of pipeline latency)
Array Latency Accum (slowest timestep of the slowest layer): 6.24e+05 ns           (3.00 % of pipeline latency)
Array Latency Other (slowest timestep of the slowest layer): 0.00e+00 ns           (0.00 % of pipeline latency)
Read Latency Buffer (slowest timestep of the slowest layer): 2.01e+07 ns           (96.55 % of pipeline latency)
Read Latency IC (slowest timestep of the slowest layer): 1.41e+03 ns           (0.01 % of pipeline latency)
Total Read Latency (per image): 1.88e+08 ns
Total Buffer Latency (per image): 1.80e+08 ns         (95.85 % of total read latency)
Total IC Latency (per image): 4.71e+04 ns         (0.03 % of total read latency)
Total Core Latency ADC (per image): 6.61e+04 ns         (0.04 % of total read latency)
Total Core Latency Accum (per image): 6.49e+06 ns         (3.45 % of total read latency)
Total Core Latency Other (per image): 1.21e+06 ns         (0.64 % of total read latency)
Total Array Read Latency (per image): 6.11e+06 ns         (3.25 % of total read latency)
Total Array Latency ADC (per image): 6.61e+04 ns         (0.04 % of total read latency)
Total Array Latency Accum (per image): 6.04e+06 ns         (3.21 % of total read latency)
Total Array Latency Other (per image): 0.00e+00 ns         (0.00 % of total read latency)
Total Read Latency Buffer (per image): 1.81e+08 ns         (96.06 % of total read latency)
Total Read Latency IC (per image): 9.42e+04 ns         (0.05 % of total read latency)
=============== Chip Energy Analysis ===============
Total Read Dynamic Energy (per image): 1.75e+09 pJ
Total Buffer Dynamic Energy (per image): 1.60e+07 pJ         (0.91 % of total read dynamic energy)
Total IC Dynamic Energy (per image): 1.74e+07 pJ         (0.99 % of total read dynamic energy)
Total Core Energy ADC (per image): 6.83e+06 pJ         (0.39 % of total read dynamic energy)
Total Core Energy Accum (per image): 1.71e+09 pJ         (97.43 % of total read dynamic energy)
Total Core Energy Other (per image): 4.79e+06 pJ         (0.27 % of total read dynamic energy)
Total Core Energy Popcnt (per image): 2.31e+07 pJ         (1.32 % of total read dynamic energy)
Total Leakage Power (per image): 83800.39 uW
Total Leakage Energy (per image): 1.74e+09 pJ
Total Array Read Dynamic Energy (per image): 1.71e+09 pJ (97.69 % of total read dynamic energy)
Total Array Energy ADC (per image): 6.83e+06 pJ (0.39 % of total read dynamic energy)
Total Array Energy Accum (per image): 1.71e+09 pJ (97.30 % of total read dynamic energy)
Total Array Energy Other (per image): 0.00e+00 pJ (0.00 % of total read dynamic energy)
Total Array Energy Popcnt (per image): 2.31e+07 pJ (1.32 % of total read dynamic energy)
Total Read Dynamic Energy Buffer (per image): 2.16e+07 pJ (1.23 % of total read dynamic energy)
Total Read Dynamic Energy IC (per image): 4.39e+07 pJ (2.50 % of total read dynamic energy)

=============== Chip Performance Estimating Finish ===============
Energy Efficiency TOPS/W (Pipelined Process without IC Energy): 103.53944938386175
Throughput TOPS (Pipelined Process with IC Delay): 21.128022741751227
Throughput FPS (Pipelined Process with IC Delay): 48.09464767933
Compute Efficiency TOPS/mm^2 (Pipelined Process with IC Delay): 0.1450146023665982
Simulation finished, total time elapsed = 2318.79 s
