=============== Parameter Loading Finish ===============
Time elapsed = 0.06 s
=============== Network Structure Loading Finish ===============
{'IH': 56, 'IW': 56, 'Cin': 64, 'KH': 3, 'KW': 3, 'Cout': 64, 'pooling': 0, 'stride': 1, 'isSNN': 1, 'T': 100, 'weight_row': 64, 'weight_col': 576}
{'IH': 56, 'IW': 56, 'Cin': 64, 'KH': 3, 'KW': 3, 'Cout': 64, 'pooling': 0, 'stride': 1, 'isSNN': 1, 'T': 100, 'weight_row': 64, 'weight_col': 576}
{'IH': 56, 'IW': 56, 'Cin': 64, 'KH': 3, 'KW': 3, 'Cout': 64, 'pooling': 0, 'stride': 1, 'isSNN': 1, 'T': 100, 'weight_row': 64, 'weight_col': 576}
{'IH': 56, 'IW': 56, 'Cin': 64, 'KH': 3, 'KW': 3, 'Cout': 64, 'pooling': 0, 'stride': 1, 'isSNN': 1, 'T': 100, 'weight_row': 64, 'weight_col': 576}
{'IH': 56, 'IW': 56, 'Cin': 64, 'KH': 3, 'KW': 3, 'Cout': 128, 'pooling': 0, 'stride': 2, 'isSNN': 1, 'T': 100, 'weight_row': 128, 'weight_col': 576}
{'IH': 28, 'IW': 28, 'Cin': 128, 'KH': 3, 'KW': 3, 'Cout': 128, 'pooling': 0, 'stride': 1, 'isSNN': 1, 'T': 100, 'weight_row': 128, 'weight_col': 1152}
{'IH': 28, 'IW': 28, 'Cin': 128, 'KH': 3, 'KW': 3, 'Cout': 128, 'pooling': 0, 'stride': 1, 'isSNN': 1, 'T': 100, 'weight_row': 128, 'weight_col': 1152}
{'IH': 28, 'IW': 28, 'Cin': 128, 'KH': 3, 'KW': 3, 'Cout': 128, 'pooling': 0, 'stride': 1, 'isSNN': 1, 'T': 100, 'weight_row': 128, 'weight_col': 1152}
{'IH': 28, 'IW': 28, 'Cin': 128, 'KH': 3, 'KW': 3, 'Cout': 256, 'pooling': 0, 'stride': 2, 'isSNN': 1, 'T': 100, 'weight_row': 256, 'weight_col': 1152}
{'IH': 14, 'IW': 14, 'Cin': 256, 'KH': 3, 'KW': 3, 'Cout': 256, 'pooling': 0, 'stride': 1, 'isSNN': 1, 'T': 100, 'weight_row': 256, 'weight_col': 2304}
{'IH': 14, 'IW': 14, 'Cin': 256, 'KH': 3, 'KW': 3, 'Cout': 256, 'pooling': 0, 'stride': 1, 'isSNN': 1, 'T': 100, 'weight_row': 256, 'weight_col': 2304}
{'IH': 14, 'IW': 14, 'Cin': 256, 'KH': 3, 'KW': 3, 'Cout': 256, 'pooling': 0, 'stride': 1, 'isSNN': 1, 'T': 100, 'weight_row': 256, 'weight_col': 2304}
{'IH': 14, 'IW': 14, 'Cin': 256, 'KH': 3, 'KW': 3, 'Cout': 512, 'pooling': 0, 'stride': 2, 'isSNN': 1, 'T': 100, 'weight_row': 512, 'weight_col': 2304}
{'IH': 7, 'IW': 7, 'Cin': 512, 'KH': 3, 'KW': 3, 'Cout': 512, 'pooling': 0, 'stride': 1, 'isSNN': 1, 'T': 100, 'weight_row': 512, 'weight_col': 4608}
{'IH': 7, 'IW': 7, 'Cin': 512, 'KH': 3, 'KW': 3, 'Cout': 512, 'pooling': 0, 'stride': 1, 'isSNN': 1, 'T': 100, 'weight_row': 512, 'weight_col': 4608}
{'IH': 7, 'IW': 7, 'Cin': 512, 'KH': 3, 'KW': 3, 'Cout': 512, 'pooling': 1, 'stride': 1, 'isSNN': 1, 'T': 100, 'weight_row': 512, 'weight_col': 4608}

------------------------------ FloorPlan --------------------------------
Tile and PE size are optimized to maximize memory utilization ( = memory mapped by synapse / total memory on chip)
Desired Conventional Mapped Tile Storage Size: 1024 x 1024
Desired Conventional PE Storage Size: 512 x 512
User-defined SubArray Size: 128 x 128
----------------- # of tile used for each layer -----------------
Layer 1: 40
Layer 2: 40
Layer 3: 40
Layer 4: 40
Layer 5: 40
Layer 6: 18
Layer 7: 18
Layer 8: 18
Layer 9: 36
Layer 10: 18
Layer 11: 18
Layer 12: 18
Layer 13: 36
Layer 14: 36
Layer 15: 36
Layer 16: 36
----------------- Speed-up of each layer ------------------
Layer 1: 64
Layer 2: 64
Layer 3: 64
Layer 4: 64
Layer 5: 64
Layer 6: 16
Layer 7: 16
Layer 8: 16
Layer 9: 16
Layer 10: 4
Layer 11: 4
Layer 12: 4
Layer 13: 4
Layer 14: 2
Layer 15: 2
Layer 16: 2
----------------- Utilization of each layer ------------------
Layer 1: 0.45
Layer 2: 0.45
Layer 3: 0.45
Layer 4: 0.45
Layer 5: 0.9
Layer 6: 1.0
Layer 7: 1.0
Layer 8: 1.0
Layer 9: 1.0
Layer 10: 1.0
Layer 11: 1.0
Layer 12: 1.0
Layer 13: 1.0
Layer 14: 1.0
Layer 15: 1.0
Layer 16: 1.0
Memory Utilization of Whole Chip: 81.14754098360656 %
---------------------------- FloorPlan Done ------------------------------
Chip Area: 1.46e+08 um^2
Chip ADC (or S/As and precharger for SRAM) Area: 7.02e+06 um^2 (4.82 %)
Chip IC Area (Global and Tile/PE local): 5.61e+06 um^2 (3.85 %)
Chip Accum (subarray level: adders, shiftAdds; PE/Tile/Global level: accumulation units) Area: 2.63e+07 um^2 (18.04 %)
Chip Other (e.g. decoders, mux, switchmatrix, buffers, IC, pooling and activation units) Area: 2.40e+07 um^2 (16.47 %)
Chip Popcnt Area: 7.67e+05 um^2 (0.53 %)
Chip Array Area: 6.93e+07 um^2 (47.60 %)
Time elapsed = 19.69 s
=============== Chip Clk Period Estimating ===============
Time elapsed after estimating layer 1 = 41.02 s
Chip Clk Period: 1.0281894905588658 ns
=============== Chip Performance Estimating ===============
Time elapsed before estimating layer 1 ts 1 ====> 245.75 s
TS 0 layer 1 readLatency: 1.84e+07 ns
TS 0 layer 1 bufferLatency: 1.78e+07 ns (96.69%)
TS 0 layer 1 icLatency: 1.95e+02 ns
TS 0 layer 1 coreLatencyADC: 3.22e+03 ns (0.02%)
TS 0 layer 1 coreLatencyAccum: 4.45e+05 ns (2.42%)
TS 0 layer 1 coreLatencyOther: 1.61e+05 ns (0.88%)
TS 0 layer 1 arrayReadLatency: 3.58e+05 ns (1.94%)
TS 0 layer 1 arrayLatencyADC: 3.22e+03 ns (0.02%)
TS 0 layer 1 arrayLatencyAccum: 3.54e+05 ns (1.93%)
TS 0 layer 1 arrayLatencyOther: 0.00e+00 ns (0.00%)
TS 0 layer 1 readLatencyBuffer: 1.78e+07 ns (96.70%)
TS 0 layer 1 readLatencyIC: 3.90e+02 ns (0.00%)
TS 0 layer 1 readDynamicEnergy: 2.03e+08 pJ
TS 0 layer 1 leakagePower: 356.96 uW
TS 0 layer 1 leakageEnergy: 6.57e+06 pJ
TS 0 layer 1 bufferDynamicEnergy: 1.77e+06 pJ (0.87%)
TS 0 layer 1 icDynamicEnergy: 1.06e+04 pJ (0.01%)
TS 0 layer 1 coreEnergyADC: 4.71e+05 pJ (0.23%)
TS 0 layer 1 coreEnergyAccum: 2.00e+08 pJ (98.57%)
TS 0 layer 1 coreEnergyOther: 6.39e+05 pJ (0.31%)
TS 0 layer 1 coreEnergyPopcnt: 2.50e+06 pJ (1.23%)
TS 0 layer 1 arrayReadDynamicEnergy: 2.01e+08 pJ (98.80%)
TS 0 layer 1 arrayEnergyADC: 4.71e+05 pJ (0.23%)
TS 0 layer 1 arrayEnergyAccum: 2.00e+08 pJ (98.57%)
TS 0 layer 1 arrayEnergyOther: 0.00e+00 pJ (0.00%)
TS 0 layer 1 arrayEnergyPopcnt: 2.50e+06 pJ (1.23%)
TS 0 layer 1 readDynamicEnergyBuffer: 1.78e+06 pJ (0.88%)
TS 0 layer 1 readDynamicEnergyIC: 2.59e+04 pJ (0.01%)
successRate of layer 1 = 0.61
Max(successRate) of layer 1 = 0.61
Min(successRate) of layer 1 = 0.61
Sparsity of layer 1 = 0.591
Compression ratio of layer 1 = 0.955
Time elapsed before estimating layer 2 ts 1 ====> 584.69 s
TS 0 layer 2 readLatency: 8.73e+06 ns
TS 0 layer 2 bufferLatency: 7.96e+06 ns (91.14%)
TS 0 layer 2 icLatency: 8.72e+01 ns
TS 0 layer 2 coreLatencyADC: 3.22e+03 ns (0.04%)
TS 0 layer 2 coreLatencyAccum: 6.10e+05 ns (6.99%)
TS 0 layer 2 coreLatencyOther: 1.61e+05 ns (1.85%)
TS 0 layer 2 arrayReadLatency: 5.23e+05 ns (5.99%)
TS 0 layer 2 arrayLatencyADC: 3.22e+03 ns (0.04%)
TS 0 layer 2 arrayLatencyAccum: 5.19e+05 ns (5.95%)
TS 0 layer 2 arrayLatencyOther: 0.00e+00 ns (0.00%)
TS 0 layer 2 readLatencyBuffer: 7.96e+06 ns (91.15%)
TS 0 layer 2 readLatencyIC: 1.74e+02 ns (0.00%)
TS 0 layer 2 readDynamicEnergy: 1.74e+08 pJ
TS 0 layer 2 leakagePower: 356.96 uW
TS 0 layer 2 leakageEnergy: 3.12e+06 pJ
TS 0 layer 2 bufferDynamicEnergy: 7.93e+05 pJ (0.46%)
TS 0 layer 2 icDynamicEnergy: 4.73e+03 pJ (0.00%)
TS 0 layer 2 coreEnergyADC: 4.71e+05 pJ (0.27%)
TS 0 layer 2 coreEnergyAccum: 1.72e+08 pJ (98.91%)
TS 0 layer 2 coreEnergyOther: 6.39e+05 pJ (0.37%)
TS 0 layer 2 coreEnergyPopcnt: 2.50e+06 pJ (1.43%)
TS 0 layer 2 arrayReadDynamicEnergy: 1.73e+08 pJ (99.17%)
TS 0 layer 2 arrayEnergyADC: 4.71e+05 pJ (0.27%)
TS 0 layer 2 arrayEnergyAccum: 1.72e+08 pJ (98.90%)
TS 0 layer 2 arrayEnergyOther: 0.00e+00 pJ (0.00%)
TS 0 layer 2 arrayEnergyPopcnt: 2.50e+06 pJ (1.43%)
TS 0 layer 2 readDynamicEnergyBuffer: 7.95e+05 pJ (0.46%)
TS 0 layer 2 readDynamicEnergyIC: 1.16e+04 pJ (0.01%)
successRate of layer 2 = 0.19
Max(successRate) of layer 2 = 0.19
Min(successRate) of layer 2 = 0.19
Sparsity of layer 2 = 0.936
Compression ratio of layer 2 = 0.427
Time elapsed before estimating layer 3 ts 1 ====> 791.13 s
TS 0 layer 3 readLatency: 1.92e+07 ns
TS 0 layer 3 bufferLatency: 1.85e+07 ns (96.41%)
TS 0 layer 3 icLatency: 2.02e+02 ns
TS 0 layer 3 coreLatencyADC: 3.22e+03 ns (0.02%)
TS 0 layer 3 coreLatencyAccum: 5.22e+05 ns (2.73%)
TS 0 layer 3 coreLatencyOther: 1.61e+05 ns (0.84%)
TS 0 layer 3 arrayReadLatency: 4.35e+05 ns (2.27%)
TS 0 layer 3 arrayLatencyADC: 3.22e+03 ns (0.02%)
TS 0 layer 3 arrayLatencyAccum: 4.31e+05 ns (2.25%)
TS 0 layer 3 arrayLatencyOther: 0.00e+00 ns (0.00%)
TS 0 layer 3 readLatencyBuffer: 1.85e+07 ns (96.42%)
TS 0 layer 3 readLatencyIC: 4.05e+02 ns (0.00%)
TS 0 layer 3 readDynamicEnergy: 2.51e+08 pJ
TS 0 layer 3 leakagePower: 356.96 uW
TS 0 layer 3 leakageEnergy: 6.84e+06 pJ
TS 0 layer 3 bufferDynamicEnergy: 1.84e+06 pJ (0.73%)
TS 0 layer 3 icDynamicEnergy: 1.10e+04 pJ (0.00%)
TS 0 layer 3 coreEnergyADC: 4.71e+05 pJ (0.19%)
TS 0 layer 3 coreEnergyAccum: 2.48e+08 pJ (98.82%)
TS 0 layer 3 coreEnergyOther: 6.39e+05 pJ (0.25%)
TS 0 layer 3 coreEnergyPopcnt: 2.50e+06 pJ (1.00%)
TS 0 layer 3 arrayReadDynamicEnergy: 2.48e+08 pJ (99.00%)
TS 0 layer 3 arrayEnergyADC: 4.71e+05 pJ (0.19%)
TS 0 layer 3 arrayEnergyAccum: 2.48e+08 pJ (98.81%)
TS 0 layer 3 arrayEnergyOther: 0.00e+00 pJ (0.00%)
TS 0 layer 3 arrayEnergyPopcnt: 2.50e+06 pJ (1.00%)
TS 0 layer 3 readDynamicEnergyBuffer: 1.84e+06 pJ (0.74%)
TS 0 layer 3 readDynamicEnergyIC: 2.69e+04 pJ (0.01%)
successRate of layer 3 = 0.51
Max(successRate) of layer 3 = 0.51
Min(successRate) of layer 3 = 0.51
Sparsity of layer 3 = 0.703
Compression ratio of layer 3 = 0.991
Time elapsed before estimating layer 4 ts 1 ====> 1104.04 s
TS 0 layer 4 readLatency: 1.11e+07 ns
TS 0 layer 4 bufferLatency: 1.03e+07 ns (92.92%)
TS 0 layer 4 icLatency: 1.13e+02 ns
TS 0 layer 4 coreLatencyADC: 3.22e+03 ns (0.03%)
TS 0 layer 4 coreLatencyAccum: 6.21e+05 ns (5.60%)
TS 0 layer 4 coreLatencyOther: 1.61e+05 ns (1.45%)
TS 0 layer 4 arrayReadLatency: 5.34e+05 ns (4.81%)
TS 0 layer 4 arrayLatencyADC: 3.22e+03 ns (0.03%)
TS 0 layer 4 arrayLatencyAccum: 5.31e+05 ns (4.79%)
TS 0 layer 4 arrayLatencyOther: 0.00e+00 ns (0.00%)
TS 0 layer 4 readLatencyBuffer: 1.03e+07 ns (92.93%)
TS 0 layer 4 readLatencyIC: 2.26e+02 ns (0.00%)
TS 0 layer 4 readDynamicEnergy: 2.41e+08 pJ
TS 0 layer 4 leakagePower: 356.96 uW
TS 0 layer 4 leakageEnergy: 3.96e+06 pJ
TS 0 layer 4 bufferDynamicEnergy: 1.03e+06 pJ (0.43%)
TS 0 layer 4 icDynamicEnergy: 6.12e+03 pJ (0.00%)
TS 0 layer 4 coreEnergyADC: 4.71e+05 pJ (0.20%)
TS 0 layer 4 coreEnergyAccum: 2.39e+08 pJ (99.12%)
TS 0 layer 4 coreEnergyOther: 6.39e+05 pJ (0.26%)
TS 0 layer 4 coreEnergyPopcnt: 2.50e+06 pJ (1.03%)
TS 0 layer 4 arrayReadDynamicEnergy: 2.40e+08 pJ (99.30%)
TS 0 layer 4 arrayEnergyADC: 4.71e+05 pJ (0.20%)
TS 0 layer 4 arrayEnergyAccum: 2.39e+08 pJ (99.11%)
TS 0 layer 4 arrayEnergyOther: 0.00e+00 pJ (0.00%)
TS 0 layer 4 arrayEnergyPopcnt: 2.50e+06 pJ (1.03%)
TS 0 layer 4 readDynamicEnergyBuffer: 1.03e+06 pJ (0.43%)
TS 0 layer 4 readDynamicEnergyIC: 1.50e+04 pJ (0.01%)
successRate of layer 4 = 0.16
Max(successRate) of layer 4 = 0.16
Min(successRate) of layer 4 = 0.16
Sparsity of layer 4 = 0.923
Compression ratio of layer 4 = 0.553
Time elapsed before estimating layer 5 ts 1 ====> 1168.93 s
TS 0 layer 5 readLatency: 5.48e+06 ns
TS 0 layer 5 bufferLatency: 5.20e+06 ns (94.92%)
TS 0 layer 5 icLatency: 3.58e+02 ns
TS 0 layer 5 coreLatencyADC: 1.61e+03 ns (0.03%)
TS 0 layer 5 coreLatencyAccum: 1.96e+05 ns (3.57%)
TS 0 layer 5 coreLatencyOther: 8.06e+04 ns (1.47%)
TS 0 layer 5 arrayReadLatency: 1.74e+05 ns (3.18%)
TS 0 layer 5 arrayLatencyADC: 1.61e+03 ns (0.03%)
TS 0 layer 5 arrayLatencyAccum: 1.73e+05 ns (3.15%)
TS 0 layer 5 arrayLatencyOther: 0.00e+00 ns (0.00%)
TS 0 layer 5 readLatencyBuffer: 5.21e+06 ns (94.98%)
TS 0 layer 5 readLatencyIC: 7.15e+02 ns (0.01%)
TS 0 layer 5 readDynamicEnergy: 9.92e+07 pJ
TS 0 layer 5 leakagePower: 652.55 uW
TS 0 layer 5 leakageEnergy: 3.58e+06 pJ
TS 0 layer 5 bufferDynamicEnergy: 4.76e+05 pJ (0.48%)
TS 0 layer 5 icDynamicEnergy: 2.07e+04 pJ (0.02%)
TS 0 layer 5 coreEnergyADC: 2.36e+05 pJ (0.24%)
TS 0 layer 5 coreEnergyAccum: 9.81e+07 pJ (98.94%)
TS 0 layer 5 coreEnergyOther: 3.19e+05 pJ (0.32%)
TS 0 layer 5 coreEnergyPopcnt: 6.24e+05 pJ (0.63%)
TS 0 layer 5 arrayReadDynamicEnergy: 9.84e+07 pJ (99.17%)
TS 0 layer 5 arrayEnergyADC: 2.36e+05 pJ (0.24%)
TS 0 layer 5 arrayEnergyAccum: 9.81e+07 pJ (98.93%)
TS 0 layer 5 arrayEnergyOther: 0.00e+00 pJ (0.00%)
TS 0 layer 5 arrayEnergyPopcnt: 6.24e+05 pJ (0.63%)
TS 0 layer 5 readDynamicEnergyBuffer: 4.82e+05 pJ (0.49%)
TS 0 layer 5 readDynamicEnergyIC: 5.13e+04 pJ (0.05%)
successRate of layer 5 = 0.67
Max(successRate) of layer 5 = 0.67
Min(successRate) of layer 5 = 0.67
Sparsity of layer 5 = 0.73
Compression ratio of layer 5 = 1.015
Time elapsed before estimating layer 6 ts 1 ====> 1399.99 s
TS 0 layer 6 readLatency: 8.26e+06 ns
TS 0 layer 6 bufferLatency: 7.22e+06 ns (87.49%)
TS 0 layer 6 icLatency: 2.54e+02 ns
TS 0 layer 6 coreLatencyADC: 6.45e+03 ns (0.08%)
TS 0 layer 6 coreLatencyAccum: 9.50e+05 ns (11.50%)
TS 0 layer 6 coreLatencyOther: 8.06e+04 ns (0.98%)
TS 0 layer 6 arrayReadLatency: 9.45e+05 ns (11.44%)
TS 0 layer 6 arrayLatencyADC: 6.45e+03 ns (0.08%)
TS 0 layer 6 arrayLatencyAccum: 9.38e+05 ns (11.36%)
TS 0 layer 6 arrayLatencyOther: 0.00e+00 ns (0.00%)
TS 0 layer 6 readLatencyBuffer: 7.23e+06 ns (87.52%)
TS 0 layer 6 readLatencyIC: 5.07e+02 ns (0.01%)
TS 0 layer 6 readDynamicEnergy: 1.50e+08 pJ
TS 0 layer 6 leakagePower: 1193.18 uW
TS 0 layer 6 leakageEnergy: 9.85e+06 pJ
TS 0 layer 6 bufferDynamicEnergy: 3.39e+05 pJ (0.23%)
TS 0 layer 6 icDynamicEnergy: 2.81e+04 pJ (0.02%)
TS 0 layer 6 coreEnergyADC: 4.71e+05 pJ (0.31%)
TS 0 layer 6 coreEnergyAccum: 1.49e+08 pJ (99.29%)
TS 0 layer 6 coreEnergyOther: 3.19e+05 pJ (0.21%)
TS 0 layer 6 coreEnergyPopcnt: 1.25e+06 pJ (0.83%)
TS 0 layer 6 arrayReadDynamicEnergy: 1.50e+08 pJ (99.60%)
TS 0 layer 6 arrayEnergyADC: 4.71e+05 pJ (0.31%)
TS 0 layer 6 arrayEnergyAccum: 1.49e+08 pJ (99.28%)
TS 0 layer 6 arrayEnergyOther: 0.00e+00 pJ (0.00%)
TS 0 layer 6 arrayEnergyPopcnt: 1.25e+06 pJ (0.83%)
TS 0 layer 6 readDynamicEnergyBuffer: 3.48e+05 pJ (0.23%)
TS 0 layer 6 readDynamicEnergyIC: 7.02e+04 pJ (0.05%)
successRate of layer 6 = 0.36
Max(successRate) of layer 6 = 0.36
Min(successRate) of layer 6 = 0.36
Sparsity of layer 6 = 0.952
Compression ratio of layer 6 = 0.36
Time elapsed before estimating layer 7 ts 1 ====> 1492.92 s
TS 0 layer 7 readLatency: 1.57e+07 ns
TS 0 layer 7 bufferLatency: 1.53e+07 ns (97.17%)
TS 0 layer 7 icLatency: 5.36e+02 ns
TS 0 layer 7 coreLatencyADC: 6.45e+03 ns (0.04%)
TS 0 layer 7 coreLatencyAccum: 3.59e+05 ns (2.29%)
TS 0 layer 7 coreLatencyOther: 8.06e+04 ns (0.51%)
TS 0 layer 7 arrayReadLatency: 3.54e+05 ns (2.25%)
TS 0 layer 7 arrayLatencyADC: 6.45e+03 ns (0.04%)
TS 0 layer 7 arrayLatencyAccum: 3.48e+05 ns (2.21%)
TS 0 layer 7 arrayLatencyOther: 0.00e+00 ns (0.00%)
TS 0 layer 7 readLatencyBuffer: 1.53e+07 ns (97.19%)
TS 0 layer 7 readLatencyIC: 1.07e+03 ns (0.01%)
TS 0 layer 7 readDynamicEnergy: 8.57e+07 pJ
TS 0 layer 7 leakagePower: 1193.18 uW
TS 0 layer 7 leakageEnergy: 1.88e+07 pJ
TS 0 layer 7 bufferDynamicEnergy: 7.17e+05 pJ (0.84%)
TS 0 layer 7 icDynamicEnergy: 5.93e+04 pJ (0.07%)
TS 0 layer 7 coreEnergyADC: 4.71e+05 pJ (0.55%)
TS 0 layer 7 coreEnergyAccum: 8.42e+07 pJ (98.21%)
TS 0 layer 7 coreEnergyOther: 3.19e+05 pJ (0.37%)
TS 0 layer 7 coreEnergyPopcnt: 1.25e+06 pJ (1.46%)
TS 0 layer 7 arrayReadDynamicEnergy: 8.47e+07 pJ (98.75%)
TS 0 layer 7 arrayEnergyADC: 4.71e+05 pJ (0.55%)
TS 0 layer 7 arrayEnergyAccum: 8.42e+07 pJ (98.20%)
TS 0 layer 7 arrayEnergyOther: 0.00e+00 pJ (0.00%)
TS 0 layer 7 arrayEnergyPopcnt: 1.25e+06 pJ (1.46%)
TS 0 layer 7 readDynamicEnergyBuffer: 7.36e+05 pJ (0.86%)
TS 0 layer 7 readDynamicEnergyIC: 1.48e+05 pJ (0.17%)
successRate of layer 7 = 0.86
Max(successRate) of layer 7 = 0.86
Min(successRate) of layer 7 = 0.86
Sparsity of layer 7 = 0.845
Compression ratio of layer 7 = 0.761
Time elapsed before estimating layer 8 ts 1 ====> 1666.70 s
TS 0 layer 8 readLatency: 4.17e+06 ns
TS 0 layer 8 bufferLatency: 3.35e+06 ns (80.43%)
TS 0 layer 8 icLatency: 1.18e+02 ns
TS 0 layer 8 coreLatencyADC: 6.45e+03 ns (0.15%)
TS 0 layer 8 coreLatencyAccum: 7.34e+05 ns (17.61%)
TS 0 layer 8 coreLatencyOther: 8.06e+04 ns (1.93%)
TS 0 layer 8 arrayReadLatency: 7.29e+05 ns (17.48%)
TS 0 layer 8 arrayLatencyADC: 6.45e+03 ns (0.15%)
TS 0 layer 8 arrayLatencyAccum: 7.22e+05 ns (17.33%)
TS 0 layer 8 arrayLatencyOther: 0.00e+00 ns (0.00%)
TS 0 layer 8 readLatencyBuffer: 3.35e+06 ns (80.45%)
TS 0 layer 8 readLatencyIC: 2.35e+02 ns (0.01%)
TS 0 layer 8 readDynamicEnergy: 5.68e+07 pJ
TS 0 layer 8 leakagePower: 1193.18 uW
TS 0 layer 8 leakageEnergy: 4.97e+06 pJ
TS 0 layer 8 bufferDynamicEnergy: 1.57e+05 pJ (0.28%)
TS 0 layer 8 icDynamicEnergy: 1.30e+04 pJ (0.02%)
TS 0 layer 8 coreEnergyADC: 4.71e+05 pJ (0.83%)
TS 0 layer 8 coreEnergyAccum: 5.59e+07 pJ (98.52%)
TS 0 layer 8 coreEnergyOther: 3.19e+05 pJ (0.56%)
TS 0 layer 8 coreEnergyPopcnt: 1.25e+06 pJ (2.20%)
TS 0 layer 8 arrayReadDynamicEnergy: 5.64e+07 pJ (99.33%)
TS 0 layer 8 arrayEnergyADC: 4.71e+05 pJ (0.83%)
TS 0 layer 8 arrayEnergyAccum: 5.59e+07 pJ (98.50%)
TS 0 layer 8 arrayEnergyOther: 0.00e+00 pJ (0.00%)
TS 0 layer 8 arrayEnergyPopcnt: 1.25e+06 pJ (2.20%)
TS 0 layer 8 readDynamicEnergyBuffer: 1.62e+05 pJ (0.28%)
TS 0 layer 8 readDynamicEnergyIC: 3.26e+04 pJ (0.06%)
successRate of layer 8 = 0.49
Max(successRate) of layer 8 = 0.49
Min(successRate) of layer 8 = 0.49
Sparsity of layer 8 = 0.983
Compression ratio of layer 8 = 0.167
Time elapsed before estimating layer 9 ts 1 ====> 1715.76 s
TS 0 layer 9 readLatency: 1.77e+06 ns
TS 0 layer 9 bufferLatency: 1.63e+06 ns (91.60%)
TS 0 layer 9 icLatency: 7.61e+02 ns
TS 0 layer 9 coreLatencyADC: 1.61e+03 ns (0.09%)
TS 0 layer 9 coreLatencyAccum: 1.11e+05 ns (6.27%)
TS 0 layer 9 coreLatencyOther: 4.03e+04 ns (2.27%)
TS 0 layer 9 arrayReadLatency: 1.05e+05 ns (5.94%)
TS 0 layer 9 arrayLatencyADC: 1.61e+03 ns (0.09%)
TS 0 layer 9 arrayLatencyAccum: 1.04e+05 ns (5.85%)
TS 0 layer 9 arrayLatencyOther: 0.00e+00 ns (0.00%)
TS 0 layer 9 readLatencyBuffer: 1.63e+06 ns (91.95%)
TS 0 layer 9 readLatencyIC: 1.52e+03 ns (0.09%)
TS 0 layer 9 readDynamicEnergy: 4.20e+07 pJ
TS 0 layer 9 leakagePower: 2276.42 uW
TS 0 layer 9 leakageEnergy: 4.04e+06 pJ
TS 0 layer 9 bufferDynamicEnergy: 1.52e+05 pJ (0.36%)
TS 0 layer 9 icDynamicEnergy: 8.75e+04 pJ (0.21%)
TS 0 layer 9 coreEnergyADC: 2.36e+05 pJ (0.56%)
TS 0 layer 9 coreEnergyAccum: 4.15e+07 pJ (98.76%)
TS 0 layer 9 coreEnergyOther: 1.60e+05 pJ (0.38%)
TS 0 layer 9 coreEnergyPopcnt: 6.24e+05 pJ (1.49%)
TS 0 layer 9 arrayReadDynamicEnergy: 4.17e+07 pJ (99.27%)
TS 0 layer 9 arrayEnergyADC: 2.36e+05 pJ (0.56%)
TS 0 layer 9 arrayEnergyAccum: 4.15e+07 pJ (98.71%)
TS 0 layer 9 arrayEnergyOther: 0.00e+00 pJ (0.00%)
TS 0 layer 9 arrayEnergyPopcnt: 6.24e+05 pJ (1.49%)
TS 0 layer 9 readDynamicEnergyBuffer: 1.80e+05 pJ (0.43%)
TS 0 layer 9 readDynamicEnergyIC: 2.20e+05 pJ (0.52%)
successRate of layer 9 = 0.81
Max(successRate) of layer 9 = 0.82
Min(successRate) of layer 9 = 0.81
Sparsity of layer 9 = 0.902
Compression ratio of layer 9 = 0.587
Time elapsed before estimating layer 10 ts 1 ====> 1853.41 s
TS 0 layer 10 readLatency: 2.98e+06 ns
TS 0 layer 10 bufferLatency: 2.22e+06 ns (74.51%)
TS 0 layer 10 icLatency: 5.73e+02 ns
TS 0 layer 10 coreLatencyADC: 6.45e+03 ns (0.22%)
TS 0 layer 10 coreLatencyAccum: 7.32e+05 ns (24.54%)
TS 0 layer 10 coreLatencyOther: 4.03e+04 ns (1.35%)
TS 0 layer 10 arrayReadLatency: 7.37e+05 ns (24.72%)
TS 0 layer 10 arrayLatencyADC: 6.45e+03 ns (0.22%)
TS 0 layer 10 arrayLatencyAccum: 7.31e+05 ns (24.50%)
TS 0 layer 10 arrayLatencyOther: 0.00e+00 ns (0.00%)
TS 0 layer 10 readLatencyBuffer: 2.23e+06 ns (74.67%)
TS 0 layer 10 readLatencyIC: 1.15e+03 ns (0.04%)
TS 0 layer 10 readDynamicEnergy: 6.11e+07 pJ
TS 0 layer 10 leakagePower: 4552.85 uW
TS 0 layer 10 leakageEnergy: 1.36e+07 pJ
TS 0 layer 10 bufferDynamicEnergy: 1.26e+05 pJ (0.21%)
TS 0 layer 10 icDynamicEnergy: 1.32e+05 pJ (0.22%)
TS 0 layer 10 coreEnergyADC: 4.71e+05 pJ (0.77%)
TS 0 layer 10 coreEnergyAccum: 6.11e+07 pJ (99.95%)
TS 0 layer 10 coreEnergyOther: 1.60e+05 pJ (0.26%)
TS 0 layer 10 coreEnergyPopcnt: 1.25e+06 pJ (2.04%)
TS 0 layer 10 arrayReadDynamicEnergy: 6.15e+07 pJ (100.59%)
TS 0 layer 10 arrayEnergyADC: 4.71e+05 pJ (0.77%)
TS 0 layer 10 arrayEnergyAccum: 6.10e+07 pJ (99.82%)
TS 0 layer 10 arrayEnergyOther: 0.00e+00 pJ (0.00%)
TS 0 layer 10 arrayEnergyPopcnt: 1.25e+06 pJ (2.04%)
TS 0 layer 10 readDynamicEnergyBuffer: 1.69e+05 pJ (0.28%)
TS 0 layer 10 readDynamicEnergyIC: 3.32e+05 pJ (0.54%)
successRate of layer 10 = 0.55
Max(successRate) of layer 10 = 0.60
Min(successRate) of layer 10 = 0.49
Sparsity of layer 10 = 0.974
Compression ratio of layer 10 = 0.221
Time elapsed before estimating layer 11 ts 1 ====> 1942.56 s
TS 0 layer 11 readLatency: 5.52e+06 ns
TS 0 layer 11 bufferLatency: 5.08e+06 ns (91.94%)
TS 0 layer 11 icLatency: 1.31e+03 ns
TS 0 layer 11 coreLatencyADC: 6.45e+03 ns (0.12%)
TS 0 layer 11 coreLatencyAccum: 4.09e+05 ns (7.41%)
TS 0 layer 11 coreLatencyOther: 4.03e+04 ns (0.73%)
TS 0 layer 11 arrayReadLatency: 4.14e+05 ns (7.50%)
TS 0 layer 11 arrayLatencyADC: 6.45e+03 ns (0.12%)
TS 0 layer 11 arrayLatencyAccum: 4.08e+05 ns (7.39%)
TS 0 layer 11 arrayLatencyOther: 0.00e+00 ns (0.00%)
TS 0 layer 11 readLatencyBuffer: 5.09e+06 ns (92.14%)
TS 0 layer 11 readLatencyIC: 2.62e+03 ns (0.05%)
TS 0 layer 11 readDynamicEnergy: 7.18e+07 pJ
TS 0 layer 11 leakagePower: 4552.85 uW
TS 0 layer 11 leakageEnergy: 2.51e+07 pJ
TS 0 layer 11 bufferDynamicEnergy: 2.87e+05 pJ (0.40%)
TS 0 layer 11 icDynamicEnergy: 3.01e+05 pJ (0.42%)
TS 0 layer 11 coreEnergyADC: 4.71e+05 pJ (0.66%)
TS 0 layer 11 coreEnergyAccum: 7.11e+07 pJ (99.06%)
TS 0 layer 11 coreEnergyOther: 1.60e+05 pJ (0.22%)
TS 0 layer 11 coreEnergyPopcnt: 1.25e+06 pJ (1.74%)
TS 0 layer 11 arrayReadDynamicEnergy: 7.15e+07 pJ (99.61%)
TS 0 layer 11 arrayEnergyADC: 4.71e+05 pJ (0.66%)
TS 0 layer 11 arrayEnergyAccum: 7.10e+07 pJ (98.95%)
TS 0 layer 11 arrayEnergyOther: 0.00e+00 pJ (0.00%)
TS 0 layer 11 arrayEnergyPopcnt: 1.25e+06 pJ (1.74%)
TS 0 layer 11 readDynamicEnergyBuffer: 3.85e+05 pJ (0.54%)
TS 0 layer 11 readDynamicEnergyIC: 7.58e+05 pJ (1.06%)
successRate of layer 11 = 0.82
Max(successRate) of layer 11 = 0.83
Min(successRate) of layer 11 = 0.81
Sparsity of layer 11 = 0.929
Compression ratio of layer 11 = 0.505
Time elapsed before estimating layer 12 ts 1 ====> 2065.04 s
TS 0 layer 12 readLatency: 2.62e+06 ns
TS 0 layer 12 bufferLatency: 1.94e+06 ns (74.19%)
TS 0 layer 12 icLatency: 5.01e+02 ns
TS 0 layer 12 coreLatencyADC: 6.45e+03 ns (0.25%)
TS 0 layer 12 coreLatencyAccum: 6.47e+05 ns (24.75%)
TS 0 layer 12 coreLatencyOther: 4.03e+04 ns (1.54%)
TS 0 layer 12 arrayReadLatency: 6.53e+05 ns (24.96%)
TS 0 layer 12 arrayLatencyADC: 6.45e+03 ns (0.25%)
TS 0 layer 12 arrayLatencyAccum: 6.46e+05 ns (24.71%)
TS 0 layer 12 arrayLatencyOther: 0.00e+00 ns (0.00%)
TS 0 layer 12 readLatencyBuffer: 1.94e+06 ns (74.35%)
TS 0 layer 12 readLatencyIC: 1.00e+03 ns (0.04%)
TS 0 layer 12 readDynamicEnergy: 5.28e+07 pJ
TS 0 layer 12 leakagePower: 4552.85 uW
TS 0 layer 12 leakageEnergy: 1.19e+07 pJ
TS 0 layer 12 bufferDynamicEnergy: 1.10e+05 pJ (0.21%)
TS 0 layer 12 icDynamicEnergy: 1.15e+05 pJ (0.22%)
TS 0 layer 12 coreEnergyADC: 4.71e+05 pJ (0.89%)
TS 0 layer 12 coreEnergyAccum: 5.29e+07 pJ (100.06%)
TS 0 layer 12 coreEnergyOther: 1.60e+05 pJ (0.30%)
TS 0 layer 12 coreEnergyPopcnt: 1.25e+06 pJ (2.36%)
TS 0 layer 12 arrayReadDynamicEnergy: 5.33e+07 pJ (100.80%)
TS 0 layer 12 arrayEnergyADC: 4.71e+05 pJ (0.89%)
TS 0 layer 12 arrayEnergyAccum: 5.28e+07 pJ (99.91%)
TS 0 layer 12 arrayEnergyOther: 0.00e+00 pJ (0.00%)
TS 0 layer 12 arrayEnergyPopcnt: 1.25e+06 pJ (2.36%)
TS 0 layer 12 readDynamicEnergyBuffer: 1.47e+05 pJ (0.28%)
TS 0 layer 12 readDynamicEnergyIC: 2.90e+05 pJ (0.55%)
successRate of layer 12 = 0.59
Max(successRate) of layer 12 = 0.62
Min(successRate) of layer 12 = 0.55
Sparsity of layer 12 = 0.981
Compression ratio of layer 12 = 0.193
Time elapsed before estimating layer 13 ts 1 ====> 2105.81 s
TS 0 layer 13 readLatency: 7.21e+05 ns
TS 0 layer 13 bufferLatency: 6.26e+05 ns (86.87%)
TS 0 layer 13 icLatency: 2.19e+03 ns
TS 0 layer 13 coreLatencyADC: 1.61e+03 ns (0.22%)
TS 0 layer 13 coreLatencyAccum: 9.63e+04 ns (13.36%)
TS 0 layer 13 coreLatencyOther: 2.02e+04 ns (2.80%)
TS 0 layer 13 arrayReadLatency: 9.52e+04 ns (13.21%)
TS 0 layer 13 arrayLatencyADC: 1.61e+03 ns (0.22%)
TS 0 layer 13 arrayLatencyAccum: 9.36e+04 ns (12.98%)
TS 0 layer 13 arrayLatencyOther: 0.00e+00 ns (0.00%)
TS 0 layer 13 readLatencyBuffer: 6.44e+05 ns (89.37%)
TS 0 layer 13 readLatencyIC: 4.38e+03 ns (0.61%)
TS 0 layer 13 readDynamicEnergy: 2.57e+07 pJ
TS 0 layer 13 leakagePower: 8886.50 uW
TS 0 layer 13 leakageEnergy: 6.41e+06 pJ
TS 0 layer 13 bufferDynamicEnergy: 1.41e+05 pJ (0.55%)
TS 0 layer 13 icDynamicEnergy: 5.13e+05 pJ (2.00%)
TS 0 layer 13 coreEnergyADC: 2.36e+05 pJ (0.92%)
TS 0 layer 13 coreEnergyAccum: 2.59e+07 pJ (100.92%)
TS 0 layer 13 coreEnergyOther: 7.98e+04 pJ (0.31%)
TS 0 layer 13 coreEnergyPopcnt: 6.24e+05 pJ (2.43%)
TS 0 layer 13 arrayReadDynamicEnergy: 2.60e+07 pJ (101.22%)
TS 0 layer 13 arrayEnergyADC: 2.36e+05 pJ (0.92%)
TS 0 layer 13 arrayEnergyAccum: 2.58e+07 pJ (100.30%)
TS 0 layer 13 arrayEnergyOther: 0.00e+00 pJ (0.00%)
TS 0 layer 13 arrayEnergyPopcnt: 6.24e+05 pJ (2.43%)
TS 0 layer 13 readDynamicEnergyBuffer: 3.07e+05 pJ (1.20%)
TS 0 layer 13 readDynamicEnergyIC: 1.30e+06 pJ (5.05%)
successRate of layer 13 = 0.87
Max(successRate) of layer 13 = 0.89
Min(successRate) of layer 13 = 0.83
Sparsity of layer 13 = 0.94
Compression ratio of layer 13 = 0.441
Time elapsed before estimating layer 14 ts 1 ====> 2194.22 s
TS 0 layer 14 readLatency: 5.17e+05 ns
TS 0 layer 14 bufferLatency: 3.91e+05 ns (75.63%)
TS 0 layer 14 icLatency: 1.50e+03 ns
TS 0 layer 14 coreLatencyADC: 3.22e+03 ns (0.62%)
TS 0 layer 14 coreLatencyAccum: 1.80e+05 ns (34.84%)
TS 0 layer 14 coreLatencyOther: 2.02e+04 ns (3.90%)
TS 0 layer 14 arrayReadLatency: 1.80e+05 ns (34.79%)
TS 0 layer 14 arrayLatencyADC: 3.22e+03 ns (0.62%)
TS 0 layer 14 arrayLatencyAccum: 1.77e+05 ns (34.17%)
TS 0 layer 14 arrayLatencyOther: 0.00e+00 ns (0.00%)
TS 0 layer 14 readLatencyBuffer: 4.04e+05 ns (78.06%)
TS 0 layer 14 readLatencyIC: 3.00e+03 ns (0.58%)
TS 0 layer 14 readDynamicEnergy: 1.78e+07 pJ
TS 0 layer 14 leakagePower: 17773.00 uW
TS 0 layer 14 leakageEnergy: 9.19e+06 pJ
TS 0 layer 14 bufferDynamicEnergy: 1.58e+05 pJ (0.89%)
TS 0 layer 14 icDynamicEnergy: 7.03e+05 pJ (3.95%)
TS 0 layer 14 coreEnergyADC: 4.71e+05 pJ (2.65%)
TS 0 layer 14 coreEnergyAccum: 2.37e+07 pJ (133.24%)
TS 0 layer 14 coreEnergyOther: 7.98e+04 pJ (0.45%)
TS 0 layer 14 coreEnergyPopcnt: 1.25e+06 pJ (7.02%)
TS 0 layer 14 arrayReadDynamicEnergy: 2.35e+07 pJ (132.33%)
TS 0 layer 14 arrayEnergyADC: 4.71e+05 pJ (2.65%)
TS 0 layer 14 arrayEnergyAccum: 2.31e+07 pJ (129.69%)
TS 0 layer 14 arrayEnergyOther: 0.00e+00 pJ (0.00%)
TS 0 layer 14 arrayEnergyPopcnt: 1.25e+06 pJ (7.02%)
TS 0 layer 14 readDynamicEnergyBuffer: 3.86e+05 pJ (2.17%)
TS 0 layer 14 readDynamicEnergyIC: 1.78e+06 pJ (10.00%)
successRate of layer 14 = 0.82
Max(successRate) of layer 14 = 0.87
Min(successRate) of layer 14 = 0.79
Sparsity of layer 14 = 0.987
Compression ratio of layer 14 = 0.151
Time elapsed before estimating layer 15 ts 1 ====> 2288.60 s
TS 0 layer 15 readLatency: 7.00e+05 ns
TS 0 layer 15 bufferLatency: 5.28e+05 ns (75.43%)
TS 0 layer 15 icLatency: 2.02e+03 ns
TS 0 layer 15 coreLatencyADC: 3.22e+03 ns (0.46%)
TS 0 layer 15 coreLatencyAccum: 2.21e+05 ns (31.52%)
TS 0 layer 15 coreLatencyOther: 2.02e+04 ns (2.88%)
TS 0 layer 15 arrayReadLatency: 2.20e+05 ns (31.48%)
TS 0 layer 15 arrayLatencyADC: 3.22e+03 ns (0.46%)
TS 0 layer 15 arrayLatencyAccum: 2.17e+05 ns (31.02%)
TS 0 layer 15 arrayLatencyOther: 0.00e+00 ns (0.00%)
TS 0 layer 15 readLatencyBuffer: 5.45e+05 ns (77.85%)
TS 0 layer 15 readLatencyIC: 4.05e+03 ns (0.58%)
TS 0 layer 15 readDynamicEnergy: 2.87e+07 pJ
TS 0 layer 15 leakagePower: 17773.00 uW
TS 0 layer 15 leakageEnergy: 1.24e+07 pJ
TS 0 layer 15 bufferDynamicEnergy: 2.13e+05 pJ (0.74%)
TS 0 layer 15 icDynamicEnergy: 9.50e+05 pJ (3.31%)
TS 0 layer 15 coreEnergyADC: 4.71e+05 pJ (1.64%)
TS 0 layer 15 coreEnergyAccum: 3.38e+07 pJ (117.96%)
TS 0 layer 15 coreEnergyOther: 7.98e+04 pJ (0.28%)
TS 0 layer 15 coreEnergyPopcnt: 1.25e+06 pJ (4.35%)
TS 0 layer 15 arrayReadDynamicEnergy: 3.37e+07 pJ (117.40%)
TS 0 layer 15 arrayEnergyADC: 4.71e+05 pJ (1.64%)
TS 0 layer 15 arrayEnergyAccum: 3.32e+07 pJ (115.75%)
TS 0 layer 15 arrayEnergyOther: 0.00e+00 pJ (0.00%)
TS 0 layer 15 arrayEnergyPopcnt: 1.25e+06 pJ (4.35%)
TS 0 layer 15 readDynamicEnergyBuffer: 5.21e+05 pJ (1.82%)
TS 0 layer 15 readDynamicEnergyIC: 2.40e+06 pJ (8.37%)
successRate of layer 15 = 0.80
Max(successRate) of layer 15 = 0.83
Min(successRate) of layer 15 = 0.78
Sparsity of layer 15 = 0.975
Compression ratio of layer 15 = 0.204
Time elapsed before estimating layer 16 ts 1 ====> 2452.62 s
TS 0 layer 16 readLatency: 5.41e+05 ns
TS 0 layer 16 bufferLatency: 2.02e+05 ns (37.31%)
TS 0 layer 16 icLatency: 2.23e+03 ns
TS 0 layer 16 coreLatencyADC: 3.22e+03 ns (0.60%)
TS 0 layer 16 coreLatencyAccum: 3.83e+05 ns (70.89%)
TS 0 layer 16 coreLatencyOther: 2.24e+04 ns (4.14%)
TS 0 layer 16 arrayReadLatency: 3.83e+05 ns (70.84%)
TS 0 layer 16 arrayLatencyADC: 3.22e+03 ns (0.60%)
TS 0 layer 16 arrayLatencyAccum: 3.80e+05 ns (70.24%)
TS 0 layer 16 arrayLatencyOther: 0.00e+00 ns (0.00%)
TS 0 layer 16 readLatencyBuffer: 2.20e+05 ns (40.77%)
TS 0 layer 16 readLatencyIC: 4.47e+03 ns (0.83%)
TS 0 layer 16 readDynamicEnergy: 7.13e+07 pJ
TS 0 layer 16 leakagePower: 17773.00 uW
TS 0 layer 16 leakageEnergy: 9.61e+06 pJ
TS 0 layer 16 bufferDynamicEnergy: 1.96e+05 pJ (0.28%)
TS 0 layer 16 icDynamicEnergy: 1.05e+06 pJ (1.47%)
TS 0 layer 16 coreEnergyADC: 4.71e+05 pJ (0.66%)
TS 0 layer 16 coreEnergyAccum: 7.62e+07 pJ (106.86%)
TS 0 layer 16 coreEnergyOther: 7.98e+04 pJ (0.11%)
TS 0 layer 16 coreEnergyPopcnt: 1.25e+06 pJ (1.75%)
TS 0 layer 16 arrayReadDynamicEnergy: 7.60e+07 pJ (106.63%)
TS 0 layer 16 arrayEnergyADC: 4.71e+05 pJ (0.66%)
TS 0 layer 16 arrayEnergyAccum: 7.56e+07 pJ (105.97%)
TS 0 layer 16 arrayEnergyOther: 0.00e+00 pJ (0.00%)
TS 0 layer 16 arrayEnergyPopcnt: 1.25e+06 pJ (1.75%)
TS 0 layer 16 readDynamicEnergyBuffer: 5.36e+05 pJ (0.75%)
TS 0 layer 16 readDynamicEnergyIC: 2.65e+06 pJ (3.72%)
successRate of layer 16 = 0.66
Max(successRate) of layer 16 = 0.69
Min(successRate) of layer 16 = 0.62
Sparsity of layer 16 = 0.978
Compression ratio of layer 16 = 0.225
=============== Chip Performance Estimating Finish ===============
Max SNN Latency Layer: 2, Max Time Step: 1
SNN pipeline latency: 0.019150737687938353
Average of the snn layer latency (per timestep): 0.006648016659140148
Mean of the snn layer latency (per timestep): 0.006648016659140148
STD of the snn layer latency (per timestep): 0.00617976652397176
=============== Chip Area Analysis ===============
Chip Area: 1.46e+08 um^2
Chip ADC (or S/As and precharger for SRAM) Area: 7.02e+06 um^2 (4.82 %)
Chip IC Area (Global and Tile/PE local): 5.61e+06 um^2 (3.85 %)
Chip Accum (subarray level: adders, shiftAdds; PE/Tile/Global level: accumulation units) Area: 2.63e+07 um^2 (18.04 %)
Chip Other (e.g. decoders, mux, switchmatrix, buffers, IC, pooling and activation units) Area: 2.40e+07 um^2 (16.47 %)
Chip Popcnt Area: 7.67e+05 um^2 (0.53 %)
Chip Array Area: 6.93e+07 um^2 (47.60 %)
=============== Chip Latency Analysis ===============
Pipelined Clock Latency (per Layer per mergedTimeStep): 1.92e+07 ns
Buffer Latency (slowest timestep of the slowest layer): 1.85e+07 ns         (96.41 % of pipeline latency)
IC Latency (slowest timestep of the slowest layer): 2.02e+02 ns         (0.00 % of pipeline latency)
Core Latency ADC (slowest timestep of the slowest layer): 3.22e+03 ns         (0.02 % of pipeline latency)
Core Latency Accum (slowest timestep of the slowest layer): 5.22e+05 ns         (2.73 % of pipeline latency)
Core Latency Other (slowest timestep of the slowest layer): 1.61e+05 ns         (0.84 % of pipeline latency)
Array Read Latency (slowest timestep of the slowest layer): 4.35e+05 ns           (2.27 % of pipeline latency)
Array Latency ADC (slowest timestep of the slowest layer): 3.22e+03 ns           (0.02 % of pipeline latency)
Array Latency Accum (slowest timestep of the slowest layer): 4.31e+05 ns           (2.25 % of pipeline latency)
Array Latency Other (slowest timestep of the slowest layer): 0.00e+00 ns           (0.00 % of pipeline latency)
Read Latency Buffer (slowest timestep of the slowest layer): 1.85e+07 ns           (96.42 % of pipeline latency)
Read Latency IC (slowest timestep of the slowest layer): 4.05e+02 ns           (0.00 % of pipeline latency)
Total Read Latency (per image): 1.06e+08 ns
Total Buffer Latency (per image): 9.82e+07 ns         (92.30 % of total read latency)
Total IC Latency (per image): 1.30e+04 ns         (0.01 % of total read latency)
Total Core Latency ADC (per image): 6.61e+04 ns         (0.06 % of total read latency)
Total Core Latency Accum (per image): 7.22e+06 ns         (6.79 % of total read latency)
Total Core Latency Other (per image): 1.21e+06 ns         (1.14 % of total read latency)
Total Array Read Latency (per image): 6.84e+06 ns         (6.43 % of total read latency)
Total Array Latency ADC (per image): 6.61e+04 ns         (0.06 % of total read latency)
Total Array Latency Accum (per image): 6.77e+06 ns         (6.37 % of total read latency)
Total Array Latency Other (per image): 0.00e+00 ns         (0.00 % of total read latency)
Total Read Latency Buffer (per image): 9.83e+07 ns         (92.40 % of total read latency)
Total Read Latency IC (per image): 2.59e+04 ns         (0.02 % of total read latency)
=============== Chip Energy Analysis ===============
Total Read Dynamic Energy (per image): 1.63e+09 pJ
Total Buffer Dynamic Energy (per image): 8.51e+06 pJ         (0.52 % of total read dynamic energy)
Total IC Dynamic Energy (per image): 4.00e+06 pJ         (0.25 % of total read dynamic energy)
Total Core Energy ADC (per image): 6.83e+06 pJ         (0.42 % of total read dynamic energy)
Total Core Energy Accum (per image): 1.63e+09 pJ         (100.04 % of total read dynamic energy)
Total Core Energy Other (per image): 4.79e+06 pJ         (0.29 % of total read dynamic energy)
Total Core Energy Popcnt (per image): 2.31e+07 pJ         (1.42 % of total read dynamic energy)
Total Leakage Power (per image): 83800.39 uW
Total Leakage Energy (per image): 1.60e+09 pJ
Total Array Read Dynamic Energy (per image): 1.64e+09 pJ (100.31 % of total read dynamic energy)
Total Array Energy ADC (per image): 6.83e+06 pJ (0.42 % of total read dynamic energy)
Total Array Energy Accum (per image): 1.63e+09 pJ (99.89 % of total read dynamic energy)
Total Array Energy Other (per image): 0.00e+00 pJ (0.00 % of total read dynamic energy)
Total Array Energy Popcnt (per image): 2.31e+07 pJ (1.42 % of total read dynamic energy)
Total Read Dynamic Energy Buffer (per image): 9.81e+06 pJ (0.60 % of total read dynamic energy)
Total Read Dynamic Energy IC (per image): 1.01e+07 pJ (0.62 % of total read dynamic energy)

=============== Chip Performance Estimating Finish ===============
Energy Efficiency TOPS/W (Pipelined Process without IC Energy): 111.36841911458419
Throughput TOPS (Pipelined Process with IC Delay): 22.939111921348253
Throughput FPS (Pipelined Process with IC Delay): 52.21730965642262
Compute Efficiency TOPS/mm^2 (Pipelined Process with IC Delay): 0.15744522024503874
Simulation finished, total time elapsed = 2452.74 s
