=============== Parameter Loading Finish ===============
Time elapsed = 0.03 s
=============== Network Structure Loading Finish ===============
{'IH': 56, 'IW': 56, 'Cin': 64, 'KH': 3, 'KW': 3, 'Cout': 64, 'pooling': 0, 'stride': 1, 'isSNN': 1, 'T': 100, 'weight_row': 64, 'weight_col': 576}
{'IH': 56, 'IW': 56, 'Cin': 64, 'KH': 3, 'KW': 3, 'Cout': 64, 'pooling': 0, 'stride': 1, 'isSNN': 1, 'T': 100, 'weight_row': 64, 'weight_col': 576}
{'IH': 56, 'IW': 56, 'Cin': 64, 'KH': 3, 'KW': 3, 'Cout': 64, 'pooling': 0, 'stride': 1, 'isSNN': 1, 'T': 100, 'weight_row': 64, 'weight_col': 576}
{'IH': 56, 'IW': 56, 'Cin': 64, 'KH': 3, 'KW': 3, 'Cout': 64, 'pooling': 0, 'stride': 1, 'isSNN': 1, 'T': 100, 'weight_row': 64, 'weight_col': 576}
{'IH': 56, 'IW': 56, 'Cin': 64, 'KH': 3, 'KW': 3, 'Cout': 128, 'pooling': 0, 'stride': 2, 'isSNN': 1, 'T': 100, 'weight_row': 128, 'weight_col': 576}
{'IH': 28, 'IW': 28, 'Cin': 128, 'KH': 3, 'KW': 3, 'Cout': 128, 'pooling': 0, 'stride': 1, 'isSNN': 1, 'T': 100, 'weight_row': 128, 'weight_col': 1152}
{'IH': 28, 'IW': 28, 'Cin': 128, 'KH': 3, 'KW': 3, 'Cout': 128, 'pooling': 0, 'stride': 1, 'isSNN': 1, 'T': 100, 'weight_row': 128, 'weight_col': 1152}
{'IH': 28, 'IW': 28, 'Cin': 128, 'KH': 3, 'KW': 3, 'Cout': 128, 'pooling': 0, 'stride': 1, 'isSNN': 1, 'T': 100, 'weight_row': 128, 'weight_col': 1152}
{'IH': 28, 'IW': 28, 'Cin': 128, 'KH': 3, 'KW': 3, 'Cout': 256, 'pooling': 0, 'stride': 2, 'isSNN': 1, 'T': 100, 'weight_row': 256, 'weight_col': 1152}
{'IH': 14, 'IW': 14, 'Cin': 256, 'KH': 3, 'KW': 3, 'Cout': 256, 'pooling': 0, 'stride': 1, 'isSNN': 1, 'T': 100, 'weight_row': 256, 'weight_col': 2304}
{'IH': 14, 'IW': 14, 'Cin': 256, 'KH': 3, 'KW': 3, 'Cout': 256, 'pooling': 0, 'stride': 1, 'isSNN': 1, 'T': 100, 'weight_row': 256, 'weight_col': 2304}
{'IH': 14, 'IW': 14, 'Cin': 256, 'KH': 3, 'KW': 3, 'Cout': 256, 'pooling': 0, 'stride': 1, 'isSNN': 1, 'T': 100, 'weight_row': 256, 'weight_col': 2304}
{'IH': 14, 'IW': 14, 'Cin': 256, 'KH': 3, 'KW': 3, 'Cout': 512, 'pooling': 0, 'stride': 2, 'isSNN': 1, 'T': 100, 'weight_row': 512, 'weight_col': 2304}
{'IH': 7, 'IW': 7, 'Cin': 512, 'KH': 3, 'KW': 3, 'Cout': 512, 'pooling': 0, 'stride': 1, 'isSNN': 1, 'T': 100, 'weight_row': 512, 'weight_col': 4608}
{'IH': 7, 'IW': 7, 'Cin': 512, 'KH': 3, 'KW': 3, 'Cout': 512, 'pooling': 0, 'stride': 1, 'isSNN': 1, 'T': 100, 'weight_row': 512, 'weight_col': 4608}
{'IH': 7, 'IW': 7, 'Cin': 512, 'KH': 3, 'KW': 3, 'Cout': 512, 'pooling': 1, 'stride': 1, 'isSNN': 1, 'T': 100, 'weight_row': 512, 'weight_col': 4608}

------------------------------ FloorPlan --------------------------------
Tile and PE size are optimized to maximize memory utilization ( = memory mapped by synapse / total memory on chip)
Desired Conventional Mapped Tile Storage Size: 1024 x 1024
Desired Conventional PE Storage Size: 512 x 512
User-defined SubArray Size: 128 x 128
----------------- # of tile used for each layer -----------------
Layer 1: 40
Layer 2: 40
Layer 3: 40
Layer 4: 40
Layer 5: 40
Layer 6: 18
Layer 7: 18
Layer 8: 18
Layer 9: 36
Layer 10: 18
Layer 11: 18
Layer 12: 18
Layer 13: 36
Layer 14: 36
Layer 15: 36
Layer 16: 36
----------------- Speed-up of each layer ------------------
Layer 1: 64
Layer 2: 64
Layer 3: 64
Layer 4: 64
Layer 5: 64
Layer 6: 16
Layer 7: 16
Layer 8: 16
Layer 9: 16
Layer 10: 4
Layer 11: 4
Layer 12: 4
Layer 13: 4
Layer 14: 2
Layer 15: 2
Layer 16: 2
----------------- Utilization of each layer ------------------
Layer 1: 0.45
Layer 2: 0.45
Layer 3: 0.45
Layer 4: 0.45
Layer 5: 0.9
Layer 6: 1.0
Layer 7: 1.0
Layer 8: 1.0
Layer 9: 1.0
Layer 10: 1.0
Layer 11: 1.0
Layer 12: 1.0
Layer 13: 1.0
Layer 14: 1.0
Layer 15: 1.0
Layer 16: 1.0
Memory Utilization of Whole Chip: 81.14754098360656 %
---------------------------- FloorPlan Done ------------------------------
Chip Area: 1.45e+08 um^2
Chip ADC (or S/As and precharger for SRAM) Area: 7.02e+06 um^2 (4.85 %)
Chip IC Area (Global and Tile/PE local): 5.60e+06 um^2 (3.86 %)
Chip Accum (subarray level: adders, shiftAdds; PE/Tile/Global level: accumulation units) Area: 2.63e+07 um^2 (18.13 %)
Chip Other (e.g. decoders, mux, switchmatrix, buffers, IC, pooling and activation units) Area: 2.40e+07 um^2 (16.56 %)
Chip Popcnt Area: 0.00e+00 um^2 (0.00 %)
Chip Array Area: 6.93e+07 um^2 (47.85 %)
Time elapsed = 19.07 s
=============== Chip Clk Period Estimating ===============
Time elapsed after estimating layer 1 = 40.43 s
Chip Clk Period: 1.0281894905588658 ns
=============== Chip Performance Estimating ===============
Time elapsed before estimating layer 1 ts 1 ====> 65.86 s
TS 0 layer 1 readLatency: 2.22e+07 ns
TS 0 layer 1 bufferLatency: 1.86e+07 ns (84.08%)
TS 0 layer 1 icLatency: 2.04e+02 ns
TS 0 layer 1 coreLatencyADC: 3.22e+03 ns (0.01%)
TS 0 layer 1 coreLatencyAccum: 3.36e+06 ns (15.18%)
TS 0 layer 1 coreLatencyOther: 1.61e+05 ns (0.73%)
TS 0 layer 1 arrayReadLatency: 3.28e+06 ns (14.78%)
TS 0 layer 1 arrayLatencyADC: 3.22e+03 ns (0.01%)
TS 0 layer 1 arrayLatencyAccum: 3.27e+06 ns (14.77%)
TS 0 layer 1 arrayLatencyOther: 0.00e+00 ns (0.00%)
TS 0 layer 1 readLatencyBuffer: 1.86e+07 ns (84.08%)
TS 0 layer 1 readLatencyIC: 4.09e+02 ns (0.00%)
TS 0 layer 1 readDynamicEnergy: 2.86e+08 pJ
TS 0 layer 1 leakagePower: 356.96 uW
TS 0 layer 1 leakageEnergy: 7.91e+06 pJ
TS 0 layer 1 bufferDynamicEnergy: 1.86e+06 pJ (0.65%)
TS 0 layer 1 icDynamicEnergy: 1.10e+04 pJ (0.00%)
TS 0 layer 1 coreEnergyADC: 4.71e+05 pJ (0.16%)
TS 0 layer 1 coreEnergyAccum: 2.83e+08 pJ (98.96%)
TS 0 layer 1 coreEnergyOther: 6.39e+05 pJ (0.22%)
TS 0 layer 1 coreEnergyPopcnt: 0.00e+00 pJ (0.00%)
TS 0 layer 1 arrayReadDynamicEnergy: 2.83e+08 pJ (99.12%)
TS 0 layer 1 arrayEnergyADC: 4.71e+05 pJ (0.16%)
TS 0 layer 1 arrayEnergyAccum: 2.83e+08 pJ (98.95%)
TS 0 layer 1 arrayEnergyOther: 0.00e+00 pJ (0.00%)
TS 0 layer 1 arrayEnergyPopcnt: 0.00e+00 pJ (0.00%)
TS 0 layer 1 readDynamicEnergyBuffer: 1.86e+06 pJ (0.65%)
TS 0 layer 1 readDynamicEnergyIC: 2.71e+04 pJ (0.01%)
Time elapsed before estimating layer 2 ts 1 ====> 90.39 s
TS 0 layer 2 readLatency: 2.00e+07 ns
TS 0 layer 2 bufferLatency: 1.86e+07 ns (93.29%)
TS 0 layer 2 icLatency: 2.04e+02 ns
TS 0 layer 2 coreLatencyADC: 3.22e+03 ns (0.02%)
TS 0 layer 2 coreLatencyAccum: 1.18e+06 ns (5.89%)
TS 0 layer 2 coreLatencyOther: 1.61e+05 ns (0.81%)
TS 0 layer 2 arrayReadLatency: 1.09e+06 ns (5.45%)
TS 0 layer 2 arrayLatencyADC: 3.22e+03 ns (0.02%)
TS 0 layer 2 arrayLatencyAccum: 1.09e+06 ns (5.43%)
TS 0 layer 2 arrayLatencyOther: 0.00e+00 ns (0.00%)
TS 0 layer 2 readLatencyBuffer: 1.86e+07 ns (93.30%)
TS 0 layer 2 readLatencyIC: 4.09e+02 ns (0.00%)
TS 0 layer 2 readDynamicEnergy: 1.60e+08 pJ
TS 0 layer 2 leakagePower: 356.96 uW
TS 0 layer 2 leakageEnergy: 7.13e+06 pJ
TS 0 layer 2 bufferDynamicEnergy: 1.86e+06 pJ (1.16%)
TS 0 layer 2 icDynamicEnergy: 1.10e+04 pJ (0.01%)
TS 0 layer 2 coreEnergyADC: 4.71e+05 pJ (0.29%)
TS 0 layer 2 coreEnergyAccum: 1.57e+08 pJ (98.14%)
TS 0 layer 2 coreEnergyOther: 6.39e+05 pJ (0.40%)
TS 0 layer 2 coreEnergyPopcnt: 0.00e+00 pJ (0.00%)
TS 0 layer 2 arrayReadDynamicEnergy: 1.57e+08 pJ (98.42%)
TS 0 layer 2 arrayEnergyADC: 4.71e+05 pJ (0.29%)
TS 0 layer 2 arrayEnergyAccum: 1.57e+08 pJ (98.13%)
TS 0 layer 2 arrayEnergyOther: 0.00e+00 pJ (0.00%)
TS 0 layer 2 arrayEnergyPopcnt: 0.00e+00 pJ (0.00%)
TS 0 layer 2 readDynamicEnergyBuffer: 1.86e+06 pJ (1.16%)
TS 0 layer 2 readDynamicEnergyIC: 2.71e+04 pJ (0.02%)
Time elapsed before estimating layer 3 ts 1 ====> 116.18 s
TS 0 layer 3 readLatency: 2.17e+07 ns
TS 0 layer 3 bufferLatency: 1.86e+07 ns (85.78%)
TS 0 layer 3 icLatency: 2.04e+02 ns
TS 0 layer 3 coreLatencyADC: 3.22e+03 ns (0.01%)
TS 0 layer 3 coreLatencyAccum: 2.93e+06 ns (13.47%)
TS 0 layer 3 coreLatencyOther: 1.61e+05 ns (0.74%)
TS 0 layer 3 arrayReadLatency: 2.84e+06 ns (13.06%)
TS 0 layer 3 arrayLatencyADC: 3.22e+03 ns (0.01%)
TS 0 layer 3 arrayLatencyAccum: 2.83e+06 ns (13.05%)
TS 0 layer 3 arrayLatencyOther: 0.00e+00 ns (0.00%)
TS 0 layer 3 readLatencyBuffer: 1.86e+07 ns (85.78%)
TS 0 layer 3 readLatencyIC: 4.09e+02 ns (0.00%)
TS 0 layer 3 readDynamicEnergy: 3.30e+08 pJ
TS 0 layer 3 leakagePower: 356.96 uW
TS 0 layer 3 leakageEnergy: 7.75e+06 pJ
TS 0 layer 3 bufferDynamicEnergy: 1.86e+06 pJ (0.56%)
TS 0 layer 3 icDynamicEnergy: 1.10e+04 pJ (0.00%)
TS 0 layer 3 coreEnergyADC: 4.71e+05 pJ (0.14%)
TS 0 layer 3 coreEnergyAccum: 3.27e+08 pJ (99.10%)
TS 0 layer 3 coreEnergyOther: 6.39e+05 pJ (0.19%)
TS 0 layer 3 coreEnergyPopcnt: 0.00e+00 pJ (0.00%)
TS 0 layer 3 arrayReadDynamicEnergy: 3.28e+08 pJ (99.24%)
TS 0 layer 3 arrayEnergyADC: 4.71e+05 pJ (0.14%)
TS 0 layer 3 arrayEnergyAccum: 3.27e+08 pJ (99.09%)
TS 0 layer 3 arrayEnergyOther: 0.00e+00 pJ (0.00%)
TS 0 layer 3 arrayEnergyPopcnt: 0.00e+00 pJ (0.00%)
TS 0 layer 3 readDynamicEnergyBuffer: 1.86e+06 pJ (0.56%)
TS 0 layer 3 readDynamicEnergyIC: 2.71e+04 pJ (0.01%)
Time elapsed before estimating layer 4 ts 1 ====> 140.82 s
TS 0 layer 4 readLatency: 1.97e+07 ns
TS 0 layer 4 bufferLatency: 1.86e+07 ns (94.49%)
TS 0 layer 4 icLatency: 2.04e+02 ns
TS 0 layer 4 coreLatencyADC: 3.22e+03 ns (0.02%)
TS 0 layer 4 coreLatencyAccum: 9.22e+05 ns (4.67%)
TS 0 layer 4 coreLatencyOther: 1.61e+05 ns (0.82%)
TS 0 layer 4 arrayReadLatency: 8.34e+05 ns (4.23%)
TS 0 layer 4 arrayLatencyADC: 3.22e+03 ns (0.02%)
TS 0 layer 4 arrayLatencyAccum: 8.31e+05 ns (4.21%)
TS 0 layer 4 arrayLatencyOther: 0.00e+00 ns (0.00%)
TS 0 layer 4 readLatencyBuffer: 1.86e+07 ns (94.50%)
TS 0 layer 4 readLatencyIC: 4.09e+02 ns (0.00%)
TS 0 layer 4 readDynamicEnergy: 2.24e+08 pJ
TS 0 layer 4 leakagePower: 356.96 uW
TS 0 layer 4 leakageEnergy: 7.04e+06 pJ
TS 0 layer 4 bufferDynamicEnergy: 1.86e+06 pJ (0.83%)
TS 0 layer 4 icDynamicEnergy: 1.10e+04 pJ (0.00%)
TS 0 layer 4 coreEnergyADC: 4.71e+05 pJ (0.21%)
TS 0 layer 4 coreEnergyAccum: 2.21e+08 pJ (98.67%)
TS 0 layer 4 coreEnergyOther: 6.39e+05 pJ (0.29%)
TS 0 layer 4 coreEnergyPopcnt: 0.00e+00 pJ (0.00%)
TS 0 layer 4 arrayReadDynamicEnergy: 2.21e+08 pJ (98.87%)
TS 0 layer 4 arrayEnergyADC: 4.71e+05 pJ (0.21%)
TS 0 layer 4 arrayEnergyAccum: 2.21e+08 pJ (98.66%)
TS 0 layer 4 arrayEnergyOther: 0.00e+00 pJ (0.00%)
TS 0 layer 4 arrayEnergyPopcnt: 0.00e+00 pJ (0.00%)
TS 0 layer 4 readDynamicEnergyBuffer: 1.86e+06 pJ (0.83%)
TS 0 layer 4 readDynamicEnergyIC: 2.71e+04 pJ (0.01%)
Time elapsed before estimating layer 5 ts 1 ====> 146.34 s
TS 0 layer 5 readLatency: 6.30e+06 ns
TS 0 layer 5 bufferLatency: 5.13e+06 ns (81.36%)
TS 0 layer 5 icLatency: 3.52e+02 ns
TS 0 layer 5 coreLatencyADC: 1.61e+03 ns (0.03%)
TS 0 layer 5 coreLatencyAccum: 1.09e+06 ns (17.33%)
TS 0 layer 5 coreLatencyOther: 8.06e+04 ns (1.28%)
TS 0 layer 5 arrayReadLatency: 1.07e+06 ns (17.00%)
TS 0 layer 5 arrayLatencyADC: 1.61e+03 ns (0.03%)
TS 0 layer 5 arrayLatencyAccum: 1.07e+06 ns (16.97%)
TS 0 layer 5 arrayLatencyOther: 0.00e+00 ns (0.00%)
TS 0 layer 5 readLatencyBuffer: 5.13e+06 ns (81.40%)
TS 0 layer 5 readLatencyIC: 7.05e+02 ns (0.01%)
TS 0 layer 5 readDynamicEnergy: 1.79e+08 pJ
TS 0 layer 5 leakagePower: 652.55 uW
TS 0 layer 5 leakageEnergy: 4.11e+06 pJ
TS 0 layer 5 bufferDynamicEnergy: 4.69e+05 pJ (0.26%)
TS 0 layer 5 icDynamicEnergy: 2.04e+04 pJ (0.01%)
TS 0 layer 5 coreEnergyADC: 2.36e+05 pJ (0.13%)
TS 0 layer 5 coreEnergyAccum: 1.78e+08 pJ (99.42%)
TS 0 layer 5 coreEnergyOther: 3.19e+05 pJ (0.18%)
TS 0 layer 5 coreEnergyPopcnt: 0.00e+00 pJ (0.00%)
TS 0 layer 5 arrayReadDynamicEnergy: 1.78e+08 pJ (99.54%)
TS 0 layer 5 arrayEnergyADC: 2.36e+05 pJ (0.13%)
TS 0 layer 5 arrayEnergyAccum: 1.78e+08 pJ (99.41%)
TS 0 layer 5 arrayEnergyOther: 0.00e+00 pJ (0.00%)
TS 0 layer 5 arrayEnergyPopcnt: 0.00e+00 pJ (0.00%)
TS 0 layer 5 readDynamicEnergyBuffer: 4.75e+05 pJ (0.27%)
TS 0 layer 5 readDynamicEnergyIC: 5.05e+04 pJ (0.03%)
Time elapsed before estimating layer 6 ts 1 ====> 156.24 s
TS 0 layer 6 readLatency: 2.24e+07 ns
TS 0 layer 6 bufferLatency: 2.01e+07 ns (89.39%)
TS 0 layer 6 icLatency: 7.05e+02 ns
TS 0 layer 6 coreLatencyADC: 6.45e+03 ns (0.03%)
TS 0 layer 6 coreLatencyAccum: 2.29e+06 ns (10.21%)
TS 0 layer 6 coreLatencyOther: 8.06e+04 ns (0.36%)
TS 0 layer 6 arrayReadLatency: 2.29e+06 ns (10.19%)
TS 0 layer 6 arrayLatencyADC: 6.45e+03 ns (0.03%)
TS 0 layer 6 arrayLatencyAccum: 2.28e+06 ns (10.16%)
TS 0 layer 6 arrayLatencyOther: 0.00e+00 ns (0.00%)
TS 0 layer 6 readLatencyBuffer: 2.01e+07 ns (89.42%)
TS 0 layer 6 readLatencyIC: 1.41e+03 ns (0.01%)
TS 0 layer 6 readDynamicEnergy: 1.63e+08 pJ
TS 0 layer 6 leakagePower: 1193.18 uW
TS 0 layer 6 leakageEnergy: 2.68e+07 pJ
TS 0 layer 6 bufferDynamicEnergy: 9.42e+05 pJ (0.58%)
TS 0 layer 6 icDynamicEnergy: 7.78e+04 pJ (0.05%)
TS 0 layer 6 coreEnergyADC: 4.71e+05 pJ (0.29%)
TS 0 layer 6 coreEnergyAccum: 1.61e+08 pJ (98.89%)
TS 0 layer 6 coreEnergyOther: 3.19e+05 pJ (0.20%)
TS 0 layer 6 coreEnergyPopcnt: 0.00e+00 pJ (0.00%)
TS 0 layer 6 arrayReadDynamicEnergy: 1.61e+08 pJ (99.17%)
TS 0 layer 6 arrayEnergyADC: 4.71e+05 pJ (0.29%)
TS 0 layer 6 arrayEnergyAccum: 1.61e+08 pJ (98.88%)
TS 0 layer 6 arrayEnergyOther: 0.00e+00 pJ (0.00%)
TS 0 layer 6 arrayEnergyPopcnt: 0.00e+00 pJ (0.00%)
TS 0 layer 6 readDynamicEnergyBuffer: 9.67e+05 pJ (0.59%)
TS 0 layer 6 readDynamicEnergyIC: 1.95e+05 pJ (0.12%)
Time elapsed before estimating layer 7 ts 1 ====> 166.17 s
TS 0 layer 7 readLatency: 2.40e+07 ns
TS 0 layer 7 bufferLatency: 2.01e+07 ns (83.63%)
TS 0 layer 7 icLatency: 7.05e+02 ns
TS 0 layer 7 coreLatencyADC: 6.45e+03 ns (0.03%)
TS 0 layer 7 coreLatencyAccum: 3.84e+06 ns (16.01%)
TS 0 layer 7 coreLatencyOther: 8.06e+04 ns (0.34%)
TS 0 layer 7 arrayReadLatency: 3.84e+06 ns (15.98%)
TS 0 layer 7 arrayLatencyADC: 6.45e+03 ns (0.03%)
TS 0 layer 7 arrayLatencyAccum: 3.83e+06 ns (15.96%)
TS 0 layer 7 arrayLatencyOther: 0.00e+00 ns (0.00%)
TS 0 layer 7 readLatencyBuffer: 2.01e+07 ns (83.65%)
TS 0 layer 7 readLatencyIC: 1.41e+03 ns (0.01%)
TS 0 layer 7 readDynamicEnergy: 2.94e+08 pJ
TS 0 layer 7 leakagePower: 1193.18 uW
TS 0 layer 7 leakageEnergy: 2.86e+07 pJ
TS 0 layer 7 bufferDynamicEnergy: 9.42e+05 pJ (0.32%)
TS 0 layer 7 icDynamicEnergy: 7.78e+04 pJ (0.03%)
TS 0 layer 7 coreEnergyADC: 4.71e+05 pJ (0.16%)
TS 0 layer 7 coreEnergyAccum: 2.93e+08 pJ (99.39%)
TS 0 layer 7 coreEnergyOther: 3.19e+05 pJ (0.11%)
TS 0 layer 7 coreEnergyPopcnt: 0.00e+00 pJ (0.00%)
TS 0 layer 7 arrayReadDynamicEnergy: 2.93e+08 pJ (99.54%)
TS 0 layer 7 arrayEnergyADC: 4.71e+05 pJ (0.16%)
TS 0 layer 7 arrayEnergyAccum: 2.93e+08 pJ (99.38%)
TS 0 layer 7 arrayEnergyOther: 0.00e+00 pJ (0.00%)
TS 0 layer 7 arrayEnergyPopcnt: 0.00e+00 pJ (0.00%)
TS 0 layer 7 readDynamicEnergyBuffer: 9.67e+05 pJ (0.33%)
TS 0 layer 7 readDynamicEnergyIC: 1.95e+05 pJ (0.07%)
Time elapsed before estimating layer 8 ts 1 ====> 175.58 s
TS 0 layer 8 readLatency: 2.16e+07 ns
TS 0 layer 8 bufferLatency: 2.01e+07 ns (92.86%)
TS 0 layer 8 icLatency: 7.05e+02 ns
TS 0 layer 8 coreLatencyADC: 6.45e+03 ns (0.03%)
TS 0 layer 8 coreLatencyAccum: 1.46e+06 ns (6.74%)
TS 0 layer 8 coreLatencyOther: 8.06e+04 ns (0.37%)
TS 0 layer 8 arrayReadLatency: 1.45e+06 ns (6.71%)
TS 0 layer 8 arrayLatencyADC: 6.45e+03 ns (0.03%)
TS 0 layer 8 arrayLatencyAccum: 1.44e+06 ns (6.68%)
TS 0 layer 8 arrayLatencyOther: 0.00e+00 ns (0.00%)
TS 0 layer 8 readLatencyBuffer: 2.01e+07 ns (92.88%)
TS 0 layer 8 readLatencyIC: 1.41e+03 ns (0.01%)
TS 0 layer 8 readDynamicEnergy: 6.42e+07 pJ
TS 0 layer 8 leakagePower: 1193.18 uW
TS 0 layer 8 leakageEnergy: 2.58e+07 pJ
TS 0 layer 8 bufferDynamicEnergy: 9.42e+05 pJ (1.47%)
TS 0 layer 8 icDynamicEnergy: 7.78e+04 pJ (0.12%)
TS 0 layer 8 coreEnergyADC: 4.71e+05 pJ (0.73%)
TS 0 layer 8 coreEnergyAccum: 6.23e+07 pJ (97.18%)
TS 0 layer 8 coreEnergyOther: 3.19e+05 pJ (0.50%)
TS 0 layer 8 coreEnergyPopcnt: 0.00e+00 pJ (0.00%)
TS 0 layer 8 arrayReadDynamicEnergy: 6.28e+07 pJ (97.90%)
TS 0 layer 8 arrayEnergyADC: 4.71e+05 pJ (0.73%)
TS 0 layer 8 arrayEnergyAccum: 6.23e+07 pJ (97.16%)
TS 0 layer 8 arrayEnergyOther: 0.00e+00 pJ (0.00%)
TS 0 layer 8 arrayEnergyPopcnt: 0.00e+00 pJ (0.00%)
TS 0 layer 8 readDynamicEnergyBuffer: 9.67e+05 pJ (1.51%)
TS 0 layer 8 readDynamicEnergyIC: 1.95e+05 pJ (0.30%)
Time elapsed before estimating layer 9 ts 1 ====> 179.07 s
TS 0 layer 9 readLatency: 3.81e+06 ns
TS 0 layer 9 bufferLatency: 2.77e+06 ns (72.75%)
TS 0 layer 9 icLatency: 1.30e+03 ns
TS 0 layer 9 coreLatencyADC: 1.61e+03 ns (0.04%)
TS 0 layer 9 coreLatencyAccum: 9.94e+05 ns (26.11%)
TS 0 layer 9 coreLatencyOther: 4.03e+04 ns (1.06%)
TS 0 layer 9 arrayReadLatency: 9.88e+05 ns (25.96%)
TS 0 layer 9 arrayLatencyADC: 1.61e+03 ns (0.04%)
TS 0 layer 9 arrayLatencyAccum: 9.87e+05 ns (25.92%)
TS 0 layer 9 arrayLatencyOther: 0.00e+00 ns (0.00%)
TS 0 layer 9 readLatencyBuffer: 2.78e+06 ns (73.03%)
TS 0 layer 9 readLatencyIC: 2.59e+03 ns (0.07%)
TS 0 layer 9 readDynamicEnergy: 1.21e+08 pJ
TS 0 layer 9 leakagePower: 2276.42 uW
TS 0 layer 9 leakageEnergy: 8.67e+06 pJ
TS 0 layer 9 bufferDynamicEnergy: 2.59e+05 pJ (0.21%)
TS 0 layer 9 icDynamicEnergy: 1.49e+05 pJ (0.12%)
TS 0 layer 9 coreEnergyADC: 2.36e+05 pJ (0.20%)
TS 0 layer 9 coreEnergyAccum: 1.20e+08 pJ (99.33%)
TS 0 layer 9 coreEnergyOther: 1.60e+05 pJ (0.13%)
TS 0 layer 9 coreEnergyPopcnt: 0.00e+00 pJ (0.00%)
TS 0 layer 9 arrayReadDynamicEnergy: 1.20e+08 pJ (99.51%)
TS 0 layer 9 arrayEnergyADC: 2.36e+05 pJ (0.20%)
TS 0 layer 9 arrayEnergyAccum: 1.20e+08 pJ (99.32%)
TS 0 layer 9 arrayEnergyOther: 0.00e+00 pJ (0.00%)
TS 0 layer 9 arrayEnergyPopcnt: 0.00e+00 pJ (0.00%)
TS 0 layer 9 readDynamicEnergyBuffer: 3.07e+05 pJ (0.25%)
TS 0 layer 9 readDynamicEnergyIC: 3.75e+05 pJ (0.31%)
Time elapsed before estimating layer 10 ts 1 ====> 185.69 s
TS 0 layer 10 readLatency: 1.16e+07 ns
TS 0 layer 10 bufferLatency: 1.01e+07 ns (86.36%)
TS 0 layer 10 icLatency: 2.59e+03 ns
TS 0 layer 10 coreLatencyADC: 6.45e+03 ns (0.06%)
TS 0 layer 10 coreLatencyAccum: 1.54e+06 ns (13.22%)
TS 0 layer 10 coreLatencyOther: 4.03e+04 ns (0.35%)
TS 0 layer 10 arrayReadLatency: 1.54e+06 ns (13.26%)
TS 0 layer 10 arrayLatencyADC: 6.45e+03 ns (0.06%)
TS 0 layer 10 arrayLatencyAccum: 1.54e+06 ns (13.21%)
TS 0 layer 10 arrayLatencyOther: 0.00e+00 ns (0.00%)
TS 0 layer 10 readLatencyBuffer: 1.01e+07 ns (86.55%)
TS 0 layer 10 readLatencyIC: 5.19e+03 ns (0.04%)
TS 0 layer 10 readDynamicEnergy: 8.42e+07 pJ
TS 0 layer 10 leakagePower: 4552.85 uW
TS 0 layer 10 leakageEnergy: 5.30e+07 pJ
TS 0 layer 10 bufferDynamicEnergy: 5.69e+05 pJ (0.68%)
TS 0 layer 10 icDynamicEnergy: 5.95e+05 pJ (0.71%)
TS 0 layer 10 coreEnergyADC: 4.71e+05 pJ (0.56%)
TS 0 layer 10 coreEnergyAccum: 8.24e+07 pJ (97.87%)
TS 0 layer 10 coreEnergyOther: 1.60e+05 pJ (0.19%)
TS 0 layer 10 coreEnergyPopcnt: 0.00e+00 pJ (0.00%)
TS 0 layer 10 arrayReadDynamicEnergy: 8.28e+07 pJ (98.33%)
TS 0 layer 10 arrayEnergyADC: 4.71e+05 pJ (0.56%)
TS 0 layer 10 arrayEnergyAccum: 8.23e+07 pJ (97.77%)
TS 0 layer 10 arrayEnergyOther: 0.00e+00 pJ (0.00%)
TS 0 layer 10 arrayEnergyPopcnt: 0.00e+00 pJ (0.00%)
TS 0 layer 10 readDynamicEnergyBuffer: 7.63e+05 pJ (0.91%)
TS 0 layer 10 readDynamicEnergyIC: 1.50e+06 pJ (1.78%)
Time elapsed before estimating layer 11 ts 1 ====> 192.42 s
TS 0 layer 11 readLatency: 1.25e+07 ns
TS 0 layer 11 bufferLatency: 1.01e+07 ns (80.13%)
TS 0 layer 11 icLatency: 2.59e+03 ns
TS 0 layer 11 coreLatencyADC: 6.45e+03 ns (0.05%)
TS 0 layer 11 coreLatencyAccum: 2.44e+06 ns (19.48%)
TS 0 layer 11 coreLatencyOther: 4.03e+04 ns (0.32%)
TS 0 layer 11 arrayReadLatency: 2.45e+06 ns (19.52%)
TS 0 layer 11 arrayLatencyADC: 6.45e+03 ns (0.05%)
TS 0 layer 11 arrayLatencyAccum: 2.44e+06 ns (19.47%)
TS 0 layer 11 arrayLatencyOther: 0.00e+00 ns (0.00%)
TS 0 layer 11 readLatencyBuffer: 1.01e+07 ns (80.30%)
TS 0 layer 11 readLatencyIC: 5.19e+03 ns (0.04%)
TS 0 layer 11 readDynamicEnergy: 1.92e+08 pJ
TS 0 layer 11 leakagePower: 4552.85 uW
TS 0 layer 11 leakageEnergy: 5.71e+07 pJ
TS 0 layer 11 bufferDynamicEnergy: 5.69e+05 pJ (0.30%)
TS 0 layer 11 icDynamicEnergy: 5.95e+05 pJ (0.31%)
TS 0 layer 11 coreEnergyADC: 4.71e+05 pJ (0.25%)
TS 0 layer 11 coreEnergyAccum: 1.90e+08 pJ (99.07%)
TS 0 layer 11 coreEnergyOther: 1.60e+05 pJ (0.08%)
TS 0 layer 11 coreEnergyPopcnt: 0.00e+00 pJ (0.00%)
TS 0 layer 11 arrayReadDynamicEnergy: 1.91e+08 pJ (99.27%)
TS 0 layer 11 arrayEnergyADC: 4.71e+05 pJ (0.25%)
TS 0 layer 11 arrayEnergyAccum: 1.90e+08 pJ (99.03%)
TS 0 layer 11 arrayEnergyOther: 0.00e+00 pJ (0.00%)
TS 0 layer 11 arrayEnergyPopcnt: 0.00e+00 pJ (0.00%)
TS 0 layer 11 readDynamicEnergyBuffer: 7.63e+05 pJ (0.40%)
TS 0 layer 11 readDynamicEnergyIC: 1.50e+06 pJ (0.78%)
Time elapsed before estimating layer 12 ts 1 ====> 199.11 s
TS 0 layer 12 readLatency: 1.11e+07 ns
TS 0 layer 12 bufferLatency: 1.01e+07 ns (90.28%)
TS 0 layer 12 icLatency: 2.59e+03 ns
TS 0 layer 12 coreLatencyADC: 6.45e+03 ns (0.06%)
TS 0 layer 12 coreLatencyAccum: 1.03e+06 ns (9.28%)
TS 0 layer 12 coreLatencyOther: 4.03e+04 ns (0.36%)
TS 0 layer 12 arrayReadLatency: 1.04e+06 ns (9.33%)
TS 0 layer 12 arrayLatencyADC: 6.45e+03 ns (0.06%)
TS 0 layer 12 arrayLatencyAccum: 1.03e+06 ns (9.27%)
TS 0 layer 12 arrayLatencyOther: 0.00e+00 ns (0.00%)
TS 0 layer 12 readLatencyBuffer: 1.01e+07 ns (90.47%)
TS 0 layer 12 readLatencyIC: 5.19e+03 ns (0.05%)
TS 0 layer 12 readDynamicEnergy: 6.76e+07 pJ
TS 0 layer 12 leakagePower: 4552.85 uW
TS 0 layer 12 leakageEnergy: 5.07e+07 pJ
TS 0 layer 12 bufferDynamicEnergy: 5.69e+05 pJ (0.84%)
TS 0 layer 12 icDynamicEnergy: 5.95e+05 pJ (0.88%)
TS 0 layer 12 coreEnergyADC: 4.71e+05 pJ (0.70%)
TS 0 layer 12 coreEnergyAccum: 6.58e+07 pJ (97.35%)
TS 0 layer 12 coreEnergyOther: 1.60e+05 pJ (0.24%)
TS 0 layer 12 coreEnergyPopcnt: 0.00e+00 pJ (0.00%)
TS 0 layer 12 arrayReadDynamicEnergy: 6.62e+07 pJ (97.93%)
TS 0 layer 12 arrayEnergyADC: 4.71e+05 pJ (0.70%)
TS 0 layer 12 arrayEnergyAccum: 6.57e+07 pJ (97.23%)
TS 0 layer 12 arrayEnergyOther: 0.00e+00 pJ (0.00%)
TS 0 layer 12 arrayEnergyPopcnt: 0.00e+00 pJ (0.00%)
TS 0 layer 12 readDynamicEnergyBuffer: 7.63e+05 pJ (1.13%)
TS 0 layer 12 readDynamicEnergyIC: 1.50e+06 pJ (2.22%)
Time elapsed before estimating layer 13 ts 1 ====> 202.52 s
TS 0 layer 13 readLatency: 1.95e+06 ns
TS 0 layer 13 bufferLatency: 1.42e+06 ns (72.80%)
TS 0 layer 13 icLatency: 4.96e+03 ns
TS 0 layer 13 coreLatencyADC: 1.61e+03 ns (0.08%)
TS 0 layer 13 coreLatencyAccum: 5.04e+05 ns (25.83%)
TS 0 layer 13 coreLatencyOther: 2.02e+04 ns (1.03%)
TS 0 layer 13 arrayReadLatency: 5.03e+05 ns (25.77%)
TS 0 layer 13 arrayLatencyADC: 1.61e+03 ns (0.08%)
TS 0 layer 13 arrayLatencyAccum: 5.01e+05 ns (25.69%)
TS 0 layer 13 arrayLatencyOther: 0.00e+00 ns (0.00%)
TS 0 layer 13 readLatencyBuffer: 1.46e+06 ns (74.90%)
TS 0 layer 13 readLatencyIC: 9.93e+03 ns (0.51%)
TS 0 layer 13 readDynamicEnergy: 8.70e+07 pJ
TS 0 layer 13 leakagePower: 8886.50 uW
TS 0 layer 13 leakageEnergy: 1.73e+07 pJ
TS 0 layer 13 bufferDynamicEnergy: 3.20e+05 pJ (0.37%)
TS 0 layer 13 icDynamicEnergy: 1.16e+06 pJ (1.34%)
TS 0 layer 13 coreEnergyADC: 2.36e+05 pJ (0.27%)
TS 0 layer 13 coreEnergyAccum: 8.52e+07 pJ (97.93%)
TS 0 layer 13 coreEnergyOther: 7.98e+04 pJ (0.09%)
TS 0 layer 13 coreEnergyPopcnt: 0.00e+00 pJ (0.00%)
TS 0 layer 13 arrayReadDynamicEnergy: 8.53e+07 pJ (98.02%)
TS 0 layer 13 arrayEnergyADC: 2.36e+05 pJ (0.27%)
TS 0 layer 13 arrayEnergyAccum: 8.50e+07 pJ (97.75%)
TS 0 layer 13 arrayEnergyOther: 0.00e+00 pJ (0.00%)
TS 0 layer 13 arrayEnergyPopcnt: 0.00e+00 pJ (0.00%)
TS 0 layer 13 readDynamicEnergyBuffer: 6.97e+05 pJ (0.80%)
TS 0 layer 13 readDynamicEnergyIC: 2.94e+06 pJ (3.38%)
Time elapsed before estimating layer 14 ts 1 ====> 209.53 s
TS 0 layer 14 readLatency: 3.05e+06 ns
TS 0 layer 14 bufferLatency: 2.59e+06 ns (85.02%)
TS 0 layer 14 icLatency: 9.93e+03 ns
TS 0 layer 14 coreLatencyADC: 3.22e+03 ns (0.11%)
TS 0 layer 14 coreLatencyAccum: 4.23e+05 ns (13.89%)
TS 0 layer 14 coreLatencyOther: 2.02e+04 ns (0.66%)
TS 0 layer 14 arrayReadLatency: 4.23e+05 ns (13.88%)
TS 0 layer 14 arrayLatencyADC: 3.22e+03 ns (0.11%)
TS 0 layer 14 arrayLatencyAccum: 4.20e+05 ns (13.77%)
TS 0 layer 14 arrayLatencyOther: 0.00e+00 ns (0.00%)
TS 0 layer 14 readLatencyBuffer: 2.67e+06 ns (87.75%)
TS 0 layer 14 readLatencyIC: 1.99e+04 ns (0.65%)
TS 0 layer 14 readDynamicEnergy: 5.22e+07 pJ
TS 0 layer 14 leakagePower: 17773.00 uW
TS 0 layer 14 leakageEnergy: 5.41e+07 pJ
TS 0 layer 14 bufferDynamicEnergy: 1.05e+06 pJ (2.00%)
TS 0 layer 14 icDynamicEnergy: 4.65e+06 pJ (8.91%)
TS 0 layer 14 coreEnergyADC: 4.71e+05 pJ (0.90%)
TS 0 layer 14 coreEnergyAccum: 4.59e+07 pJ (88.03%)
TS 0 layer 14 coreEnergyOther: 7.98e+04 pJ (0.15%)
TS 0 layer 14 coreEnergyPopcnt: 0.00e+00 pJ (0.00%)
TS 0 layer 14 arrayReadDynamicEnergy: 4.58e+07 pJ (87.72%)
TS 0 layer 14 arrayEnergyADC: 4.71e+05 pJ (0.90%)
TS 0 layer 14 arrayEnergyAccum: 4.53e+07 pJ (86.82%)
TS 0 layer 14 arrayEnergyOther: 0.00e+00 pJ (0.00%)
TS 0 layer 14 arrayEnergyPopcnt: 0.00e+00 pJ (0.00%)
TS 0 layer 14 readDynamicEnergyBuffer: 2.56e+06 pJ (4.90%)
TS 0 layer 14 readDynamicEnergyIC: 1.18e+07 pJ (22.54%)
Time elapsed before estimating layer 15 ts 1 ====> 215.99 s
TS 0 layer 15 readLatency: 3.49e+06 ns
TS 0 layer 15 bufferLatency: 2.59e+06 ns (74.21%)
TS 0 layer 15 icLatency: 9.93e+03 ns
TS 0 layer 15 coreLatencyADC: 3.22e+03 ns (0.09%)
TS 0 layer 15 coreLatencyAccum: 8.66e+05 ns (24.83%)
TS 0 layer 15 coreLatencyOther: 2.02e+04 ns (0.58%)
TS 0 layer 15 arrayReadLatency: 8.66e+05 ns (24.82%)
TS 0 layer 15 arrayLatencyADC: 3.22e+03 ns (0.09%)
TS 0 layer 15 arrayLatencyAccum: 8.63e+05 ns (24.73%)
TS 0 layer 15 arrayLatencyOther: 0.00e+00 ns (0.00%)
TS 0 layer 15 readLatencyBuffer: 2.67e+06 ns (76.60%)
TS 0 layer 15 readLatencyIC: 1.99e+04 ns (0.57%)
TS 0 layer 15 readDynamicEnergy: 7.99e+07 pJ
TS 0 layer 15 leakagePower: 17773.00 uW
TS 0 layer 15 leakageEnergy: 6.20e+07 pJ
TS 0 layer 15 bufferDynamicEnergy: 1.05e+06 pJ (1.31%)
TS 0 layer 15 icDynamicEnergy: 4.65e+06 pJ (5.82%)
TS 0 layer 15 coreEnergyADC: 4.71e+05 pJ (0.59%)
TS 0 layer 15 coreEnergyAccum: 7.37e+07 pJ (92.19%)
TS 0 layer 15 coreEnergyOther: 7.98e+04 pJ (0.10%)
TS 0 layer 15 coreEnergyPopcnt: 0.00e+00 pJ (0.00%)
TS 0 layer 15 arrayReadDynamicEnergy: 7.35e+07 pJ (91.98%)
TS 0 layer 15 arrayEnergyADC: 4.71e+05 pJ (0.59%)
TS 0 layer 15 arrayEnergyAccum: 7.31e+07 pJ (91.39%)
TS 0 layer 15 arrayEnergyOther: 0.00e+00 pJ (0.00%)
TS 0 layer 15 arrayEnergyPopcnt: 0.00e+00 pJ (0.00%)
TS 0 layer 15 readDynamicEnergyBuffer: 2.56e+06 pJ (3.20%)
TS 0 layer 15 readDynamicEnergyIC: 1.18e+07 pJ (14.71%)
Time elapsed before estimating layer 16 ts 1 ====> 222.28 s
TS 0 layer 16 readLatency: 1.43e+06 ns
TS 0 layer 16 bufferLatency: 8.97e+05 ns (62.71%)
TS 0 layer 16 icLatency: 9.93e+03 ns
TS 0 layer 16 coreLatencyADC: 3.22e+03 ns (0.23%)
TS 0 layer 16 coreLatencyAccum: 4.98e+05 ns (34.81%)
TS 0 layer 16 coreLatencyOther: 2.24e+04 ns (1.56%)
TS 0 layer 16 arrayReadLatency: 4.97e+05 ns (34.79%)
TS 0 layer 16 arrayLatencyADC: 3.22e+03 ns (0.23%)
TS 0 layer 16 arrayLatencyAccum: 4.94e+05 ns (34.56%)
TS 0 layer 16 arrayLatencyOther: 0.00e+00 ns (0.00%)
TS 0 layer 16 readLatencyBuffer: 9.80e+05 ns (68.52%)
TS 0 layer 16 readLatencyIC: 1.99e+04 ns (1.39%)
TS 0 layer 16 readDynamicEnergy: 7.47e+07 pJ
TS 0 layer 16 leakagePower: 17773.00 uW
TS 0 layer 16 leakageEnergy: 2.54e+07 pJ
TS 0 layer 16 bufferDynamicEnergy: 8.72e+05 pJ (1.17%)
TS 0 layer 16 icDynamicEnergy: 4.65e+06 pJ (6.22%)
TS 0 layer 16 coreEnergyADC: 4.71e+05 pJ (0.63%)
TS 0 layer 16 coreEnergyAccum: 6.87e+07 pJ (91.87%)
TS 0 layer 16 coreEnergyOther: 7.98e+04 pJ (0.11%)
TS 0 layer 16 coreEnergyPopcnt: 0.00e+00 pJ (0.00%)
TS 0 layer 16 arrayReadDynamicEnergy: 6.85e+07 pJ (91.66%)
TS 0 layer 16 arrayEnergyADC: 4.71e+05 pJ (0.63%)
TS 0 layer 16 arrayEnergyAccum: 6.80e+07 pJ (91.03%)
TS 0 layer 16 arrayEnergyOther: 0.00e+00 pJ (0.00%)
TS 0 layer 16 arrayEnergyPopcnt: 0.00e+00 pJ (0.00%)
TS 0 layer 16 readDynamicEnergyBuffer: 2.38e+06 pJ (3.19%)
TS 0 layer 16 readDynamicEnergyIC: 1.18e+07 pJ (15.74%)
=============== Chip Performance Estimating Finish ===============
Max SNN Latency Layer: 6, Max Time Step: 5
SNN pipeline latency: 0.02399766892254858
Average of the snn layer latency (per timestep): 0.012936073701345703
Mean of the snn layer latency (per timestep): 0.012936073701345703
STD of the snn layer latency (per timestep): 0.00836102869053568
=============== Chip Area Analysis ===============
Chip Area: 1.45e+08 um^2
Chip ADC (or S/As and precharger for SRAM) Area: 7.02e+06 um^2 (4.85 %)
Chip IC Area (Global and Tile/PE local): 5.60e+06 um^2 (3.86 %)
Chip Accum (subarray level: adders, shiftAdds; PE/Tile/Global level: accumulation units) Area: 2.63e+07 um^2 (18.13 %)
Chip Other (e.g. decoders, mux, switchmatrix, buffers, IC, pooling and activation units) Area: 2.40e+07 um^2 (16.56 %)
Chip Popcnt Area: 0.00e+00 um^2 (0.00 %)
Chip Array Area: 6.93e+07 um^2 (47.85 %)
=============== Chip Latency Analysis ===============
Pipelined Clock Latency (per Layer per mergedTimeStep): 2.40e+07 ns
Buffer Latency (slowest timestep of the slowest layer): 2.01e+07 ns         (83.63 % of pipeline latency)
IC Latency (slowest timestep of the slowest layer): 7.05e+02 ns         (0.00 % of pipeline latency)
Core Latency ADC (slowest timestep of the slowest layer): 6.45e+03 ns         (0.03 % of pipeline latency)
Core Latency Accum (slowest timestep of the slowest layer): 3.84e+06 ns         (16.01 % of pipeline latency)
Core Latency Other (slowest timestep of the slowest layer): 8.06e+04 ns         (0.34 % of pipeline latency)
Array Read Latency (slowest timestep of the slowest layer): 3.84e+06 ns           (15.98 % of pipeline latency)
Array Latency ADC (slowest timestep of the slowest layer): 6.45e+03 ns           (0.03 % of pipeline latency)
Array Latency Accum (slowest timestep of the slowest layer): 3.83e+06 ns           (15.96 % of pipeline latency)
Array Latency Other (slowest timestep of the slowest layer): 0.00e+00 ns           (0.00 % of pipeline latency)
Read Latency Buffer (slowest timestep of the slowest layer): 2.01e+07 ns           (83.65 % of pipeline latency)
Read Latency IC (slowest timestep of the slowest layer): 1.41e+03 ns           (0.01 % of pipeline latency)
Total Read Latency (per image): 2.07e+08 ns
Total Buffer Latency (per image): 1.80e+08 ns         (87.10 % of total read latency)
Total IC Latency (per image): 4.71e+04 ns         (0.02 % of total read latency)
Total Core Latency ADC (per image): 6.61e+04 ns         (0.03 % of total read latency)
Total Core Latency Accum (per image): 2.54e+07 ns         (12.26 % of total read latency)
Total Core Latency Other (per image): 1.21e+06 ns         (0.59 % of total read latency)
Total Array Read Latency (per image): 2.50e+07 ns         (12.07 % of total read latency)
Total Array Latency ADC (per image): 6.61e+04 ns         (0.03 % of total read latency)
Total Array Latency Accum (per image): 2.49e+07 ns         (12.04 % of total read latency)
Total Array Latency Other (per image): 0.00e+00 ns         (0.00 % of total read latency)
Total Read Latency Buffer (per image): 1.81e+08 ns         (87.29 % of total read latency)
Total Read Latency IC (per image): 9.42e+04 ns         (0.05 % of total read latency)
=============== Chip Energy Analysis ===============
Total Read Dynamic Energy (per image): 2.46e+09 pJ
Total Buffer Dynamic Energy (per image): 1.60e+07 pJ         (0.65 % of total read dynamic energy)
Total IC Dynamic Energy (per image): 1.73e+07 pJ         (0.71 % of total read dynamic energy)
Total Core Energy ADC (per image): 6.83e+06 pJ         (0.28 % of total read dynamic energy)
Total Core Energy Accum (per image): 2.41e+09 pJ         (98.17 % of total read dynamic energy)
Total Core Energy Other (per image): 4.79e+06 pJ         (0.19 % of total read dynamic energy)
Total Core Energy Popcnt (per image): 0.00e+00 pJ         (0.00 % of total read dynamic energy)
Total Leakage Power (per image): 83800.39 uW
Total Leakage Energy (per image): 2.01e+09 pJ
Total Array Read Dynamic Energy (per image): 2.42e+09 pJ (98.35 % of total read dynamic energy)
Total Array Energy ADC (per image): 6.83e+06 pJ (0.28 % of total read dynamic energy)
Total Array Energy Accum (per image): 2.41e+09 pJ (98.07 % of total read dynamic energy)
Total Array Energy Other (per image): 0.00e+00 pJ (0.00 % of total read dynamic energy)
Total Array Energy Popcnt (per image): 0.00e+00 pJ (0.00 % of total read dynamic energy)
Total Read Dynamic Energy Buffer (per image): 2.16e+07 pJ (0.88 % of total read dynamic energy)
Total Read Dynamic Energy IC (per image): 4.38e+07 pJ (1.78 % of total read dynamic energy)

=============== Chip Performance Estimating Finish ===============
Energy Efficiency TOPS/W (Pipelined Process without IC Energy): 80.87687785995918
Throughput TOPS (Pipelined Process with IC Delay): 18.305982827658152
Throughput FPS (Pipelined Process with IC Delay): 41.67071406924798
Compute Efficiency TOPS/mm^2 (Pipelined Process with IC Delay): 0.12632468741848282
Simulation finished, total time elapsed = 222.28 s
