=============== Parameter Loading Finish ===============
Time elapsed = 0.06 s
=============== Network Structure Loading Finish ===============
{'IH': 56, 'IW': 56, 'Cin': 64, 'KH': 3, 'KW': 3, 'Cout': 64, 'pooling': 0, 'stride': 1, 'isSNN': 1, 'T': 100, 'weight_row': 64, 'weight_col': 576}
{'IH': 56, 'IW': 56, 'Cin': 64, 'KH': 3, 'KW': 3, 'Cout': 64, 'pooling': 0, 'stride': 1, 'isSNN': 1, 'T': 100, 'weight_row': 64, 'weight_col': 576}
{'IH': 56, 'IW': 56, 'Cin': 64, 'KH': 3, 'KW': 3, 'Cout': 64, 'pooling': 0, 'stride': 1, 'isSNN': 1, 'T': 100, 'weight_row': 64, 'weight_col': 576}
{'IH': 56, 'IW': 56, 'Cin': 64, 'KH': 3, 'KW': 3, 'Cout': 64, 'pooling': 0, 'stride': 1, 'isSNN': 1, 'T': 100, 'weight_row': 64, 'weight_col': 576}
{'IH': 56, 'IW': 56, 'Cin': 64, 'KH': 3, 'KW': 3, 'Cout': 128, 'pooling': 0, 'stride': 2, 'isSNN': 1, 'T': 100, 'weight_row': 128, 'weight_col': 576}
{'IH': 28, 'IW': 28, 'Cin': 128, 'KH': 3, 'KW': 3, 'Cout': 128, 'pooling': 0, 'stride': 1, 'isSNN': 1, 'T': 100, 'weight_row': 128, 'weight_col': 1152}
{'IH': 28, 'IW': 28, 'Cin': 128, 'KH': 3, 'KW': 3, 'Cout': 128, 'pooling': 0, 'stride': 1, 'isSNN': 1, 'T': 100, 'weight_row': 128, 'weight_col': 1152}
{'IH': 28, 'IW': 28, 'Cin': 128, 'KH': 3, 'KW': 3, 'Cout': 128, 'pooling': 0, 'stride': 1, 'isSNN': 1, 'T': 100, 'weight_row': 128, 'weight_col': 1152}
{'IH': 28, 'IW': 28, 'Cin': 128, 'KH': 3, 'KW': 3, 'Cout': 256, 'pooling': 0, 'stride': 2, 'isSNN': 1, 'T': 100, 'weight_row': 256, 'weight_col': 1152}
{'IH': 14, 'IW': 14, 'Cin': 256, 'KH': 3, 'KW': 3, 'Cout': 256, 'pooling': 0, 'stride': 1, 'isSNN': 1, 'T': 100, 'weight_row': 256, 'weight_col': 2304}
{'IH': 14, 'IW': 14, 'Cin': 256, 'KH': 3, 'KW': 3, 'Cout': 256, 'pooling': 0, 'stride': 1, 'isSNN': 1, 'T': 100, 'weight_row': 256, 'weight_col': 2304}
{'IH': 14, 'IW': 14, 'Cin': 256, 'KH': 3, 'KW': 3, 'Cout': 256, 'pooling': 0, 'stride': 1, 'isSNN': 1, 'T': 100, 'weight_row': 256, 'weight_col': 2304}
{'IH': 14, 'IW': 14, 'Cin': 256, 'KH': 3, 'KW': 3, 'Cout': 512, 'pooling': 0, 'stride': 2, 'isSNN': 1, 'T': 100, 'weight_row': 512, 'weight_col': 2304}
{'IH': 7, 'IW': 7, 'Cin': 512, 'KH': 3, 'KW': 3, 'Cout': 512, 'pooling': 0, 'stride': 1, 'isSNN': 1, 'T': 100, 'weight_row': 512, 'weight_col': 4608}
{'IH': 7, 'IW': 7, 'Cin': 512, 'KH': 3, 'KW': 3, 'Cout': 512, 'pooling': 0, 'stride': 1, 'isSNN': 1, 'T': 100, 'weight_row': 512, 'weight_col': 4608}
{'IH': 7, 'IW': 7, 'Cin': 512, 'KH': 3, 'KW': 3, 'Cout': 512, 'pooling': 1, 'stride': 1, 'isSNN': 1, 'T': 100, 'weight_row': 512, 'weight_col': 4608}

------------------------------ FloorPlan --------------------------------
Tile and PE size are optimized to maximize memory utilization ( = memory mapped by synapse / total memory on chip)
Desired Conventional Mapped Tile Storage Size: 1024 x 1024
Desired Conventional PE Storage Size: 512 x 512
User-defined SubArray Size: 128 x 128
----------------- # of tile used for each layer -----------------
Layer 1: 40
Layer 2: 40
Layer 3: 40
Layer 4: 40
Layer 5: 40
Layer 6: 18
Layer 7: 18
Layer 8: 18
Layer 9: 36
Layer 10: 18
Layer 11: 18
Layer 12: 18
Layer 13: 36
Layer 14: 36
Layer 15: 36
Layer 16: 36
----------------- Speed-up of each layer ------------------
Layer 1: 64
Layer 2: 64
Layer 3: 64
Layer 4: 64
Layer 5: 64
Layer 6: 16
Layer 7: 16
Layer 8: 16
Layer 9: 16
Layer 10: 4
Layer 11: 4
Layer 12: 4
Layer 13: 4
Layer 14: 2
Layer 15: 2
Layer 16: 2
----------------- Utilization of each layer ------------------
Layer 1: 0.45
Layer 2: 0.45
Layer 3: 0.45
Layer 4: 0.45
Layer 5: 0.9
Layer 6: 1.0
Layer 7: 1.0
Layer 8: 1.0
Layer 9: 1.0
Layer 10: 1.0
Layer 11: 1.0
Layer 12: 1.0
Layer 13: 1.0
Layer 14: 1.0
Layer 15: 1.0
Layer 16: 1.0
Memory Utilization of Whole Chip: 81.14754098360656 %
---------------------------- FloorPlan Done ------------------------------
Chip Area: 1.46e+08 um^2
Chip ADC (or S/As and precharger for SRAM) Area: 7.02e+06 um^2 (4.82 %)
Chip IC Area (Global and Tile/PE local): 5.61e+06 um^2 (3.85 %)
Chip Accum (subarray level: adders, shiftAdds; PE/Tile/Global level: accumulation units) Area: 2.63e+07 um^2 (18.04 %)
Chip Other (e.g. decoders, mux, switchmatrix, buffers, IC, pooling and activation units) Area: 2.40e+07 um^2 (16.47 %)
Chip Popcnt Area: 7.67e+05 um^2 (0.53 %)
Chip Array Area: 6.93e+07 um^2 (47.60 %)
Time elapsed = 19.06 s
=============== Chip Clk Period Estimating ===============
Time elapsed after estimating layer 1 = 38.97 s
Chip Clk Period: 1.0281894905588658 ns
=============== Chip Performance Estimating ===============
Time elapsed before estimating layer 1 ts 1 ====> 379.74 s
TS 0 layer 1 readLatency: 1.94e+07 ns
TS 0 layer 1 bufferLatency: 1.86e+07 ns (95.82%)
TS 0 layer 1 icLatency: 2.04e+02 ns
TS 0 layer 1 coreLatencyADC: 3.22e+03 ns (0.02%)
TS 0 layer 1 coreLatencyAccum: 6.49e+05 ns (3.34%)
TS 0 layer 1 coreLatencyOther: 1.61e+05 ns (0.83%)
TS 0 layer 1 arrayReadLatency: 5.61e+05 ns (2.89%)
TS 0 layer 1 arrayLatencyADC: 3.22e+03 ns (0.02%)
TS 0 layer 1 arrayLatencyAccum: 5.58e+05 ns (2.87%)
TS 0 layer 1 arrayLatencyOther: 0.00e+00 ns (0.00%)
TS 0 layer 1 readLatencyBuffer: 1.86e+07 ns (95.83%)
TS 0 layer 1 readLatencyIC: 4.09e+02 ns (0.00%)
TS 0 layer 1 readDynamicEnergy: 1.68e+08 pJ
TS 0 layer 1 leakagePower: 356.96 uW
TS 0 layer 1 leakageEnergy: 6.94e+06 pJ
TS 0 layer 1 bufferDynamicEnergy: 1.86e+06 pJ (1.11%)
TS 0 layer 1 icDynamicEnergy: 1.11e+04 pJ (0.01%)
TS 0 layer 1 coreEnergyADC: 4.71e+05 pJ (0.28%)
TS 0 layer 1 coreEnergyAccum: 1.65e+08 pJ (98.22%)
TS 0 layer 1 coreEnergyOther: 6.39e+05 pJ (0.38%)
TS 0 layer 1 coreEnergyPopcnt: 2.50e+06 pJ (1.49%)
TS 0 layer 1 arrayReadDynamicEnergy: 1.65e+08 pJ (98.49%)
TS 0 layer 1 arrayEnergyADC: 4.71e+05 pJ (0.28%)
TS 0 layer 1 arrayEnergyAccum: 1.65e+08 pJ (98.21%)
TS 0 layer 1 arrayEnergyOther: 0.00e+00 pJ (0.00%)
TS 0 layer 1 arrayEnergyPopcnt: 2.50e+06 pJ (1.49%)
TS 0 layer 1 readDynamicEnergyBuffer: 1.86e+06 pJ (1.11%)
TS 0 layer 1 readDynamicEnergyIC: 2.71e+04 pJ (0.02%)
successRate of layer 1 = 0.19
Max(successRate) of layer 1 = 0.19
Min(successRate) of layer 1 = 0.19
Time elapsed before estimating layer 2 ts 1 ====> 579.72 s
TS 0 layer 2 readLatency: 1.93e+07 ns
TS 0 layer 2 bufferLatency: 1.86e+07 ns (96.39%)
TS 0 layer 2 icLatency: 2.04e+02 ns
TS 0 layer 2 coreLatencyADC: 3.22e+03 ns (0.02%)
TS 0 layer 2 coreLatencyAccum: 5.34e+05 ns (2.76%)
TS 0 layer 2 coreLatencyOther: 1.61e+05 ns (0.83%)
TS 0 layer 2 arrayReadLatency: 4.47e+05 ns (2.31%)
TS 0 layer 2 arrayLatencyADC: 3.22e+03 ns (0.02%)
TS 0 layer 2 arrayLatencyAccum: 4.43e+05 ns (2.29%)
TS 0 layer 2 arrayLatencyOther: 0.00e+00 ns (0.00%)
TS 0 layer 2 readLatencyBuffer: 1.86e+07 ns (96.39%)
TS 0 layer 2 readLatencyIC: 4.09e+02 ns (0.00%)
TS 0 layer 2 readDynamicEnergy: 2.44e+08 pJ
TS 0 layer 2 leakagePower: 356.96 uW
TS 0 layer 2 leakageEnergy: 6.90e+06 pJ
TS 0 layer 2 bufferDynamicEnergy: 1.86e+06 pJ (0.76%)
TS 0 layer 2 icDynamicEnergy: 1.11e+04 pJ (0.00%)
TS 0 layer 2 coreEnergyADC: 4.71e+05 pJ (0.19%)
TS 0 layer 2 coreEnergyAccum: 2.41e+08 pJ (98.78%)
TS 0 layer 2 coreEnergyOther: 6.39e+05 pJ (0.26%)
TS 0 layer 2 coreEnergyPopcnt: 2.50e+06 pJ (1.02%)
TS 0 layer 2 arrayReadDynamicEnergy: 2.42e+08 pJ (98.97%)
TS 0 layer 2 arrayEnergyADC: 4.71e+05 pJ (0.19%)
TS 0 layer 2 arrayEnergyAccum: 2.41e+08 pJ (98.77%)
TS 0 layer 2 arrayEnergyOther: 0.00e+00 pJ (0.00%)
TS 0 layer 2 arrayEnergyPopcnt: 2.50e+06 pJ (1.02%)
TS 0 layer 2 readDynamicEnergyBuffer: 1.86e+06 pJ (0.76%)
TS 0 layer 2 readDynamicEnergyIC: 2.71e+04 pJ (0.01%)
successRate of layer 2 = 0.51
Max(successRate) of layer 2 = 0.51
Min(successRate) of layer 2 = 0.51
Time elapsed before estimating layer 3 ts 1 ====> 888.71 s
TS 0 layer 3 readLatency: 1.94e+07 ns
TS 0 layer 3 bufferLatency: 1.86e+07 ns (95.83%)
TS 0 layer 3 icLatency: 2.04e+02 ns
TS 0 layer 3 coreLatencyADC: 3.22e+03 ns (0.02%)
TS 0 layer 3 coreLatencyAccum: 6.46e+05 ns (3.32%)
TS 0 layer 3 coreLatencyOther: 1.61e+05 ns (0.83%)
TS 0 layer 3 arrayReadLatency: 5.58e+05 ns (2.87%)
TS 0 layer 3 arrayLatencyADC: 3.22e+03 ns (0.02%)
TS 0 layer 3 arrayLatencyAccum: 5.55e+05 ns (2.85%)
TS 0 layer 3 arrayLatencyOther: 0.00e+00 ns (0.00%)
TS 0 layer 3 readLatencyBuffer: 1.86e+07 ns (95.84%)
TS 0 layer 3 readLatencyIC: 4.09e+02 ns (0.00%)
TS 0 layer 3 readDynamicEnergy: 2.38e+08 pJ
TS 0 layer 3 leakagePower: 356.96 uW
TS 0 layer 3 leakageEnergy: 6.94e+06 pJ
TS 0 layer 3 bufferDynamicEnergy: 1.86e+06 pJ (0.78%)
TS 0 layer 3 icDynamicEnergy: 1.11e+04 pJ (0.00%)
TS 0 layer 3 coreEnergyADC: 4.71e+05 pJ (0.20%)
TS 0 layer 3 coreEnergyAccum: 2.35e+08 pJ (98.75%)
TS 0 layer 3 coreEnergyOther: 6.39e+05 pJ (0.27%)
TS 0 layer 3 coreEnergyPopcnt: 2.50e+06 pJ (1.05%)
TS 0 layer 3 arrayReadDynamicEnergy: 2.36e+08 pJ (98.94%)
TS 0 layer 3 arrayEnergyADC: 4.71e+05 pJ (0.20%)
TS 0 layer 3 arrayEnergyAccum: 2.35e+08 pJ (98.74%)
TS 0 layer 3 arrayEnergyOther: 0.00e+00 pJ (0.00%)
TS 0 layer 3 arrayEnergyPopcnt: 2.50e+06 pJ (1.05%)
TS 0 layer 3 readDynamicEnergyBuffer: 1.86e+06 pJ (0.78%)
TS 0 layer 3 readDynamicEnergyIC: 2.71e+04 pJ (0.01%)
successRate of layer 3 = 0.16
Max(successRate) of layer 3 = 0.16
Min(successRate) of layer 3 = 0.16
Time elapsed before estimating layer 4 ts 1 ====> 923.66 s
TS 0 layer 4 readLatency: 1.90e+07 ns
TS 0 layer 4 bufferLatency: 1.86e+07 ns (98.21%)
TS 0 layer 4 icLatency: 2.04e+02 ns
TS 0 layer 4 coreLatencyADC: 8.06e+02 ns (0.00%)
TS 0 layer 4 coreLatencyAccum: 1.77e+05 ns (0.93%)
TS 0 layer 4 coreLatencyOther: 1.61e+05 ns (0.85%)
TS 0 layer 4 arrayReadLatency: 8.71e+04 ns (0.46%)
TS 0 layer 4 arrayLatencyADC: 8.06e+02 ns (0.00%)
TS 0 layer 4 arrayLatencyAccum: 8.63e+04 ns (0.46%)
TS 0 layer 4 arrayLatencyOther: 0.00e+00 ns (0.00%)
TS 0 layer 4 readLatencyBuffer: 1.86e+07 ns (98.22%)
TS 0 layer 4 readLatencyIC: 4.09e+02 ns (0.00%)
TS 0 layer 4 readDynamicEnergy: 5.33e+07 pJ
TS 0 layer 4 leakagePower: 356.96 uW
TS 0 layer 4 leakageEnergy: 6.77e+06 pJ
TS 0 layer 4 bufferDynamicEnergy: 1.86e+06 pJ (3.49%)
TS 0 layer 4 icDynamicEnergy: 1.11e+04 pJ (0.02%)
TS 0 layer 4 coreEnergyADC: 1.18e+05 pJ (0.22%)
TS 0 layer 4 coreEnergyAccum: 5.06e+07 pJ (95.07%)
TS 0 layer 4 coreEnergyOther: 6.39e+05 pJ (1.20%)
TS 0 layer 4 coreEnergyPopcnt: 6.24e+05 pJ (1.17%)
TS 0 layer 4 arrayReadDynamicEnergy: 5.07e+07 pJ (95.26%)
TS 0 layer 4 arrayEnergyADC: 1.18e+05 pJ (0.22%)
TS 0 layer 4 arrayEnergyAccum: 5.06e+07 pJ (95.04%)
TS 0 layer 4 arrayEnergyOther: 0.00e+00 pJ (0.00%)
TS 0 layer 4 arrayEnergyPopcnt: 6.24e+05 pJ (1.17%)
TS 0 layer 4 readDynamicEnergyBuffer: 1.86e+06 pJ (3.49%)
TS 0 layer 4 readDynamicEnergyIC: 2.71e+04 pJ (0.05%)
successRate of layer 4 = 0.66
Max(successRate) of layer 4 = 0.66
Min(successRate) of layer 4 = 0.66
Time elapsed before estimating layer 5 ts 1 ====> 1049.30 s
TS 0 layer 5 readLatency: 5.47e+06 ns
TS 0 layer 5 bufferLatency: 5.13e+06 ns (93.80%)
TS 0 layer 5 icLatency: 7.05e+02 ns
TS 0 layer 5 coreLatencyADC: 1.61e+03 ns (0.03%)
TS 0 layer 5 coreLatencyAccum: 2.56e+05 ns (4.69%)
TS 0 layer 5 coreLatencyOther: 8.06e+04 ns (1.47%)
TS 0 layer 5 arrayReadLatency: 2.35e+05 ns (4.30%)
TS 0 layer 5 arrayLatencyADC: 1.61e+03 ns (0.03%)
TS 0 layer 5 arrayLatencyAccum: 2.33e+05 ns (4.27%)
TS 0 layer 5 arrayLatencyOther: 0.00e+00 ns (0.00%)
TS 0 layer 5 readLatencyBuffer: 5.13e+06 ns (93.90%)
TS 0 layer 5 readLatencyIC: 1.41e+03 ns (0.03%)
TS 0 layer 5 readDynamicEnergy: 7.46e+07 pJ
TS 0 layer 5 leakagePower: 652.55 uW
TS 0 layer 5 leakageEnergy: 3.57e+06 pJ
TS 0 layer 5 bufferDynamicEnergy: 4.72e+05 pJ (0.63%)
TS 0 layer 5 icDynamicEnergy: 4.08e+04 pJ (0.05%)
TS 0 layer 5 coreEnergyADC: 2.36e+05 pJ (0.32%)
TS 0 layer 5 coreEnergyAccum: 7.35e+07 pJ (98.57%)
TS 0 layer 5 coreEnergyOther: 3.19e+05 pJ (0.43%)
TS 0 layer 5 coreEnergyPopcnt: 6.24e+05 pJ (0.84%)
TS 0 layer 5 arrayReadDynamicEnergy: 7.37e+07 pJ (98.87%)
TS 0 layer 5 arrayEnergyADC: 2.36e+05 pJ (0.32%)
TS 0 layer 5 arrayEnergyAccum: 7.35e+07 pJ (98.56%)
TS 0 layer 5 arrayEnergyOther: 0.00e+00 pJ (0.00%)
TS 0 layer 5 arrayEnergyPopcnt: 6.24e+05 pJ (0.84%)
TS 0 layer 5 readDynamicEnergyBuffer: 4.85e+05 pJ (0.65%)
TS 0 layer 5 readDynamicEnergyIC: 1.01e+05 pJ (0.14%)
successRate of layer 5 = 0.36
Max(successRate) of layer 5 = 0.36
Min(successRate) of layer 5 = 0.36
Time elapsed before estimating layer 6 ts 1 ====> 1140.29 s
TS 0 layer 6 readLatency: 2.05e+07 ns
TS 0 layer 6 bufferLatency: 2.01e+07 ns (97.79%)
TS 0 layer 6 icLatency: 7.05e+02 ns
TS 0 layer 6 coreLatencyADC: 6.45e+03 ns (0.03%)
TS 0 layer 6 coreLatencyAccum: 3.66e+05 ns (1.78%)
TS 0 layer 6 coreLatencyOther: 8.06e+04 ns (0.39%)
TS 0 layer 6 arrayReadLatency: 3.60e+05 ns (1.76%)
TS 0 layer 6 arrayLatencyADC: 6.45e+03 ns (0.03%)
TS 0 layer 6 arrayLatencyAccum: 3.54e+05 ns (1.72%)
TS 0 layer 6 arrayLatencyOther: 0.00e+00 ns (0.00%)
TS 0 layer 6 readLatencyBuffer: 2.01e+07 ns (97.82%)
TS 0 layer 6 readLatencyIC: 1.41e+03 ns (0.01%)
TS 0 layer 6 readDynamicEnergy: 8.86e+07 pJ
TS 0 layer 6 leakagePower: 1193.18 uW
TS 0 layer 6 leakageEnergy: 2.45e+07 pJ
TS 0 layer 6 bufferDynamicEnergy: 9.42e+05 pJ (1.06%)
TS 0 layer 6 icDynamicEnergy: 7.80e+04 pJ (0.09%)
TS 0 layer 6 coreEnergyADC: 4.71e+05 pJ (0.53%)
TS 0 layer 6 coreEnergyAccum: 8.68e+07 pJ (97.96%)
TS 0 layer 6 coreEnergyOther: 3.19e+05 pJ (0.36%)
TS 0 layer 6 coreEnergyPopcnt: 1.25e+06 pJ (1.41%)
TS 0 layer 6 arrayReadDynamicEnergy: 8.72e+07 pJ (98.48%)
TS 0 layer 6 arrayEnergyADC: 4.71e+05 pJ (0.53%)
TS 0 layer 6 arrayEnergyAccum: 8.67e+07 pJ (97.94%)
TS 0 layer 6 arrayEnergyOther: 0.00e+00 pJ (0.00%)
TS 0 layer 6 arrayEnergyPopcnt: 1.25e+06 pJ (1.41%)
TS 0 layer 6 readDynamicEnergyBuffer: 9.67e+05 pJ (1.09%)
TS 0 layer 6 readDynamicEnergyIC: 1.95e+05 pJ (0.22%)
successRate of layer 6 = 0.86
Max(successRate) of layer 6 = 0.86
Min(successRate) of layer 6 = 0.86
Time elapsed before estimating layer 7 ts 1 ====> 1332.94 s
TS 0 layer 7 readLatency: 2.09e+07 ns
TS 0 layer 7 bufferLatency: 2.01e+07 ns (95.93%)
TS 0 layer 7 icLatency: 7.05e+02 ns
TS 0 layer 7 coreLatencyADC: 6.45e+03 ns (0.03%)
TS 0 layer 7 coreLatencyAccum: 7.63e+05 ns (3.65%)
TS 0 layer 7 coreLatencyOther: 8.06e+04 ns (0.39%)
TS 0 layer 7 arrayReadLatency: 7.58e+05 ns (3.62%)
TS 0 layer 7 arrayLatencyADC: 6.45e+03 ns (0.03%)
TS 0 layer 7 arrayLatencyAccum: 7.52e+05 ns (3.59%)
TS 0 layer 7 arrayLatencyOther: 0.00e+00 ns (0.00%)
TS 0 layer 7 readLatencyBuffer: 2.01e+07 ns (95.96%)
TS 0 layer 7 readLatencyIC: 1.41e+03 ns (0.01%)
TS 0 layer 7 readDynamicEnergy: 5.75e+07 pJ
TS 0 layer 7 leakagePower: 1193.18 uW
TS 0 layer 7 leakageEnergy: 2.50e+07 pJ
TS 0 layer 7 bufferDynamicEnergy: 9.42e+05 pJ (1.64%)
TS 0 layer 7 icDynamicEnergy: 7.80e+04 pJ (0.14%)
TS 0 layer 7 coreEnergyADC: 4.71e+05 pJ (0.82%)
TS 0 layer 7 coreEnergyAccum: 5.57e+07 pJ (96.85%)
TS 0 layer 7 coreEnergyOther: 3.19e+05 pJ (0.55%)
TS 0 layer 7 coreEnergyPopcnt: 1.25e+06 pJ (2.17%)
TS 0 layer 7 arrayReadDynamicEnergy: 5.62e+07 pJ (97.65%)
TS 0 layer 7 arrayEnergyADC: 4.71e+05 pJ (0.82%)
TS 0 layer 7 arrayEnergyAccum: 5.57e+07 pJ (96.83%)
TS 0 layer 7 arrayEnergyOther: 0.00e+00 pJ (0.00%)
TS 0 layer 7 arrayEnergyPopcnt: 1.25e+06 pJ (2.17%)
TS 0 layer 7 readDynamicEnergyBuffer: 9.67e+05 pJ (1.68%)
TS 0 layer 7 readDynamicEnergyIC: 1.95e+05 pJ (0.34%)
successRate of layer 7 = 0.49
Max(successRate) of layer 7 = 0.49
Min(successRate) of layer 7 = 0.49
Time elapsed before estimating layer 8 ts 1 ====> 1360.74 s
TS 0 layer 8 readLatency: 2.03e+07 ns
TS 0 layer 8 bufferLatency: 2.01e+07 ns (99.00%)
TS 0 layer 8 icLatency: 7.05e+02 ns
TS 0 layer 8 coreLatencyADC: 1.61e+03 ns (0.01%)
TS 0 layer 8 coreLatencyAccum: 1.19e+05 ns (0.59%)
TS 0 layer 8 coreLatencyOther: 8.06e+04 ns (0.40%)
TS 0 layer 8 arrayReadLatency: 1.09e+05 ns (0.54%)
TS 0 layer 8 arrayLatencyADC: 1.61e+03 ns (0.01%)
TS 0 layer 8 arrayLatencyAccum: 1.07e+05 ns (0.53%)
TS 0 layer 8 arrayLatencyOther: 0.00e+00 ns (0.00%)
TS 0 layer 8 readLatencyBuffer: 2.01e+07 ns (99.03%)
TS 0 layer 8 readLatencyIC: 1.41e+03 ns (0.01%)
TS 0 layer 8 readDynamicEnergy: 2.37e+07 pJ
TS 0 layer 8 leakagePower: 1193.18 uW
TS 0 layer 8 leakageEnergy: 2.42e+07 pJ
TS 0 layer 8 bufferDynamicEnergy: 9.42e+05 pJ (3.97%)
TS 0 layer 8 icDynamicEnergy: 7.80e+04 pJ (0.33%)
TS 0 layer 8 coreEnergyADC: 1.18e+05 pJ (0.50%)
TS 0 layer 8 coreEnergyAccum: 2.23e+07 pJ (93.86%)
TS 0 layer 8 coreEnergyOther: 3.19e+05 pJ (1.35%)
TS 0 layer 8 coreEnergyPopcnt: 3.12e+05 pJ (1.32%)
TS 0 layer 8 arrayReadDynamicEnergy: 2.24e+07 pJ (94.31%)
TS 0 layer 8 arrayEnergyADC: 1.18e+05 pJ (0.50%)
TS 0 layer 8 arrayEnergyAccum: 2.23e+07 pJ (93.81%)
TS 0 layer 8 arrayEnergyOther: 0.00e+00 pJ (0.00%)
TS 0 layer 8 arrayEnergyPopcnt: 3.12e+05 pJ (1.32%)
TS 0 layer 8 readDynamicEnergyBuffer: 9.67e+05 pJ (4.08%)
TS 0 layer 8 readDynamicEnergyIC: 1.95e+05 pJ (0.82%)
successRate of layer 8 = 0.81
Max(successRate) of layer 8 = 0.81
Min(successRate) of layer 8 = 0.81
Time elapsed before estimating layer 9 ts 1 ====> 1432.78 s
TS 0 layer 9 readLatency: 3.02e+06 ns
TS 0 layer 9 bufferLatency: 2.78e+06 ns (92.18%)
TS 0 layer 9 icLatency: 2.59e+03 ns
TS 0 layer 9 coreLatencyADC: 1.61e+03 ns (0.05%)
TS 0 layer 9 coreLatencyAccum: 1.91e+05 ns (6.34%)
TS 0 layer 9 coreLatencyOther: 4.03e+04 ns (1.34%)
TS 0 layer 9 arrayReadLatency: 1.85e+05 ns (6.14%)
TS 0 layer 9 arrayLatencyADC: 1.61e+03 ns (0.05%)
TS 0 layer 9 arrayLatencyAccum: 1.83e+05 ns (6.08%)
TS 0 layer 9 arrayLatencyOther: 0.00e+00 ns (0.00%)
TS 0 layer 9 readLatencyBuffer: 2.80e+06 ns (92.88%)
TS 0 layer 9 readLatencyIC: 5.19e+03 ns (0.17%)
TS 0 layer 9 readDynamicEnergy: 3.28e+07 pJ
TS 0 layer 9 leakagePower: 2276.42 uW
TS 0 layer 9 leakageEnergy: 6.87e+06 pJ
TS 0 layer 9 bufferDynamicEnergy: 2.85e+05 pJ (0.87%)
TS 0 layer 9 icDynamicEnergy: 2.98e+05 pJ (0.91%)
TS 0 layer 9 coreEnergyADC: 2.36e+05 pJ (0.72%)
TS 0 layer 9 coreEnergyAccum: 3.18e+07 pJ (97.02%)
TS 0 layer 9 coreEnergyOther: 1.60e+05 pJ (0.49%)
TS 0 layer 9 coreEnergyPopcnt: 6.24e+05 pJ (1.91%)
TS 0 layer 9 arrayReadDynamicEnergy: 3.20e+07 pJ (97.61%)
TS 0 layer 9 arrayEnergyADC: 2.36e+05 pJ (0.72%)
TS 0 layer 9 arrayEnergyAccum: 3.18e+07 pJ (96.89%)
TS 0 layer 9 arrayEnergyOther: 0.00e+00 pJ (0.00%)
TS 0 layer 9 arrayEnergyPopcnt: 6.24e+05 pJ (1.91%)
TS 0 layer 9 readDynamicEnergyBuffer: 3.82e+05 pJ (1.17%)
TS 0 layer 9 readDynamicEnergyIC: 7.51e+05 pJ (2.29%)
successRate of layer 9 = 0.55
Max(successRate) of layer 9 = 0.61
Min(successRate) of layer 9 = 0.49
Time elapsed before estimating layer 10 ts 1 ====> 1520.99 s
TS 0 layer 10 readLatency: 1.05e+07 ns
TS 0 layer 10 bufferLatency: 1.01e+07 ns (95.61%)
TS 0 layer 10 icLatency: 2.59e+03 ns
TS 0 layer 10 coreLatencyADC: 6.45e+03 ns (0.06%)
TS 0 layer 10 coreLatencyAccum: 4.13e+05 ns (3.92%)
TS 0 layer 10 coreLatencyOther: 4.03e+04 ns (0.38%)
TS 0 layer 10 arrayReadLatency: 4.18e+05 ns (3.97%)
TS 0 layer 10 arrayLatencyADC: 6.45e+03 ns (0.06%)
TS 0 layer 10 arrayLatencyAccum: 4.11e+05 ns (3.91%)
TS 0 layer 10 arrayLatencyOther: 0.00e+00 ns (0.00%)
TS 0 layer 10 readLatencyBuffer: 1.01e+07 ns (95.81%)
TS 0 layer 10 readLatencyIC: 5.19e+03 ns (0.05%)
TS 0 layer 10 readDynamicEnergy: 7.46e+07 pJ
TS 0 layer 10 leakagePower: 4552.85 uW
TS 0 layer 10 leakageEnergy: 4.79e+07 pJ
TS 0 layer 10 bufferDynamicEnergy: 5.69e+05 pJ (0.76%)
TS 0 layer 10 icDynamicEnergy: 5.96e+05 pJ (0.80%)
TS 0 layer 10 coreEnergyADC: 4.71e+05 pJ (0.63%)
TS 0 layer 10 coreEnergyAccum: 7.28e+07 pJ (97.59%)
TS 0 layer 10 coreEnergyOther: 1.60e+05 pJ (0.21%)
TS 0 layer 10 coreEnergyPopcnt: 1.25e+06 pJ (1.67%)
TS 0 layer 10 arrayReadDynamicEnergy: 7.32e+07 pJ (98.12%)
TS 0 layer 10 arrayEnergyADC: 4.71e+05 pJ (0.63%)
TS 0 layer 10 arrayEnergyAccum: 7.27e+07 pJ (97.49%)
TS 0 layer 10 arrayEnergyOther: 0.00e+00 pJ (0.00%)
TS 0 layer 10 arrayEnergyPopcnt: 1.25e+06 pJ (1.67%)
TS 0 layer 10 readDynamicEnergyBuffer: 7.63e+05 pJ (1.02%)
TS 0 layer 10 readDynamicEnergyIC: 1.50e+06 pJ (2.01%)
successRate of layer 10 = 0.82
Max(successRate) of layer 10 = 0.83
Min(successRate) of layer 10 = 0.81
Time elapsed before estimating layer 11 ts 1 ====> 1645.00 s
TS 0 layer 11 readLatency: 1.08e+07 ns
TS 0 layer 11 bufferLatency: 1.01e+07 ns (93.36%)
TS 0 layer 11 icLatency: 2.59e+03 ns
TS 0 layer 11 coreLatencyADC: 6.45e+03 ns (0.06%)
TS 0 layer 11 coreLatencyAccum: 6.66e+05 ns (6.18%)
TS 0 layer 11 coreLatencyOther: 4.03e+04 ns (0.37%)
TS 0 layer 11 arrayReadLatency: 6.71e+05 ns (6.23%)
TS 0 layer 11 arrayLatencyADC: 6.45e+03 ns (0.06%)
TS 0 layer 11 arrayLatencyAccum: 6.65e+05 ns (6.17%)
TS 0 layer 11 arrayLatencyOther: 0.00e+00 ns (0.00%)
TS 0 layer 11 readLatencyBuffer: 1.01e+07 ns (93.56%)
TS 0 layer 11 readLatencyIC: 5.19e+03 ns (0.05%)
TS 0 layer 11 readDynamicEnergy: 5.61e+07 pJ
TS 0 layer 11 leakagePower: 4552.85 uW
TS 0 layer 11 leakageEnergy: 4.90e+07 pJ
TS 0 layer 11 bufferDynamicEnergy: 5.69e+05 pJ (1.01%)
TS 0 layer 11 icDynamicEnergy: 5.96e+05 pJ (1.06%)
TS 0 layer 11 coreEnergyADC: 4.71e+05 pJ (0.84%)
TS 0 layer 11 coreEnergyAccum: 5.43e+07 pJ (96.80%)
TS 0 layer 11 coreEnergyOther: 1.60e+05 pJ (0.28%)
TS 0 layer 11 coreEnergyPopcnt: 1.25e+06 pJ (2.23%)
TS 0 layer 11 arrayReadDynamicEnergy: 5.47e+07 pJ (97.50%)
TS 0 layer 11 arrayEnergyADC: 4.71e+05 pJ (0.84%)
TS 0 layer 11 arrayEnergyAccum: 5.42e+07 pJ (96.66%)
TS 0 layer 11 arrayEnergyOther: 0.00e+00 pJ (0.00%)
TS 0 layer 11 arrayEnergyPopcnt: 1.25e+06 pJ (2.23%)
TS 0 layer 11 readDynamicEnergyBuffer: 7.63e+05 pJ (1.36%)
TS 0 layer 11 readDynamicEnergyIC: 1.50e+06 pJ (2.68%)
successRate of layer 11 = 0.59
Max(successRate) of layer 11 = 0.62
Min(successRate) of layer 11 = 0.55
Time elapsed before estimating layer 12 ts 1 ====> 1668.39 s
TS 0 layer 12 readLatency: 1.02e+07 ns
TS 0 layer 12 bufferLatency: 1.01e+07 ns (98.82%)
TS 0 layer 12 icLatency: 2.59e+03 ns
TS 0 layer 12 coreLatencyADC: 1.61e+03 ns (0.02%)
TS 0 layer 12 coreLatencyAccum: 7.53e+04 ns (0.74%)
TS 0 layer 12 coreLatencyOther: 4.03e+04 ns (0.40%)
TS 0 layer 12 arrayReadLatency: 7.57e+04 ns (0.74%)
TS 0 layer 12 arrayLatencyADC: 1.61e+03 ns (0.02%)
TS 0 layer 12 arrayLatencyAccum: 7.41e+04 ns (0.73%)
TS 0 layer 12 arrayLatencyOther: 0.00e+00 ns (0.00%)
TS 0 layer 12 readLatencyBuffer: 1.01e+07 ns (99.03%)
TS 0 layer 12 readLatencyIC: 5.19e+03 ns (0.05%)
TS 0 layer 12 readDynamicEnergy: 1.38e+07 pJ
TS 0 layer 12 leakagePower: 4552.85 uW
TS 0 layer 12 leakageEnergy: 4.63e+07 pJ
TS 0 layer 12 bufferDynamicEnergy: 5.69e+05 pJ (4.13%)
TS 0 layer 12 icDynamicEnergy: 5.96e+05 pJ (4.33%)
TS 0 layer 12 coreEnergyADC: 1.18e+05 pJ (0.86%)
TS 0 layer 12 coreEnergyAccum: 1.23e+07 pJ (89.53%)
TS 0 layer 12 coreEnergyOther: 1.60e+05 pJ (1.16%)
TS 0 layer 12 coreEnergyPopcnt: 3.12e+05 pJ (2.27%)
TS 0 layer 12 arrayReadDynamicEnergy: 1.24e+07 pJ (89.81%)
TS 0 layer 12 arrayEnergyADC: 1.18e+05 pJ (0.86%)
TS 0 layer 12 arrayEnergyAccum: 1.22e+07 pJ (88.95%)
TS 0 layer 12 arrayEnergyOther: 0.00e+00 pJ (0.00%)
TS 0 layer 12 arrayEnergyPopcnt: 3.12e+05 pJ (2.27%)
TS 0 layer 12 readDynamicEnergyBuffer: 7.63e+05 pJ (5.54%)
TS 0 layer 12 readDynamicEnergyIC: 1.50e+06 pJ (10.90%)
successRate of layer 12 = 0.89
Max(successRate) of layer 12 = 0.89
Min(successRate) of layer 12 = 0.89
Time elapsed before estimating layer 13 ts 1 ====> 1721.48 s
TS 0 layer 13 readLatency: 1.59e+06 ns
TS 0 layer 13 bufferLatency: 1.46e+06 ns (92.08%)
TS 0 layer 13 icLatency: 9.93e+03 ns
TS 0 layer 13 coreLatencyADC: 1.61e+03 ns (0.10%)
TS 0 layer 13 coreLatencyAccum: 9.40e+04 ns (5.93%)
TS 0 layer 13 coreLatencyOther: 2.02e+04 ns (1.27%)
TS 0 layer 13 arrayReadLatency: 9.16e+04 ns (5.78%)
TS 0 layer 13 arrayLatencyADC: 1.61e+03 ns (0.10%)
TS 0 layer 13 arrayLatencyAccum: 9.00e+04 ns (5.67%)
TS 0 layer 13 arrayLatencyOther: 0.00e+00 ns (0.00%)
TS 0 layer 13 readLatencyBuffer: 1.54e+06 ns (97.23%)
TS 0 layer 13 readLatencyIC: 1.99e+04 ns (1.25%)
TS 0 layer 13 readDynamicEnergy: 1.41e+07 pJ
TS 0 layer 13 leakagePower: 8886.50 uW
TS 0 layer 13 leakageEnergy: 1.41e+07 pJ
TS 0 layer 13 bufferDynamicEnergy: 5.23e+05 pJ (3.72%)
TS 0 layer 13 icDynamicEnergy: 2.33e+06 pJ (16.54%)
TS 0 layer 13 coreEnergyADC: 2.36e+05 pJ (1.67%)
TS 0 layer 13 coreEnergyAccum: 1.09e+07 pJ (77.50%)
TS 0 layer 13 coreEnergyOther: 7.98e+04 pJ (0.57%)
TS 0 layer 13 coreEnergyPopcnt: 6.24e+05 pJ (4.44%)
TS 0 layer 13 arrayReadDynamicEnergy: 1.08e+07 pJ (76.92%)
TS 0 layer 13 arrayEnergyADC: 2.36e+05 pJ (1.67%)
TS 0 layer 13 arrayEnergyAccum: 1.06e+07 pJ (75.25%)
TS 0 layer 13 arrayEnergyOther: 0.00e+00 pJ (0.00%)
TS 0 layer 13 arrayEnergyPopcnt: 6.24e+05 pJ (4.44%)
TS 0 layer 13 readDynamicEnergyBuffer: 1.28e+06 pJ (9.08%)
TS 0 layer 13 readDynamicEnergyIC: 5.89e+06 pJ (41.83%)
successRate of layer 13 = 0.82
Max(successRate) of layer 13 = 0.87
Min(successRate) of layer 13 = 0.79
Time elapsed before estimating layer 14 ts 1 ====> 1825.12 s
TS 0 layer 14 readLatency: 2.85e+06 ns
TS 0 layer 14 bufferLatency: 2.59e+06 ns (90.88%)
TS 0 layer 14 icLatency: 9.93e+03 ns
TS 0 layer 14 coreLatencyADC: 3.22e+03 ns (0.11%)
TS 0 layer 14 coreLatencyAccum: 2.27e+05 ns (7.95%)
TS 0 layer 14 coreLatencyOther: 2.02e+04 ns (0.71%)
TS 0 layer 14 arrayReadLatency: 2.26e+05 ns (7.94%)
TS 0 layer 14 arrayLatencyADC: 3.22e+03 ns (0.11%)
TS 0 layer 14 arrayLatencyAccum: 2.23e+05 ns (7.83%)
TS 0 layer 14 arrayLatencyOther: 0.00e+00 ns (0.00%)
TS 0 layer 14 readLatencyBuffer: 2.67e+06 ns (93.80%)
TS 0 layer 14 readLatencyIC: 1.99e+04 ns (0.70%)
TS 0 layer 14 readDynamicEnergy: 4.29e+07 pJ
TS 0 layer 14 leakagePower: 17773.00 uW
TS 0 layer 14 leakageEnergy: 5.06e+07 pJ
TS 0 layer 14 bufferDynamicEnergy: 1.05e+06 pJ (2.44%)
TS 0 layer 14 icDynamicEnergy: 4.66e+06 pJ (10.86%)
TS 0 layer 14 coreEnergyADC: 4.71e+05 pJ (1.10%)
TS 0 layer 14 coreEnergyAccum: 3.66e+07 pJ (85.42%)
TS 0 layer 14 coreEnergyOther: 7.98e+04 pJ (0.19%)
TS 0 layer 14 coreEnergyPopcnt: 1.25e+06 pJ (2.91%)
TS 0 layer 14 arrayReadDynamicEnergy: 3.65e+07 pJ (85.05%)
TS 0 layer 14 arrayEnergyADC: 4.71e+05 pJ (1.10%)
TS 0 layer 14 arrayEnergyAccum: 3.60e+07 pJ (83.95%)
TS 0 layer 14 arrayEnergyOther: 0.00e+00 pJ (0.00%)
TS 0 layer 14 arrayEnergyPopcnt: 1.25e+06 pJ (2.91%)
TS 0 layer 14 readDynamicEnergyBuffer: 2.56e+06 pJ (5.96%)
TS 0 layer 14 readDynamicEnergyIC: 1.18e+07 pJ (27.45%)
successRate of layer 14 = 0.80
Max(successRate) of layer 14 = 0.83
Min(successRate) of layer 14 = 0.78
Time elapsed before estimating layer 15 ts 1 ====> 1977.55 s
TS 0 layer 15 readLatency: 2.99e+06 ns
TS 0 layer 15 bufferLatency: 2.59e+06 ns (86.63%)
TS 0 layer 15 icLatency: 9.93e+03 ns
TS 0 layer 15 coreLatencyADC: 3.22e+03 ns (0.11%)
TS 0 layer 15 coreLatencyAccum: 3.66e+05 ns (12.25%)
TS 0 layer 15 coreLatencyOther: 2.02e+04 ns (0.67%)
TS 0 layer 15 arrayReadLatency: 3.66e+05 ns (12.24%)
TS 0 layer 15 arrayLatencyADC: 3.22e+03 ns (0.11%)
TS 0 layer 15 arrayLatencyAccum: 3.63e+05 ns (12.13%)
TS 0 layer 15 arrayLatencyOther: 0.00e+00 ns (0.00%)
TS 0 layer 15 readLatencyBuffer: 2.67e+06 ns (89.42%)
TS 0 layer 15 readLatencyIC: 1.99e+04 ns (0.66%)
TS 0 layer 15 readDynamicEnergy: 7.88e+07 pJ
TS 0 layer 15 leakagePower: 17773.00 uW
TS 0 layer 15 leakageEnergy: 5.31e+07 pJ
TS 0 layer 15 bufferDynamicEnergy: 1.05e+06 pJ (1.33%)
TS 0 layer 15 icDynamicEnergy: 4.66e+06 pJ (5.91%)
TS 0 layer 15 coreEnergyADC: 4.71e+05 pJ (0.60%)
TS 0 layer 15 coreEnergyAccum: 7.25e+07 pJ (92.06%)
TS 0 layer 15 coreEnergyOther: 7.98e+04 pJ (0.10%)
TS 0 layer 15 coreEnergyPopcnt: 1.25e+06 pJ (1.58%)
TS 0 layer 15 arrayReadDynamicEnergy: 7.24e+07 pJ (91.86%)
TS 0 layer 15 arrayEnergyADC: 4.71e+05 pJ (0.60%)
TS 0 layer 15 arrayEnergyAccum: 7.19e+07 pJ (91.26%)
TS 0 layer 15 arrayEnergyOther: 0.00e+00 pJ (0.00%)
TS 0 layer 15 arrayEnergyPopcnt: 1.25e+06 pJ (1.58%)
TS 0 layer 15 readDynamicEnergyBuffer: 2.56e+06 pJ (3.24%)
TS 0 layer 15 readDynamicEnergyIC: 1.18e+07 pJ (14.94%)
successRate of layer 15 = 0.66
Max(successRate) of layer 15 = 0.69
Min(successRate) of layer 15 = 0.62
