=============== Parameter Loading Finish ===============
Time elapsed = 0.04 s
=============== Network Structure Loading Finish ===============
{'IH': 128, 'IW': 128, 'Cin': 2, 'KH': 3, 'KW': 3, 'Cout': 128, 'pooling': 1, 'stride': 1, 'isSNN': 1, 'T': 100, 'weight_row': 128, 'weight_col': 18}
{'IH': 64, 'IW': 64, 'Cin': 128, 'KH': 3, 'KW': 3, 'Cout': 128, 'pooling': 1, 'stride': 1, 'isSNN': 1, 'T': 100, 'weight_row': 128, 'weight_col': 1152}
{'IH': 32, 'IW': 32, 'Cin': 128, 'KH': 3, 'KW': 3, 'Cout': 128, 'pooling': 1, 'stride': 1, 'isSNN': 1, 'T': 100, 'weight_row': 128, 'weight_col': 1152}
{'IH': 16, 'IW': 16, 'Cin': 128, 'KH': 3, 'KW': 3, 'Cout': 128, 'pooling': 1, 'stride': 1, 'isSNN': 1, 'T': 100, 'weight_row': 128, 'weight_col': 1152}
{'IH': 1, 'IW': 1, 'Cin': 8192, 'KH': 1, 'KW': 1, 'Cout': 512, 'pooling': 1, 'stride': 1, 'isSNN': 1, 'T': 100, 'weight_row': 512, 'weight_col': 8192}
{'IH': 1, 'IW': 1, 'Cin': 512, 'KH': 1, 'KW': 1, 'Cout': 10, 'pooling': 1, 'stride': 1, 'isSNN': 1, 'T': 100, 'weight_row': 10, 'weight_col': 512}

------------------------------ FloorPlan --------------------------------
Tile and PE size are optimized to maximize memory utilization ( = memory mapped by synapse / total memory on chip)
Desired Conventional Mapped Tile Storage Size: 1024 x 1024
Desired Conventional PE Storage Size: 512 x 512
User-defined SubArray Size: 128 x 128
----------------- # of tile used for each layer -----------------
Layer 1: 2
Layer 2: 18
Layer 3: 9
Layer 4: 9
Layer 5: 64
Layer 6: 4
----------------- Speed-up of each layer ------------------
Layer 1: 64
Layer 2: 16
Layer 3: 8
Layer 4: 8
Layer 5: 2
Layer 6: 8
----------------- Utilization of each layer ------------------
Layer 1: 0.5625
Layer 2: 1.0
Layer 3: 1.0
Layer 4: 1.0
Layer 5: 1.0
Layer 6: 0.078125
Memory Utilization of Whole Chip: 95.69575471698113 %
---------------------------- FloorPlan Done ------------------------------
Chip Area: 3.67e+07 um^2
Chip ADC (or S/As and precharger for SRAM) Area: 1.53e+06 um^2 (4.15 %)
Chip IC Area (Global and Tile/PE local): 3.45e+06 um^2 (9.40 %)
Chip Accum (subarray level: adders, shiftAdds; PE/Tile/Global level: accumulation units) Area: 5.71e+06 um^2 (15.53 %)
Chip Other (e.g. decoders, mux, switchmatrix, buffers, IC, pooling and activation units) Area: 8.24e+06 um^2 (22.43 %)
Chip Popcnt Area: 0.00e+00 um^2 (0.00 %)
Chip Array Area: 1.51e+07 um^2 (41.00 %)
Time elapsed = 4.11 s
=============== Chip Clk Period Estimating ===============
Time elapsed after estimating layer 1 = 32.52 s
Chip Clk Period: 1.0281894905588658 ns
=============== Chip Performance Estimating ===============
Time elapsed before estimating layer 1 ts 1 ====> 61.81 s
TS 0 layer 1 readLatency: 5.63e+07 ns
TS 0 layer 1 bufferLatency: 4.93e+07 ns (87.55%)
TS 0 layer 1 icLatency: 9.50e+00 ns
TS 0 layer 1 coreLatencyADC: 3.37e+04 ns (0.06%)
TS 0 layer 1 coreLatencyAccum: 4.85e+06 ns (8.61%)
TS 0 layer 1 coreLatencyOther: 2.13e+06 ns (3.78%)
TS 0 layer 1 arrayReadLatency: 4.88e+06 ns (8.66%)
TS 0 layer 1 arrayLatencyADC: 3.37e+04 ns (0.06%)
TS 0 layer 1 arrayLatencyAccum: 4.84e+06 ns (8.60%)
TS 0 layer 1 arrayLatencyOther: 0.00e+00 ns (0.00%)
TS 0 layer 1 readLatencyBuffer: 4.93e+07 ns (87.55%)
TS 0 layer 1 readLatencyIC: 1.90e+01 ns (0.00%)
TS 0 layer 1 readDynamicEnergy: 7.18e+07 pJ
TS 0 layer 1 leakagePower: 13.39 uW
TS 0 layer 1 leakageEnergy: 7.54e+05 pJ
TS 0 layer 1 bufferDynamicEnergy: 1.32e+05 pJ (0.18%)
TS 0 layer 1 icDynamicEnergy: 9.16e+01 pJ (0.00%)
TS 0 layer 1 coreEnergyADC: 2.73e+05 pJ (0.38%)
TS 0 layer 1 coreEnergyAccum: 6.47e+07 pJ (90.14%)
TS 0 layer 1 coreEnergyOther: 6.67e+06 pJ (9.30%)
TS 0 layer 1 coreEnergyPopcnt: 0.00e+00 pJ (0.00%)
TS 0 layer 1 arrayReadDynamicEnergy: 6.50e+07 pJ (90.52%)
TS 0 layer 1 arrayEnergyADC: 2.73e+05 pJ (0.38%)
TS 0 layer 1 arrayEnergyAccum: 6.47e+07 pJ (90.13%)
TS 0 layer 1 arrayEnergyOther: 0.00e+00 pJ (0.00%)
TS 0 layer 1 arrayEnergyPopcnt: 0.00e+00 pJ (0.00%)
TS 0 layer 1 readDynamicEnergyBuffer: 1.32e+05 pJ (0.18%)
TS 0 layer 1 readDynamicEnergyIC: 2.17e+02 pJ (0.00%)
Time elapsed before estimating layer 2 ts 1 ====> 164.37 s
TS 0 layer 2 readLatency: 2.11e+07 ns
TS 0 layer 2 bufferLatency: 4.39e+06 ns (20.78%)
TS 0 layer 2 icLatency: 7.05e+02 ns
TS 0 layer 2 coreLatencyADC: 3.37e+04 ns (0.16%)
TS 0 layer 2 coreLatencyAccum: 1.62e+07 ns (76.54%)
TS 0 layer 2 coreLatencyOther: 5.32e+05 ns (2.52%)
TS 0 layer 2 arrayReadLatency: 1.61e+07 ns (76.42%)
TS 0 layer 2 arrayLatencyADC: 3.37e+04 ns (0.16%)
TS 0 layer 2 arrayLatencyAccum: 1.61e+07 ns (76.26%)
TS 0 layer 2 arrayLatencyOther: 0.00e+00 ns (0.00%)
TS 0 layer 2 readLatencyBuffer: 4.39e+06 ns (20.81%)
TS 0 layer 2 readLatencyIC: 1.41e+03 ns (0.01%)
TS 0 layer 2 readDynamicEnergy: 9.29e+08 pJ
TS 0 layer 2 leakagePower: 1193.18 uW
TS 0 layer 2 leakageEnergy: 2.52e+07 pJ
TS 0 layer 2 bufferDynamicEnergy: 1.24e+06 pJ (0.13%)
TS 0 layer 2 icDynamicEnergy: 7.78e+04 pJ (0.01%)
TS 0 layer 2 coreEnergyADC: 2.46e+06 pJ (0.26%)
TS 0 layer 2 coreEnergyAccum: 9.24e+08 pJ (99.41%)
TS 0 layer 2 coreEnergyOther: 1.67e+06 pJ (0.18%)
TS 0 layer 2 coreEnergyPopcnt: 0.00e+00 pJ (0.00%)
TS 0 layer 2 arrayReadDynamicEnergy: 9.26e+08 pJ (99.68%)
TS 0 layer 2 arrayEnergyADC: 2.46e+06 pJ (0.26%)
TS 0 layer 2 arrayEnergyAccum: 9.24e+08 pJ (99.41%)
TS 0 layer 2 arrayEnergyOther: 0.00e+00 pJ (0.00%)
TS 0 layer 2 arrayEnergyPopcnt: 0.00e+00 pJ (0.00%)
TS 0 layer 2 readDynamicEnergyBuffer: 1.26e+06 pJ (0.14%)
TS 0 layer 2 readDynamicEnergyIC: 1.95e+05 pJ (0.02%)
Time elapsed before estimating layer 3 ts 1 ====> 182.76 s
TS 0 layer 3 readLatency: 8.44e+06 ns
TS 0 layer 3 bufferLatency: 2.20e+06 ns (26.02%)
TS 0 layer 3 icLatency: 7.05e+02 ns
TS 0 layer 3 coreLatencyADC: 1.68e+04 ns (0.20%)
TS 0 layer 3 coreLatencyAccum: 6.09e+06 ns (72.20%)
TS 0 layer 3 coreLatencyOther: 1.33e+05 ns (1.58%)
TS 0 layer 3 arrayReadLatency: 6.11e+06 ns (72.39%)
TS 0 layer 3 arrayLatencyADC: 1.68e+04 ns (0.20%)
TS 0 layer 3 arrayLatencyAccum: 6.09e+06 ns (72.19%)
TS 0 layer 3 arrayLatencyOther: 0.00e+00 ns (0.00%)
TS 0 layer 3 readLatencyBuffer: 2.20e+06 ns (26.09%)
TS 0 layer 3 readLatencyIC: 1.41e+03 ns (0.02%)
TS 0 layer 3 readDynamicEnergy: 3.19e+08 pJ
TS 0 layer 3 leakagePower: 1193.18 uW
TS 0 layer 3 leakageEnergy: 1.01e+07 pJ
TS 0 layer 3 bufferDynamicEnergy: 3.19e+05 pJ (0.10%)
TS 0 layer 3 icDynamicEnergy: 7.78e+04 pJ (0.02%)
TS 0 layer 3 coreEnergyADC: 6.15e+05 pJ (0.19%)
TS 0 layer 3 coreEnergyAccum: 3.18e+08 pJ (99.55%)
TS 0 layer 3 coreEnergyOther: 4.17e+05 pJ (0.13%)
TS 0 layer 3 coreEnergyPopcnt: 0.00e+00 pJ (0.00%)
TS 0 layer 3 arrayReadDynamicEnergy: 3.18e+08 pJ (99.74%)
TS 0 layer 3 arrayEnergyADC: 6.15e+05 pJ (0.19%)
TS 0 layer 3 arrayEnergyAccum: 3.18e+08 pJ (99.55%)
TS 0 layer 3 arrayEnergyOther: 0.00e+00 pJ (0.00%)
TS 0 layer 3 arrayEnergyPopcnt: 0.00e+00 pJ (0.00%)
TS 0 layer 3 readDynamicEnergyBuffer: 3.45e+05 pJ (0.11%)
TS 0 layer 3 readDynamicEnergyIC: 1.95e+05 pJ (0.06%)
Time elapsed before estimating layer 4 ts 1 ====> 186.54 s
TS 0 layer 4 readLatency: 2.12e+06 ns
TS 0 layer 4 bufferLatency: 5.53e+05 ns (26.13%)
TS 0 layer 4 icLatency: 7.05e+02 ns
TS 0 layer 4 coreLatencyADC: 4.21e+03 ns (0.20%)
TS 0 layer 4 coreLatencyAccum: 1.53e+06 ns (72.02%)
TS 0 layer 4 coreLatencyOther: 3.41e+04 ns (1.61%)
TS 0 layer 4 arrayReadLatency: 1.53e+06 ns (72.20%)
TS 0 layer 4 arrayLatencyADC: 4.21e+03 ns (0.20%)
TS 0 layer 4 arrayLatencyAccum: 1.52e+06 ns (72.01%)
TS 0 layer 4 arrayLatencyOther: 0.00e+00 ns (0.00%)
TS 0 layer 4 readLatencyBuffer: 5.59e+05 ns (26.41%)
TS 0 layer 4 readLatencyIC: 1.41e+03 ns (0.07%)
TS 0 layer 4 readDynamicEnergy: 7.26e+07 pJ
TS 0 layer 4 leakagePower: 1193.18 uW
TS 0 layer 4 leakageEnergy: 2.53e+06 pJ
TS 0 layer 4 bufferDynamicEnergy: 9.02e+04 pJ (0.12%)
TS 0 layer 4 icDynamicEnergy: 7.78e+04 pJ (0.11%)
TS 0 layer 4 coreEnergyADC: 1.54e+05 pJ (0.21%)
TS 0 layer 4 coreEnergyAccum: 7.22e+07 pJ (99.41%)
TS 0 layer 4 coreEnergyOther: 1.04e+05 pJ (0.14%)
TS 0 layer 4 coreEnergyPopcnt: 0.00e+00 pJ (0.00%)
TS 0 layer 4 arrayReadDynamicEnergy: 7.23e+07 pJ (99.61%)
TS 0 layer 4 arrayEnergyADC: 1.54e+05 pJ (0.21%)
TS 0 layer 4 arrayEnergyAccum: 7.22e+07 pJ (99.40%)
TS 0 layer 4 arrayEnergyOther: 0.00e+00 pJ (0.00%)
TS 0 layer 4 arrayEnergyPopcnt: 0.00e+00 pJ (0.00%)
TS 0 layer 4 readDynamicEnergyBuffer: 1.16e+05 pJ (0.16%)
TS 0 layer 4 readDynamicEnergyIC: 1.95e+05 pJ (0.27%)
Time elapsed before estimating layer 5 ts 1 ====> 193.21 s
TS 0 layer 5 readLatency: 2.18e+05 ns
TS 0 layer 5 bufferLatency: 1.47e+05 ns (67.64%)
TS 0 layer 5 icLatency: 1.76e+04 ns
TS 0 layer 5 coreLatencyADC: 6.58e+01 ns (0.03%)
TS 0 layer 5 coreLatencyAccum: 5.13e+04 ns (23.54%)
TS 0 layer 5 coreLatencyOther: 1.52e+03 ns (0.70%)
TS 0 layer 5 arrayReadLatency: 4.52e+04 ns (20.72%)
TS 0 layer 5 arrayLatencyADC: 6.58e+01 ns (0.03%)
TS 0 layer 5 arrayLatencyAccum: 4.51e+04 ns (20.69%)
TS 0 layer 5 arrayLatencyOther: 0.00e+00 ns (0.00%)
TS 0 layer 5 readLatencyBuffer: 2.95e+05 ns (135.47%)
TS 0 layer 5 readLatencyIC: 3.53e+04 ns (16.19%)
TS 0 layer 5 readDynamicEnergy: 2.61e+07 pJ
TS 0 layer 5 leakagePower: 31596.44 uW
TS 0 layer 5 leakageEnergy: 6.89e+06 pJ
TS 0 layer 5 bufferDynamicEnergy: 2.57e+06 pJ (9.86%)
TS 0 layer 5 icDynamicEnergy: 1.47e+07 pJ (56.32%)
TS 0 layer 5 coreEnergyADC: 1.71e+04 pJ (0.07%)
TS 0 layer 5 coreEnergyAccum: 8.81e+06 pJ (33.74%)
TS 0 layer 5 coreEnergyOther: 1.64e+03 pJ (0.01%)
TS 0 layer 5 coreEnergyPopcnt: 0.00e+00 pJ (0.00%)
TS 0 layer 5 arrayReadDynamicEnergy: 6.82e+06 pJ (26.15%)
TS 0 layer 5 arrayEnergyADC: 1.71e+04 pJ (0.07%)
TS 0 layer 5 arrayEnergyAccum: 6.81e+06 pJ (26.08%)
TS 0 layer 5 arrayEnergyOther: 0.00e+00 pJ (0.00%)
TS 0 layer 5 arrayEnergyPopcnt: 0.00e+00 pJ (0.00%)
TS 0 layer 5 readDynamicEnergyBuffer: 7.34e+06 pJ (28.14%)
TS 0 layer 5 readDynamicEnergyIC: 3.72e+07 pJ (142.46%)
Time elapsed before estimating layer 6 ts 1 ====> 193.36 s
TS 0 layer 6 readLatency: 3.91e+03 ns
TS 0 layer 6 bufferLatency: 2.26e+03 ns (57.91%)
TS 0 layer 6 icLatency: 7.06e+01 ns
TS 0 layer 6 coreLatencyADC: 1.29e+00 ns (0.03%)
TS 0 layer 6 coreLatencyAccum: 4.56e+02 ns (11.68%)
TS 0 layer 6 coreLatencyOther: 1.12e+03 ns (28.57%)
TS 0 layer 6 arrayReadLatency: 3.54e+02 ns (9.07%)
TS 0 layer 6 arrayLatencyADC: 1.29e+00 ns (0.03%)
TS 0 layer 6 arrayLatencyAccum: 3.53e+02 ns (9.03%)
TS 0 layer 6 arrayLatencyOther: 0.00e+00 ns (0.00%)
TS 0 layer 6 readLatencyBuffer: 2.94e+03 ns (75.17%)
TS 0 layer 6 readLatencyIC: 1.41e+02 ns (3.61%)
TS 0 layer 6 readDynamicEnergy: 1.63e+04 pJ
TS 0 layer 6 leakagePower: 94.79 uW
TS 0 layer 6 leakageEnergy: 3.70e+02 pJ
TS 0 layer 6 bufferDynamicEnergy: 6.13e+02 pJ (3.75%)
TS 0 layer 6 icDynamicEnergy: 2.46e+03 pJ (15.06%)
TS 0 layer 6 coreEnergyADC: 2.09e+01 pJ (0.13%)
TS 0 layer 6 coreEnergyAccum: 1.32e+04 pJ (80.83%)
TS 0 layer 6 coreEnergyOther: 3.87e+01 pJ (0.24%)
TS 0 layer 6 coreEnergyPopcnt: 0.00e+00 pJ (0.00%)
TS 0 layer 6 arrayReadDynamicEnergy: 1.31e+04 pJ (79.93%)
TS 0 layer 6 arrayEnergyADC: 2.09e+01 pJ (0.13%)
TS 0 layer 6 arrayEnergyAccum: 1.30e+04 pJ (79.80%)
TS 0 layer 6 arrayEnergyOther: 0.00e+00 pJ (0.00%)
TS 0 layer 6 arrayEnergyPopcnt: 0.00e+00 pJ (0.00%)
TS 0 layer 6 readDynamicEnergyBuffer: 1.51e+03 pJ (9.23%)
TS 0 layer 6 readDynamicEnergyIC: 5.65e+03 pJ (34.58%)
=============== Chip Performance Estimating Finish ===============
Max SNN Latency Layer: 0, Max Time Step: -1
SNN pipeline latency: 0.056300823827688806
Average of the snn layer latency (per timestep): 0.014697643413059286
Mean of the snn layer latency (per timestep): 0.014697643413059286
STD of the snn layer latency (per timestep): 0.01997875560372576
=============== Chip Area Analysis ===============
Chip Area: 3.67e+07 um^2
Chip ADC (or S/As and precharger for SRAM) Area: 1.53e+06 um^2 (4.15 %)
Chip IC Area (Global and Tile/PE local): 3.45e+06 um^2 (9.40 %)
Chip Accum (subarray level: adders, shiftAdds; PE/Tile/Global level: accumulation units) Area: 5.71e+06 um^2 (15.53 %)
Chip Other (e.g. decoders, mux, switchmatrix, buffers, IC, pooling and activation units) Area: 8.24e+06 um^2 (22.43 %)
Chip Popcnt Area: 0.00e+00 um^2 (0.00 %)
Chip Array Area: 1.51e+07 um^2 (41.00 %)
=============== Chip Latency Analysis ===============
Pipelined Clock Latency (per Layer per mergedTimeStep): 5.63e+07 ns
Buffer Latency (slowest timestep of the slowest layer): 4.93e+07 ns         (87.55 % of pipeline latency)
IC Latency (slowest timestep of the slowest layer): 9.50e+00 ns         (0.00 % of pipeline latency)
Core Latency ADC (slowest timestep of the slowest layer): 3.37e+04 ns         (0.06 % of pipeline latency)
Core Latency Accum (slowest timestep of the slowest layer): 4.85e+06 ns         (8.61 % of pipeline latency)
Core Latency Other (slowest timestep of the slowest layer): 2.13e+06 ns         (3.78 % of pipeline latency)
Array Read Latency (slowest timestep of the slowest layer): 4.88e+06 ns           (8.66 % of pipeline latency)
Array Latency ADC (slowest timestep of the slowest layer): 3.37e+04 ns           (0.06 % of pipeline latency)
Array Latency Accum (slowest timestep of the slowest layer): 4.84e+06 ns           (8.60 % of pipeline latency)
Array Latency Other (slowest timestep of the slowest layer): 0.00e+00 ns           (0.00 % of pipeline latency)
Read Latency Buffer (slowest timestep of the slowest layer): 4.93e+07 ns           (87.55 % of pipeline latency)
Read Latency IC (slowest timestep of the slowest layer): 1.90e+01 ns           (0.00 % of pipeline latency)
Total Read Latency (per image): 8.82e+07 ns
Total Buffer Latency (per image): 5.66e+07 ns         (64.16 % of total read latency)
Total IC Latency (per image): 1.98e+04 ns         (0.02 % of total read latency)
Total Core Latency ADC (per image): 8.85e+04 ns         (0.10 % of total read latency)
Total Core Latency Accum (per image): 2.87e+07 ns         (32.51 % of total read latency)
Total Core Latency Other (per image): 2.83e+06 ns         (3.21 % of total read latency)
Total Array Read Latency (per image): 2.87e+07 ns         (32.53 % of total read latency)
Total Array Latency ADC (per image): 8.85e+04 ns         (0.10 % of total read latency)
Total Array Latency Accum (per image): 2.86e+07 ns         (32.43 % of total read latency)
Total Array Latency Other (per image): 0.00e+00 ns         (0.00 % of total read latency)
Total Read Latency Buffer (per image): 5.67e+07 ns         (64.34 % of total read latency)
Total Read Latency IC (per image): 3.97e+04 ns         (0.04 % of total read latency)
=============== Chip Energy Analysis ===============
Total Read Dynamic Energy (per image): 1.42e+09 pJ
Total Buffer Dynamic Energy (per image): 4.35e+06 pJ         (0.31 % of total read dynamic energy)
Total IC Dynamic Energy (per image): 1.49e+07 pJ         (1.05 % of total read dynamic energy)
Total Core Energy ADC (per image): 3.52e+06 pJ         (0.25 % of total read dynamic energy)
Total Core Energy Accum (per image): 1.39e+09 pJ         (97.77 % of total read dynamic energy)
Total Core Energy Other (per image): 8.87e+06 pJ         (0.62 % of total read dynamic energy)
Total Core Energy Popcnt (per image): 0.00e+00 pJ         (0.00 % of total read dynamic energy)
Total Leakage Power (per image): 35284.17 uW
Total Leakage Energy (per image): 1.99e+09 pJ
Total Array Read Dynamic Energy (per image): 1.39e+09 pJ (97.87 % of total read dynamic energy)
Total Array Energy ADC (per image): 3.52e+06 pJ (0.25 % of total read dynamic energy)
Total Array Energy Accum (per image): 1.39e+09 pJ (97.62 % of total read dynamic energy)
Total Array Energy Other (per image): 0.00e+00 pJ (0.00 % of total read dynamic energy)
Total Array Energy Popcnt (per image): 0.00e+00 pJ (0.00 % of total read dynamic energy)
Total Read Dynamic Energy Buffer (per image): 9.20e+06 pJ (0.65 % of total read dynamic energy)
Total Read Dynamic Energy IC (per image): 3.78e+07 pJ (2.66 % of total read dynamic energy)

=============== Chip Performance Estimating Finish ===============
Energy Efficiency TOPS/W (Pipelined Process without IC Energy): 40.3575152880328
Throughput TOPS (Pipelined Process with IC Delay): 2.9650422827010483
Throughput FPS (Pipelined Process with IC Delay): 17.761729438640984
Compute Efficiency TOPS/mm^2 (Pipelined Process with IC Delay): 0.08070399914865616
Simulation finished, total time elapsed = 193.36 s
