=============== Parameter Loading Finish ===============
Time elapsed = 0.03 s
=============== Network Structure Loading Finish ===============
{'IH': 56, 'IW': 56, 'Cin': 64, 'KH': 3, 'KW': 3, 'Cout': 64, 'pooling': 0, 'stride': 1, 'isSNN': 1, 'T': 100, 'weight_row': 64, 'weight_col': 576}
{'IH': 56, 'IW': 56, 'Cin': 64, 'KH': 3, 'KW': 3, 'Cout': 64, 'pooling': 0, 'stride': 1, 'isSNN': 1, 'T': 100, 'weight_row': 64, 'weight_col': 576}
{'IH': 56, 'IW': 56, 'Cin': 64, 'KH': 3, 'KW': 3, 'Cout': 64, 'pooling': 0, 'stride': 1, 'isSNN': 1, 'T': 100, 'weight_row': 64, 'weight_col': 576}
{'IH': 56, 'IW': 56, 'Cin': 64, 'KH': 3, 'KW': 3, 'Cout': 64, 'pooling': 0, 'stride': 1, 'isSNN': 1, 'T': 100, 'weight_row': 64, 'weight_col': 576}
{'IH': 56, 'IW': 56, 'Cin': 64, 'KH': 3, 'KW': 3, 'Cout': 128, 'pooling': 0, 'stride': 2, 'isSNN': 1, 'T': 100, 'weight_row': 128, 'weight_col': 576}
{'IH': 28, 'IW': 28, 'Cin': 128, 'KH': 3, 'KW': 3, 'Cout': 128, 'pooling': 0, 'stride': 1, 'isSNN': 1, 'T': 100, 'weight_row': 128, 'weight_col': 1152}
{'IH': 28, 'IW': 28, 'Cin': 128, 'KH': 3, 'KW': 3, 'Cout': 128, 'pooling': 0, 'stride': 1, 'isSNN': 1, 'T': 100, 'weight_row': 128, 'weight_col': 1152}
{'IH': 28, 'IW': 28, 'Cin': 128, 'KH': 3, 'KW': 3, 'Cout': 128, 'pooling': 0, 'stride': 1, 'isSNN': 1, 'T': 100, 'weight_row': 128, 'weight_col': 1152}
{'IH': 28, 'IW': 28, 'Cin': 128, 'KH': 3, 'KW': 3, 'Cout': 256, 'pooling': 0, 'stride': 2, 'isSNN': 1, 'T': 100, 'weight_row': 256, 'weight_col': 1152}
{'IH': 14, 'IW': 14, 'Cin': 256, 'KH': 3, 'KW': 3, 'Cout': 256, 'pooling': 0, 'stride': 1, 'isSNN': 1, 'T': 100, 'weight_row': 256, 'weight_col': 2304}
{'IH': 14, 'IW': 14, 'Cin': 256, 'KH': 3, 'KW': 3, 'Cout': 256, 'pooling': 0, 'stride': 1, 'isSNN': 1, 'T': 100, 'weight_row': 256, 'weight_col': 2304}
{'IH': 14, 'IW': 14, 'Cin': 256, 'KH': 3, 'KW': 3, 'Cout': 256, 'pooling': 0, 'stride': 1, 'isSNN': 1, 'T': 100, 'weight_row': 256, 'weight_col': 2304}
{'IH': 14, 'IW': 14, 'Cin': 256, 'KH': 3, 'KW': 3, 'Cout': 512, 'pooling': 0, 'stride': 2, 'isSNN': 1, 'T': 100, 'weight_row': 512, 'weight_col': 2304}
{'IH': 7, 'IW': 7, 'Cin': 512, 'KH': 3, 'KW': 3, 'Cout': 512, 'pooling': 0, 'stride': 1, 'isSNN': 1, 'T': 100, 'weight_row': 512, 'weight_col': 4608}
{'IH': 7, 'IW': 7, 'Cin': 512, 'KH': 3, 'KW': 3, 'Cout': 512, 'pooling': 0, 'stride': 1, 'isSNN': 1, 'T': 100, 'weight_row': 512, 'weight_col': 4608}
{'IH': 7, 'IW': 7, 'Cin': 512, 'KH': 3, 'KW': 3, 'Cout': 512, 'pooling': 1, 'stride': 1, 'isSNN': 1, 'T': 100, 'weight_row': 512, 'weight_col': 4608}

------------------------------ FloorPlan --------------------------------
Tile and PE size are optimized to maximize memory utilization ( = memory mapped by synapse / total memory on chip)
Desired Conventional Mapped Tile Storage Size: 1024 x 1024
Desired Conventional PE Storage Size: 512 x 512
User-defined SubArray Size: 128 x 128
----------------- # of tile used for each layer -----------------
Layer 1: 40
Layer 2: 40
Layer 3: 40
Layer 4: 40
Layer 5: 40
Layer 6: 18
Layer 7: 18
Layer 8: 18
Layer 9: 36
Layer 10: 18
Layer 11: 18
Layer 12: 18
Layer 13: 36
Layer 14: 36
Layer 15: 36
Layer 16: 36
----------------- Speed-up of each layer ------------------
Layer 1: 64
Layer 2: 64
Layer 3: 64
Layer 4: 64
Layer 5: 64
Layer 6: 16
Layer 7: 16
Layer 8: 16
Layer 9: 16
Layer 10: 4
Layer 11: 4
Layer 12: 4
Layer 13: 4
Layer 14: 2
Layer 15: 2
Layer 16: 2
----------------- Utilization of each layer ------------------
Layer 1: 0.45
Layer 2: 0.45
Layer 3: 0.45
Layer 4: 0.45
Layer 5: 0.9
Layer 6: 1.0
Layer 7: 1.0
Layer 8: 1.0
Layer 9: 1.0
Layer 10: 1.0
Layer 11: 1.0
Layer 12: 1.0
Layer 13: 1.0
Layer 14: 1.0
Layer 15: 1.0
Layer 16: 1.0
Memory Utilization of Whole Chip: 81.14754098360656 %
---------------------------- FloorPlan Done ------------------------------
Chip Area: 1.46e+08 um^2
Chip ADC (or S/As and precharger for SRAM) Area: 7.02e+06 um^2 (4.82 %)
Chip IC Area (Global and Tile/PE local): 5.61e+06 um^2 (3.85 %)
Chip Accum (subarray level: adders, shiftAdds; PE/Tile/Global level: accumulation units) Area: 2.63e+07 um^2 (18.04 %)
Chip Other (e.g. decoders, mux, switchmatrix, buffers, IC, pooling and activation units) Area: 2.40e+07 um^2 (16.47 %)
Chip Popcnt Area: 7.67e+05 um^2 (0.53 %)
Chip Array Area: 6.93e+07 um^2 (47.60 %)
Time elapsed = 18.85 s
=============== Chip Clk Period Estimating ===============
Time elapsed after estimating layer 1 = 40.25 s
Chip Clk Period: 1.0281894905588658 ns
=============== Chip Performance Estimating ===============
Time elapsed before estimating layer 1 ts 1 ====> 271.74 s
TS 0 layer 1 readLatency: 8.87e+06 ns
TS 0 layer 1 bufferLatency: 8.37e+06 ns (94.30%)
TS 0 layer 1 icLatency: 9.17e+01 ns
TS 0 layer 1 coreLatencyADC: 3.22e+03 ns (0.04%)
TS 0 layer 1 coreLatencyAccum: 3.42e+05 ns (3.86%)
TS 0 layer 1 coreLatencyOther: 1.61e+05 ns (1.82%)
TS 0 layer 1 arrayReadLatency: 2.55e+05 ns (2.87%)
TS 0 layer 1 arrayLatencyADC: 3.22e+03 ns (0.04%)
TS 0 layer 1 arrayLatencyAccum: 2.52e+05 ns (2.84%)
TS 0 layer 1 arrayLatencyOther: 0.00e+00 ns (0.00%)
TS 0 layer 1 readLatencyBuffer: 8.37e+06 ns (94.31%)
TS 0 layer 1 readLatencyIC: 1.83e+02 ns (0.00%)
TS 0 layer 1 readDynamicEnergy: 1.18e+08 pJ
TS 0 layer 1 leakagePower: 356.96 uW
TS 0 layer 1 leakageEnergy: 3.17e+06 pJ
TS 0 layer 1 bufferDynamicEnergy: 8.34e+05 pJ (0.71%)
TS 0 layer 1 icDynamicEnergy: 4.97e+03 pJ (0.00%)
TS 0 layer 1 coreEnergyADC: 4.71e+05 pJ (0.40%)
TS 0 layer 1 coreEnergyAccum: 1.16e+08 pJ (98.36%)
TS 0 layer 1 coreEnergyOther: 6.39e+05 pJ (0.54%)
TS 0 layer 1 coreEnergyPopcnt: 2.50e+06 pJ (2.12%)
TS 0 layer 1 arrayReadDynamicEnergy: 1.16e+08 pJ (98.74%)
TS 0 layer 1 arrayEnergyADC: 4.71e+05 pJ (0.40%)
TS 0 layer 1 arrayEnergyAccum: 1.16e+08 pJ (98.34%)
TS 0 layer 1 arrayEnergyOther: 0.00e+00 pJ (0.00%)
TS 0 layer 1 arrayEnergyPopcnt: 2.50e+06 pJ (2.12%)
TS 0 layer 1 readDynamicEnergyBuffer: 8.36e+05 pJ (0.71%)
TS 0 layer 1 readDynamicEnergyIC: 1.22e+04 pJ (0.01%)
successRate of layer 1 = 0.62
Max(successRate) of layer 1 = 0.62
Min(successRate) of layer 1 = 0.62
Sparsity of layer 1 = 0.672
Compression ratio of layer 1 = 0.449
Time elapsed before estimating layer 2 ts 1 ====> 525.76 s
TS 0 layer 2 readLatency: 1.00e+07 ns
TS 0 layer 2 bufferLatency: 9.48e+06 ns (94.59%)
TS 0 layer 2 icLatency: 1.04e+02 ns
TS 0 layer 2 coreLatencyADC: 3.22e+03 ns (0.03%)
TS 0 layer 2 coreLatencyAccum: 3.79e+05 ns (3.78%)
TS 0 layer 2 coreLatencyOther: 1.61e+05 ns (1.61%)
TS 0 layer 2 arrayReadLatency: 2.91e+05 ns (2.91%)
TS 0 layer 2 arrayLatencyADC: 3.22e+03 ns (0.03%)
TS 0 layer 2 arrayLatencyAccum: 2.88e+05 ns (2.87%)
TS 0 layer 2 arrayLatencyOther: 0.00e+00 ns (0.00%)
TS 0 layer 2 readLatencyBuffer: 9.48e+06 ns (94.60%)
TS 0 layer 2 readLatencyIC: 2.08e+02 ns (0.00%)
TS 0 layer 2 readDynamicEnergy: 1.33e+08 pJ
TS 0 layer 2 leakagePower: 356.96 uW
TS 0 layer 2 leakageEnergy: 3.58e+06 pJ
TS 0 layer 2 bufferDynamicEnergy: 9.46e+05 pJ (0.71%)
TS 0 layer 2 icDynamicEnergy: 5.63e+03 pJ (0.00%)
TS 0 layer 2 coreEnergyADC: 4.71e+05 pJ (0.36%)
TS 0 layer 2 coreEnergyAccum: 1.30e+08 pJ (98.45%)
TS 0 layer 2 coreEnergyOther: 6.39e+05 pJ (0.48%)
TS 0 layer 2 coreEnergyPopcnt: 2.50e+06 pJ (1.88%)
TS 0 layer 2 arrayReadDynamicEnergy: 1.31e+08 pJ (98.79%)
TS 0 layer 2 arrayEnergyADC: 4.71e+05 pJ (0.36%)
TS 0 layer 2 arrayEnergyAccum: 1.30e+08 pJ (98.44%)
TS 0 layer 2 arrayEnergyOther: 0.00e+00 pJ (0.00%)
TS 0 layer 2 arrayEnergyPopcnt: 2.50e+06 pJ (1.88%)
TS 0 layer 2 readDynamicEnergyBuffer: 9.47e+05 pJ (0.72%)
TS 0 layer 2 readDynamicEnergyIC: 1.38e+04 pJ (0.01%)
successRate of layer 2 = 0.56
Max(successRate) of layer 2 = 0.56
Min(successRate) of layer 2 = 0.56
Sparsity of layer 2 = 0.624
Compression ratio of layer 2 = 0.509
Time elapsed before estimating layer 3 ts 1 ====> 741.69 s
TS 0 layer 3 readLatency: 1.14e+07 ns
TS 0 layer 3 bufferLatency: 1.09e+07 ns (95.50%)
TS 0 layer 3 icLatency: 1.20e+02 ns
TS 0 layer 3 coreLatencyADC: 3.22e+03 ns (0.03%)
TS 0 layer 3 coreLatencyAccum: 3.50e+05 ns (3.07%)
TS 0 layer 3 coreLatencyOther: 1.61e+05 ns (1.41%)
TS 0 layer 3 arrayReadLatency: 2.63e+05 ns (2.30%)
TS 0 layer 3 arrayLatencyADC: 3.22e+03 ns (0.03%)
TS 0 layer 3 arrayLatencyAccum: 2.59e+05 ns (2.27%)
TS 0 layer 3 arrayLatencyOther: 0.00e+00 ns (0.00%)
TS 0 layer 3 readLatencyBuffer: 1.09e+07 ns (95.51%)
TS 0 layer 3 readLatencyIC: 2.39e+02 ns (0.00%)
TS 0 layer 3 readDynamicEnergy: 1.40e+08 pJ
TS 0 layer 3 leakagePower: 356.96 uW
TS 0 layer 3 leakageEnergy: 4.07e+06 pJ
TS 0 layer 3 bufferDynamicEnergy: 1.09e+06 pJ (0.78%)
TS 0 layer 3 icDynamicEnergy: 6.47e+03 pJ (0.00%)
TS 0 layer 3 coreEnergyADC: 4.71e+05 pJ (0.34%)
TS 0 layer 3 coreEnergyAccum: 1.38e+08 pJ (98.43%)
TS 0 layer 3 coreEnergyOther: 6.39e+05 pJ (0.46%)
TS 0 layer 3 coreEnergyPopcnt: 2.50e+06 pJ (1.79%)
TS 0 layer 3 arrayReadDynamicEnergy: 1.38e+08 pJ (98.75%)
TS 0 layer 3 arrayEnergyADC: 4.71e+05 pJ (0.34%)
TS 0 layer 3 arrayEnergyAccum: 1.38e+08 pJ (98.42%)
TS 0 layer 3 arrayEnergyOther: 0.00e+00 pJ (0.00%)
TS 0 layer 3 arrayEnergyPopcnt: 2.50e+06 pJ (1.79%)
TS 0 layer 3 readDynamicEnergyBuffer: 1.09e+06 pJ (0.78%)
TS 0 layer 3 readDynamicEnergyIC: 1.59e+04 pJ (0.01%)
successRate of layer 3 = 0.61
Max(successRate) of layer 3 = 0.61
Min(successRate) of layer 3 = 0.61
Sparsity of layer 3 = 0.563
Compression ratio of layer 3 = 0.585
Time elapsed before estimating layer 4 ts 1 ====> 961.55 s
TS 0 layer 4 readLatency: 1.05e+07 ns
TS 0 layer 4 bufferLatency: 9.87e+06 ns (94.43%)
TS 0 layer 4 icLatency: 1.08e+02 ns
TS 0 layer 4 coreLatencyADC: 3.22e+03 ns (0.03%)
TS 0 layer 4 coreLatencyAccum: 4.19e+05 ns (4.00%)
TS 0 layer 4 coreLatencyOther: 1.61e+05 ns (1.54%)
TS 0 layer 4 arrayReadLatency: 3.31e+05 ns (3.17%)
TS 0 layer 4 arrayLatencyADC: 3.22e+03 ns (0.03%)
TS 0 layer 4 arrayLatencyAccum: 3.28e+05 ns (3.14%)
TS 0 layer 4 arrayLatencyOther: 0.00e+00 ns (0.00%)
TS 0 layer 4 readLatencyBuffer: 9.88e+06 ns (94.44%)
TS 0 layer 4 readLatencyIC: 2.17e+02 ns (0.00%)
TS 0 layer 4 readDynamicEnergy: 1.71e+08 pJ
TS 0 layer 4 leakagePower: 356.96 uW
TS 0 layer 4 leakageEnergy: 3.73e+06 pJ
TS 0 layer 4 bufferDynamicEnergy: 9.85e+05 pJ (0.58%)
TS 0 layer 4 icDynamicEnergy: 5.87e+03 pJ (0.00%)
TS 0 layer 4 coreEnergyADC: 4.71e+05 pJ (0.28%)
TS 0 layer 4 coreEnergyAccum: 1.69e+08 pJ (98.78%)
TS 0 layer 4 coreEnergyOther: 6.39e+05 pJ (0.37%)
TS 0 layer 4 coreEnergyPopcnt: 2.50e+06 pJ (1.46%)
TS 0 layer 4 arrayReadDynamicEnergy: 1.69e+08 pJ (99.04%)
TS 0 layer 4 arrayEnergyADC: 4.71e+05 pJ (0.28%)
TS 0 layer 4 arrayEnergyAccum: 1.69e+08 pJ (98.77%)
TS 0 layer 4 arrayEnergyOther: 0.00e+00 pJ (0.00%)
TS 0 layer 4 arrayEnergyPopcnt: 2.50e+06 pJ (1.46%)
TS 0 layer 4 readDynamicEnergyBuffer: 9.87e+05 pJ (0.58%)
TS 0 layer 4 readDynamicEnergyIC: 1.44e+04 pJ (0.01%)
successRate of layer 4 = 0.49
Max(successRate) of layer 4 = 0.49
Min(successRate) of layer 4 = 0.49
Sparsity of layer 4 = 0.607
Compression ratio of layer 4 = 0.53
Time elapsed before estimating layer 5 ts 1 ====> 1048.75 s
TS 0 layer 5 readLatency: 3.69e+06 ns
TS 0 layer 5 bufferLatency: 3.48e+06 ns (94.37%)
TS 0 layer 5 icLatency: 2.39e+02 ns
TS 0 layer 5 coreLatencyADC: 1.61e+03 ns (0.04%)
TS 0 layer 5 coreLatencyAccum: 1.26e+05 ns (3.42%)
TS 0 layer 5 coreLatencyOther: 8.06e+04 ns (2.19%)
TS 0 layer 5 arrayReadLatency: 1.05e+05 ns (2.84%)
TS 0 layer 5 arrayLatencyADC: 1.61e+03 ns (0.04%)
TS 0 layer 5 arrayLatencyAccum: 1.03e+05 ns (2.80%)
TS 0 layer 5 arrayLatencyOther: 0.00e+00 ns (0.00%)
TS 0 layer 5 readLatencyBuffer: 3.48e+06 ns (94.43%)
TS 0 layer 5 readLatencyIC: 4.79e+02 ns (0.01%)
TS 0 layer 5 readDynamicEnergy: 6.18e+07 pJ
TS 0 layer 5 leakagePower: 652.55 uW
TS 0 layer 5 leakageEnergy: 2.41e+06 pJ
TS 0 layer 5 bufferDynamicEnergy: 3.18e+05 pJ (0.51%)
TS 0 layer 5 icDynamicEnergy: 1.39e+04 pJ (0.02%)
TS 0 layer 5 coreEnergyADC: 2.36e+05 pJ (0.38%)
TS 0 layer 5 coreEnergyAccum: 6.09e+07 pJ (98.58%)
TS 0 layer 5 coreEnergyOther: 3.19e+05 pJ (0.52%)
TS 0 layer 5 coreEnergyPopcnt: 6.24e+05 pJ (1.01%)
TS 0 layer 5 arrayReadDynamicEnergy: 6.12e+07 pJ (98.95%)
TS 0 layer 5 arrayEnergyADC: 2.36e+05 pJ (0.38%)
TS 0 layer 5 arrayEnergyAccum: 6.09e+07 pJ (98.57%)
TS 0 layer 5 arrayEnergyOther: 0.00e+00 pJ (0.00%)
TS 0 layer 5 arrayEnergyPopcnt: 6.24e+05 pJ (1.01%)
TS 0 layer 5 readDynamicEnergyBuffer: 3.23e+05 pJ (0.52%)
TS 0 layer 5 readDynamicEnergyIC: 3.43e+04 pJ (0.06%)
successRate of layer 5 = 0.70
Max(successRate) of layer 5 = 0.70
Min(successRate) of layer 5 = 0.70
Sparsity of layer 5 = 0.503
Compression ratio of layer 5 = 0.679
Time elapsed before estimating layer 6 ts 1 ====> 1271.09 s
TS 0 layer 6 readLatency: 9.01e+06 ns
TS 0 layer 6 bufferLatency: 8.37e+06 ns (92.93%)
TS 0 layer 6 icLatency: 2.94e+02 ns
TS 0 layer 6 coreLatencyADC: 6.45e+03 ns (0.07%)
TS 0 layer 6 coreLatencyAccum: 5.53e+05 ns (6.14%)
TS 0 layer 6 coreLatencyOther: 8.06e+04 ns (0.90%)
TS 0 layer 6 arrayReadLatency: 5.48e+05 ns (6.08%)
TS 0 layer 6 arrayLatencyADC: 6.45e+03 ns (0.07%)
TS 0 layer 6 arrayLatencyAccum: 5.41e+05 ns (6.01%)
TS 0 layer 6 arrayLatencyOther: 0.00e+00 ns (0.00%)
TS 0 layer 6 readLatencyBuffer: 8.37e+06 ns (92.96%)
TS 0 layer 6 readLatencyIC: 5.88e+02 ns (0.01%)
TS 0 layer 6 readDynamicEnergy: 9.82e+07 pJ
TS 0 layer 6 leakagePower: 1193.18 uW
TS 0 layer 6 leakageEnergy: 1.07e+07 pJ
TS 0 layer 6 bufferDynamicEnergy: 3.93e+05 pJ (0.40%)
TS 0 layer 6 icDynamicEnergy: 3.25e+04 pJ (0.03%)
TS 0 layer 6 coreEnergyADC: 4.71e+05 pJ (0.48%)
TS 0 layer 6 coreEnergyAccum: 9.71e+07 pJ (98.85%)
TS 0 layer 6 coreEnergyOther: 3.19e+05 pJ (0.33%)
TS 0 layer 6 coreEnergyPopcnt: 1.25e+06 pJ (1.27%)
TS 0 layer 6 arrayReadDynamicEnergy: 9.76e+07 pJ (99.32%)
TS 0 layer 6 arrayEnergyADC: 4.71e+05 pJ (0.48%)
TS 0 layer 6 arrayEnergyAccum: 9.71e+07 pJ (98.84%)
TS 0 layer 6 arrayEnergyOther: 0.00e+00 pJ (0.00%)
TS 0 layer 6 arrayEnergyPopcnt: 1.25e+06 pJ (1.27%)
TS 0 layer 6 readDynamicEnergyBuffer: 4.03e+05 pJ (0.41%)
TS 0 layer 6 readDynamicEnergyIC: 8.13e+04 pJ (0.08%)
successRate of layer 6 = 0.62
Max(successRate) of layer 6 = 0.62
Min(successRate) of layer 6 = 0.62
Sparsity of layer 6 = 0.793
Compression ratio of layer 6 = 0.417
Time elapsed before estimating layer 7 ts 1 ====> 1399.70 s
TS 0 layer 7 readLatency: 1.05e+07 ns
TS 0 layer 7 bufferLatency: 1.01e+07 ns (95.74%)
TS 0 layer 7 icLatency: 3.54e+02 ns
TS 0 layer 7 coreLatencyADC: 6.45e+03 ns (0.06%)
TS 0 layer 7 coreLatencyAccum: 3.66e+05 ns (3.47%)
TS 0 layer 7 coreLatencyOther: 8.06e+04 ns (0.76%)
TS 0 layer 7 arrayReadLatency: 3.60e+05 ns (3.42%)
TS 0 layer 7 arrayLatencyADC: 6.45e+03 ns (0.06%)
TS 0 layer 7 arrayLatencyAccum: 3.54e+05 ns (3.36%)
TS 0 layer 7 arrayLatencyOther: 0.00e+00 ns (0.00%)
TS 0 layer 7 readLatencyBuffer: 1.01e+07 ns (95.76%)
TS 0 layer 7 readLatencyIC: 7.09e+02 ns (0.01%)
TS 0 layer 7 readDynamicEnergy: 8.26e+07 pJ
TS 0 layer 7 leakagePower: 1193.18 uW
TS 0 layer 7 leakageEnergy: 1.26e+07 pJ
TS 0 layer 7 bufferDynamicEnergy: 4.74e+05 pJ (0.57%)
TS 0 layer 7 icDynamicEnergy: 3.92e+04 pJ (0.05%)
TS 0 layer 7 coreEnergyADC: 4.71e+05 pJ (0.57%)
TS 0 layer 7 coreEnergyAccum: 8.14e+07 pJ (98.51%)
TS 0 layer 7 coreEnergyOther: 3.19e+05 pJ (0.39%)
TS 0 layer 7 coreEnergyPopcnt: 1.25e+06 pJ (1.51%)
TS 0 layer 7 arrayReadDynamicEnergy: 8.19e+07 pJ (99.07%)
TS 0 layer 7 arrayEnergyADC: 4.71e+05 pJ (0.57%)
TS 0 layer 7 arrayEnergyAccum: 8.14e+07 pJ (98.50%)
TS 0 layer 7 arrayEnergyOther: 0.00e+00 pJ (0.00%)
TS 0 layer 7 arrayEnergyPopcnt: 1.25e+06 pJ (1.51%)
TS 0 layer 7 readDynamicEnergyBuffer: 4.87e+05 pJ (0.59%)
TS 0 layer 7 readDynamicEnergyIC: 9.80e+04 pJ (0.12%)
successRate of layer 7 = 0.79
Max(successRate) of layer 7 = 0.79
Min(successRate) of layer 7 = 0.79
Sparsity of layer 7 = 0.732
Compression ratio of layer 7 = 0.503
Time elapsed before estimating layer 8 ts 1 ====> 1586.65 s
TS 0 layer 8 readLatency: 6.61e+06 ns
TS 0 layer 8 bufferLatency: 5.90e+06 ns (89.25%)
TS 0 layer 8 icLatency: 2.07e+02 ns
TS 0 layer 8 coreLatencyADC: 6.45e+03 ns (0.10%)
TS 0 layer 8 coreLatencyAccum: 6.28e+05 ns (9.50%)
TS 0 layer 8 coreLatencyOther: 8.06e+04 ns (1.22%)
TS 0 layer 8 arrayReadLatency: 6.22e+05 ns (9.42%)
TS 0 layer 8 arrayLatencyADC: 6.45e+03 ns (0.10%)
TS 0 layer 8 arrayLatencyAccum: 6.16e+05 ns (9.32%)
TS 0 layer 8 arrayLatencyOther: 0.00e+00 ns (0.00%)
TS 0 layer 8 readLatencyBuffer: 5.90e+06 ns (89.28%)
TS 0 layer 8 readLatencyIC: 4.14e+02 ns (0.01%)
TS 0 layer 8 readDynamicEnergy: 1.09e+08 pJ
TS 0 layer 8 leakagePower: 1193.18 uW
TS 0 layer 8 leakageEnergy: 7.89e+06 pJ
TS 0 layer 8 bufferDynamicEnergy: 2.77e+05 pJ (0.25%)
TS 0 layer 8 icDynamicEnergy: 2.29e+04 pJ (0.02%)
TS 0 layer 8 coreEnergyADC: 4.71e+05 pJ (0.43%)
TS 0 layer 8 coreEnergyAccum: 1.08e+08 pJ (99.10%)
TS 0 layer 8 coreEnergyOther: 3.19e+05 pJ (0.29%)
TS 0 layer 8 coreEnergyPopcnt: 1.25e+06 pJ (1.14%)
TS 0 layer 8 arrayReadDynamicEnergy: 1.09e+08 pJ (99.52%)
TS 0 layer 8 arrayEnergyADC: 4.71e+05 pJ (0.43%)
TS 0 layer 8 arrayEnergyAccum: 1.08e+08 pJ (99.09%)
TS 0 layer 8 arrayEnergyOther: 0.00e+00 pJ (0.00%)
TS 0 layer 8 arrayEnergyPopcnt: 1.25e+06 pJ (1.14%)
TS 0 layer 8 readDynamicEnergyBuffer: 2.84e+05 pJ (0.26%)
TS 0 layer 8 readDynamicEnergyIC: 5.73e+04 pJ (0.05%)
successRate of layer 8 = 0.46
Max(successRate) of layer 8 = 0.46
Min(successRate) of layer 8 = 0.46
Sparsity of layer 8 = 0.894
Compression ratio of layer 8 = 0.294
Time elapsed before estimating layer 9 ts 1 ====> 1668.25 s
TS 0 layer 9 readLatency: 2.14e+06 ns
TS 0 layer 9 bufferLatency: 1.90e+06 ns (88.85%)
TS 0 layer 9 icLatency: 8.90e+02 ns
TS 0 layer 9 coreLatencyADC: 1.61e+03 ns (0.08%)
TS 0 layer 9 coreLatencyAccum: 1.99e+05 ns (9.32%)
TS 0 layer 9 coreLatencyOther: 4.03e+04 ns (1.89%)
TS 0 layer 9 arrayReadLatency: 1.93e+05 ns (9.05%)
TS 0 layer 9 arrayLatencyADC: 1.61e+03 ns (0.08%)
TS 0 layer 9 arrayLatencyAccum: 1.92e+05 ns (8.97%)
TS 0 layer 9 arrayLatencyOther: 0.00e+00 ns (0.00%)
TS 0 layer 9 readLatencyBuffer: 1.91e+06 ns (89.19%)
TS 0 layer 9 readLatencyIC: 1.78e+03 ns (0.08%)
TS 0 layer 9 readDynamicEnergy: 8.62e+07 pJ
TS 0 layer 9 leakagePower: 2276.42 uW
TS 0 layer 9 leakageEnergy: 4.87e+06 pJ
TS 0 layer 9 bufferDynamicEnergy: 1.78e+05 pJ (0.21%)
TS 0 layer 9 icDynamicEnergy: 1.02e+05 pJ (0.12%)
TS 0 layer 9 coreEnergyADC: 2.36e+05 pJ (0.27%)
TS 0 layer 9 coreEnergyAccum: 8.56e+07 pJ (99.32%)
TS 0 layer 9 coreEnergyOther: 1.60e+05 pJ (0.19%)
TS 0 layer 9 coreEnergyPopcnt: 6.24e+05 pJ (0.72%)
TS 0 layer 9 arrayReadDynamicEnergy: 8.58e+07 pJ (99.57%)
TS 0 layer 9 arrayEnergyADC: 2.36e+05 pJ (0.27%)
TS 0 layer 9 arrayEnergyAccum: 8.56e+07 pJ (99.29%)
TS 0 layer 9 arrayEnergyOther: 0.00e+00 pJ (0.00%)
TS 0 layer 9 arrayEnergyPopcnt: 6.24e+05 pJ (0.72%)
TS 0 layer 9 readDynamicEnergyBuffer: 2.11e+05 pJ (0.24%)
TS 0 layer 9 readDynamicEnergyIC: 2.57e+05 pJ (0.30%)
successRate of layer 9 = 0.55
Max(successRate) of layer 9 = 0.58
Min(successRate) of layer 9 = 0.52
Sparsity of layer 9 = 0.704
Compression ratio of layer 9 = 0.686
Time elapsed before estimating layer 10 ts 1 ====> 1832.09 s
TS 0 layer 10 readLatency: 6.35e+06 ns
TS 0 layer 10 bufferLatency: 5.62e+06 ns (88.48%)
TS 0 layer 10 icLatency: 1.45e+03 ns
TS 0 layer 10 coreLatencyADC: 6.45e+03 ns (0.10%)
TS 0 layer 10 coreLatencyAccum: 6.94e+05 ns (10.93%)
TS 0 layer 10 coreLatencyOther: 4.03e+04 ns (0.63%)
TS 0 layer 10 arrayReadLatency: 6.99e+05 ns (11.01%)
TS 0 layer 10 arrayLatencyADC: 6.45e+03 ns (0.10%)
TS 0 layer 10 arrayLatencyAccum: 6.93e+05 ns (10.91%)
TS 0 layer 10 arrayLatencyOther: 0.00e+00 ns (0.00%)
TS 0 layer 10 readLatencyBuffer: 5.63e+06 ns (88.67%)
TS 0 layer 10 readLatencyIC: 2.90e+03 ns (0.05%)
TS 0 layer 10 readDynamicEnergy: 1.59e+08 pJ
TS 0 layer 10 leakagePower: 4552.85 uW
TS 0 layer 10 leakageEnergy: 2.89e+07 pJ
TS 0 layer 10 bufferDynamicEnergy: 3.18e+05 pJ (0.20%)
TS 0 layer 10 icDynamicEnergy: 3.33e+05 pJ (0.21%)
TS 0 layer 10 coreEnergyADC: 4.71e+05 pJ (0.30%)
TS 0 layer 10 coreEnergyAccum: 1.58e+08 pJ (99.50%)
TS 0 layer 10 coreEnergyOther: 1.60e+05 pJ (0.10%)
TS 0 layer 10 coreEnergyPopcnt: 1.25e+06 pJ (0.79%)
TS 0 layer 10 arrayReadDynamicEnergy: 1.58e+08 pJ (99.75%)
TS 0 layer 10 arrayEnergyADC: 4.71e+05 pJ (0.30%)
TS 0 layer 10 arrayEnergyAccum: 1.58e+08 pJ (99.45%)
TS 0 layer 10 arrayEnergyOther: 0.00e+00 pJ (0.00%)
TS 0 layer 10 arrayEnergyPopcnt: 1.25e+06 pJ (0.79%)
TS 0 layer 10 readDynamicEnergyBuffer: 4.26e+05 pJ (0.27%)
TS 0 layer 10 readDynamicEnergyIC: 8.39e+05 pJ (0.53%)
successRate of layer 10 = 0.54
Max(successRate) of layer 10 = 0.56
Min(successRate) of layer 10 = 0.52
Sparsity of layer 10 = 0.79
Compression ratio of layer 10 = 0.559
Time elapsed before estimating layer 11 ts 1 ====> 1995.21 s
TS 0 layer 11 readLatency: 6.44e+06 ns
TS 0 layer 11 bufferLatency: 5.67e+06 ns (88.08%)
TS 0 layer 11 icLatency: 1.46e+03 ns
TS 0 layer 11 coreLatencyADC: 6.45e+03 ns (0.10%)
TS 0 layer 11 coreLatencyAccum: 7.29e+05 ns (11.33%)
TS 0 layer 11 coreLatencyOther: 4.03e+04 ns (0.63%)
TS 0 layer 11 arrayReadLatency: 7.35e+05 ns (11.41%)
TS 0 layer 11 arrayLatencyADC: 6.45e+03 ns (0.10%)
TS 0 layer 11 arrayLatencyAccum: 7.28e+05 ns (11.31%)
TS 0 layer 11 arrayLatencyOther: 0.00e+00 ns (0.00%)
TS 0 layer 11 readLatencyBuffer: 5.68e+06 ns (88.27%)
TS 0 layer 11 readLatencyIC: 2.93e+03 ns (0.05%)
TS 0 layer 11 readDynamicEnergy: 1.76e+08 pJ
TS 0 layer 11 leakagePower: 4552.85 uW
TS 0 layer 11 leakageEnergy: 2.93e+07 pJ
TS 0 layer 11 bufferDynamicEnergy: 3.21e+05 pJ (0.18%)
TS 0 layer 11 icDynamicEnergy: 3.36e+05 pJ (0.19%)
TS 0 layer 11 coreEnergyADC: 4.71e+05 pJ (0.27%)
TS 0 layer 11 coreEnergyAccum: 1.75e+08 pJ (99.54%)
TS 0 layer 11 coreEnergyOther: 1.60e+05 pJ (0.09%)
TS 0 layer 11 coreEnergyPopcnt: 1.25e+06 pJ (0.71%)
TS 0 layer 11 arrayReadDynamicEnergy: 1.75e+08 pJ (99.76%)
TS 0 layer 11 arrayEnergyADC: 4.71e+05 pJ (0.27%)
TS 0 layer 11 arrayEnergyAccum: 1.75e+08 pJ (99.50%)
TS 0 layer 11 arrayEnergyOther: 0.00e+00 pJ (0.00%)
TS 0 layer 11 arrayEnergyPopcnt: 1.25e+06 pJ (0.71%)
TS 0 layer 11 readDynamicEnergyBuffer: 4.30e+05 pJ (0.24%)
TS 0 layer 11 readDynamicEnergyIC: 8.47e+05 pJ (0.48%)
successRate of layer 11 = 0.53
Max(successRate) of layer 11 = 0.54
Min(successRate) of layer 11 = 0.52
Sparsity of layer 11 = 0.767
Compression ratio of layer 11 = 0.564
Time elapsed before estimating layer 12 ts 1 ====> 2203.59 s
TS 0 layer 12 readLatency: 6.61e+06 ns
TS 0 layer 12 bufferLatency: 5.72e+06 ns (86.60%)
TS 0 layer 12 icLatency: 1.48e+03 ns
TS 0 layer 12 coreLatencyADC: 6.45e+03 ns (0.10%)
TS 0 layer 12 coreLatencyAccum: 8.47e+05 ns (12.83%)
TS 0 layer 12 coreLatencyOther: 4.03e+04 ns (0.61%)
TS 0 layer 12 arrayReadLatency: 8.52e+05 ns (12.91%)
TS 0 layer 12 arrayLatencyADC: 6.45e+03 ns (0.10%)
TS 0 layer 12 arrayLatencyAccum: 8.46e+05 ns (12.81%)
TS 0 layer 12 arrayLatencyOther: 0.00e+00 ns (0.00%)
TS 0 layer 12 readLatencyBuffer: 5.73e+06 ns (86.79%)
TS 0 layer 12 readLatencyIC: 2.95e+03 ns (0.04%)
TS 0 layer 12 readDynamicEnergy: 2.08e+08 pJ
TS 0 layer 12 leakagePower: 4552.85 uW
TS 0 layer 12 leakageEnergy: 3.01e+07 pJ
TS 0 layer 12 bufferDynamicEnergy: 3.24e+05 pJ (0.16%)
TS 0 layer 12 icDynamicEnergy: 3.39e+05 pJ (0.16%)
TS 0 layer 12 coreEnergyADC: 4.71e+05 pJ (0.23%)
TS 0 layer 12 coreEnergyAccum: 2.07e+08 pJ (99.61%)
TS 0 layer 12 coreEnergyOther: 1.60e+05 pJ (0.08%)
TS 0 layer 12 coreEnergyPopcnt: 1.25e+06 pJ (0.60%)
TS 0 layer 12 arrayReadDynamicEnergy: 2.08e+08 pJ (99.79%)
TS 0 layer 12 arrayEnergyADC: 4.71e+05 pJ (0.23%)
TS 0 layer 12 arrayEnergyAccum: 2.07e+08 pJ (99.57%)
TS 0 layer 12 arrayEnergyOther: 0.00e+00 pJ (0.00%)
TS 0 layer 12 arrayEnergyPopcnt: 1.25e+06 pJ (0.60%)
TS 0 layer 12 readDynamicEnergyBuffer: 4.34e+05 pJ (0.21%)
TS 0 layer 12 readDynamicEnergyIC: 8.54e+05 pJ (0.41%)
successRate of layer 12 = 0.36
Max(successRate) of layer 12 = 0.37
Min(successRate) of layer 12 = 0.35
Sparsity of layer 12 = 0.799
Compression ratio of layer 12 = 0.569
Time elapsed before estimating layer 13 ts 1 ====> 2289.80 s
TS 0 layer 13 readLatency: 1.20e+06 ns
TS 0 layer 13 bufferLatency: 9.92e+05 ns (83.03%)
TS 0 layer 13 icLatency: 3.47e+03 ns
TS 0 layer 13 coreLatencyADC: 1.61e+03 ns (0.13%)
TS 0 layer 13 coreLatencyAccum: 1.91e+05 ns (16.02%)
TS 0 layer 13 coreLatencyOther: 2.02e+04 ns (1.69%)
TS 0 layer 13 arrayReadLatency: 1.90e+05 ns (15.92%)
TS 0 layer 13 arrayLatencyADC: 1.61e+03 ns (0.13%)
TS 0 layer 13 arrayLatencyAccum: 1.89e+05 ns (15.79%)
TS 0 layer 13 arrayLatencyOther: 0.00e+00 ns (0.00%)
TS 0 layer 13 readLatencyBuffer: 1.02e+06 ns (85.42%)
TS 0 layer 13 readLatencyIC: 6.94e+03 ns (0.58%)
TS 0 layer 13 readDynamicEnergy: 9.23e+07 pJ
TS 0 layer 13 leakagePower: 8886.50 uW
TS 0 layer 13 leakageEnergy: 1.06e+07 pJ
TS 0 layer 13 bufferDynamicEnergy: 2.23e+05 pJ (0.24%)
TS 0 layer 13 icDynamicEnergy: 8.14e+05 pJ (0.88%)
TS 0 layer 13 coreEnergyADC: 2.36e+05 pJ (0.26%)
TS 0 layer 13 coreEnergyAccum: 9.16e+07 pJ (99.24%)
TS 0 layer 13 coreEnergyOther: 7.98e+04 pJ (0.09%)
TS 0 layer 13 coreEnergyPopcnt: 6.24e+05 pJ (0.68%)
TS 0 layer 13 arrayReadDynamicEnergy: 9.17e+07 pJ (99.32%)
TS 0 layer 13 arrayEnergyADC: 2.36e+05 pJ (0.26%)
TS 0 layer 13 arrayEnergyAccum: 9.15e+07 pJ (99.07%)
TS 0 layer 13 arrayEnergyOther: 0.00e+00 pJ (0.00%)
TS 0 layer 13 arrayEnergyPopcnt: 6.24e+05 pJ (0.68%)
TS 0 layer 13 readDynamicEnergyBuffer: 4.87e+05 pJ (0.53%)
TS 0 layer 13 readDynamicEnergyIC: 2.06e+06 pJ (2.23%)
successRate of layer 13 = 0.52
Max(successRate) of layer 13 = 0.55
Min(successRate) of layer 13 = 0.49
Sparsity of layer 13 = 0.757
Compression ratio of layer 13 = 0.699
Time elapsed before estimating layer 14 ts 1 ====> 2408.86 s
TS 0 layer 14 readLatency: 1.34e+06 ns
TS 0 layer 14 bufferLatency: 1.14e+06 ns (84.98%)
TS 0 layer 14 icLatency: 4.36e+03 ns
TS 0 layer 14 coreLatencyADC: 3.22e+03 ns (0.24%)
TS 0 layer 14 coreLatencyAccum: 2.25e+05 ns (16.85%)
TS 0 layer 14 coreLatencyOther: 2.02e+04 ns (1.51%)
TS 0 layer 14 arrayReadLatency: 2.25e+05 ns (16.83%)
TS 0 layer 14 arrayLatencyADC: 3.22e+03 ns (0.24%)
TS 0 layer 14 arrayLatencyAccum: 2.22e+05 ns (16.59%)
TS 0 layer 14 arrayLatencyOther: 0.00e+00 ns (0.00%)
TS 0 layer 14 readLatencyBuffer: 1.17e+06 ns (87.71%)
TS 0 layer 14 readLatencyIC: 8.71e+03 ns (0.65%)
TS 0 layer 14 readDynamicEnergy: 9.89e+07 pJ
TS 0 layer 14 leakagePower: 17773.00 uW
TS 0 layer 14 leakageEnergy: 2.38e+07 pJ
TS 0 layer 14 bufferDynamicEnergy: 4.59e+05 pJ (0.46%)
TS 0 layer 14 icDynamicEnergy: 2.04e+06 pJ (2.07%)
TS 0 layer 14 coreEnergyADC: 4.71e+05 pJ (0.48%)
TS 0 layer 14 coreEnergyAccum: 1.01e+08 pJ (101.81%)
TS 0 layer 14 coreEnergyOther: 7.98e+04 pJ (0.08%)
TS 0 layer 14 coreEnergyPopcnt: 1.25e+06 pJ (1.26%)
TS 0 layer 14 arrayReadDynamicEnergy: 1.01e+08 pJ (101.64%)
TS 0 layer 14 arrayEnergyADC: 4.71e+05 pJ (0.48%)
TS 0 layer 14 arrayEnergyAccum: 1.00e+08 pJ (101.17%)
TS 0 layer 14 arrayEnergyOther: 0.00e+00 pJ (0.00%)
TS 0 layer 14 arrayEnergyPopcnt: 1.25e+06 pJ (1.26%)
TS 0 layer 14 readDynamicEnergyBuffer: 1.12e+06 pJ (1.13%)
TS 0 layer 14 readDynamicEnergyIC: 5.17e+06 pJ (5.23%)
successRate of layer 14 = 0.82
Max(successRate) of layer 14 = 0.84
Min(successRate) of layer 14 = 0.81
Sparsity of layer 14 = 0.864
Compression ratio of layer 14 = 0.439
Time elapsed before estimating layer 15 ts 1 ====> 2538.08 s
TS 0 layer 15 readLatency: 7.56e+05 ns
TS 0 layer 15 bufferLatency: 5.80e+05 ns (76.71%)
TS 0 layer 15 icLatency: 2.22e+03 ns
TS 0 layer 15 coreLatencyADC: 3.22e+03 ns (0.43%)
TS 0 layer 15 coreLatencyAccum: 2.23e+05 ns (29.46%)
TS 0 layer 15 coreLatencyOther: 2.02e+04 ns (2.66%)
TS 0 layer 15 arrayReadLatency: 2.23e+05 ns (29.42%)
TS 0 layer 15 arrayLatencyADC: 3.22e+03 ns (0.43%)
TS 0 layer 15 arrayLatencyAccum: 2.19e+05 ns (29.00%)
TS 0 layer 15 arrayLatencyOther: 0.00e+00 ns (0.00%)
TS 0 layer 15 readLatencyBuffer: 5.99e+05 ns (79.17%)
TS 0 layer 15 readLatencyIC: 4.45e+03 ns (0.59%)
TS 0 layer 15 readDynamicEnergy: 6.78e+07 pJ
TS 0 layer 15 leakagePower: 17773.00 uW
TS 0 layer 15 leakageEnergy: 1.34e+07 pJ
TS 0 layer 15 bufferDynamicEnergy: 2.34e+05 pJ (0.35%)
TS 0 layer 15 icDynamicEnergy: 1.04e+06 pJ (1.54%)
TS 0 layer 15 coreEnergyADC: 4.71e+05 pJ (0.69%)
TS 0 layer 15 coreEnergyAccum: 7.27e+07 pJ (107.18%)
TS 0 layer 15 coreEnergyOther: 7.98e+04 pJ (0.12%)
TS 0 layer 15 coreEnergyPopcnt: 1.25e+06 pJ (1.84%)
TS 0 layer 15 arrayReadDynamicEnergy: 7.25e+07 pJ (106.94%)
TS 0 layer 15 arrayEnergyADC: 4.71e+05 pJ (0.69%)
TS 0 layer 15 arrayEnergyAccum: 7.21e+07 pJ (106.24%)
TS 0 layer 15 arrayEnergyOther: 0.00e+00 pJ (0.00%)
TS 0 layer 15 arrayEnergyPopcnt: 1.25e+06 pJ (1.84%)
TS 0 layer 15 readDynamicEnergyBuffer: 5.72e+05 pJ (0.84%)
TS 0 layer 15 readDynamicEnergyIC: 2.64e+06 pJ (3.89%)
successRate of layer 15 = 0.85
Max(successRate) of layer 15 = 0.88
Min(successRate) of layer 15 = 0.84
Sparsity of layer 15 = 0.937
Compression ratio of layer 15 = 0.224
Time elapsed before estimating layer 16 ts 1 ====> 2616.49 s
TS 0 layer 16 readLatency: 1.91e+05 ns
TS 0 layer 16 bufferLatency: 1.90e+05 ns (99.51%)
TS 0 layer 16 icLatency: 2.10e+03 ns
TS 0 layer 16 coreLatencyADC: 3.22e+03 ns (1.69%)
TS 0 layer 16 coreLatencyAccum: 4.66e+04 ns (24.39%)
TS 0 layer 16 coreLatencyOther: 2.24e+04 ns (11.71%)
TS 0 layer 16 arrayReadLatency: 4.63e+04 ns (24.24%)
TS 0 layer 16 arrayLatencyADC: 3.22e+03 ns (1.69%)
TS 0 layer 16 arrayLatencyAccum: 4.31e+04 ns (22.55%)
TS 0 layer 16 arrayLatencyOther: 0.00e+00 ns (0.00%)
TS 0 layer 16 readLatencyBuffer: 2.08e+05 ns (108.74%)
TS 0 layer 16 readLatencyIC: 4.21e+03 ns (2.20%)
TS 0 layer 16 readDynamicEnergy: 1.65e+07 pJ
TS 0 layer 16 leakagePower: 17773.00 uW
TS 0 layer 16 leakageEnergy: 3.40e+06 pJ
TS 0 layer 16 bufferDynamicEnergy: 1.85e+05 pJ (1.12%)
TS 0 layer 16 icDynamicEnergy: 9.87e+05 pJ (6.00%)
TS 0 layer 16 coreEnergyADC: 4.71e+05 pJ (2.86%)
TS 0 layer 16 coreEnergyAccum: 2.15e+07 pJ (130.82%)
TS 0 layer 16 coreEnergyOther: 7.98e+04 pJ (0.48%)
TS 0 layer 16 coreEnergyPopcnt: 1.25e+06 pJ (7.58%)
TS 0 layer 16 arrayReadDynamicEnergy: 2.14e+07 pJ (129.84%)
TS 0 layer 16 arrayEnergyADC: 4.71e+05 pJ (2.86%)
TS 0 layer 16 arrayEnergyAccum: 2.09e+07 pJ (126.98%)
TS 0 layer 16 arrayEnergyOther: 0.00e+00 pJ (0.00%)
TS 0 layer 16 arrayEnergyPopcnt: 1.25e+06 pJ (7.58%)
TS 0 layer 16 readDynamicEnergyBuffer: 5.05e+05 pJ (3.07%)
TS 0 layer 16 readDynamicEnergyIC: 2.50e+06 pJ (15.16%)
successRate of layer 16 = 0.99
Max(successRate) of layer 16 = 1.00
Min(successRate) of layer 16 = 0.99
Sparsity of layer 16 = 0.942
Compression ratio of layer 16 = 0.212
=============== Chip Performance Estimating Finish ===============
Max SNN Latency Layer: 2, Max Time Step: 1
SNN pipeline latency: 0.011413469279383331
Average of the snn layer latency (per timestep): 0.005976727734108913
Mean of the snn layer latency (per timestep): 0.005976727734108913
STD of the snn layer latency (per timestep): 0.0037969886231735478
=============== Chip Area Analysis ===============
Chip Area: 1.46e+08 um^2
Chip ADC (or S/As and precharger for SRAM) Area: 7.02e+06 um^2 (4.82 %)
Chip IC Area (Global and Tile/PE local): 5.61e+06 um^2 (3.85 %)
Chip Accum (subarray level: adders, shiftAdds; PE/Tile/Global level: accumulation units) Area: 2.63e+07 um^2 (18.04 %)
Chip Other (e.g. decoders, mux, switchmatrix, buffers, IC, pooling and activation units) Area: 2.40e+07 um^2 (16.47 %)
Chip Popcnt Area: 7.67e+05 um^2 (0.53 %)
Chip Array Area: 6.93e+07 um^2 (47.60 %)
=============== Chip Latency Analysis ===============
Pipelined Clock Latency (per Layer per mergedTimeStep): 1.14e+07 ns
Buffer Latency (slowest timestep of the slowest layer): 1.09e+07 ns         (95.50 % of pipeline latency)
IC Latency (slowest timestep of the slowest layer): 1.20e+02 ns         (0.00 % of pipeline latency)
Core Latency ADC (slowest timestep of the slowest layer): 3.22e+03 ns         (0.03 % of pipeline latency)
Core Latency Accum (slowest timestep of the slowest layer): 3.50e+05 ns         (3.07 % of pipeline latency)
Core Latency Other (slowest timestep of the slowest layer): 1.61e+05 ns         (1.41 % of pipeline latency)
Array Read Latency (slowest timestep of the slowest layer): 2.63e+05 ns           (2.30 % of pipeline latency)
Array Latency ADC (slowest timestep of the slowest layer): 3.22e+03 ns           (0.03 % of pipeline latency)
Array Latency Accum (slowest timestep of the slowest layer): 2.59e+05 ns           (2.27 % of pipeline latency)
Array Latency Other (slowest timestep of the slowest layer): 0.00e+00 ns           (0.00 % of pipeline latency)
Read Latency Buffer (slowest timestep of the slowest layer): 1.09e+07 ns           (95.51 % of pipeline latency)
Read Latency IC (slowest timestep of the slowest layer): 2.39e+02 ns           (0.00 % of pipeline latency)
Total Read Latency (per image): 9.56e+07 ns
Total Buffer Latency (per image): 8.83e+07 ns         (92.31 % of total read latency)
Total IC Latency (per image): 1.90e+04 ns         (0.02 % of total read latency)
Total Core Latency ADC (per image): 6.61e+04 ns         (0.07 % of total read latency)
Total Core Latency Accum (per image): 6.32e+06 ns         (6.61 % of total read latency)
Total Core Latency Other (per image): 1.21e+06 ns         (1.27 % of total read latency)
Total Array Read Latency (per image): 5.94e+06 ns         (6.21 % of total read latency)
Total Array Latency ADC (per image): 6.61e+04 ns         (0.07 % of total read latency)
Total Array Latency Accum (per image): 5.87e+06 ns         (6.14 % of total read latency)
Total Array Latency Other (per image): 0.00e+00 ns         (0.00 % of total read latency)
Total Read Latency Buffer (per image): 8.84e+07 ns         (92.48 % of total read latency)
Total Read Latency IC (per image): 3.79e+04 ns         (0.04 % of total read latency)
=============== Chip Energy Analysis ===============
Total Read Dynamic Energy (per image): 1.82e+09 pJ
Total Buffer Dynamic Energy (per image): 7.55e+06 pJ         (0.42 % of total read dynamic energy)
Total IC Dynamic Energy (per image): 6.13e+06 pJ         (0.34 % of total read dynamic energy)
Total Core Energy ADC (per image): 6.83e+06 pJ         (0.38 % of total read dynamic energy)
Total Core Energy Accum (per image): 1.81e+09 pJ         (99.75 % of total read dynamic energy)
Total Core Energy Other (per image): 4.79e+06 pJ         (0.26 % of total read dynamic energy)
Total Core Energy Popcnt (per image): 2.31e+07 pJ         (1.27 % of total read dynamic energy)
Total Leakage Power (per image): 83800.39 uW
Total Leakage Energy (per image): 9.56e+08 pJ
Total Array Read Dynamic Energy (per image): 1.82e+09 pJ (100.00 % of total read dynamic energy)
Total Array Energy ADC (per image): 6.83e+06 pJ (0.38 % of total read dynamic energy)
Total Array Energy Accum (per image): 1.81e+09 pJ (99.62 % of total read dynamic energy)
Total Array Energy Other (per image): 0.00e+00 pJ (0.00 % of total read dynamic energy)
Total Array Energy Popcnt (per image): 2.31e+07 pJ (1.27 % of total read dynamic energy)
Total Read Dynamic Energy Buffer (per image): 9.54e+06 pJ (0.53 % of total read dynamic energy)
Total Read Dynamic Energy IC (per image): 1.55e+07 pJ (0.85 % of total read dynamic energy)

=============== Chip Performance Estimating Finish ===============
Energy Efficiency TOPS/W (Pipelined Process without IC Energy): 130.09923774123166
Throughput TOPS (Pipelined Process with IC Delay): 38.48969182346065
Throughput FPS (Pipelined Process with IC Delay): 87.61577882426559
Compute Efficiency TOPS/mm^2 (Pipelined Process with IC Delay): 0.2641784052968799
Simulation finished, total time elapsed = 2616.61 s
