=============== Parameter Loading Finish ===============
Time elapsed = 0.08 s
=============== Network Structure Loading Finish ===============
{'IH': 128, 'IW': 128, 'Cin': 2, 'KH': 3, 'KW': 3, 'Cout': 128, 'pooling': 1, 'stride': 1, 'isSNN': 1, 'T': 100, 'weight_row': 128, 'weight_col': 18}
{'IH': 64, 'IW': 64, 'Cin': 128, 'KH': 3, 'KW': 3, 'Cout': 128, 'pooling': 1, 'stride': 1, 'isSNN': 1, 'T': 100, 'weight_row': 128, 'weight_col': 1152}
{'IH': 32, 'IW': 32, 'Cin': 128, 'KH': 3, 'KW': 3, 'Cout': 128, 'pooling': 1, 'stride': 1, 'isSNN': 1, 'T': 100, 'weight_row': 128, 'weight_col': 1152}
{'IH': 16, 'IW': 16, 'Cin': 128, 'KH': 3, 'KW': 3, 'Cout': 128, 'pooling': 1, 'stride': 1, 'isSNN': 1, 'T': 100, 'weight_row': 128, 'weight_col': 1152}
{'IH': 1, 'IW': 1, 'Cin': 8192, 'KH': 1, 'KW': 1, 'Cout': 512, 'pooling': 1, 'stride': 1, 'isSNN': 1, 'T': 100, 'weight_row': 512, 'weight_col': 8192}
{'IH': 1, 'IW': 1, 'Cin': 512, 'KH': 1, 'KW': 1, 'Cout': 11, 'pooling': 1, 'stride': 1, 'isSNN': 1, 'T': 100, 'weight_row': 11, 'weight_col': 512}

------------------------------ FloorPlan --------------------------------
Tile and PE size are optimized to maximize memory utilization ( = memory mapped by synapse / total memory on chip)
Desired Conventional Mapped Tile Storage Size: 1024 x 1024
Desired Conventional PE Storage Size: 512 x 512
User-defined SubArray Size: 128 x 128
----------------- # of tile used for each layer -----------------
Layer 1: 2
Layer 2: 18
Layer 3: 9
Layer 4: 9
Layer 5: 64
Layer 6: 4
----------------- Speed-up of each layer ------------------
Layer 1: 64
Layer 2: 16
Layer 3: 8
Layer 4: 8
Layer 5: 2
Layer 6: 8
----------------- Utilization of each layer ------------------
Layer 1: 0.5625
Layer 2: 1.0
Layer 3: 1.0
Layer 4: 1.0
Layer 5: 1.0
Layer 6: 0.0859375
Memory Utilization of Whole Chip: 95.7252358490566 %
---------------------------- FloorPlan Done ------------------------------
Chip Area: 3.69e+07 um^2
Chip ADC (or S/As and precharger for SRAM) Area: 1.53e+06 um^2 (4.13 %)
Chip IC Area (Global and Tile/PE local): 3.46e+06 um^2 (9.38 %)
Chip Accum (subarray level: adders, shiftAdds; PE/Tile/Global level: accumulation units) Area: 5.71e+06 um^2 (15.45 %)
Chip Other (e.g. decoders, mux, switchmatrix, buffers, IC, pooling and activation units) Area: 8.24e+06 um^2 (22.32 %)
Chip Popcnt Area: 1.67e+05 um^2 (0.45 %)
Chip Array Area: 1.51e+07 um^2 (40.80 %)
Time elapsed = 4.32 s
=============== Chip Clk Period Estimating ===============
Time elapsed after estimating layer 1 = 30.67 s
Chip Clk Period: 1.0281894905588658 ns
=============== Chip Performance Estimating ===============
Time elapsed before estimating layer 1 ts 1 ====> 126.81 s
TS 0 layer 1 readLatency: 5.21e+07 ns
TS 0 layer 1 bufferLatency: 4.93e+07 ns (94.62%)
TS 0 layer 1 icLatency: 9.50e+00 ns
TS 0 layer 1 coreLatencyADC: 3.37e+04 ns (0.06%)
TS 0 layer 1 coreLatencyAccum: 6.40e+05 ns (1.23%)
TS 0 layer 1 coreLatencyOther: 2.13e+06 ns (4.08%)
TS 0 layer 1 arrayReadLatency: 6.70e+05 ns (1.29%)
TS 0 layer 1 arrayLatencyADC: 3.37e+04 ns (0.06%)
TS 0 layer 1 arrayLatencyAccum: 6.36e+05 ns (1.22%)
TS 0 layer 1 arrayLatencyOther: 0.00e+00 ns (0.00%)
TS 0 layer 1 readLatencyBuffer: 4.93e+07 ns (94.62%)
TS 0 layer 1 readLatencyIC: 1.90e+01 ns (0.00%)
TS 0 layer 1 readDynamicEnergy: 2.17e+07 pJ
TS 0 layer 1 leakagePower: 13.39 uW
TS 0 layer 1 leakageEnergy: 6.97e+05 pJ
TS 0 layer 1 bufferDynamicEnergy: 1.32e+05 pJ (0.61%)
TS 0 layer 1 icDynamicEnergy: 9.18e+01 pJ (0.00%)
TS 0 layer 1 coreEnergyADC: 2.73e+05 pJ (1.26%)
TS 0 layer 1 coreEnergyAccum: 1.46e+07 pJ (67.33%)
TS 0 layer 1 coreEnergyOther: 6.67e+06 pJ (30.80%)
TS 0 layer 1 coreEnergyPopcnt: 7.25e+05 pJ (3.35%)
TS 0 layer 1 arrayReadDynamicEnergy: 1.49e+07 pJ (68.59%)
TS 0 layer 1 arrayEnergyADC: 2.73e+05 pJ (1.26%)
TS 0 layer 1 arrayEnergyAccum: 1.46e+07 pJ (67.33%)
TS 0 layer 1 arrayEnergyOther: 0.00e+00 pJ (0.00%)
TS 0 layer 1 arrayEnergyPopcnt: 7.25e+05 pJ (3.35%)
TS 0 layer 1 readDynamicEnergyBuffer: 1.32e+05 pJ (0.61%)
TS 0 layer 1 readDynamicEnergyIC: 2.17e+02 pJ (0.00%)
successRate of layer 1 = 0.81
Max(successRate) of layer 1 = 0.81
Min(successRate) of layer 1 = 0.81
Time elapsed before estimating layer 2 ts 1 ====> 804.15 s
TS 0 layer 2 readLatency: 6.63e+06 ns
TS 0 layer 2 bufferLatency: 4.39e+06 ns (66.18%)
TS 0 layer 2 icLatency: 7.05e+02 ns
TS 0 layer 2 coreLatencyADC: 3.37e+04 ns (0.51%)
TS 0 layer 2 coreLatencyAccum: 1.68e+06 ns (25.28%)
TS 0 layer 2 coreLatencyOther: 5.32e+05 ns (8.03%)
TS 0 layer 2 arrayReadLatency: 1.65e+06 ns (24.89%)
TS 0 layer 2 arrayLatencyADC: 3.37e+04 ns (0.51%)
TS 0 layer 2 arrayLatencyAccum: 1.62e+06 ns (24.38%)
TS 0 layer 2 arrayLatencyOther: 0.00e+00 ns (0.00%)
TS 0 layer 2 readLatencyBuffer: 4.39e+06 ns (66.26%)
TS 0 layer 2 readLatencyIC: 1.41e+03 ns (0.02%)
TS 0 layer 2 readDynamicEnergy: 2.52e+08 pJ
TS 0 layer 2 leakagePower: 1193.18 uW
TS 0 layer 2 leakageEnergy: 7.91e+06 pJ
TS 0 layer 2 bufferDynamicEnergy: 1.24e+06 pJ (0.49%)
TS 0 layer 2 icDynamicEnergy: 7.80e+04 pJ (0.03%)
TS 0 layer 2 coreEnergyADC: 2.46e+06 pJ (0.98%)
TS 0 layer 2 coreEnergyAccum: 2.47e+08 pJ (97.84%)
TS 0 layer 2 coreEnergyOther: 1.67e+06 pJ (0.66%)
TS 0 layer 2 coreEnergyPopcnt: 6.52e+06 pJ (2.59%)
TS 0 layer 2 arrayReadDynamicEnergy: 2.49e+08 pJ (98.81%)
TS 0 layer 2 arrayEnergyADC: 2.46e+06 pJ (0.98%)
TS 0 layer 2 arrayEnergyAccum: 2.47e+08 pJ (97.84%)
TS 0 layer 2 arrayEnergyOther: 0.00e+00 pJ (0.00%)
TS 0 layer 2 arrayEnergyPopcnt: 6.52e+06 pJ (2.59%)
TS 0 layer 2 readDynamicEnergyBuffer: 1.26e+06 pJ (0.50%)
TS 0 layer 2 readDynamicEnergyIC: 1.95e+05 pJ (0.08%)
successRate of layer 2 = 0.87
Max(successRate) of layer 2 = 0.87
Min(successRate) of layer 2 = 0.87
Time elapsed before estimating layer 3 ts 1 ====> 928.43 s
TS 0 layer 3 readLatency: 2.91e+06 ns
TS 0 layer 3 bufferLatency: 2.20e+06 ns (75.36%)
TS 0 layer 3 icLatency: 7.05e+02 ns
TS 0 layer 3 coreLatencyADC: 1.68e+04 ns (0.58%)
TS 0 layer 3 coreLatencyAccum: 5.67e+05 ns (19.47%)
TS 0 layer 3 coreLatencyOther: 1.33e+05 ns (4.56%)
TS 0 layer 3 arrayReadLatency: 5.84e+05 ns (20.04%)
TS 0 layer 3 arrayLatencyADC: 1.68e+04 ns (0.58%)
TS 0 layer 3 arrayLatencyAccum: 5.67e+05 ns (19.46%)
TS 0 layer 3 arrayLatencyOther: 0.00e+00 ns (0.00%)
TS 0 layer 3 readLatencyBuffer: 2.20e+06 ns (75.57%)
TS 0 layer 3 readLatencyIC: 1.41e+03 ns (0.05%)
TS 0 layer 3 readDynamicEnergy: 3.86e+07 pJ
TS 0 layer 3 leakagePower: 1193.18 uW
TS 0 layer 3 leakageEnergy: 3.48e+06 pJ
TS 0 layer 3 bufferDynamicEnergy: 3.19e+05 pJ (0.83%)
TS 0 layer 3 icDynamicEnergy: 7.80e+04 pJ (0.20%)
TS 0 layer 3 coreEnergyADC: 6.15e+05 pJ (1.59%)
TS 0 layer 3 coreEnergyAccum: 3.72e+07 pJ (96.29%)
TS 0 layer 3 coreEnergyOther: 4.17e+05 pJ (1.08%)
TS 0 layer 3 coreEnergyPopcnt: 1.63e+06 pJ (4.23%)
TS 0 layer 3 arrayReadDynamicEnergy: 3.78e+07 pJ (97.86%)
TS 0 layer 3 arrayEnergyADC: 6.15e+05 pJ (1.59%)
TS 0 layer 3 arrayEnergyAccum: 3.71e+07 pJ (96.27%)
TS 0 layer 3 arrayEnergyOther: 0.00e+00 pJ (0.00%)
TS 0 layer 3 arrayEnergyPopcnt: 1.63e+06 pJ (4.23%)
TS 0 layer 3 readDynamicEnergyBuffer: 3.45e+05 pJ (0.89%)
TS 0 layer 3 readDynamicEnergyIC: 1.95e+05 pJ (0.51%)
successRate of layer 3 = 0.92
Max(successRate) of layer 3 = 0.92
Min(successRate) of layer 3 = 0.92
Time elapsed before estimating layer 4 ts 1 ====> 968.15 s
TS 0 layer 4 readLatency: 8.70e+05 ns
TS 0 layer 4 bufferLatency: 5.53e+05 ns (63.62%)
TS 0 layer 4 icLatency: 7.05e+02 ns
TS 0 layer 4 coreLatencyADC: 4.21e+03 ns (0.48%)
TS 0 layer 4 coreLatencyAccum: 2.78e+05 ns (31.90%)
TS 0 layer 4 coreLatencyOther: 3.41e+04 ns (3.92%)
TS 0 layer 4 arrayReadLatency: 2.81e+05 ns (32.34%)
TS 0 layer 4 arrayLatencyADC: 4.21e+03 ns (0.48%)
TS 0 layer 4 arrayLatencyAccum: 2.77e+05 ns (31.86%)
TS 0 layer 4 arrayLatencyOther: 0.00e+00 ns (0.00%)
TS 0 layer 4 readLatencyBuffer: 5.59e+05 ns (64.30%)
TS 0 layer 4 readLatencyIC: 1.41e+03 ns (0.16%)
TS 0 layer 4 readDynamicEnergy: 1.49e+07 pJ
TS 0 layer 4 leakagePower: 1193.18 uW
TS 0 layer 4 leakageEnergy: 1.04e+06 pJ
TS 0 layer 4 bufferDynamicEnergy: 9.02e+04 pJ (0.61%)
TS 0 layer 4 icDynamicEnergy: 7.80e+04 pJ (0.52%)
TS 0 layer 4 coreEnergyADC: 1.54e+05 pJ (1.03%)
TS 0 layer 4 coreEnergyAccum: 1.45e+07 pJ (97.14%)
TS 0 layer 4 coreEnergyOther: 1.04e+05 pJ (0.70%)
TS 0 layer 4 coreEnergyPopcnt: 4.08e+05 pJ (2.74%)
TS 0 layer 4 arrayReadDynamicEnergy: 1.46e+07 pJ (98.11%)
TS 0 layer 4 arrayEnergyADC: 1.54e+05 pJ (1.03%)
TS 0 layer 4 arrayEnergyAccum: 1.45e+07 pJ (97.07%)
TS 0 layer 4 arrayEnergyOther: 0.00e+00 pJ (0.00%)
TS 0 layer 4 arrayEnergyPopcnt: 4.08e+05 pJ (2.74%)
TS 0 layer 4 readDynamicEnergyBuffer: 1.16e+05 pJ (0.78%)
TS 0 layer 4 readDynamicEnergyIC: 1.95e+05 pJ (1.31%)
successRate of layer 4 = 0.75
Max(successRate) of layer 4 = 0.76
Min(successRate) of layer 4 = 0.75
Time elapsed before estimating layer 5 ts 1 ====> 992.78 s
TS 0 layer 5 readLatency: 1.82e+05 ns
TS 0 layer 5 bufferLatency: 1.47e+05 ns (81.23%)
TS 0 layer 5 icLatency: 1.76e+04 ns
TS 0 layer 5 coreLatencyADC: 6.58e+01 ns (0.04%)
TS 0 layer 5 coreLatencyAccum: 1.48e+04 ns (8.18%)
TS 0 layer 5 coreLatencyOther: 1.52e+03 ns (0.84%)
TS 0 layer 5 arrayReadLatency: 8.71e+03 ns (4.80%)
TS 0 layer 5 arrayLatencyADC: 6.58e+01 ns (0.04%)
TS 0 layer 5 arrayLatencyAccum: 8.64e+03 ns (4.76%)
TS 0 layer 5 arrayLatencyOther: 0.00e+00 ns (0.00%)
TS 0 layer 5 readLatencyBuffer: 2.95e+05 ns (162.68%)
TS 0 layer 5 readLatencyIC: 3.53e+04 ns (19.44%)
TS 0 layer 5 readDynamicEnergy: 2.38e+07 pJ
TS 0 layer 5 leakagePower: 31596.44 uW
TS 0 layer 5 leakageEnergy: 5.74e+06 pJ
TS 0 layer 5 bufferDynamicEnergy: 2.57e+06 pJ (10.82%)
TS 0 layer 5 icDynamicEnergy: 1.47e+07 pJ (61.88%)
TS 0 layer 5 coreEnergyADC: 1.71e+04 pJ (0.07%)
TS 0 layer 5 coreEnergyAccum: 6.47e+06 pJ (27.22%)
TS 0 layer 5 coreEnergyOther: 1.64e+03 pJ (0.01%)
TS 0 layer 5 coreEnergyPopcnt: 4.53e+04 pJ (0.19%)
TS 0 layer 5 arrayReadDynamicEnergy: 4.49e+06 pJ (18.89%)
TS 0 layer 5 arrayEnergyADC: 1.71e+04 pJ (0.07%)
TS 0 layer 5 arrayEnergyAccum: 4.47e+06 pJ (18.81%)
TS 0 layer 5 arrayEnergyOther: 0.00e+00 pJ (0.00%)
TS 0 layer 5 arrayEnergyPopcnt: 4.53e+04 pJ (0.19%)
TS 0 layer 5 readDynamicEnergyBuffer: 7.34e+06 pJ (30.88%)
TS 0 layer 5 readDynamicEnergyIC: 3.72e+07 pJ (156.48%)
successRate of layer 5 = 0.51
Max(successRate) of layer 5 = 0.54
Min(successRate) of layer 5 = 0.48
Time elapsed before estimating layer 6 ts 1 ====> 993.06 s
TS 0 layer 6 readLatency: 3.63e+03 ns
TS 0 layer 6 bufferLatency: 2.29e+03 ns (63.09%)
TS 0 layer 6 icLatency: 7.26e+01 ns
TS 0 layer 6 coreLatencyADC: 1.41e+00 ns (0.04%)
TS 0 layer 6 coreLatencyAccum: 1.49e+02 ns (4.10%)
TS 0 layer 6 coreLatencyOther: 1.12e+03 ns (30.77%)
TS 0 layer 6 arrayReadLatency: 4.69e+01 ns (1.29%)
TS 0 layer 6 arrayLatencyADC: 1.41e+00 ns (0.04%)
TS 0 layer 6 arrayLatencyAccum: 4.55e+01 ns (1.25%)
TS 0 layer 6 arrayLatencyOther: 0.00e+00 ns (0.00%)
TS 0 layer 6 readLatencyBuffer: 2.98e+03 ns (82.11%)
TS 0 layer 6 readLatencyIC: 1.45e+02 ns (4.00%)
TS 0 layer 6 readDynamicEnergy: 7.12e+03 pJ
TS 0 layer 6 leakagePower: 98.39 uW
TS 0 layer 6 leakageEnergy: 3.57e+02 pJ
TS 0 layer 6 bufferDynamicEnergy: 6.32e+02 pJ (8.88%)
TS 0 layer 6 icDynamicEnergy: 2.57e+03 pJ (36.16%)
TS 0 layer 6 coreEnergyADC: 2.29e+01 pJ (0.32%)
TS 0 layer 6 coreEnergyAccum: 3.85e+03 pJ (54.04%)
TS 0 layer 6 coreEnergyOther: 4.28e+01 pJ (0.60%)
TS 0 layer 6 coreEnergyPopcnt: 7.08e+02 pJ (9.94%)
TS 0 layer 6 arrayReadDynamicEnergy: 3.69e+03 pJ (51.81%)
TS 0 layer 6 arrayEnergyADC: 2.29e+01 pJ (0.32%)
TS 0 layer 6 arrayEnergyAccum: 3.67e+03 pJ (51.49%)
TS 0 layer 6 arrayEnergyOther: 0.00e+00 pJ (0.00%)
TS 0 layer 6 arrayEnergyPopcnt: 7.08e+02 pJ (9.94%)
TS 0 layer 6 readDynamicEnergyBuffer: 1.56e+03 pJ (21.94%)
TS 0 layer 6 readDynamicEnergyIC: 5.94e+03 pJ (83.40%)
successRate of layer 6 = 0.91
Max(successRate) of layer 6 = 0.91
Min(successRate) of layer 6 = 0.91
=============== Chip Performance Estimating Finish ===============
Max SNN Latency Layer: 0, Max Time Step: -1
SNN pipeline latency: 0.052092750418159056
Average of the snn layer latency (per timestep): 0.010448163768499523
Mean of the snn layer latency (per timestep): 0.010448163768499523
STD of the snn layer latency (per timestep): 0.018761099935798956
=============== Chip Area Analysis ===============
Chip Area: 3.69e+07 um^2
Chip ADC (or S/As and precharger for SRAM) Area: 1.53e+06 um^2 (4.13 %)
Chip IC Area (Global and Tile/PE local): 3.46e+06 um^2 (9.38 %)
Chip Accum (subarray level: adders, shiftAdds; PE/Tile/Global level: accumulation units) Area: 5.71e+06 um^2 (15.45 %)
Chip Other (e.g. decoders, mux, switchmatrix, buffers, IC, pooling and activation units) Area: 8.24e+06 um^2 (22.32 %)
Chip Popcnt Area: 1.67e+05 um^2 (0.45 %)
Chip Array Area: 1.51e+07 um^2 (40.80 %)
=============== Chip Latency Analysis ===============
Pipelined Clock Latency (per Layer per mergedTimeStep): 5.21e+07 ns
Buffer Latency (slowest timestep of the slowest layer): 4.93e+07 ns         (94.62 % of pipeline latency)
IC Latency (slowest timestep of the slowest layer): 9.50e+00 ns         (0.00 % of pipeline latency)
Core Latency ADC (slowest timestep of the slowest layer): 3.37e+04 ns         (0.06 % of pipeline latency)
Core Latency Accum (slowest timestep of the slowest layer): 6.40e+05 ns         (1.23 % of pipeline latency)
Core Latency Other (slowest timestep of the slowest layer): 2.13e+06 ns         (4.08 % of pipeline latency)
Array Read Latency (slowest timestep of the slowest layer): 6.70e+05 ns           (1.29 % of pipeline latency)
Array Latency ADC (slowest timestep of the slowest layer): 3.37e+04 ns           (0.06 % of pipeline latency)
Array Latency Accum (slowest timestep of the slowest layer): 6.36e+05 ns           (1.22 % of pipeline latency)
Array Latency Other (slowest timestep of the slowest layer): 0.00e+00 ns           (0.00 % of pipeline latency)
Read Latency Buffer (slowest timestep of the slowest layer): 4.93e+07 ns           (94.62 % of pipeline latency)
Read Latency IC (slowest timestep of the slowest layer): 1.90e+01 ns           (0.00 % of pipeline latency)
Total Read Latency (per image): 6.27e+07 ns
Total Buffer Latency (per image): 5.66e+07 ns         (90.25 % of total read latency)
Total IC Latency (per image): 1.98e+04 ns         (0.03 % of total read latency)
Total Core Latency ADC (per image): 8.85e+04 ns         (0.14 % of total read latency)
Total Core Latency Accum (per image): 3.18e+06 ns         (5.06 % of total read latency)
Total Core Latency Other (per image): 2.83e+06 ns         (4.51 % of total read latency)
Total Array Read Latency (per image): 3.19e+06 ns         (5.09 % of total read latency)
Total Array Latency ADC (per image): 8.85e+04 ns         (0.14 % of total read latency)
Total Array Latency Accum (per image): 3.10e+06 ns         (4.95 % of total read latency)
Total Array Latency Other (per image): 0.00e+00 ns         (0.00 % of total read latency)
Total Read Latency Buffer (per image): 5.67e+07 ns         (90.51 % of total read latency)
Total Read Latency IC (per image): 3.97e+04 ns         (0.06 % of total read latency)
=============== Chip Energy Analysis ===============
Total Read Dynamic Energy (per image): 3.51e+08 pJ
Total Buffer Dynamic Energy (per image): 4.35e+06 pJ         (1.24 % of total read dynamic energy)
Total IC Dynamic Energy (per image): 1.50e+07 pJ         (4.26 % of total read dynamic energy)
Total Core Energy ADC (per image): 3.52e+06 pJ         (1.00 % of total read dynamic energy)
Total Core Energy Accum (per image): 3.19e+08 pJ         (90.97 % of total read dynamic energy)
Total Core Energy Other (per image): 8.87e+06 pJ         (2.52 % of total read dynamic energy)
Total Core Energy Popcnt (per image): 9.33e+06 pJ         (2.66 % of total read dynamic energy)
Total Leakage Power (per image): 35287.77 uW
Total Leakage Energy (per image): 1.84e+09 pJ
Total Array Read Dynamic Energy (per image): 3.21e+08 pJ (91.40 % of total read dynamic energy)
Total Array Energy ADC (per image): 3.52e+06 pJ (1.00 % of total read dynamic energy)
Total Array Energy Accum (per image): 3.17e+08 pJ (90.39 % of total read dynamic energy)
Total Array Energy Other (per image): 0.00e+00 pJ (0.00 % of total read dynamic energy)
Total Array Energy Popcnt (per image): 9.33e+06 pJ (2.66 % of total read dynamic energy)
Total Read Dynamic Energy Buffer (per image): 9.20e+06 pJ (2.62 % of total read dynamic energy)
Total Read Dynamic Energy IC (per image): 3.78e+07 pJ (10.77 % of total read dynamic energy)

=============== Chip Performance Estimating Finish ===============
Energy Efficiency TOPS/W (Pipelined Process without IC Energy): 62.926956447237735
Throughput TOPS (Pipelined Process with IC Delay): 3.2045615610614444
Throughput FPS (Pipelined Process with IC Delay): 19.196529113414005
Compute Efficiency TOPS/mm^2 (Pipelined Process with IC Delay): 0.08680515264462851
Simulation finished, total time elapsed = 993.06 s
