=============== Parameter Loading Finish ===============
Time elapsed = 0.03 s
=============== Network Structure Loading Finish ===============
{'IH': 128, 'IW': 128, 'Cin': 2, 'KH': 3, 'KW': 3, 'Cout': 128, 'pooling': 1, 'stride': 1, 'isSNN': 1, 'T': 100, 'weight_row': 128, 'weight_col': 18}
{'IH': 64, 'IW': 64, 'Cin': 128, 'KH': 3, 'KW': 3, 'Cout': 128, 'pooling': 1, 'stride': 1, 'isSNN': 1, 'T': 100, 'weight_row': 128, 'weight_col': 1152}
{'IH': 32, 'IW': 32, 'Cin': 128, 'KH': 3, 'KW': 3, 'Cout': 128, 'pooling': 1, 'stride': 1, 'isSNN': 1, 'T': 100, 'weight_row': 128, 'weight_col': 1152}
{'IH': 16, 'IW': 16, 'Cin': 128, 'KH': 3, 'KW': 3, 'Cout': 128, 'pooling': 1, 'stride': 1, 'isSNN': 1, 'T': 100, 'weight_row': 128, 'weight_col': 1152}
{'IH': 1, 'IW': 1, 'Cin': 8192, 'KH': 1, 'KW': 1, 'Cout': 512, 'pooling': 1, 'stride': 1, 'isSNN': 1, 'T': 100, 'weight_row': 512, 'weight_col': 8192}
{'IH': 1, 'IW': 1, 'Cin': 512, 'KH': 1, 'KW': 1, 'Cout': 11, 'pooling': 1, 'stride': 1, 'isSNN': 1, 'T': 100, 'weight_row': 11, 'weight_col': 512}

------------------------------ FloorPlan --------------------------------
Tile and PE size are optimized to maximize memory utilization ( = memory mapped by synapse / total memory on chip)
Desired Conventional Mapped Tile Storage Size: 1024 x 1024
Desired Conventional PE Storage Size: 512 x 512
User-defined SubArray Size: 128 x 128
----------------- # of tile used for each layer -----------------
Layer 1: 2
Layer 2: 18
Layer 3: 9
Layer 4: 9
Layer 5: 64
Layer 6: 4
----------------- Speed-up of each layer ------------------
Layer 1: 64
Layer 2: 16
Layer 3: 8
Layer 4: 8
Layer 5: 2
Layer 6: 8
----------------- Utilization of each layer ------------------
Layer 1: 0.5625
Layer 2: 1.0
Layer 3: 1.0
Layer 4: 1.0
Layer 5: 1.0
Layer 6: 0.0859375
Memory Utilization of Whole Chip: 95.7252358490566 %
---------------------------- FloorPlan Done ------------------------------
Chip Area: 3.69e+07 um^2
Chip ADC (or S/As and precharger for SRAM) Area: 1.53e+06 um^2 (4.13 %)
Chip IC Area (Global and Tile/PE local): 3.46e+06 um^2 (9.38 %)
Chip Accum (subarray level: adders, shiftAdds; PE/Tile/Global level: accumulation units) Area: 5.71e+06 um^2 (15.45 %)
Chip Other (e.g. decoders, mux, switchmatrix, buffers, IC, pooling and activation units) Area: 8.24e+06 um^2 (22.32 %)
Chip Popcnt Area: 1.67e+05 um^2 (0.45 %)
Chip Array Area: 1.51e+07 um^2 (40.80 %)
Time elapsed = 4.13 s
=============== Chip Clk Period Estimating ===============
Time elapsed after estimating layer 1 = 31.33 s
Chip Clk Period: 1.0281894905588658 ns
=============== Chip Performance Estimating ===============
Time elapsed before estimating layer 1 ts 1 ====> 71.19 s
TS 0 layer 1 readLatency: 5.22e+07 ns
TS 0 layer 1 bufferLatency: 4.93e+07 ns (94.38%)
TS 0 layer 1 icLatency: 9.50e+00 ns
TS 0 layer 1 coreLatencyADC: 3.37e+04 ns (0.06%)
TS 0 layer 1 coreLatencyAccum: 7.74e+05 ns (1.48%)
TS 0 layer 1 coreLatencyOther: 2.13e+06 ns (4.07%)
TS 0 layer 1 arrayReadLatency: 8.04e+05 ns (1.54%)
TS 0 layer 1 arrayLatencyADC: 3.37e+04 ns (0.06%)
TS 0 layer 1 arrayLatencyAccum: 7.71e+05 ns (1.48%)
TS 0 layer 1 arrayLatencyOther: 0.00e+00 ns (0.00%)
TS 0 layer 1 readLatencyBuffer: 4.93e+07 ns (94.38%)
TS 0 layer 1 readLatencyIC: 1.90e+01 ns (0.00%)
TS 0 layer 1 readDynamicEnergy: 2.50e+07 pJ
TS 0 layer 1 leakagePower: 13.39 uW
TS 0 layer 1 leakageEnergy: 6.99e+05 pJ
TS 0 layer 1 bufferDynamicEnergy: 1.32e+05 pJ (0.53%)
TS 0 layer 1 icDynamicEnergy: 9.18e+01 pJ (0.00%)
TS 0 layer 1 coreEnergyADC: 2.73e+05 pJ (1.09%)
TS 0 layer 1 coreEnergyAccum: 1.72e+07 pJ (68.75%)
TS 0 layer 1 coreEnergyOther: 6.67e+06 pJ (26.72%)
TS 0 layer 1 coreEnergyPopcnt: 7.25e+05 pJ (2.90%)
TS 0 layer 1 arrayReadDynamicEnergy: 1.82e+07 pJ (72.75%)
TS 0 layer 1 arrayEnergyADC: 2.73e+05 pJ (1.09%)
TS 0 layer 1 arrayEnergyAccum: 1.72e+07 pJ (68.75%)
TS 0 layer 1 arrayEnergyOther: 0.00e+00 pJ (0.00%)
TS 0 layer 1 arrayEnergyPopcnt: 7.25e+05 pJ (2.90%)
TS 0 layer 1 readDynamicEnergyBuffer: 1.32e+05 pJ (0.53%)
TS 0 layer 1 readDynamicEnergyIC: 2.17e+02 pJ (0.00%)
Time elapsed before estimating layer 2 ts 1 ====> 274.31 s
TS 0 layer 2 readLatency: 7.12e+06 ns
TS 0 layer 2 bufferLatency: 4.39e+06 ns (61.59%)
TS 0 layer 2 icLatency: 7.05e+02 ns
TS 0 layer 2 coreLatencyADC: 3.37e+04 ns (0.47%)
TS 0 layer 2 coreLatencyAccum: 2.17e+06 ns (30.45%)
TS 0 layer 2 coreLatencyOther: 5.32e+05 ns (7.47%)
TS 0 layer 2 arrayReadLatency: 2.14e+06 ns (30.09%)
TS 0 layer 2 arrayLatencyADC: 3.37e+04 ns (0.47%)
TS 0 layer 2 arrayLatencyAccum: 2.11e+06 ns (29.62%)
TS 0 layer 2 arrayLatencyOther: 0.00e+00 ns (0.00%)
TS 0 layer 2 readLatencyBuffer: 4.39e+06 ns (61.68%)
TS 0 layer 2 readLatencyIC: 1.41e+03 ns (0.02%)
TS 0 layer 2 readDynamicEnergy: 3.13e+08 pJ
TS 0 layer 2 leakagePower: 1193.18 uW
TS 0 layer 2 leakageEnergy: 8.50e+06 pJ
TS 0 layer 2 bufferDynamicEnergy: 1.24e+06 pJ (0.40%)
TS 0 layer 2 icDynamicEnergy: 7.80e+04 pJ (0.02%)
TS 0 layer 2 coreEnergyADC: 2.46e+06 pJ (0.79%)
TS 0 layer 2 coreEnergyAccum: 3.01e+08 pJ (96.17%)
TS 0 layer 2 coreEnergyOther: 1.67e+06 pJ (0.53%)
TS 0 layer 2 coreEnergyPopcnt: 6.52e+06 pJ (2.09%)
TS 0 layer 2 arrayReadDynamicEnergy: 3.10e+08 pJ (99.04%)
TS 0 layer 2 arrayEnergyADC: 2.46e+06 pJ (0.79%)
TS 0 layer 2 arrayEnergyAccum: 3.01e+08 pJ (96.17%)
TS 0 layer 2 arrayEnergyOther: 0.00e+00 pJ (0.00%)
TS 0 layer 2 arrayEnergyPopcnt: 6.52e+06 pJ (2.09%)
TS 0 layer 2 readDynamicEnergyBuffer: 1.26e+06 pJ (0.40%)
TS 0 layer 2 readDynamicEnergyIC: 1.95e+05 pJ (0.06%)
Time elapsed before estimating layer 3 ts 1 ====> 321.01 s
TS 0 layer 3 readLatency: 3.21e+06 ns
TS 0 layer 3 bufferLatency: 2.20e+06 ns (68.51%)
TS 0 layer 3 icLatency: 7.05e+02 ns
TS 0 layer 3 coreLatencyADC: 1.68e+04 ns (0.53%)
TS 0 layer 3 coreLatencyAccum: 8.59e+05 ns (26.79%)
TS 0 layer 3 coreLatencyOther: 1.33e+05 ns (4.15%)
TS 0 layer 3 arrayReadLatency: 8.75e+05 ns (27.31%)
TS 0 layer 3 arrayLatencyADC: 1.68e+04 ns (0.53%)
TS 0 layer 3 arrayLatencyAccum: 8.58e+05 ns (26.78%)
TS 0 layer 3 arrayLatencyOther: 0.00e+00 ns (0.00%)
TS 0 layer 3 readLatencyBuffer: 2.20e+06 ns (68.70%)
TS 0 layer 3 readLatencyIC: 1.41e+03 ns (0.04%)
TS 0 layer 3 readDynamicEnergy: 5.23e+07 pJ
TS 0 layer 3 leakagePower: 1193.18 uW
TS 0 layer 3 leakageEnergy: 3.82e+06 pJ
TS 0 layer 3 bufferDynamicEnergy: 3.19e+05 pJ (0.61%)
TS 0 layer 3 icDynamicEnergy: 7.80e+04 pJ (0.15%)
TS 0 layer 3 coreEnergyADC: 6.15e+05 pJ (1.18%)
TS 0 layer 3 coreEnergyAccum: 4.92e+07 pJ (94.15%)
TS 0 layer 3 coreEnergyOther: 4.17e+05 pJ (0.80%)
TS 0 layer 3 coreEnergyPopcnt: 1.63e+06 pJ (3.12%)
TS 0 layer 3 arrayReadDynamicEnergy: 5.15e+07 pJ (98.42%)
TS 0 layer 3 arrayEnergyADC: 6.15e+05 pJ (1.18%)
TS 0 layer 3 arrayEnergyAccum: 4.92e+07 pJ (94.13%)
TS 0 layer 3 arrayEnergyOther: 0.00e+00 pJ (0.00%)
TS 0 layer 3 arrayEnergyPopcnt: 1.63e+06 pJ (3.12%)
TS 0 layer 3 readDynamicEnergyBuffer: 3.45e+05 pJ (0.66%)
TS 0 layer 3 readDynamicEnergyIC: 1.95e+05 pJ (0.37%)
Time elapsed before estimating layer 4 ts 1 ====> 331.24 s
TS 0 layer 4 readLatency: 9.53e+05 ns
TS 0 layer 4 bufferLatency: 5.53e+05 ns (58.07%)
TS 0 layer 4 icLatency: 7.05e+02 ns
TS 0 layer 4 coreLatencyADC: 4.21e+03 ns (0.44%)
TS 0 layer 4 coreLatencyAccum: 3.61e+05 ns (37.84%)
TS 0 layer 4 coreLatencyOther: 3.41e+04 ns (3.58%)
TS 0 layer 4 arrayReadLatency: 3.64e+05 ns (38.24%)
TS 0 layer 4 arrayLatencyADC: 4.21e+03 ns (0.44%)
TS 0 layer 4 arrayLatencyAccum: 3.60e+05 ns (37.80%)
TS 0 layer 4 arrayLatencyOther: 0.00e+00 ns (0.00%)
TS 0 layer 4 readLatencyBuffer: 5.59e+05 ns (58.69%)
TS 0 layer 4 readLatencyIC: 1.41e+03 ns (0.15%)
TS 0 layer 4 readDynamicEnergy: 1.64e+07 pJ
TS 0 layer 4 leakagePower: 1193.18 uW
TS 0 layer 4 leakageEnergy: 1.14e+06 pJ
TS 0 layer 4 bufferDynamicEnergy: 9.02e+04 pJ (0.55%)
TS 0 layer 4 icDynamicEnergy: 7.80e+04 pJ (0.47%)
TS 0 layer 4 coreEnergyADC: 1.54e+05 pJ (0.94%)
TS 0 layer 4 coreEnergyAccum: 1.56e+07 pJ (94.92%)
TS 0 layer 4 coreEnergyOther: 1.04e+05 pJ (0.64%)
TS 0 layer 4 coreEnergyPopcnt: 4.08e+05 pJ (2.48%)
TS 0 layer 4 arrayReadDynamicEnergy: 1.61e+07 pJ (98.28%)
TS 0 layer 4 arrayEnergyADC: 1.54e+05 pJ (0.94%)
TS 0 layer 4 arrayEnergyAccum: 1.56e+07 pJ (94.86%)
TS 0 layer 4 arrayEnergyOther: 0.00e+00 pJ (0.00%)
TS 0 layer 4 arrayEnergyPopcnt: 4.08e+05 pJ (2.48%)
TS 0 layer 4 readDynamicEnergyBuffer: 1.16e+05 pJ (0.71%)
TS 0 layer 4 readDynamicEnergyIC: 1.95e+05 pJ (1.19%)
Time elapsed before estimating layer 5 ts 1 ====> 338.58 s
TS 0 layer 5 readLatency: 1.82e+05 ns
TS 0 layer 5 bufferLatency: 1.47e+05 ns (81.12%)
TS 0 layer 5 icLatency: 1.76e+04 ns
TS 0 layer 5 coreLatencyADC: 6.58e+01 ns (0.04%)
TS 0 layer 5 coreLatencyAccum: 1.51e+04 ns (8.30%)
TS 0 layer 5 coreLatencyOther: 1.52e+03 ns (0.84%)
TS 0 layer 5 arrayReadLatency: 8.96e+03 ns (4.93%)
TS 0 layer 5 arrayLatencyADC: 6.58e+01 ns (0.04%)
TS 0 layer 5 arrayLatencyAccum: 8.90e+03 ns (4.89%)
TS 0 layer 5 arrayLatencyOther: 0.00e+00 ns (0.00%)
TS 0 layer 5 readLatencyBuffer: 2.95e+05 ns (162.46%)
TS 0 layer 5 readLatencyIC: 3.53e+04 ns (19.42%)
TS 0 layer 5 readDynamicEnergy: 2.41e+07 pJ
TS 0 layer 5 leakagePower: 31596.44 uW
TS 0 layer 5 leakageEnergy: 5.74e+06 pJ
TS 0 layer 5 bufferDynamicEnergy: 2.57e+06 pJ (10.70%)
TS 0 layer 5 icDynamicEnergy: 1.47e+07 pJ (61.19%)
TS 0 layer 5 coreEnergyADC: 1.71e+04 pJ (0.07%)
TS 0 layer 5 coreEnergyAccum: 6.70e+06 pJ (27.85%)
TS 0 layer 5 coreEnergyOther: 1.64e+03 pJ (0.01%)
TS 0 layer 5 coreEnergyPopcnt: 4.53e+04 pJ (0.19%)
TS 0 layer 5 arrayReadDynamicEnergy: 4.76e+06 pJ (19.80%)
TS 0 layer 5 arrayEnergyADC: 1.71e+04 pJ (0.07%)
TS 0 layer 5 arrayEnergyAccum: 4.70e+06 pJ (19.54%)
TS 0 layer 5 arrayEnergyOther: 0.00e+00 pJ (0.00%)
TS 0 layer 5 arrayEnergyPopcnt: 4.53e+04 pJ (0.19%)
TS 0 layer 5 readDynamicEnergyBuffer: 7.34e+06 pJ (30.53%)
TS 0 layer 5 readDynamicEnergyIC: 3.72e+07 pJ (154.72%)
Time elapsed before estimating layer 6 ts 1 ====> 338.69 s
TS 0 layer 6 readLatency: 3.66e+03 ns
TS 0 layer 6 bufferLatency: 2.29e+03 ns (62.57%)
TS 0 layer 6 icLatency: 7.26e+01 ns
TS 0 layer 6 coreLatencyADC: 1.41e+00 ns (0.04%)
TS 0 layer 6 coreLatencyAccum: 1.79e+02 ns (4.89%)
TS 0 layer 6 coreLatencyOther: 1.12e+03 ns (30.51%)
TS 0 layer 6 arrayReadLatency: 7.70e+01 ns (2.10%)
TS 0 layer 6 arrayLatencyADC: 1.41e+00 ns (0.04%)
TS 0 layer 6 arrayLatencyAccum: 7.56e+01 ns (2.07%)
TS 0 layer 6 arrayLatencyOther: 0.00e+00 ns (0.00%)
TS 0 layer 6 readLatencyBuffer: 2.98e+03 ns (81.44%)
TS 0 layer 6 readLatencyIC: 1.45e+02 ns (3.97%)
TS 0 layer 6 readDynamicEnergy: 9.02e+03 pJ
TS 0 layer 6 leakagePower: 98.39 uW
TS 0 layer 6 leakageEnergy: 3.60e+02 pJ
TS 0 layer 6 bufferDynamicEnergy: 6.32e+02 pJ (7.01%)
TS 0 layer 6 icDynamicEnergy: 2.57e+03 pJ (28.54%)
TS 0 layer 6 coreEnergyADC: 2.29e+01 pJ (0.25%)
TS 0 layer 6 coreEnergyAccum: 5.04e+03 pJ (55.87%)
TS 0 layer 6 coreEnergyOther: 4.28e+01 pJ (0.47%)
TS 0 layer 6 coreEnergyPopcnt: 7.08e+02 pJ (7.85%)
TS 0 layer 6 arrayReadDynamicEnergy: 5.59e+03 pJ (61.96%)
TS 0 layer 6 arrayEnergyADC: 2.29e+01 pJ (0.25%)
TS 0 layer 6 arrayEnergyAccum: 4.86e+03 pJ (53.85%)
TS 0 layer 6 arrayEnergyOther: 0.00e+00 pJ (0.00%)
TS 0 layer 6 arrayEnergyPopcnt: 7.08e+02 pJ (7.85%)
TS 0 layer 6 readDynamicEnergyBuffer: 1.56e+03 pJ (17.32%)
TS 0 layer 6 readDynamicEnergyIC: 5.94e+03 pJ (65.84%)
=============== Chip Performance Estimating Finish ===============
Max SNN Latency Layer: 0, Max Time Step: -1
SNN pipeline latency: 0.05222728637828882
Average of the snn layer latency (per timestep): 0.010615226963696156
Mean of the snn layer latency (per timestep): 0.010615226963696156
STD of the snn layer latency (per timestep): 0.018768361686045384
=============== Chip Area Analysis ===============
Chip Area: 3.69e+07 um^2
Chip ADC (or S/As and precharger for SRAM) Area: 1.53e+06 um^2 (4.13 %)
Chip IC Area (Global and Tile/PE local): 3.46e+06 um^2 (9.38 %)
Chip Accum (subarray level: adders, shiftAdds; PE/Tile/Global level: accumulation units) Area: 5.71e+06 um^2 (15.45 %)
Chip Other (e.g. decoders, mux, switchmatrix, buffers, IC, pooling and activation units) Area: 8.24e+06 um^2 (22.32 %)
Chip Popcnt Area: 1.67e+05 um^2 (0.45 %)
Chip Array Area: 1.51e+07 um^2 (40.80 %)
=============== Chip Latency Analysis ===============
Pipelined Clock Latency (per Layer per mergedTimeStep): 5.22e+07 ns
Buffer Latency (slowest timestep of the slowest layer): 4.93e+07 ns         (94.38 % of pipeline latency)
IC Latency (slowest timestep of the slowest layer): 9.50e+00 ns         (0.00 % of pipeline latency)
Core Latency ADC (slowest timestep of the slowest layer): 3.37e+04 ns         (0.06 % of pipeline latency)
Core Latency Accum (slowest timestep of the slowest layer): 7.74e+05 ns         (1.48 % of pipeline latency)
Core Latency Other (slowest timestep of the slowest layer): 2.13e+06 ns         (4.07 % of pipeline latency)
Array Read Latency (slowest timestep of the slowest layer): 8.04e+05 ns           (1.54 % of pipeline latency)
Array Latency ADC (slowest timestep of the slowest layer): 3.37e+04 ns           (0.06 % of pipeline latency)
Array Latency Accum (slowest timestep of the slowest layer): 7.71e+05 ns           (1.48 % of pipeline latency)
Array Latency Other (slowest timestep of the slowest layer): 0.00e+00 ns           (0.00 % of pipeline latency)
Read Latency Buffer (slowest timestep of the slowest layer): 4.93e+07 ns           (94.38 % of pipeline latency)
Read Latency IC (slowest timestep of the slowest layer): 1.90e+01 ns           (0.00 % of pipeline latency)
Total Read Latency (per image): 6.37e+07 ns
Total Buffer Latency (per image): 5.66e+07 ns         (88.83 % of total read latency)
Total IC Latency (per image): 1.98e+04 ns         (0.03 % of total read latency)
Total Core Latency ADC (per image): 8.85e+04 ns         (0.14 % of total read latency)
Total Core Latency Accum (per image): 4.18e+06 ns         (6.56 % of total read latency)
Total Core Latency Other (per image): 2.83e+06 ns         (4.44 % of total read latency)
Total Array Read Latency (per image): 4.20e+06 ns         (6.59 % of total read latency)
Total Array Latency ADC (per image): 8.85e+04 ns         (0.14 % of total read latency)
Total Array Latency Accum (per image): 4.11e+06 ns         (6.45 % of total read latency)
Total Array Latency Other (per image): 0.00e+00 ns         (0.00 % of total read latency)
Total Read Latency Buffer (per image): 5.67e+07 ns         (89.09 % of total read latency)
Total Read Latency IC (per image): 3.97e+04 ns         (0.06 % of total read latency)
=============== Chip Energy Analysis ===============
Total Read Dynamic Energy (per image): 4.30e+08 pJ
Total Buffer Dynamic Energy (per image): 4.35e+06 pJ         (1.01 % of total read dynamic energy)
Total IC Dynamic Energy (per image): 1.50e+07 pJ         (3.48 % of total read dynamic energy)
Total Core Energy ADC (per image): 3.52e+06 pJ         (0.82 % of total read dynamic energy)
Total Core Energy Accum (per image): 3.89e+08 pJ         (90.46 % of total read dynamic energy)
Total Core Energy Other (per image): 8.87e+06 pJ         (2.06 % of total read dynamic energy)
Total Core Energy Popcnt (per image): 9.33e+06 pJ         (2.17 % of total read dynamic energy)
Total Leakage Power (per image): 35287.77 uW
Total Leakage Energy (per image): 1.84e+09 pJ
Total Array Read Dynamic Energy (per image): 4.00e+08 pJ (92.98 % of total read dynamic energy)
Total Array Energy ADC (per image): 3.52e+06 pJ (0.82 % of total read dynamic energy)
Total Array Energy Accum (per image): 3.87e+08 pJ (89.99 % of total read dynamic energy)
Total Array Energy Other (per image): 0.00e+00 pJ (0.00 % of total read dynamic energy)
Total Array Energy Popcnt (per image): 9.33e+06 pJ (2.17 % of total read dynamic energy)
Total Read Dynamic Energy Buffer (per image): 9.20e+06 pJ (2.14 % of total read dynamic energy)
Total Read Dynamic Energy IC (per image): 3.78e+07 pJ (8.79 % of total read dynamic energy)

=============== Chip Performance Estimating Finish ===============
Energy Efficiency TOPS/W (Pipelined Process without IC Energy): 60.58968164069221
Throughput TOPS (Pipelined Process with IC Delay): 3.196306704332155
Throughput FPS (Pipelined Process with IC Delay): 19.147079416626664
Compute Efficiency TOPS/mm^2 (Pipelined Process with IC Delay): 0.08658154511367874
Simulation finished, total time elapsed = 338.69 s
