=============== Parameter Loading Finish ===============
Time elapsed = 0.02 s
=============== Network Structure Loading Finish ===============
{'IH': 56, 'IW': 56, 'Cin': 64, 'KH': 3, 'KW': 3, 'Cout': 64, 'pooling': 0, 'stride': 1, 'isSNN': 1, 'T': 100, 'weight_row': 64, 'weight_col': 576}
{'IH': 56, 'IW': 56, 'Cin': 64, 'KH': 3, 'KW': 3, 'Cout': 64, 'pooling': 0, 'stride': 1, 'isSNN': 1, 'T': 100, 'weight_row': 64, 'weight_col': 576}
{'IH': 56, 'IW': 56, 'Cin': 64, 'KH': 3, 'KW': 3, 'Cout': 64, 'pooling': 0, 'stride': 1, 'isSNN': 1, 'T': 100, 'weight_row': 64, 'weight_col': 576}
{'IH': 56, 'IW': 56, 'Cin': 64, 'KH': 3, 'KW': 3, 'Cout': 64, 'pooling': 0, 'stride': 1, 'isSNN': 1, 'T': 100, 'weight_row': 64, 'weight_col': 576}
{'IH': 56, 'IW': 56, 'Cin': 64, 'KH': 3, 'KW': 3, 'Cout': 128, 'pooling': 0, 'stride': 2, 'isSNN': 1, 'T': 100, 'weight_row': 128, 'weight_col': 576}
{'IH': 28, 'IW': 28, 'Cin': 128, 'KH': 3, 'KW': 3, 'Cout': 128, 'pooling': 0, 'stride': 1, 'isSNN': 1, 'T': 100, 'weight_row': 128, 'weight_col': 1152}
{'IH': 28, 'IW': 28, 'Cin': 128, 'KH': 3, 'KW': 3, 'Cout': 128, 'pooling': 0, 'stride': 1, 'isSNN': 1, 'T': 100, 'weight_row': 128, 'weight_col': 1152}
{'IH': 28, 'IW': 28, 'Cin': 128, 'KH': 3, 'KW': 3, 'Cout': 128, 'pooling': 0, 'stride': 1, 'isSNN': 1, 'T': 100, 'weight_row': 128, 'weight_col': 1152}
{'IH': 28, 'IW': 28, 'Cin': 128, 'KH': 3, 'KW': 3, 'Cout': 256, 'pooling': 0, 'stride': 2, 'isSNN': 1, 'T': 100, 'weight_row': 256, 'weight_col': 1152}
{'IH': 14, 'IW': 14, 'Cin': 256, 'KH': 3, 'KW': 3, 'Cout': 256, 'pooling': 0, 'stride': 1, 'isSNN': 1, 'T': 100, 'weight_row': 256, 'weight_col': 2304}
{'IH': 14, 'IW': 14, 'Cin': 256, 'KH': 3, 'KW': 3, 'Cout': 256, 'pooling': 0, 'stride': 1, 'isSNN': 1, 'T': 100, 'weight_row': 256, 'weight_col': 2304}
{'IH': 14, 'IW': 14, 'Cin': 256, 'KH': 3, 'KW': 3, 'Cout': 256, 'pooling': 0, 'stride': 1, 'isSNN': 1, 'T': 100, 'weight_row': 256, 'weight_col': 2304}
{'IH': 14, 'IW': 14, 'Cin': 256, 'KH': 3, 'KW': 3, 'Cout': 512, 'pooling': 0, 'stride': 2, 'isSNN': 1, 'T': 100, 'weight_row': 512, 'weight_col': 2304}
{'IH': 7, 'IW': 7, 'Cin': 512, 'KH': 3, 'KW': 3, 'Cout': 512, 'pooling': 0, 'stride': 1, 'isSNN': 1, 'T': 100, 'weight_row': 512, 'weight_col': 4608}
{'IH': 7, 'IW': 7, 'Cin': 512, 'KH': 3, 'KW': 3, 'Cout': 512, 'pooling': 0, 'stride': 1, 'isSNN': 1, 'T': 100, 'weight_row': 512, 'weight_col': 4608}
{'IH': 7, 'IW': 7, 'Cin': 512, 'KH': 3, 'KW': 3, 'Cout': 512, 'pooling': 1, 'stride': 1, 'isSNN': 1, 'T': 100, 'weight_row': 512, 'weight_col': 4608}

------------------------------ FloorPlan --------------------------------
Tile and PE size are optimized to maximize memory utilization ( = memory mapped by synapse / total memory on chip)
Desired Conventional Mapped Tile Storage Size: 1024 x 1024
Desired Conventional PE Storage Size: 512 x 512
User-defined SubArray Size: 128 x 128
----------------- # of tile used for each layer -----------------
Layer 1: 40
Layer 2: 40
Layer 3: 40
Layer 4: 40
Layer 5: 40
Layer 6: 18
Layer 7: 18
Layer 8: 18
Layer 9: 36
Layer 10: 18
Layer 11: 18
Layer 12: 18
Layer 13: 36
Layer 14: 36
Layer 15: 36
Layer 16: 36
----------------- Speed-up of each layer ------------------
Layer 1: 64
Layer 2: 64
Layer 3: 64
Layer 4: 64
Layer 5: 64
Layer 6: 16
Layer 7: 16
Layer 8: 16
Layer 9: 16
Layer 10: 4
Layer 11: 4
Layer 12: 4
Layer 13: 4
Layer 14: 2
Layer 15: 2
Layer 16: 2
----------------- Utilization of each layer ------------------
Layer 1: 0.45
Layer 2: 0.45
Layer 3: 0.45
Layer 4: 0.45
Layer 5: 0.9
Layer 6: 1.0
Layer 7: 1.0
Layer 8: 1.0
Layer 9: 1.0
Layer 10: 1.0
Layer 11: 1.0
Layer 12: 1.0
Layer 13: 1.0
Layer 14: 1.0
Layer 15: 1.0
Layer 16: 1.0
Memory Utilization of Whole Chip: 81.14754098360656 %
---------------------------- FloorPlan Done ------------------------------
Chip Area: 1.46e+08 um^2
Chip ADC (or S/As and precharger for SRAM) Area: 7.02e+06 um^2 (4.82 %)
Chip IC Area (Global and Tile/PE local): 5.61e+06 um^2 (3.85 %)
Chip Accum (subarray level: adders, shiftAdds; PE/Tile/Global level: accumulation units) Area: 2.63e+07 um^2 (18.04 %)
Chip Other (e.g. decoders, mux, switchmatrix, buffers, IC, pooling and activation units) Area: 2.40e+07 um^2 (16.47 %)
Chip Popcnt Area: 7.67e+05 um^2 (0.53 %)
Chip Array Area: 6.93e+07 um^2 (47.60 %)
Time elapsed = 19.12 s
=============== Chip Clk Period Estimating ===============
Time elapsed after estimating layer 1 = 40.53 s
Chip Clk Period: 1.0281894905588658 ns
=============== Chip Performance Estimating ===============
Time elapsed before estimating layer 1 ts 1 ====> 104.96 s
TS 0 layer 1 readLatency: 1.93e+07 ns
TS 0 layer 1 bufferLatency: 1.86e+07 ns (96.79%)
TS 0 layer 1 icLatency: 2.04e+02 ns
TS 0 layer 1 coreLatencyADC: 3.22e+03 ns (0.02%)
TS 0 layer 1 coreLatencyAccum: 4.54e+05 ns (2.36%)
TS 0 layer 1 coreLatencyOther: 1.61e+05 ns (0.84%)
TS 0 layer 1 arrayReadLatency: 3.66e+05 ns (1.90%)
TS 0 layer 1 arrayLatencyADC: 3.22e+03 ns (0.02%)
TS 0 layer 1 arrayLatencyAccum: 3.63e+05 ns (1.89%)
TS 0 layer 1 arrayLatencyOther: 0.00e+00 ns (0.00%)
TS 0 layer 1 readLatencyBuffer: 1.86e+07 ns (96.80%)
TS 0 layer 1 readLatencyIC: 4.09e+02 ns (0.00%)
TS 0 layer 1 readDynamicEnergy: 1.90e+08 pJ
TS 0 layer 1 leakagePower: 356.96 uW
TS 0 layer 1 leakageEnergy: 6.87e+06 pJ
TS 0 layer 1 bufferDynamicEnergy: 1.86e+06 pJ (0.98%)
TS 0 layer 1 icDynamicEnergy: 1.11e+04 pJ (0.01%)
TS 0 layer 1 coreEnergyADC: 4.71e+05 pJ (0.25%)
TS 0 layer 1 coreEnergyAccum: 1.85e+08 pJ (97.12%)
TS 0 layer 1 coreEnergyOther: 6.39e+05 pJ (0.34%)
TS 0 layer 1 coreEnergyPopcnt: 2.50e+06 pJ (1.31%)
TS 0 layer 1 arrayReadDynamicEnergy: 1.88e+08 pJ (98.67%)
TS 0 layer 1 arrayEnergyADC: 4.71e+05 pJ (0.25%)
TS 0 layer 1 arrayEnergyAccum: 1.85e+08 pJ (97.11%)
TS 0 layer 1 arrayEnergyOther: 0.00e+00 pJ (0.00%)
TS 0 layer 1 arrayEnergyPopcnt: 2.50e+06 pJ (1.31%)
TS 0 layer 1 readDynamicEnergyBuffer: 1.86e+06 pJ (0.98%)
TS 0 layer 1 readDynamicEnergyIC: 2.71e+04 pJ (0.01%)
Time elapsed before estimating layer 2 ts 1 ====> 167.52 s
TS 0 layer 2 readLatency: 1.95e+07 ns
TS 0 layer 2 bufferLatency: 1.86e+07 ns (95.63%)
TS 0 layer 2 icLatency: 2.04e+02 ns
TS 0 layer 2 coreLatencyADC: 3.22e+03 ns (0.02%)
TS 0 layer 2 coreLatencyAccum: 6.86e+05 ns (3.52%)
TS 0 layer 2 coreLatencyOther: 1.61e+05 ns (0.83%)
TS 0 layer 2 arrayReadLatency: 5.98e+05 ns (3.07%)
TS 0 layer 2 arrayLatencyADC: 3.22e+03 ns (0.02%)
TS 0 layer 2 arrayLatencyAccum: 5.95e+05 ns (3.05%)
TS 0 layer 2 arrayLatencyOther: 0.00e+00 ns (0.00%)
TS 0 layer 2 readLatencyBuffer: 1.86e+07 ns (95.64%)
TS 0 layer 2 readLatencyIC: 4.09e+02 ns (0.00%)
TS 0 layer 2 readDynamicEnergy: 1.73e+08 pJ
TS 0 layer 2 leakagePower: 356.96 uW
TS 0 layer 2 leakageEnergy: 6.95e+06 pJ
TS 0 layer 2 bufferDynamicEnergy: 1.86e+06 pJ (1.08%)
TS 0 layer 2 icDynamicEnergy: 1.11e+04 pJ (0.01%)
TS 0 layer 2 coreEnergyADC: 4.71e+05 pJ (0.27%)
TS 0 layer 2 coreEnergyAccum: 1.67e+08 pJ (96.83%)
TS 0 layer 2 coreEnergyOther: 6.39e+05 pJ (0.37%)
TS 0 layer 2 coreEnergyPopcnt: 2.50e+06 pJ (1.45%)
TS 0 layer 2 arrayReadDynamicEnergy: 1.70e+08 pJ (98.54%)
TS 0 layer 2 arrayEnergyADC: 4.71e+05 pJ (0.27%)
TS 0 layer 2 arrayEnergyAccum: 1.67e+08 pJ (96.82%)
TS 0 layer 2 arrayEnergyOther: 0.00e+00 pJ (0.00%)
TS 0 layer 2 arrayEnergyPopcnt: 2.50e+06 pJ (1.45%)
TS 0 layer 2 readDynamicEnergyBuffer: 1.86e+06 pJ (1.08%)
TS 0 layer 2 readDynamicEnergyIC: 2.71e+04 pJ (0.02%)
Time elapsed before estimating layer 3 ts 1 ====> 231.06 s
TS 0 layer 3 readLatency: 1.94e+07 ns
TS 0 layer 3 bufferLatency: 1.86e+07 ns (96.24%)
TS 0 layer 3 icLatency: 2.04e+02 ns
TS 0 layer 3 coreLatencyADC: 3.22e+03 ns (0.02%)
TS 0 layer 3 coreLatencyAccum: 5.64e+05 ns (2.91%)
TS 0 layer 3 coreLatencyOther: 1.61e+05 ns (0.83%)
TS 0 layer 3 arrayReadLatency: 4.76e+05 ns (2.46%)
TS 0 layer 3 arrayLatencyADC: 3.22e+03 ns (0.02%)
TS 0 layer 3 arrayLatencyAccum: 4.73e+05 ns (2.44%)
TS 0 layer 3 arrayLatencyOther: 0.00e+00 ns (0.00%)
TS 0 layer 3 readLatencyBuffer: 1.86e+07 ns (96.25%)
TS 0 layer 3 readLatencyIC: 4.09e+02 ns (0.00%)
TS 0 layer 3 readDynamicEnergy: 2.46e+08 pJ
TS 0 layer 3 leakagePower: 356.96 uW
TS 0 layer 3 leakageEnergy: 6.91e+06 pJ
TS 0 layer 3 bufferDynamicEnergy: 1.86e+06 pJ (0.76%)
TS 0 layer 3 icDynamicEnergy: 1.11e+04 pJ (0.00%)
TS 0 layer 3 coreEnergyADC: 4.71e+05 pJ (0.19%)
TS 0 layer 3 coreEnergyAccum: 2.41e+08 pJ (97.77%)
TS 0 layer 3 coreEnergyOther: 6.39e+05 pJ (0.26%)
TS 0 layer 3 coreEnergyPopcnt: 2.50e+06 pJ (1.02%)
TS 0 layer 3 arrayReadDynamicEnergy: 2.43e+08 pJ (98.97%)
TS 0 layer 3 arrayEnergyADC: 4.71e+05 pJ (0.19%)
TS 0 layer 3 arrayEnergyAccum: 2.41e+08 pJ (97.77%)
TS 0 layer 3 arrayEnergyOther: 0.00e+00 pJ (0.00%)
TS 0 layer 3 arrayEnergyPopcnt: 2.50e+06 pJ (1.02%)
TS 0 layer 3 readDynamicEnergyBuffer: 1.86e+06 pJ (0.76%)
TS 0 layer 3 readDynamicEnergyIC: 2.71e+04 pJ (0.01%)
Time elapsed before estimating layer 4 ts 1 ====> 291.69 s
TS 0 layer 4 readLatency: 1.95e+07 ns
TS 0 layer 4 bufferLatency: 1.86e+07 ns (95.62%)
TS 0 layer 4 icLatency: 2.04e+02 ns
TS 0 layer 4 coreLatencyADC: 3.22e+03 ns (0.02%)
TS 0 layer 4 coreLatencyAccum: 6.90e+05 ns (3.54%)
TS 0 layer 4 coreLatencyOther: 1.61e+05 ns (0.83%)
TS 0 layer 4 arrayReadLatency: 6.02e+05 ns (3.09%)
TS 0 layer 4 arrayLatencyADC: 3.22e+03 ns (0.02%)
TS 0 layer 4 arrayLatencyAccum: 5.99e+05 ns (3.07%)
TS 0 layer 4 arrayLatencyOther: 0.00e+00 ns (0.00%)
TS 0 layer 4 readLatencyBuffer: 1.86e+07 ns (95.62%)
TS 0 layer 4 readLatencyIC: 4.09e+02 ns (0.00%)
TS 0 layer 4 readDynamicEnergy: 2.39e+08 pJ
TS 0 layer 4 leakagePower: 356.96 uW
TS 0 layer 4 leakageEnergy: 6.96e+06 pJ
TS 0 layer 4 bufferDynamicEnergy: 1.86e+06 pJ (0.78%)
TS 0 layer 4 icDynamicEnergy: 1.11e+04 pJ (0.00%)
TS 0 layer 4 coreEnergyADC: 4.71e+05 pJ (0.20%)
TS 0 layer 4 coreEnergyAccum: 2.34e+08 pJ (97.71%)
TS 0 layer 4 coreEnergyOther: 6.39e+05 pJ (0.27%)
TS 0 layer 4 coreEnergyPopcnt: 2.50e+06 pJ (1.04%)
TS 0 layer 4 arrayReadDynamicEnergy: 2.37e+08 pJ (98.95%)
TS 0 layer 4 arrayEnergyADC: 4.71e+05 pJ (0.20%)
TS 0 layer 4 arrayEnergyAccum: 2.34e+08 pJ (97.71%)
TS 0 layer 4 arrayEnergyOther: 0.00e+00 pJ (0.00%)
TS 0 layer 4 arrayEnergyPopcnt: 2.50e+06 pJ (1.04%)
TS 0 layer 4 readDynamicEnergyBuffer: 1.86e+06 pJ (0.78%)
TS 0 layer 4 readDynamicEnergyIC: 2.71e+04 pJ (0.01%)
Time elapsed before estimating layer 5 ts 1 ====> 306.94 s
TS 0 layer 5 readLatency: 5.42e+06 ns
TS 0 layer 5 bufferLatency: 5.13e+06 ns (94.55%)
TS 0 layer 5 icLatency: 3.52e+02 ns
TS 0 layer 5 coreLatencyADC: 1.61e+03 ns (0.03%)
TS 0 layer 5 coreLatencyAccum: 2.13e+05 ns (3.92%)
TS 0 layer 5 coreLatencyOther: 8.06e+04 ns (1.49%)
TS 0 layer 5 arrayReadLatency: 1.92e+05 ns (3.53%)
TS 0 layer 5 arrayLatencyADC: 1.61e+03 ns (0.03%)
TS 0 layer 5 arrayLatencyAccum: 1.90e+05 ns (3.50%)
TS 0 layer 5 arrayLatencyOther: 0.00e+00 ns (0.00%)
TS 0 layer 5 readLatencyBuffer: 5.13e+06 ns (94.61%)
TS 0 layer 5 readLatencyIC: 7.05e+02 ns (0.01%)
TS 0 layer 5 readDynamicEnergy: 1.02e+08 pJ
TS 0 layer 5 leakagePower: 652.55 uW
TS 0 layer 5 leakageEnergy: 3.54e+06 pJ
TS 0 layer 5 bufferDynamicEnergy: 4.69e+05 pJ (0.46%)
TS 0 layer 5 icDynamicEnergy: 2.04e+04 pJ (0.02%)
TS 0 layer 5 coreEnergyADC: 2.36e+05 pJ (0.23%)
TS 0 layer 5 coreEnergyAccum: 1.00e+08 pJ (98.36%)
TS 0 layer 5 coreEnergyOther: 3.19e+05 pJ (0.31%)
TS 0 layer 5 coreEnergyPopcnt: 6.24e+05 pJ (0.61%)
TS 0 layer 5 arrayReadDynamicEnergy: 1.01e+08 pJ (99.20%)
TS 0 layer 5 arrayEnergyADC: 2.36e+05 pJ (0.23%)
TS 0 layer 5 arrayEnergyAccum: 1.00e+08 pJ (98.35%)
TS 0 layer 5 arrayEnergyOther: 0.00e+00 pJ (0.00%)
TS 0 layer 5 arrayEnergyPopcnt: 6.24e+05 pJ (0.61%)
TS 0 layer 5 readDynamicEnergyBuffer: 4.75e+05 pJ (0.47%)
TS 0 layer 5 readDynamicEnergyIC: 5.06e+04 pJ (0.05%)
Time elapsed before estimating layer 6 ts 1 ====> 336.18 s
TS 0 layer 6 readLatency: 2.12e+07 ns
TS 0 layer 6 bufferLatency: 2.01e+07 ns (94.58%)
TS 0 layer 6 icLatency: 7.05e+02 ns
TS 0 layer 6 coreLatencyADC: 6.45e+03 ns (0.03%)
TS 0 layer 6 coreLatencyAccum: 1.06e+06 ns (5.01%)
TS 0 layer 6 coreLatencyOther: 8.06e+04 ns (0.38%)
TS 0 layer 6 arrayReadLatency: 1.06e+06 ns (4.98%)
TS 0 layer 6 arrayLatencyADC: 6.45e+03 ns (0.03%)
TS 0 layer 6 arrayLatencyAccum: 1.05e+06 ns (4.95%)
TS 0 layer 6 arrayLatencyOther: 0.00e+00 ns (0.00%)
TS 0 layer 6 readLatencyBuffer: 2.01e+07 ns (94.61%)
TS 0 layer 6 readLatencyIC: 1.41e+03 ns (0.01%)
TS 0 layer 6 readDynamicEnergy: 1.47e+08 pJ
TS 0 layer 6 leakagePower: 1193.18 uW
TS 0 layer 6 leakageEnergy: 2.53e+07 pJ
TS 0 layer 6 bufferDynamicEnergy: 9.42e+05 pJ (0.64%)
TS 0 layer 6 icDynamicEnergy: 7.80e+04 pJ (0.05%)
TS 0 layer 6 coreEnergyADC: 4.71e+05 pJ (0.32%)
TS 0 layer 6 coreEnergyAccum: 1.44e+08 pJ (97.91%)
TS 0 layer 6 coreEnergyOther: 3.19e+05 pJ (0.22%)
TS 0 layer 6 coreEnergyPopcnt: 1.25e+06 pJ (0.85%)
TS 0 layer 6 arrayReadDynamicEnergy: 1.45e+08 pJ (99.08%)
TS 0 layer 6 arrayEnergyADC: 4.71e+05 pJ (0.32%)
TS 0 layer 6 arrayEnergyAccum: 1.44e+08 pJ (97.91%)
TS 0 layer 6 arrayEnergyOther: 0.00e+00 pJ (0.00%)
TS 0 layer 6 arrayEnergyPopcnt: 1.25e+06 pJ (0.85%)
TS 0 layer 6 readDynamicEnergyBuffer: 9.67e+05 pJ (0.66%)
TS 0 layer 6 readDynamicEnergyIC: 1.95e+05 pJ (0.13%)
Time elapsed before estimating layer 7 ts 1 ====> 365.86 s
TS 0 layer 7 readLatency: 2.06e+07 ns
TS 0 layer 7 bufferLatency: 2.01e+07 ns (97.25%)
TS 0 layer 7 icLatency: 7.05e+02 ns
TS 0 layer 7 coreLatencyADC: 6.45e+03 ns (0.03%)
TS 0 layer 7 coreLatencyAccum: 4.79e+05 ns (2.32%)
TS 0 layer 7 coreLatencyOther: 8.06e+04 ns (0.39%)
TS 0 layer 7 arrayReadLatency: 4.74e+05 ns (2.30%)
TS 0 layer 7 arrayLatencyADC: 6.45e+03 ns (0.03%)
TS 0 layer 7 arrayLatencyAccum: 4.67e+05 ns (2.27%)
TS 0 layer 7 arrayLatencyOther: 0.00e+00 ns (0.00%)
TS 0 layer 7 readLatencyBuffer: 2.01e+07 ns (97.28%)
TS 0 layer 7 readLatencyIC: 1.41e+03 ns (0.01%)
TS 0 layer 7 readDynamicEnergy: 1.07e+08 pJ
TS 0 layer 7 leakagePower: 1193.18 uW
TS 0 layer 7 leakageEnergy: 2.46e+07 pJ
TS 0 layer 7 bufferDynamicEnergy: 9.42e+05 pJ (0.88%)
TS 0 layer 7 icDynamicEnergy: 7.80e+04 pJ (0.07%)
TS 0 layer 7 coreEnergyADC: 4.71e+05 pJ (0.44%)
TS 0 layer 7 coreEnergyAccum: 1.04e+08 pJ (97.13%)
TS 0 layer 7 coreEnergyOther: 3.19e+05 pJ (0.30%)
TS 0 layer 7 coreEnergyPopcnt: 1.25e+06 pJ (1.17%)
TS 0 layer 7 arrayReadDynamicEnergy: 1.05e+08 pJ (98.73%)
TS 0 layer 7 arrayEnergyADC: 4.71e+05 pJ (0.44%)
TS 0 layer 7 arrayEnergyAccum: 1.04e+08 pJ (97.12%)
TS 0 layer 7 arrayEnergyOther: 0.00e+00 pJ (0.00%)
TS 0 layer 7 arrayEnergyPopcnt: 1.25e+06 pJ (1.17%)
TS 0 layer 7 readDynamicEnergyBuffer: 9.67e+05 pJ (0.91%)
TS 0 layer 7 readDynamicEnergyIC: 1.95e+05 pJ (0.18%)
Time elapsed before estimating layer 8 ts 1 ====> 394.90 s
TS 0 layer 8 readLatency: 2.10e+07 ns
TS 0 layer 8 bufferLatency: 2.01e+07 ns (95.75%)
TS 0 layer 8 icLatency: 7.05e+02 ns
TS 0 layer 8 coreLatencyADC: 6.45e+03 ns (0.03%)
TS 0 layer 8 coreLatencyAccum: 8.02e+05 ns (3.83%)
TS 0 layer 8 coreLatencyOther: 8.06e+04 ns (0.38%)
TS 0 layer 8 arrayReadLatency: 7.97e+05 ns (3.80%)
TS 0 layer 8 arrayLatencyADC: 6.45e+03 ns (0.03%)
TS 0 layer 8 arrayLatencyAccum: 7.91e+05 ns (3.77%)
TS 0 layer 8 arrayLatencyOther: 0.00e+00 ns (0.00%)
TS 0 layer 8 readLatencyBuffer: 2.01e+07 ns (95.78%)
TS 0 layer 8 readLatencyIC: 1.41e+03 ns (0.01%)
TS 0 layer 8 readDynamicEnergy: 5.49e+07 pJ
TS 0 layer 8 leakagePower: 1193.18 uW
TS 0 layer 8 leakageEnergy: 2.50e+07 pJ
TS 0 layer 8 bufferDynamicEnergy: 9.42e+05 pJ (1.72%)
TS 0 layer 8 icDynamicEnergy: 7.80e+04 pJ (0.14%)
TS 0 layer 8 coreEnergyADC: 4.71e+05 pJ (0.86%)
TS 0 layer 8 coreEnergyAccum: 5.18e+07 pJ (94.42%)
TS 0 layer 8 coreEnergyOther: 3.19e+05 pJ (0.58%)
TS 0 layer 8 coreEnergyPopcnt: 1.25e+06 pJ (2.28%)
TS 0 layer 8 arrayReadDynamicEnergy: 5.35e+07 pJ (97.54%)
TS 0 layer 8 arrayEnergyADC: 4.71e+05 pJ (0.86%)
TS 0 layer 8 arrayEnergyAccum: 5.18e+07 pJ (94.40%)
TS 0 layer 8 arrayEnergyOther: 0.00e+00 pJ (0.00%)
TS 0 layer 8 arrayEnergyPopcnt: 1.25e+06 pJ (2.28%)
TS 0 layer 8 readDynamicEnergyBuffer: 9.67e+05 pJ (1.76%)
TS 0 layer 8 readDynamicEnergyIC: 1.95e+05 pJ (0.36%)
Time elapsed before estimating layer 9 ts 1 ====> 406.55 s
TS 0 layer 9 readLatency: 2.95e+06 ns
TS 0 layer 9 bufferLatency: 2.77e+06 ns (93.72%)
TS 0 layer 9 icLatency: 1.30e+03 ns
TS 0 layer 9 coreLatencyADC: 1.61e+03 ns (0.05%)
TS 0 layer 9 coreLatencyAccum: 1.42e+05 ns (4.82%)
TS 0 layer 9 coreLatencyOther: 4.03e+04 ns (1.36%)
TS 0 layer 9 arrayReadLatency: 1.37e+05 ns (4.62%)
TS 0 layer 9 arrayLatencyADC: 1.61e+03 ns (0.05%)
TS 0 layer 9 arrayLatencyAccum: 1.35e+05 ns (4.57%)
TS 0 layer 9 arrayLatencyOther: 0.00e+00 ns (0.00%)
TS 0 layer 9 readLatencyBuffer: 2.78e+06 ns (94.08%)
TS 0 layer 9 readLatencyIC: 2.59e+03 ns (0.09%)
TS 0 layer 9 readDynamicEnergy: 4.96e+07 pJ
TS 0 layer 9 leakagePower: 2276.42 uW
TS 0 layer 9 leakageEnergy: 6.73e+06 pJ
TS 0 layer 9 bufferDynamicEnergy: 2.59e+05 pJ (0.52%)
TS 0 layer 9 icDynamicEnergy: 1.49e+05 pJ (0.30%)
TS 0 layer 9 coreEnergyADC: 2.36e+05 pJ (0.47%)
TS 0 layer 9 coreEnergyAccum: 4.82e+07 pJ (97.12%)
TS 0 layer 9 coreEnergyOther: 1.60e+05 pJ (0.32%)
TS 0 layer 9 coreEnergyPopcnt: 6.24e+05 pJ (1.26%)
TS 0 layer 9 arrayReadDynamicEnergy: 4.90e+07 pJ (98.81%)
TS 0 layer 9 arrayEnergyADC: 2.36e+05 pJ (0.47%)
TS 0 layer 9 arrayEnergyAccum: 4.82e+07 pJ (97.08%)
TS 0 layer 9 arrayEnergyOther: 0.00e+00 pJ (0.00%)
TS 0 layer 9 arrayEnergyPopcnt: 6.24e+05 pJ (1.26%)
TS 0 layer 9 readDynamicEnergyBuffer: 3.07e+05 pJ (0.62%)
TS 0 layer 9 readDynamicEnergyIC: 3.75e+05 pJ (0.76%)
Time elapsed before estimating layer 10 ts 1 ====> 429.15 s
TS 0 layer 10 readLatency: 1.09e+07 ns
TS 0 layer 10 bufferLatency: 1.01e+07 ns (91.95%)
TS 0 layer 10 icLatency: 2.59e+03 ns
TS 0 layer 10 coreLatencyADC: 6.45e+03 ns (0.06%)
TS 0 layer 10 coreLatencyAccum: 8.30e+05 ns (7.59%)
TS 0 layer 10 coreLatencyOther: 4.03e+04 ns (0.37%)
TS 0 layer 10 arrayReadLatency: 8.36e+05 ns (7.64%)
TS 0 layer 10 arrayLatencyADC: 6.45e+03 ns (0.06%)
TS 0 layer 10 arrayLatencyAccum: 8.29e+05 ns (7.58%)
TS 0 layer 10 arrayLatencyOther: 0.00e+00 ns (0.00%)
TS 0 layer 10 readLatencyBuffer: 1.01e+07 ns (92.15%)
TS 0 layer 10 readLatencyIC: 5.19e+03 ns (0.05%)
TS 0 layer 10 readDynamicEnergy: 6.22e+07 pJ
TS 0 layer 10 leakagePower: 4552.85 uW
TS 0 layer 10 leakageEnergy: 4.98e+07 pJ
TS 0 layer 10 bufferDynamicEnergy: 5.69e+05 pJ (0.91%)
TS 0 layer 10 icDynamicEnergy: 5.96e+05 pJ (0.96%)
TS 0 layer 10 coreEnergyADC: 4.71e+05 pJ (0.76%)
TS 0 layer 10 coreEnergyAccum: 5.91e+07 pJ (95.10%)
TS 0 layer 10 coreEnergyOther: 1.60e+05 pJ (0.26%)
TS 0 layer 10 coreEnergyPopcnt: 1.25e+06 pJ (2.01%)
TS 0 layer 10 arrayReadDynamicEnergy: 6.08e+07 pJ (97.74%)
TS 0 layer 10 arrayEnergyADC: 4.71e+05 pJ (0.76%)
TS 0 layer 10 arrayEnergyAccum: 5.90e+07 pJ (94.98%)
TS 0 layer 10 arrayEnergyOther: 0.00e+00 pJ (0.00%)
TS 0 layer 10 arrayEnergyPopcnt: 1.25e+06 pJ (2.01%)
TS 0 layer 10 readDynamicEnergyBuffer: 7.63e+05 pJ (1.23%)
TS 0 layer 10 readDynamicEnergyIC: 1.50e+06 pJ (2.41%)
Time elapsed before estimating layer 11 ts 1 ====> 451.79 s
TS 0 layer 11 readLatency: 1.06e+07 ns
TS 0 layer 11 bufferLatency: 1.01e+07 ns (94.95%)
TS 0 layer 11 icLatency: 2.59e+03 ns
TS 0 layer 11 coreLatencyADC: 6.45e+03 ns (0.06%)
TS 0 layer 11 coreLatencyAccum: 4.86e+05 ns (4.59%)
TS 0 layer 11 coreLatencyOther: 4.03e+04 ns (0.38%)
TS 0 layer 11 arrayReadLatency: 4.91e+05 ns (4.64%)
TS 0 layer 11 arrayLatencyADC: 6.45e+03 ns (0.06%)
TS 0 layer 11 arrayLatencyAccum: 4.85e+05 ns (4.58%)
TS 0 layer 11 arrayLatencyOther: 0.00e+00 ns (0.00%)
TS 0 layer 11 readLatencyBuffer: 1.01e+07 ns (95.15%)
TS 0 layer 11 readLatencyIC: 5.19e+03 ns (0.05%)
TS 0 layer 11 readDynamicEnergy: 7.98e+07 pJ
TS 0 layer 11 leakagePower: 4552.85 uW
TS 0 layer 11 leakageEnergy: 4.82e+07 pJ
TS 0 layer 11 bufferDynamicEnergy: 5.69e+05 pJ (0.71%)
TS 0 layer 11 icDynamicEnergy: 5.96e+05 pJ (0.75%)
TS 0 layer 11 coreEnergyADC: 4.71e+05 pJ (0.59%)
TS 0 layer 11 coreEnergyAccum: 7.68e+07 pJ (96.19%)
TS 0 layer 11 coreEnergyOther: 1.60e+05 pJ (0.20%)
TS 0 layer 11 coreEnergyPopcnt: 1.25e+06 pJ (1.56%)
TS 0 layer 11 arrayReadDynamicEnergy: 7.84e+07 pJ (98.24%)
TS 0 layer 11 arrayEnergyADC: 4.71e+05 pJ (0.59%)
TS 0 layer 11 arrayEnergyAccum: 7.67e+07 pJ (96.09%)
TS 0 layer 11 arrayEnergyOther: 0.00e+00 pJ (0.00%)
TS 0 layer 11 arrayEnergyPopcnt: 1.25e+06 pJ (1.56%)
TS 0 layer 11 readDynamicEnergyBuffer: 7.63e+05 pJ (0.96%)
TS 0 layer 11 readDynamicEnergyIC: 1.50e+06 pJ (1.88%)
Time elapsed before estimating layer 12 ts 1 ====> 473.69 s
TS 0 layer 12 readLatency: 1.08e+07 ns
TS 0 layer 12 bufferLatency: 1.01e+07 ns (93.38%)
TS 0 layer 12 icLatency: 2.59e+03 ns
TS 0 layer 12 coreLatencyADC: 6.45e+03 ns (0.06%)
TS 0 layer 12 coreLatencyAccum: 6.63e+05 ns (6.16%)
TS 0 layer 12 coreLatencyOther: 4.03e+04 ns (0.37%)
TS 0 layer 12 arrayReadLatency: 6.68e+05 ns (6.21%)
TS 0 layer 12 arrayLatencyADC: 6.45e+03 ns (0.06%)
TS 0 layer 12 arrayLatencyAccum: 6.62e+05 ns (6.15%)
TS 0 layer 12 arrayLatencyOther: 0.00e+00 ns (0.00%)
TS 0 layer 12 readLatencyBuffer: 1.01e+07 ns (93.59%)
TS 0 layer 12 readLatencyIC: 5.19e+03 ns (0.05%)
TS 0 layer 12 readDynamicEnergy: 5.11e+07 pJ
TS 0 layer 12 leakagePower: 4552.85 uW
TS 0 layer 12 leakageEnergy: 4.90e+07 pJ
TS 0 layer 12 bufferDynamicEnergy: 5.69e+05 pJ (1.11%)
TS 0 layer 12 icDynamicEnergy: 5.96e+05 pJ (1.17%)
TS 0 layer 12 coreEnergyADC: 4.71e+05 pJ (0.92%)
TS 0 layer 12 coreEnergyAccum: 4.81e+07 pJ (94.05%)
TS 0 layer 12 coreEnergyOther: 1.60e+05 pJ (0.31%)
TS 0 layer 12 coreEnergyPopcnt: 1.25e+06 pJ (2.44%)
TS 0 layer 12 arrayReadDynamicEnergy: 4.97e+07 pJ (97.26%)
TS 0 layer 12 arrayEnergyADC: 4.71e+05 pJ (0.92%)
TS 0 layer 12 arrayEnergyAccum: 4.80e+07 pJ (93.89%)
TS 0 layer 12 arrayEnergyOther: 0.00e+00 pJ (0.00%)
TS 0 layer 12 arrayEnergyPopcnt: 1.25e+06 pJ (2.44%)
TS 0 layer 12 readDynamicEnergyBuffer: 7.63e+05 pJ (1.49%)
TS 0 layer 12 readDynamicEnergyIC: 1.50e+06 pJ (2.94%)
Time elapsed before estimating layer 13 ts 1 ====> 484.20 s
TS 0 layer 13 readLatency: 1.56e+06 ns
TS 0 layer 13 bufferLatency: 1.42e+06 ns (90.83%)
TS 0 layer 13 icLatency: 4.96e+03 ns
TS 0 layer 13 coreLatencyADC: 1.61e+03 ns (0.10%)
TS 0 layer 13 coreLatencyAccum: 1.17e+05 ns (7.46%)
TS 0 layer 13 coreLatencyOther: 2.02e+04 ns (1.29%)
TS 0 layer 13 arrayReadLatency: 1.16e+05 ns (7.39%)
TS 0 layer 13 arrayLatencyADC: 1.61e+03 ns (0.10%)
TS 0 layer 13 arrayLatencyAccum: 1.14e+05 ns (7.29%)
TS 0 layer 13 arrayLatencyOther: 0.00e+00 ns (0.00%)
TS 0 layer 13 readLatencyBuffer: 1.46e+06 ns (93.44%)
TS 0 layer 13 readLatencyIC: 9.93e+03 ns (0.63%)
TS 0 layer 13 readDynamicEnergy: 3.35e+07 pJ
TS 0 layer 13 leakagePower: 8886.50 uW
TS 0 layer 13 leakageEnergy: 1.39e+07 pJ
TS 0 layer 13 bufferDynamicEnergy: 3.20e+05 pJ (0.95%)
TS 0 layer 13 icDynamicEnergy: 1.16e+06 pJ (3.47%)
TS 0 layer 13 coreEnergyADC: 2.36e+05 pJ (0.70%)
TS 0 layer 13 coreEnergyAccum: 3.11e+07 pJ (92.77%)
TS 0 layer 13 coreEnergyOther: 7.98e+04 pJ (0.24%)
TS 0 layer 13 coreEnergyPopcnt: 6.24e+05 pJ (1.86%)
TS 0 layer 13 arrayReadDynamicEnergy: 3.18e+07 pJ (94.86%)
TS 0 layer 13 arrayEnergyADC: 2.36e+05 pJ (0.70%)
TS 0 layer 13 arrayEnergyAccum: 3.09e+07 pJ (92.30%)
TS 0 layer 13 arrayEnergyOther: 0.00e+00 pJ (0.00%)
TS 0 layer 13 arrayEnergyPopcnt: 6.24e+05 pJ (1.86%)
TS 0 layer 13 readDynamicEnergyBuffer: 6.97e+05 pJ (2.08%)
TS 0 layer 13 readDynamicEnergyIC: 2.94e+06 pJ (8.78%)
Time elapsed before estimating layer 14 ts 1 ====> 504.91 s
TS 0 layer 14 readLatency: 2.81e+06 ns
TS 0 layer 14 bufferLatency: 2.59e+06 ns (92.13%)
TS 0 layer 14 icLatency: 9.93e+03 ns
TS 0 layer 14 coreLatencyADC: 3.22e+03 ns (0.11%)
TS 0 layer 14 coreLatencyAccum: 1.88e+05 ns (6.69%)
TS 0 layer 14 coreLatencyOther: 2.02e+04 ns (0.72%)
TS 0 layer 14 arrayReadLatency: 1.88e+05 ns (6.68%)
TS 0 layer 14 arrayLatencyADC: 3.22e+03 ns (0.11%)
TS 0 layer 14 arrayLatencyAccum: 1.84e+05 ns (6.56%)
TS 0 layer 14 arrayLatencyOther: 0.00e+00 ns (0.00%)
TS 0 layer 14 readLatencyBuffer: 2.67e+06 ns (95.09%)
TS 0 layer 14 readLatencyIC: 1.99e+04 ns (0.71%)
TS 0 layer 14 readDynamicEnergy: 3.09e+07 pJ
TS 0 layer 14 leakagePower: 17773.00 uW
TS 0 layer 14 leakageEnergy: 5.00e+07 pJ
TS 0 layer 14 bufferDynamicEnergy: 1.05e+06 pJ (3.38%)
TS 0 layer 14 icDynamicEnergy: 4.66e+06 pJ (15.05%)
TS 0 layer 14 coreEnergyADC: 4.71e+05 pJ (1.52%)
TS 0 layer 14 coreEnergyAccum: 2.34e+07 pJ (75.75%)
TS 0 layer 14 coreEnergyOther: 7.98e+04 pJ (0.26%)
TS 0 layer 14 coreEnergyPopcnt: 1.25e+06 pJ (4.04%)
TS 0 layer 14 arrayReadDynamicEnergy: 2.45e+07 pJ (79.26%)
TS 0 layer 14 arrayEnergyADC: 4.71e+05 pJ (1.52%)
TS 0 layer 14 arrayEnergyAccum: 2.28e+07 pJ (73.71%)
TS 0 layer 14 arrayEnergyOther: 0.00e+00 pJ (0.00%)
TS 0 layer 14 arrayEnergyPopcnt: 1.25e+06 pJ (4.04%)
TS 0 layer 14 readDynamicEnergyBuffer: 2.56e+06 pJ (8.26%)
TS 0 layer 14 readDynamicEnergyIC: 1.18e+07 pJ (38.06%)
Time elapsed before estimating layer 15 ts 1 ====> 524.76 s
TS 0 layer 15 readLatency: 2.88e+06 ns
TS 0 layer 15 bufferLatency: 2.59e+06 ns (89.88%)
TS 0 layer 15 icLatency: 9.93e+03 ns
TS 0 layer 15 coreLatencyADC: 3.22e+03 ns (0.11%)
TS 0 layer 15 coreLatencyAccum: 2.58e+05 ns (8.96%)
TS 0 layer 15 coreLatencyOther: 2.02e+04 ns (0.70%)
TS 0 layer 15 arrayReadLatency: 2.58e+05 ns (8.95%)
TS 0 layer 15 arrayLatencyADC: 3.22e+03 ns (0.11%)
TS 0 layer 15 arrayLatencyAccum: 2.55e+05 ns (8.84%)
TS 0 layer 15 arrayLatencyOther: 0.00e+00 ns (0.00%)
TS 0 layer 15 readLatencyBuffer: 2.67e+06 ns (92.77%)
TS 0 layer 15 readLatencyIC: 1.99e+04 ns (0.69%)
TS 0 layer 15 readDynamicEnergy: 4.40e+07 pJ
TS 0 layer 15 leakagePower: 17773.00 uW
TS 0 layer 15 leakageEnergy: 5.12e+07 pJ
TS 0 layer 15 bufferDynamicEnergy: 1.05e+06 pJ (2.38%)
TS 0 layer 15 icDynamicEnergy: 4.66e+06 pJ (10.59%)
TS 0 layer 15 coreEnergyADC: 4.71e+05 pJ (1.07%)
TS 0 layer 15 coreEnergyAccum: 3.65e+07 pJ (82.95%)
TS 0 layer 15 coreEnergyOther: 7.98e+04 pJ (0.18%)
TS 0 layer 15 coreEnergyPopcnt: 1.25e+06 pJ (2.84%)
TS 0 layer 15 arrayReadDynamicEnergy: 3.76e+07 pJ (85.42%)
TS 0 layer 15 arrayEnergyADC: 4.71e+05 pJ (1.07%)
TS 0 layer 15 arrayEnergyAccum: 3.59e+07 pJ (81.51%)
TS 0 layer 15 arrayEnergyOther: 0.00e+00 pJ (0.00%)
TS 0 layer 15 arrayEnergyPopcnt: 1.25e+06 pJ (2.84%)
TS 0 layer 15 readDynamicEnergyBuffer: 2.56e+06 pJ (5.81%)
TS 0 layer 15 readDynamicEnergyIC: 1.18e+07 pJ (26.76%)
Time elapsed before estimating layer 16 ts 1 ====> 544.91 s
TS 0 layer 16 readLatency: 1.23e+06 ns
TS 0 layer 16 bufferLatency: 8.97e+05 ns (72.88%)
TS 0 layer 16 icLatency: 9.93e+03 ns
TS 0 layer 16 coreLatencyADC: 3.22e+03 ns (0.26%)
TS 0 layer 16 coreLatencyAccum: 2.98e+05 ns (24.23%)
TS 0 layer 16 coreLatencyOther: 2.24e+04 ns (1.82%)
TS 0 layer 16 arrayReadLatency: 2.98e+05 ns (24.21%)
TS 0 layer 16 arrayLatencyADC: 3.22e+03 ns (0.26%)
TS 0 layer 16 arrayLatencyAccum: 2.95e+05 ns (23.94%)
TS 0 layer 16 arrayLatencyOther: 0.00e+00 ns (0.00%)
TS 0 layer 16 readLatencyBuffer: 9.80e+05 ns (79.64%)
TS 0 layer 16 readLatencyIC: 1.99e+04 ns (1.61%)
TS 0 layer 16 readDynamicEnergy: 5.45e+07 pJ
TS 0 layer 16 leakagePower: 17773.00 uW
TS 0 layer 16 leakageEnergy: 2.19e+07 pJ
TS 0 layer 16 bufferDynamicEnergy: 8.72e+05 pJ (1.60%)
TS 0 layer 16 icDynamicEnergy: 4.66e+06 pJ (8.54%)
TS 0 layer 16 coreEnergyADC: 4.71e+05 pJ (0.86%)
TS 0 layer 16 coreEnergyAccum: 4.72e+07 pJ (86.56%)
TS 0 layer 16 coreEnergyOther: 7.98e+04 pJ (0.15%)
TS 0 layer 16 coreEnergyPopcnt: 1.25e+06 pJ (2.29%)
TS 0 layer 16 arrayReadDynamicEnergy: 4.83e+07 pJ (88.55%)
TS 0 layer 16 arrayEnergyADC: 4.71e+05 pJ (0.86%)
TS 0 layer 16 arrayEnergyAccum: 4.66e+07 pJ (85.40%)
TS 0 layer 16 arrayEnergyOther: 0.00e+00 pJ (0.00%)
TS 0 layer 16 arrayEnergyPopcnt: 1.25e+06 pJ (2.29%)
TS 0 layer 16 readDynamicEnergyBuffer: 2.38e+06 pJ (4.37%)
TS 0 layer 16 readDynamicEnergyIC: 1.18e+07 pJ (21.59%)
=============== Chip Performance Estimating Finish ===============
Max SNN Latency Layer: 5, Max Time Step: 4
SNN pipeline latency: 0.021218962533201238
Average of the snn layer latency (per timestep): 0.01184618600343849
Mean of the snn layer latency (per timestep): 0.01184618600343849
STD of the snn layer latency (per timestep): 0.00782806331721973
=============== Chip Area Analysis ===============
Chip Area: 1.46e+08 um^2
Chip ADC (or S/As and precharger for SRAM) Area: 7.02e+06 um^2 (4.82 %)
Chip IC Area (Global and Tile/PE local): 5.61e+06 um^2 (3.85 %)
Chip Accum (subarray level: adders, shiftAdds; PE/Tile/Global level: accumulation units) Area: 2.63e+07 um^2 (18.04 %)
Chip Other (e.g. decoders, mux, switchmatrix, buffers, IC, pooling and activation units) Area: 2.40e+07 um^2 (16.47 %)
Chip Popcnt Area: 7.67e+05 um^2 (0.53 %)
Chip Array Area: 6.93e+07 um^2 (47.60 %)
=============== Chip Latency Analysis ===============
Pipelined Clock Latency (per Layer per mergedTimeStep): 2.12e+07 ns
Buffer Latency (slowest timestep of the slowest layer): 2.01e+07 ns         (94.58 % of pipeline latency)
IC Latency (slowest timestep of the slowest layer): 7.05e+02 ns         (0.00 % of pipeline latency)
Core Latency ADC (slowest timestep of the slowest layer): 6.45e+03 ns         (0.03 % of pipeline latency)
Core Latency Accum (slowest timestep of the slowest layer): 1.06e+06 ns         (5.01 % of pipeline latency)
Core Latency Other (slowest timestep of the slowest layer): 8.06e+04 ns         (0.38 % of pipeline latency)
Array Read Latency (slowest timestep of the slowest layer): 1.06e+06 ns           (4.98 % of pipeline latency)
Array Latency ADC (slowest timestep of the slowest layer): 6.45e+03 ns           (0.03 % of pipeline latency)
Array Latency Accum (slowest timestep of the slowest layer): 1.05e+06 ns           (4.95 % of pipeline latency)
Array Latency Other (slowest timestep of the slowest layer): 0.00e+00 ns           (0.00 % of pipeline latency)
Read Latency Buffer (slowest timestep of the slowest layer): 2.01e+07 ns           (94.61 % of pipeline latency)
Read Latency IC (slowest timestep of the slowest layer): 1.41e+03 ns           (0.01 % of pipeline latency)
Total Read Latency (per image): 1.90e+08 ns
Total Buffer Latency (per image): 1.80e+08 ns         (95.12 % of total read latency)
Total IC Latency (per image): 4.71e+04 ns         (0.02 % of total read latency)
Total Core Latency ADC (per image): 6.61e+04 ns         (0.03 % of total read latency)
Total Core Latency Accum (per image): 7.93e+06 ns         (4.18 % of total read latency)
Total Core Latency Other (per image): 1.21e+06 ns         (0.64 % of total read latency)
Total Array Read Latency (per image): 7.55e+06 ns         (3.98 % of total read latency)
Total Array Latency ADC (per image): 6.61e+04 ns         (0.03 % of total read latency)
Total Array Latency Accum (per image): 7.49e+06 ns         (3.95 % of total read latency)
Total Array Latency Other (per image): 0.00e+00 ns         (0.00 % of total read latency)
Total Read Latency Buffer (per image): 1.81e+08 ns         (95.32 % of total read latency)
Total Read Latency IC (per image): 9.42e+04 ns         (0.05 % of total read latency)
=============== Chip Energy Analysis ===============
Total Read Dynamic Energy (per image): 1.66e+09 pJ
Total Buffer Dynamic Energy (per image): 1.60e+07 pJ         (0.96 % of total read dynamic energy)
Total IC Dynamic Energy (per image): 1.74e+07 pJ         (1.04 % of total read dynamic energy)
Total Core Energy ADC (per image): 6.83e+06 pJ         (0.41 % of total read dynamic energy)
Total Core Energy Accum (per image): 1.60e+09 pJ         (95.91 % of total read dynamic energy)
Total Core Energy Other (per image): 4.79e+06 pJ         (0.29 % of total read dynamic energy)
Total Core Energy Popcnt (per image): 2.31e+07 pJ         (1.39 % of total read dynamic energy)
Total Leakage Power (per image): 83800.39 uW
Total Leakage Energy (per image): 1.78e+09 pJ
Total Array Read Dynamic Energy (per image): 1.62e+09 pJ (97.56 % of total read dynamic energy)
Total Array Energy ADC (per image): 6.83e+06 pJ (0.41 % of total read dynamic energy)
Total Array Energy Accum (per image): 1.59e+09 pJ (95.76 % of total read dynamic energy)
Total Array Energy Other (per image): 0.00e+00 pJ (0.00 % of total read dynamic energy)
Total Array Energy Popcnt (per image): 2.31e+07 pJ (1.39 % of total read dynamic energy)
Total Read Dynamic Energy Buffer (per image): 2.16e+07 pJ (1.30 % of total read dynamic energy)
Total Read Dynamic Energy IC (per image): 4.39e+07 pJ (2.64 % of total read dynamic energy)

=============== Chip Performance Estimating Finish ===============
Energy Efficiency TOPS/W (Pipelined Process without IC Energy): 105.14314568340535
Throughput TOPS (Pipelined Process with IC Delay): 20.703223096446273
Throughput FPS (Pipelined Process with IC Delay): 47.12765755796512
Compute Efficiency TOPS/mm^2 (Pipelined Process with IC Delay): 0.1420989413791818
Simulation finished, total time elapsed = 544.91 s
