=============== Parameter Loading Finish ===============
Time elapsed = 0.02 s
=============== Network Structure Loading Finish ===============
{'IH': 128, 'IW': 128, 'Cin': 2, 'KH': 3, 'KW': 3, 'Cout': 128, 'pooling': 1, 'stride': 1, 'isSNN': 1, 'T': 100, 'weight_row': 128, 'weight_col': 18}
{'IH': 64, 'IW': 64, 'Cin': 128, 'KH': 3, 'KW': 3, 'Cout': 128, 'pooling': 1, 'stride': 1, 'isSNN': 1, 'T': 100, 'weight_row': 128, 'weight_col': 1152}
{'IH': 32, 'IW': 32, 'Cin': 128, 'KH': 3, 'KW': 3, 'Cout': 128, 'pooling': 1, 'stride': 1, 'isSNN': 1, 'T': 100, 'weight_row': 128, 'weight_col': 1152}
{'IH': 16, 'IW': 16, 'Cin': 128, 'KH': 3, 'KW': 3, 'Cout': 128, 'pooling': 1, 'stride': 1, 'isSNN': 1, 'T': 100, 'weight_row': 128, 'weight_col': 1152}
{'IH': 1, 'IW': 1, 'Cin': 8192, 'KH': 1, 'KW': 1, 'Cout': 512, 'pooling': 1, 'stride': 1, 'isSNN': 1, 'T': 100, 'weight_row': 512, 'weight_col': 8192}
{'IH': 1, 'IW': 1, 'Cin': 512, 'KH': 1, 'KW': 1, 'Cout': 10, 'pooling': 1, 'stride': 1, 'isSNN': 1, 'T': 100, 'weight_row': 10, 'weight_col': 512}

------------------------------ FloorPlan --------------------------------
Tile and PE size are optimized to maximize memory utilization ( = memory mapped by synapse / total memory on chip)
Desired Conventional Mapped Tile Storage Size: 1024 x 1024
Desired Conventional PE Storage Size: 512 x 512
User-defined SubArray Size: 128 x 128
----------------- # of tile used for each layer -----------------
Layer 1: 2
Layer 2: 18
Layer 3: 9
Layer 4: 9
Layer 5: 64
Layer 6: 4
----------------- Speed-up of each layer ------------------
Layer 1: 64
Layer 2: 16
Layer 3: 8
Layer 4: 8
Layer 5: 2
Layer 6: 8
----------------- Utilization of each layer ------------------
Layer 1: 0.5625
Layer 2: 1.0
Layer 3: 1.0
Layer 4: 1.0
Layer 5: 1.0
Layer 6: 0.078125
Memory Utilization of Whole Chip: 95.69575471698113 %
---------------------------- FloorPlan Done ------------------------------
Chip Area: 3.67e+07 um^2
Chip ADC (or S/As and precharger for SRAM) Area: 1.53e+06 um^2 (4.15 %)
Chip IC Area (Global and Tile/PE local): 3.45e+06 um^2 (9.40 %)
Chip Accum (subarray level: adders, shiftAdds; PE/Tile/Global level: accumulation units) Area: 5.71e+06 um^2 (15.53 %)
Chip Other (e.g. decoders, mux, switchmatrix, buffers, IC, pooling and activation units) Area: 8.24e+06 um^2 (22.43 %)
Chip Popcnt Area: 0.00e+00 um^2 (0.00 %)
Chip Array Area: 1.51e+07 um^2 (41.00 %)
Time elapsed = 4.10 s
=============== Chip Clk Period Estimating ===============
Time elapsed after estimating layer 1 = 32.42 s
Chip Clk Period: 1.0281894905588658 ns
=============== Chip Performance Estimating ===============
Time elapsed before estimating layer 1 ts 1 ====> 60.72 s
TS 0 layer 1 readLatency: 5.62e+07 ns
TS 0 layer 1 bufferLatency: 4.93e+07 ns (87.71%)
TS 0 layer 1 icLatency: 9.50e+00 ns
TS 0 layer 1 coreLatencyADC: 1.59e+06 ns (2.83%)
TS 0 layer 1 coreLatencyAccum: 3.19e+06 ns (5.67%)
TS 0 layer 1 coreLatencyOther: 2.13e+06 ns (3.79%)
TS 0 layer 1 arrayReadLatency: 4.77e+06 ns (8.49%)
TS 0 layer 1 arrayLatencyADC: 1.59e+06 ns (2.83%)
TS 0 layer 1 arrayLatencyAccum: 3.18e+06 ns (5.66%)
TS 0 layer 1 arrayLatencyOther: 0.00e+00 ns (0.00%)
TS 0 layer 1 readLatencyBuffer: 4.93e+07 ns (87.71%)
TS 0 layer 1 readLatencyIC: 1.90e+01 ns (0.00%)
TS 0 layer 1 readDynamicEnergy: 7.95e+07 pJ
TS 0 layer 1 leakagePower: 13.39 uW
TS 0 layer 1 leakageEnergy: 7.52e+05 pJ
TS 0 layer 1 bufferDynamicEnergy: 1.32e+05 pJ (0.17%)
TS 0 layer 1 icDynamicEnergy: 9.16e+01 pJ (0.00%)
TS 0 layer 1 coreEnergyADC: 7.97e+06 pJ (10.03%)
TS 0 layer 1 coreEnergyAccum: 6.47e+07 pJ (81.40%)
TS 0 layer 1 coreEnergyOther: 6.67e+06 pJ (8.40%)
TS 0 layer 1 coreEnergyPopcnt: 0.00e+00 pJ (0.00%)
TS 0 layer 1 arrayReadDynamicEnergy: 7.27e+07 pJ (91.43%)
TS 0 layer 1 arrayEnergyADC: 7.97e+06 pJ (10.03%)
TS 0 layer 1 arrayEnergyAccum: 6.47e+07 pJ (81.40%)
TS 0 layer 1 arrayEnergyOther: 0.00e+00 pJ (0.00%)
TS 0 layer 1 arrayEnergyPopcnt: 0.00e+00 pJ (0.00%)
TS 0 layer 1 readDynamicEnergyBuffer: 1.32e+05 pJ (0.17%)
TS 0 layer 1 readDynamicEnergyIC: 2.17e+02 pJ (0.00%)
Time elapsed before estimating layer 2 ts 1 ====> 147.60 s
TS 0 layer 2 readLatency: 1.46e+07 ns
TS 0 layer 2 bufferLatency: 4.39e+06 ns (30.00%)
TS 0 layer 2 icLatency: 7.05e+02 ns
TS 0 layer 2 coreLatencyADC: 3.21e+06 ns (21.98%)
TS 0 layer 2 coreLatencyAccum: 6.49e+06 ns (44.37%)
TS 0 layer 2 coreLatencyOther: 5.32e+05 ns (3.64%)
TS 0 layer 2 arrayReadLatency: 9.64e+06 ns (65.95%)
TS 0 layer 2 arrayLatencyADC: 3.21e+06 ns (21.98%)
TS 0 layer 2 arrayLatencyAccum: 6.43e+06 ns (43.96%)
TS 0 layer 2 arrayLatencyOther: 0.00e+00 ns (0.00%)
TS 0 layer 2 readLatencyBuffer: 4.39e+06 ns (30.04%)
TS 0 layer 2 readLatencyIC: 1.41e+03 ns (0.01%)
TS 0 layer 2 readDynamicEnergy: 1.04e+09 pJ
TS 0 layer 2 leakagePower: 1193.18 uW
TS 0 layer 2 leakageEnergy: 1.74e+07 pJ
TS 0 layer 2 bufferDynamicEnergy: 1.24e+06 pJ (0.12%)
TS 0 layer 2 icDynamicEnergy: 7.78e+04 pJ (0.01%)
TS 0 layer 2 coreEnergyADC: 1.14e+08 pJ (10.94%)
TS 0 layer 2 coreEnergyAccum: 9.24e+08 pJ (88.77%)
TS 0 layer 2 coreEnergyOther: 1.67e+06 pJ (0.16%)
TS 0 layer 2 coreEnergyPopcnt: 0.00e+00 pJ (0.00%)
TS 0 layer 2 arrayReadDynamicEnergy: 1.04e+09 pJ (99.71%)
TS 0 layer 2 arrayEnergyADC: 1.14e+08 pJ (10.94%)
TS 0 layer 2 arrayEnergyAccum: 9.24e+08 pJ (88.77%)
TS 0 layer 2 arrayEnergyOther: 0.00e+00 pJ (0.00%)
TS 0 layer 2 arrayEnergyPopcnt: 0.00e+00 pJ (0.00%)
TS 0 layer 2 readDynamicEnergyBuffer: 1.26e+06 pJ (0.12%)
TS 0 layer 2 readDynamicEnergyIC: 1.95e+05 pJ (0.02%)
Time elapsed before estimating layer 3 ts 1 ====> 163.48 s
TS 0 layer 3 readLatency: 7.01e+06 ns
TS 0 layer 3 bufferLatency: 2.20e+06 ns (31.32%)
TS 0 layer 3 icLatency: 7.05e+02 ns
TS 0 layer 3 coreLatencyADC: 1.56e+06 ns (22.26%)
TS 0 layer 3 coreLatencyAccum: 3.12e+06 ns (44.52%)
TS 0 layer 3 coreLatencyOther: 1.33e+05 ns (1.90%)
TS 0 layer 3 arrayReadLatency: 4.68e+06 ns (66.77%)
TS 0 layer 3 arrayLatencyADC: 1.56e+06 ns (22.26%)
TS 0 layer 3 arrayLatencyAccum: 3.12e+06 ns (44.51%)
TS 0 layer 3 arrayLatencyOther: 0.00e+00 ns (0.00%)
TS 0 layer 3 readLatencyBuffer: 2.20e+06 ns (31.41%)
TS 0 layer 3 readLatencyIC: 1.41e+03 ns (0.02%)
TS 0 layer 3 readDynamicEnergy: 3.58e+08 pJ
TS 0 layer 3 leakagePower: 1193.18 uW
TS 0 layer 3 leakageEnergy: 8.37e+06 pJ
TS 0 layer 3 bufferDynamicEnergy: 3.19e+05 pJ (0.09%)
TS 0 layer 3 icDynamicEnergy: 7.78e+04 pJ (0.02%)
TS 0 layer 3 coreEnergyADC: 3.92e+07 pJ (10.95%)
TS 0 layer 3 coreEnergyAccum: 3.18e+08 pJ (88.83%)
TS 0 layer 3 coreEnergyOther: 4.17e+05 pJ (0.12%)
TS 0 layer 3 coreEnergyPopcnt: 0.00e+00 pJ (0.00%)
TS 0 layer 3 arrayReadDynamicEnergy: 3.57e+08 pJ (99.77%)
TS 0 layer 3 arrayEnergyADC: 3.92e+07 pJ (10.95%)
TS 0 layer 3 arrayEnergyAccum: 3.18e+08 pJ (88.82%)
TS 0 layer 3 arrayEnergyOther: 0.00e+00 pJ (0.00%)
TS 0 layer 3 arrayEnergyPopcnt: 0.00e+00 pJ (0.00%)
TS 0 layer 3 readDynamicEnergyBuffer: 3.45e+05 pJ (0.10%)
TS 0 layer 3 readDynamicEnergyIC: 1.95e+05 pJ (0.05%)
Time elapsed before estimating layer 4 ts 1 ====> 166.88 s
TS 0 layer 4 readLatency: 1.75e+06 ns
TS 0 layer 4 bufferLatency: 5.53e+05 ns (31.62%)
TS 0 layer 4 icLatency: 7.05e+02 ns
TS 0 layer 4 coreLatencyADC: 3.87e+05 ns (22.12%)
TS 0 layer 4 coreLatencyAccum: 7.75e+05 ns (44.27%)
TS 0 layer 4 coreLatencyOther: 3.41e+04 ns (1.95%)
TS 0 layer 4 arrayReadLatency: 1.16e+06 ns (66.37%)
TS 0 layer 4 arrayLatencyADC: 3.87e+05 ns (22.12%)
TS 0 layer 4 arrayLatencyAccum: 7.74e+05 ns (44.25%)
TS 0 layer 4 arrayLatencyOther: 0.00e+00 ns (0.00%)
TS 0 layer 4 readLatencyBuffer: 5.59e+05 ns (31.96%)
TS 0 layer 4 readLatencyIC: 1.41e+03 ns (0.08%)
TS 0 layer 4 readDynamicEnergy: 8.14e+07 pJ
TS 0 layer 4 leakagePower: 1193.18 uW
TS 0 layer 4 leakageEnergy: 2.09e+06 pJ
TS 0 layer 4 bufferDynamicEnergy: 9.02e+04 pJ (0.11%)
TS 0 layer 4 icDynamicEnergy: 7.78e+04 pJ (0.10%)
TS 0 layer 4 coreEnergyADC: 8.89e+06 pJ (10.93%)
TS 0 layer 4 coreEnergyAccum: 7.22e+07 pJ (88.73%)
TS 0 layer 4 coreEnergyOther: 1.04e+05 pJ (0.13%)
TS 0 layer 4 coreEnergyPopcnt: 0.00e+00 pJ (0.00%)
TS 0 layer 4 arrayReadDynamicEnergy: 8.11e+07 pJ (99.65%)
TS 0 layer 4 arrayEnergyADC: 8.89e+06 pJ (10.93%)
TS 0 layer 4 arrayEnergyAccum: 7.22e+07 pJ (88.72%)
TS 0 layer 4 arrayEnergyOther: 0.00e+00 pJ (0.00%)
TS 0 layer 4 arrayEnergyPopcnt: 0.00e+00 pJ (0.00%)
TS 0 layer 4 readDynamicEnergyBuffer: 1.16e+05 pJ (0.14%)
TS 0 layer 4 readDynamicEnergyIC: 1.95e+05 pJ (0.24%)
Time elapsed before estimating layer 5 ts 1 ====> 173.42 s
TS 0 layer 5 readLatency: 1.92e+05 ns
TS 0 layer 5 bufferLatency: 1.47e+05 ns (76.65%)
TS 0 layer 5 icLatency: 1.76e+04 ns
TS 0 layer 5 coreLatencyADC: 6.51e+03 ns (3.39%)
TS 0 layer 5 coreLatencyAccum: 1.92e+04 ns (10.00%)
TS 0 layer 5 coreLatencyOther: 1.52e+03 ns (0.79%)
TS 0 layer 5 arrayReadLatency: 1.95e+04 ns (10.16%)
TS 0 layer 5 arrayLatencyADC: 6.51e+03 ns (3.39%)
TS 0 layer 5 arrayLatencyAccum: 1.30e+04 ns (6.77%)
TS 0 layer 5 arrayLatencyOther: 0.00e+00 ns (0.00%)
TS 0 layer 5 readLatencyBuffer: 2.95e+05 ns (153.52%)
TS 0 layer 5 readLatencyIC: 3.53e+04 ns (18.35%)
TS 0 layer 5 readDynamicEnergy: 2.69e+07 pJ
TS 0 layer 5 leakagePower: 31596.44 uW
TS 0 layer 5 leakageEnergy: 6.08e+06 pJ
TS 0 layer 5 bufferDynamicEnergy: 2.57e+06 pJ (9.56%)
TS 0 layer 5 icDynamicEnergy: 1.47e+07 pJ (54.60%)
TS 0 layer 5 coreEnergyADC: 8.39e+05 pJ (3.12%)
TS 0 layer 5 coreEnergyAccum: 8.81e+06 pJ (32.71%)
TS 0 layer 5 coreEnergyOther: 1.64e+03 pJ (0.01%)
TS 0 layer 5 coreEnergyPopcnt: 0.00e+00 pJ (0.00%)
TS 0 layer 5 arrayReadDynamicEnergy: 7.65e+06 pJ (28.40%)
TS 0 layer 5 arrayEnergyADC: 8.39e+05 pJ (3.12%)
TS 0 layer 5 arrayEnergyAccum: 6.81e+06 pJ (25.29%)
TS 0 layer 5 arrayEnergyOther: 0.00e+00 pJ (0.00%)
TS 0 layer 5 arrayEnergyPopcnt: 0.00e+00 pJ (0.00%)
TS 0 layer 5 readDynamicEnergyBuffer: 7.34e+06 pJ (27.28%)
TS 0 layer 5 readDynamicEnergyIC: 3.72e+07 pJ (138.11%)
Time elapsed before estimating layer 6 ts 1 ====> 173.51 s
TS 0 layer 6 readLatency: 3.94e+03 ns
TS 0 layer 6 bufferLatency: 2.26e+03 ns (57.45%)
TS 0 layer 6 icLatency: 7.06e+01 ns
TS 0 layer 6 coreLatencyADC: 1.29e+02 ns (3.26%)
TS 0 layer 6 coreLatencyAccum: 3.60e+02 ns (9.15%)
TS 0 layer 6 coreLatencyOther: 1.12e+03 ns (28.34%)
TS 0 layer 6 arrayReadLatency: 3.86e+02 ns (9.79%)
TS 0 layer 6 arrayLatencyADC: 1.29e+02 ns (3.26%)
TS 0 layer 6 arrayLatencyAccum: 2.57e+02 ns (6.53%)
TS 0 layer 6 arrayLatencyOther: 0.00e+00 ns (0.00%)
TS 0 layer 6 readLatencyBuffer: 2.94e+03 ns (74.57%)
TS 0 layer 6 readLatencyIC: 1.41e+02 ns (3.59%)
TS 0 layer 6 readDynamicEnergy: 1.79e+04 pJ
TS 0 layer 6 leakagePower: 94.79 uW
TS 0 layer 6 leakageEnergy: 3.73e+02 pJ
TS 0 layer 6 bufferDynamicEnergy: 6.13e+02 pJ (3.42%)
TS 0 layer 6 icDynamicEnergy: 2.46e+03 pJ (13.72%)
TS 0 layer 6 coreEnergyADC: 1.61e+03 pJ (8.97%)
TS 0 layer 6 coreEnergyAccum: 1.32e+04 pJ (73.68%)
TS 0 layer 6 coreEnergyOther: 3.87e+01 pJ (0.22%)
TS 0 layer 6 coreEnergyPopcnt: 0.00e+00 pJ (0.00%)
TS 0 layer 6 arrayReadDynamicEnergy: 1.46e+04 pJ (81.71%)
TS 0 layer 6 arrayEnergyADC: 1.61e+03 pJ (8.97%)
TS 0 layer 6 arrayEnergyAccum: 1.30e+04 pJ (72.74%)
TS 0 layer 6 arrayEnergyOther: 0.00e+00 pJ (0.00%)
TS 0 layer 6 arrayEnergyPopcnt: 0.00e+00 pJ (0.00%)
TS 0 layer 6 readDynamicEnergyBuffer: 1.51e+03 pJ (8.41%)
TS 0 layer 6 readDynamicEnergyIC: 5.65e+03 pJ (31.52%)
=============== Chip Performance Estimating Finish ===============
Max SNN Latency Layer: 0, Max Time Step: -1
SNN pipeline latency: 0.056196520172927644
Average of the snn layer latency (per timestep): 0.013295314724007377
Mean of the snn layer latency (per timestep): 0.013295314724007377
STD of the snn layer latency (per timestep): 0.019846912549324556
=============== Chip Area Analysis ===============
Chip Area: 3.67e+07 um^2
Chip ADC (or S/As and precharger for SRAM) Area: 1.53e+06 um^2 (4.15 %)
Chip IC Area (Global and Tile/PE local): 3.45e+06 um^2 (9.40 %)
Chip Accum (subarray level: adders, shiftAdds; PE/Tile/Global level: accumulation units) Area: 5.71e+06 um^2 (15.53 %)
Chip Other (e.g. decoders, mux, switchmatrix, buffers, IC, pooling and activation units) Area: 8.24e+06 um^2 (22.43 %)
Chip Popcnt Area: 0.00e+00 um^2 (0.00 %)
Chip Array Area: 1.51e+07 um^2 (41.00 %)
=============== Chip Latency Analysis ===============
Pipelined Clock Latency (per Layer per mergedTimeStep): 5.62e+07 ns
Buffer Latency (slowest timestep of the slowest layer): 4.93e+07 ns         (87.71 % of pipeline latency)
IC Latency (slowest timestep of the slowest layer): 9.50e+00 ns         (0.00 % of pipeline latency)
Core Latency ADC (slowest timestep of the slowest layer): 1.59e+06 ns         (2.83 % of pipeline latency)
Core Latency Accum (slowest timestep of the slowest layer): 3.19e+06 ns         (5.67 % of pipeline latency)
Core Latency Other (slowest timestep of the slowest layer): 2.13e+06 ns         (3.79 % of pipeline latency)
Array Read Latency (slowest timestep of the slowest layer): 4.77e+06 ns           (8.49 % of pipeline latency)
Array Latency ADC (slowest timestep of the slowest layer): 1.59e+06 ns           (2.83 % of pipeline latency)
Array Latency Accum (slowest timestep of the slowest layer): 3.18e+06 ns           (5.66 % of pipeline latency)
Array Latency Other (slowest timestep of the slowest layer): 0.00e+00 ns           (0.00 % of pipeline latency)
Read Latency Buffer (slowest timestep of the slowest layer): 4.93e+07 ns           (87.71 % of pipeline latency)
Read Latency IC (slowest timestep of the slowest layer): 1.90e+01 ns           (0.00 % of pipeline latency)
Total Read Latency (per image): 7.98e+07 ns
Total Buffer Latency (per image): 5.66e+07 ns         (70.92 % of total read latency)
Total IC Latency (per image): 1.98e+04 ns         (0.02 % of total read latency)
Total Core Latency ADC (per image): 6.76e+06 ns         (8.47 % of total read latency)
Total Core Latency Accum (per image): 1.36e+07 ns         (17.03 % of total read latency)
Total Core Latency Other (per image): 2.83e+06 ns         (3.55 % of total read latency)
Total Array Read Latency (per image): 2.03e+07 ns         (25.42 % of total read latency)
Total Array Latency ADC (per image): 6.76e+06 ns         (8.47 % of total read latency)
Total Array Latency Accum (per image): 1.35e+07 ns         (16.95 % of total read latency)
Total Array Latency Other (per image): 0.00e+00 ns         (0.00 % of total read latency)
Total Read Latency Buffer (per image): 5.67e+07 ns         (71.13 % of total read latency)
Total Read Latency IC (per image): 3.97e+04 ns         (0.05 % of total read latency)
=============== Chip Energy Analysis ===============
Total Read Dynamic Energy (per image): 1.59e+09 pJ
Total Buffer Dynamic Energy (per image): 4.35e+06 pJ         (0.27 % of total read dynamic energy)
Total IC Dynamic Energy (per image): 1.49e+07 pJ         (0.94 % of total read dynamic energy)
Total Core Energy ADC (per image): 1.71e+08 pJ         (10.76 % of total read dynamic energy)
Total Core Energy Accum (per image): 1.39e+09 pJ         (87.46 % of total read dynamic energy)
Total Core Energy Other (per image): 8.87e+06 pJ         (0.56 % of total read dynamic energy)
Total Core Energy Popcnt (per image): 0.00e+00 pJ         (0.00 % of total read dynamic energy)
Total Leakage Power (per image): 35284.17 uW
Total Leakage Energy (per image): 1.98e+09 pJ
Total Array Read Dynamic Energy (per image): 1.56e+09 pJ (98.10 % of total read dynamic energy)
Total Array Energy ADC (per image): 1.71e+08 pJ (10.76 % of total read dynamic energy)
Total Array Energy Accum (per image): 1.39e+09 pJ (87.33 % of total read dynamic energy)
Total Array Energy Other (per image): 0.00e+00 pJ (0.00 % of total read dynamic energy)
Total Array Energy Popcnt (per image): 0.00e+00 pJ (0.00 % of total read dynamic energy)
Total Read Dynamic Energy Buffer (per image): 9.20e+06 pJ (0.58 % of total read dynamic energy)
Total Read Dynamic Energy IC (per image): 3.78e+07 pJ (2.38 % of total read dynamic energy)

=============== Chip Performance Estimating Finish ===============
Energy Efficiency TOPS/W (Pipelined Process without IC Energy): 38.500721777503756
Throughput TOPS (Pipelined Process with IC Delay): 2.9705455548904194
Throughput FPS (Pipelined Process with IC Delay): 17.794696129276424
Compute Efficiency TOPS/mm^2 (Pipelined Process with IC Delay): 0.08085378995490436
Simulation finished, total time elapsed = 173.52 s
