=============== Parameter Loading Finish ===============
Time elapsed = 0.03 s
=============== Network Structure Loading Finish ===============
{'IH': 56, 'IW': 56, 'Cin': 64, 'KH': 3, 'KW': 3, 'Cout': 64, 'pooling': 0, 'stride': 1, 'isSNN': 1, 'T': 100, 'weight_row': 64, 'weight_col': 576}
{'IH': 56, 'IW': 56, 'Cin': 64, 'KH': 3, 'KW': 3, 'Cout': 64, 'pooling': 0, 'stride': 1, 'isSNN': 1, 'T': 100, 'weight_row': 64, 'weight_col': 576}
{'IH': 56, 'IW': 56, 'Cin': 64, 'KH': 3, 'KW': 3, 'Cout': 64, 'pooling': 0, 'stride': 1, 'isSNN': 1, 'T': 100, 'weight_row': 64, 'weight_col': 576}
{'IH': 56, 'IW': 56, 'Cin': 64, 'KH': 3, 'KW': 3, 'Cout': 64, 'pooling': 0, 'stride': 1, 'isSNN': 1, 'T': 100, 'weight_row': 64, 'weight_col': 576}
{'IH': 56, 'IW': 56, 'Cin': 64, 'KH': 3, 'KW': 3, 'Cout': 128, 'pooling': 0, 'stride': 2, 'isSNN': 1, 'T': 100, 'weight_row': 128, 'weight_col': 576}
{'IH': 28, 'IW': 28, 'Cin': 128, 'KH': 3, 'KW': 3, 'Cout': 128, 'pooling': 0, 'stride': 1, 'isSNN': 1, 'T': 100, 'weight_row': 128, 'weight_col': 1152}
{'IH': 28, 'IW': 28, 'Cin': 128, 'KH': 3, 'KW': 3, 'Cout': 128, 'pooling': 0, 'stride': 1, 'isSNN': 1, 'T': 100, 'weight_row': 128, 'weight_col': 1152}
{'IH': 28, 'IW': 28, 'Cin': 128, 'KH': 3, 'KW': 3, 'Cout': 128, 'pooling': 0, 'stride': 1, 'isSNN': 1, 'T': 100, 'weight_row': 128, 'weight_col': 1152}
{'IH': 28, 'IW': 28, 'Cin': 128, 'KH': 3, 'KW': 3, 'Cout': 256, 'pooling': 0, 'stride': 2, 'isSNN': 1, 'T': 100, 'weight_row': 256, 'weight_col': 1152}
{'IH': 14, 'IW': 14, 'Cin': 256, 'KH': 3, 'KW': 3, 'Cout': 256, 'pooling': 0, 'stride': 1, 'isSNN': 1, 'T': 100, 'weight_row': 256, 'weight_col': 2304}
{'IH': 14, 'IW': 14, 'Cin': 256, 'KH': 3, 'KW': 3, 'Cout': 256, 'pooling': 0, 'stride': 1, 'isSNN': 1, 'T': 100, 'weight_row': 256, 'weight_col': 2304}
{'IH': 14, 'IW': 14, 'Cin': 256, 'KH': 3, 'KW': 3, 'Cout': 256, 'pooling': 0, 'stride': 1, 'isSNN': 1, 'T': 100, 'weight_row': 256, 'weight_col': 2304}
{'IH': 14, 'IW': 14, 'Cin': 256, 'KH': 3, 'KW': 3, 'Cout': 512, 'pooling': 0, 'stride': 2, 'isSNN': 1, 'T': 100, 'weight_row': 512, 'weight_col': 2304}
{'IH': 7, 'IW': 7, 'Cin': 512, 'KH': 3, 'KW': 3, 'Cout': 512, 'pooling': 0, 'stride': 1, 'isSNN': 1, 'T': 100, 'weight_row': 512, 'weight_col': 4608}
{'IH': 7, 'IW': 7, 'Cin': 512, 'KH': 3, 'KW': 3, 'Cout': 512, 'pooling': 0, 'stride': 1, 'isSNN': 1, 'T': 100, 'weight_row': 512, 'weight_col': 4608}
{'IH': 7, 'IW': 7, 'Cin': 512, 'KH': 3, 'KW': 3, 'Cout': 512, 'pooling': 1, 'stride': 1, 'isSNN': 1, 'T': 100, 'weight_row': 512, 'weight_col': 4608}

------------------------------ FloorPlan --------------------------------
Tile and PE size are optimized to maximize memory utilization ( = memory mapped by synapse / total memory on chip)
Desired Conventional Mapped Tile Storage Size: 1024 x 1024
Desired Conventional PE Storage Size: 512 x 512
User-defined SubArray Size: 128 x 128
----------------- # of tile used for each layer -----------------
Layer 1: 40
Layer 2: 40
Layer 3: 40
Layer 4: 40
Layer 5: 40
Layer 6: 18
Layer 7: 18
Layer 8: 18
Layer 9: 36
Layer 10: 18
Layer 11: 18
Layer 12: 18
Layer 13: 36
Layer 14: 36
Layer 15: 36
Layer 16: 36
----------------- Speed-up of each layer ------------------
Layer 1: 64
Layer 2: 64
Layer 3: 64
Layer 4: 64
Layer 5: 64
Layer 6: 16
Layer 7: 16
Layer 8: 16
Layer 9: 16
Layer 10: 4
Layer 11: 4
Layer 12: 4
Layer 13: 4
Layer 14: 2
Layer 15: 2
Layer 16: 2
----------------- Utilization of each layer ------------------
Layer 1: 0.45
Layer 2: 0.45
Layer 3: 0.45
Layer 4: 0.45
Layer 5: 0.9
Layer 6: 1.0
Layer 7: 1.0
Layer 8: 1.0
Layer 9: 1.0
Layer 10: 1.0
Layer 11: 1.0
Layer 12: 1.0
Layer 13: 1.0
Layer 14: 1.0
Layer 15: 1.0
Layer 16: 1.0
Memory Utilization of Whole Chip: 81.14754098360656 %
---------------------------- FloorPlan Done ------------------------------
Chip Area: 1.46e+08 um^2
Chip ADC (or S/As and precharger for SRAM) Area: 7.02e+06 um^2 (4.82 %)
Chip IC Area (Global and Tile/PE local): 5.61e+06 um^2 (3.85 %)
Chip Accum (subarray level: adders, shiftAdds; PE/Tile/Global level: accumulation units) Area: 2.63e+07 um^2 (18.04 %)
Chip Other (e.g. decoders, mux, switchmatrix, buffers, IC, pooling and activation units) Area: 2.40e+07 um^2 (16.47 %)
Chip Popcnt Area: 7.67e+05 um^2 (0.53 %)
Chip Array Area: 6.93e+07 um^2 (47.60 %)
Time elapsed = 21.71 s
=============== Chip Clk Period Estimating ===============
Time elapsed after estimating layer 1 = 46.33 s
Chip Clk Period: 1.0281894905588658 ns
=============== Chip Performance Estimating ===============
Time elapsed before estimating layer 1 ts 1 ====> 118.47 s
TS 0 layer 1 readLatency: 1.92e+07 ns
TS 0 layer 1 bufferLatency: 1.86e+07 ns (97.26%)
TS 0 layer 1 icLatency: 2.04e+02 ns
TS 0 layer 1 coreLatencyADC: 3.22e+03 ns (0.02%)
TS 0 layer 1 coreLatencyAccum: 3.59e+05 ns (1.88%)
TS 0 layer 1 coreLatencyOther: 1.61e+05 ns (0.84%)
TS 0 layer 1 arrayReadLatency: 2.72e+05 ns (1.42%)
TS 0 layer 1 arrayLatencyADC: 3.22e+03 ns (0.02%)
TS 0 layer 1 arrayLatencyAccum: 2.69e+05 ns (1.40%)
TS 0 layer 1 arrayLatencyOther: 0.00e+00 ns (0.00%)
TS 0 layer 1 readLatencyBuffer: 1.86e+07 ns (97.27%)
TS 0 layer 1 readLatencyIC: 4.09e+02 ns (0.00%)
TS 0 layer 1 readDynamicEnergy: 1.15e+08 pJ
TS 0 layer 1 leakagePower: 356.96 uW
TS 0 layer 1 leakageEnergy: 6.84e+06 pJ
TS 0 layer 1 bufferDynamicEnergy: 1.86e+06 pJ (1.61%)
TS 0 layer 1 icDynamicEnergy: 1.11e+04 pJ (0.01%)
TS 0 layer 1 coreEnergyADC: 4.71e+05 pJ (0.41%)
TS 0 layer 1 coreEnergyAccum: 1.10e+08 pJ (95.25%)
TS 0 layer 1 coreEnergyOther: 6.39e+05 pJ (0.55%)
TS 0 layer 1 coreEnergyPopcnt: 2.50e+06 pJ (2.17%)
TS 0 layer 1 arrayReadDynamicEnergy: 1.13e+08 pJ (97.81%)
TS 0 layer 1 arrayEnergyADC: 4.71e+05 pJ (0.41%)
TS 0 layer 1 arrayEnergyAccum: 1.10e+08 pJ (95.23%)
TS 0 layer 1 arrayEnergyOther: 0.00e+00 pJ (0.00%)
TS 0 layer 1 arrayEnergyPopcnt: 2.50e+06 pJ (2.17%)
TS 0 layer 1 readDynamicEnergyBuffer: 1.86e+06 pJ (1.62%)
TS 0 layer 1 readDynamicEnergyIC: 2.71e+04 pJ (0.02%)
Time elapsed before estimating layer 2 ts 1 ====> 189.49 s
TS 0 layer 2 readLatency: 1.92e+07 ns
TS 0 layer 2 bufferLatency: 1.86e+07 ns (97.07%)
TS 0 layer 2 icLatency: 2.04e+02 ns
TS 0 layer 2 coreLatencyADC: 3.22e+03 ns (0.02%)
TS 0 layer 2 coreLatencyAccum: 3.99e+05 ns (2.08%)
TS 0 layer 2 coreLatencyOther: 1.61e+05 ns (0.84%)
TS 0 layer 2 arrayReadLatency: 3.11e+05 ns (1.62%)
TS 0 layer 2 arrayLatencyADC: 3.22e+03 ns (0.02%)
TS 0 layer 2 arrayLatencyAccum: 3.08e+05 ns (1.60%)
TS 0 layer 2 arrayLatencyOther: 0.00e+00 ns (0.00%)
TS 0 layer 2 readLatencyBuffer: 1.86e+07 ns (97.07%)
TS 0 layer 2 readLatencyIC: 4.09e+02 ns (0.00%)
TS 0 layer 2 readDynamicEnergy: 1.29e+08 pJ
TS 0 layer 2 leakagePower: 356.96 uW
TS 0 layer 2 leakageEnergy: 6.85e+06 pJ
TS 0 layer 2 bufferDynamicEnergy: 1.86e+06 pJ (1.44%)
TS 0 layer 2 icDynamicEnergy: 1.11e+04 pJ (0.01%)
TS 0 layer 2 coreEnergyADC: 4.71e+05 pJ (0.37%)
TS 0 layer 2 coreEnergyAccum: 1.23e+08 pJ (95.74%)
TS 0 layer 2 coreEnergyOther: 6.39e+05 pJ (0.50%)
TS 0 layer 2 coreEnergyPopcnt: 2.50e+06 pJ (1.94%)
TS 0 layer 2 arrayReadDynamicEnergy: 1.26e+08 pJ (98.04%)
TS 0 layer 2 arrayEnergyADC: 4.71e+05 pJ (0.37%)
TS 0 layer 2 arrayEnergyAccum: 1.23e+08 pJ (95.73%)
TS 0 layer 2 arrayEnergyOther: 0.00e+00 pJ (0.00%)
TS 0 layer 2 arrayEnergyPopcnt: 2.50e+06 pJ (1.94%)
TS 0 layer 2 readDynamicEnergyBuffer: 1.86e+06 pJ (1.45%)
TS 0 layer 2 readDynamicEnergyIC: 2.71e+04 pJ (0.02%)
Time elapsed before estimating layer 3 ts 1 ====> 265.19 s
TS 0 layer 3 readLatency: 1.92e+07 ns
TS 0 layer 3 bufferLatency: 1.86e+07 ns (97.20%)
TS 0 layer 3 icLatency: 2.04e+02 ns
TS 0 layer 3 coreLatencyADC: 3.22e+03 ns (0.02%)
TS 0 layer 3 coreLatencyAccum: 3.72e+05 ns (1.94%)
TS 0 layer 3 coreLatencyOther: 1.61e+05 ns (0.84%)
TS 0 layer 3 arrayReadLatency: 2.85e+05 ns (1.49%)
TS 0 layer 3 arrayLatencyADC: 3.22e+03 ns (0.02%)
TS 0 layer 3 arrayLatencyAccum: 2.82e+05 ns (1.47%)
TS 0 layer 3 arrayLatencyOther: 0.00e+00 ns (0.00%)
TS 0 layer 3 readLatencyBuffer: 1.86e+07 ns (97.21%)
TS 0 layer 3 readLatencyIC: 4.09e+02 ns (0.00%)
TS 0 layer 3 readDynamicEnergy: 1.35e+08 pJ
TS 0 layer 3 leakagePower: 356.96 uW
TS 0 layer 3 leakageEnergy: 6.84e+06 pJ
TS 0 layer 3 bufferDynamicEnergy: 1.86e+06 pJ (1.38%)
TS 0 layer 3 icDynamicEnergy: 1.11e+04 pJ (0.01%)
TS 0 layer 3 coreEnergyADC: 4.71e+05 pJ (0.35%)
TS 0 layer 3 coreEnergyAccum: 1.29e+08 pJ (95.94%)
TS 0 layer 3 coreEnergyOther: 6.39e+05 pJ (0.47%)
TS 0 layer 3 coreEnergyPopcnt: 2.50e+06 pJ (1.85%)
TS 0 layer 3 arrayReadDynamicEnergy: 1.32e+08 pJ (98.13%)
TS 0 layer 3 arrayEnergyADC: 4.71e+05 pJ (0.35%)
TS 0 layer 3 arrayEnergyAccum: 1.29e+08 pJ (95.92%)
TS 0 layer 3 arrayEnergyOther: 0.00e+00 pJ (0.00%)
TS 0 layer 3 arrayEnergyPopcnt: 2.50e+06 pJ (1.85%)
TS 0 layer 3 readDynamicEnergyBuffer: 1.86e+06 pJ (1.38%)
TS 0 layer 3 readDynamicEnergyIC: 2.71e+04 pJ (0.02%)
Time elapsed before estimating layer 4 ts 1 ====> 336.49 s
TS 0 layer 4 readLatency: 1.92e+07 ns
TS 0 layer 4 bufferLatency: 1.86e+07 ns (96.82%)
TS 0 layer 4 icLatency: 2.04e+02 ns
TS 0 layer 4 coreLatencyADC: 3.22e+03 ns (0.02%)
TS 0 layer 4 coreLatencyAccum: 4.48e+05 ns (2.33%)
TS 0 layer 4 coreLatencyOther: 1.61e+05 ns (0.84%)
TS 0 layer 4 arrayReadLatency: 3.60e+05 ns (1.87%)
TS 0 layer 4 arrayLatencyADC: 3.22e+03 ns (0.02%)
TS 0 layer 4 arrayLatencyAccum: 3.57e+05 ns (1.85%)
TS 0 layer 4 arrayLatencyOther: 0.00e+00 ns (0.00%)
TS 0 layer 4 readLatencyBuffer: 1.86e+07 ns (96.83%)
TS 0 layer 4 readLatencyIC: 4.09e+02 ns (0.00%)
TS 0 layer 4 readDynamicEnergy: 1.63e+08 pJ
TS 0 layer 4 leakagePower: 356.96 uW
TS 0 layer 4 leakageEnergy: 6.87e+06 pJ
TS 0 layer 4 bufferDynamicEnergy: 1.86e+06 pJ (1.14%)
TS 0 layer 4 icDynamicEnergy: 1.11e+04 pJ (0.01%)
TS 0 layer 4 coreEnergyADC: 4.71e+05 pJ (0.29%)
TS 0 layer 4 coreEnergyAccum: 1.58e+08 pJ (96.65%)
TS 0 layer 4 coreEnergyOther: 6.39e+05 pJ (0.39%)
TS 0 layer 4 coreEnergyPopcnt: 2.50e+06 pJ (1.53%)
TS 0 layer 4 arrayReadDynamicEnergy: 1.61e+08 pJ (98.45%)
TS 0 layer 4 arrayEnergyADC: 4.71e+05 pJ (0.29%)
TS 0 layer 4 arrayEnergyAccum: 1.58e+08 pJ (96.64%)
TS 0 layer 4 arrayEnergyOther: 0.00e+00 pJ (0.00%)
TS 0 layer 4 arrayEnergyPopcnt: 2.50e+06 pJ (1.53%)
TS 0 layer 4 readDynamicEnergyBuffer: 1.86e+06 pJ (1.14%)
TS 0 layer 4 readDynamicEnergyIC: 2.71e+04 pJ (0.02%)
Time elapsed before estimating layer 5 ts 1 ====> 354.94 s
TS 0 layer 5 readLatency: 5.34e+06 ns
TS 0 layer 5 bufferLatency: 5.13e+06 ns (95.91%)
TS 0 layer 5 icLatency: 3.52e+02 ns
TS 0 layer 5 coreLatencyADC: 1.61e+03 ns (0.03%)
TS 0 layer 5 coreLatencyAccum: 1.36e+05 ns (2.54%)
TS 0 layer 5 coreLatencyOther: 8.06e+04 ns (1.51%)
TS 0 layer 5 arrayReadLatency: 1.15e+05 ns (2.14%)
TS 0 layer 5 arrayLatencyADC: 1.61e+03 ns (0.03%)
TS 0 layer 5 arrayLatencyAccum: 1.13e+05 ns (2.11%)
TS 0 layer 5 arrayLatencyOther: 0.00e+00 ns (0.00%)
TS 0 layer 5 readLatencyBuffer: 5.13e+06 ns (95.97%)
TS 0 layer 5 readLatencyIC: 7.05e+02 ns (0.01%)
TS 0 layer 5 readDynamicEnergy: 5.98e+07 pJ
TS 0 layer 5 leakagePower: 652.55 uW
TS 0 layer 5 leakageEnergy: 3.49e+06 pJ
TS 0 layer 5 bufferDynamicEnergy: 4.69e+05 pJ (0.78%)
TS 0 layer 5 icDynamicEnergy: 2.04e+04 pJ (0.03%)
TS 0 layer 5 coreEnergyADC: 2.36e+05 pJ (0.39%)
TS 0 layer 5 coreEnergyAccum: 5.82e+07 pJ (97.21%)
TS 0 layer 5 coreEnergyOther: 3.19e+05 pJ (0.53%)
TS 0 layer 5 coreEnergyPopcnt: 6.24e+05 pJ (1.04%)
TS 0 layer 5 arrayReadDynamicEnergy: 5.90e+07 pJ (98.64%)
TS 0 layer 5 arrayEnergyADC: 2.36e+05 pJ (0.39%)
TS 0 layer 5 arrayEnergyAccum: 5.82e+07 pJ (97.20%)
TS 0 layer 5 arrayEnergyOther: 0.00e+00 pJ (0.00%)
TS 0 layer 5 arrayEnergyPopcnt: 6.24e+05 pJ (1.04%)
TS 0 layer 5 readDynamicEnergyBuffer: 4.75e+05 pJ (0.79%)
TS 0 layer 5 readDynamicEnergyIC: 5.06e+04 pJ (0.08%)
Time elapsed before estimating layer 6 ts 1 ====> 388.58 s
TS 0 layer 6 readLatency: 2.08e+07 ns
TS 0 layer 6 bufferLatency: 2.01e+07 ns (96.67%)
TS 0 layer 6 icLatency: 7.05e+02 ns
TS 0 layer 6 coreLatencyADC: 6.45e+03 ns (0.03%)
TS 0 layer 6 coreLatencyAccum: 6.04e+05 ns (2.91%)
TS 0 layer 6 coreLatencyOther: 8.06e+04 ns (0.39%)
TS 0 layer 6 arrayReadLatency: 5.98e+05 ns (2.88%)
TS 0 layer 6 arrayLatencyADC: 6.45e+03 ns (0.03%)
TS 0 layer 6 arrayLatencyAccum: 5.92e+05 ns (2.85%)
TS 0 layer 6 arrayLatencyOther: 0.00e+00 ns (0.00%)
TS 0 layer 6 readLatencyBuffer: 2.01e+07 ns (96.70%)
TS 0 layer 6 readLatencyIC: 1.41e+03 ns (0.01%)
TS 0 layer 6 readDynamicEnergy: 9.41e+07 pJ
TS 0 layer 6 leakagePower: 1193.18 uW
TS 0 layer 6 leakageEnergy: 2.48e+07 pJ
TS 0 layer 6 bufferDynamicEnergy: 9.42e+05 pJ (1.00%)
TS 0 layer 6 icDynamicEnergy: 7.80e+04 pJ (0.08%)
TS 0 layer 6 coreEnergyADC: 4.71e+05 pJ (0.50%)
TS 0 layer 6 coreEnergyAccum: 9.10e+07 pJ (96.75%)
TS 0 layer 6 coreEnergyOther: 3.19e+05 pJ (0.34%)
TS 0 layer 6 coreEnergyPopcnt: 1.25e+06 pJ (1.33%)
TS 0 layer 6 arrayReadDynamicEnergy: 9.27e+07 pJ (98.56%)
TS 0 layer 6 arrayEnergyADC: 4.71e+05 pJ (0.50%)
TS 0 layer 6 arrayEnergyAccum: 9.10e+07 pJ (96.74%)
TS 0 layer 6 arrayEnergyOther: 0.00e+00 pJ (0.00%)
TS 0 layer 6 arrayEnergyPopcnt: 1.25e+06 pJ (1.33%)
TS 0 layer 6 readDynamicEnergyBuffer: 9.67e+05 pJ (1.03%)
TS 0 layer 6 readDynamicEnergyIC: 1.95e+05 pJ (0.21%)
Time elapsed before estimating layer 7 ts 1 ====> 421.87 s
TS 0 layer 7 readLatency: 2.06e+07 ns
TS 0 layer 7 bufferLatency: 2.01e+07 ns (97.52%)
TS 0 layer 7 icLatency: 7.05e+02 ns
TS 0 layer 7 coreLatencyADC: 6.45e+03 ns (0.03%)
TS 0 layer 7 coreLatencyAccum: 4.23e+05 ns (2.05%)
TS 0 layer 7 coreLatencyOther: 8.06e+04 ns (0.39%)
TS 0 layer 7 arrayReadLatency: 4.17e+05 ns (2.03%)
TS 0 layer 7 arrayLatencyADC: 6.45e+03 ns (0.03%)
TS 0 layer 7 arrayLatencyAccum: 4.11e+05 ns (2.00%)
TS 0 layer 7 arrayLatencyOther: 0.00e+00 ns (0.00%)
TS 0 layer 7 readLatencyBuffer: 2.01e+07 ns (97.55%)
TS 0 layer 7 readLatencyIC: 1.41e+03 ns (0.01%)
TS 0 layer 7 readDynamicEnergy: 8.13e+07 pJ
TS 0 layer 7 leakagePower: 1193.18 uW
TS 0 layer 7 leakageEnergy: 2.46e+07 pJ
TS 0 layer 7 bufferDynamicEnergy: 9.42e+05 pJ (1.16%)
TS 0 layer 7 icDynamicEnergy: 7.80e+04 pJ (0.10%)
TS 0 layer 7 coreEnergyADC: 4.71e+05 pJ (0.58%)
TS 0 layer 7 coreEnergyAccum: 7.82e+07 pJ (96.24%)
TS 0 layer 7 coreEnergyOther: 3.19e+05 pJ (0.39%)
TS 0 layer 7 coreEnergyPopcnt: 1.25e+06 pJ (1.54%)
TS 0 layer 7 arrayReadDynamicEnergy: 7.99e+07 pJ (98.34%)
TS 0 layer 7 arrayEnergyADC: 4.71e+05 pJ (0.58%)
TS 0 layer 7 arrayEnergyAccum: 7.82e+07 pJ (96.22%)
TS 0 layer 7 arrayEnergyOther: 0.00e+00 pJ (0.00%)
TS 0 layer 7 arrayEnergyPopcnt: 1.25e+06 pJ (1.54%)
TS 0 layer 7 readDynamicEnergyBuffer: 9.67e+05 pJ (1.19%)
TS 0 layer 7 readDynamicEnergyIC: 1.95e+05 pJ (0.24%)
Time elapsed before estimating layer 8 ts 1 ====> 454.35 s
TS 0 layer 8 readLatency: 2.08e+07 ns
TS 0 layer 8 bufferLatency: 2.01e+07 ns (96.32%)
TS 0 layer 8 icLatency: 7.05e+02 ns
TS 0 layer 8 coreLatencyADC: 6.45e+03 ns (0.03%)
TS 0 layer 8 coreLatencyAccum: 6.78e+05 ns (3.25%)
TS 0 layer 8 coreLatencyOther: 8.06e+04 ns (0.39%)
TS 0 layer 8 arrayReadLatency: 6.73e+05 ns (3.23%)
TS 0 layer 8 arrayLatencyADC: 6.45e+03 ns (0.03%)
TS 0 layer 8 arrayLatencyAccum: 6.66e+05 ns (3.20%)
TS 0 layer 8 arrayLatencyOther: 0.00e+00 ns (0.00%)
TS 0 layer 8 readLatencyBuffer: 2.01e+07 ns (96.35%)
TS 0 layer 8 readLatencyIC: 1.41e+03 ns (0.01%)
TS 0 layer 8 readDynamicEnergy: 1.06e+08 pJ
TS 0 layer 8 leakagePower: 1193.18 uW
TS 0 layer 8 leakageEnergy: 2.49e+07 pJ
TS 0 layer 8 bufferDynamicEnergy: 9.42e+05 pJ (0.89%)
TS 0 layer 8 icDynamicEnergy: 7.80e+04 pJ (0.07%)
TS 0 layer 8 coreEnergyADC: 4.71e+05 pJ (0.45%)
TS 0 layer 8 coreEnergyAccum: 1.03e+08 pJ (97.11%)
TS 0 layer 8 coreEnergyOther: 3.19e+05 pJ (0.30%)
TS 0 layer 8 coreEnergyPopcnt: 1.25e+06 pJ (1.18%)
TS 0 layer 8 arrayReadDynamicEnergy: 1.04e+08 pJ (98.72%)
TS 0 layer 8 arrayEnergyADC: 4.71e+05 pJ (0.45%)
TS 0 layer 8 arrayEnergyAccum: 1.03e+08 pJ (97.10%)
TS 0 layer 8 arrayEnergyOther: 0.00e+00 pJ (0.00%)
TS 0 layer 8 arrayEnergyPopcnt: 1.25e+06 pJ (1.18%)
TS 0 layer 8 readDynamicEnergyBuffer: 9.67e+05 pJ (0.91%)
TS 0 layer 8 readDynamicEnergyIC: 1.95e+05 pJ (0.18%)
Time elapsed before estimating layer 9 ts 1 ====> 466.80 s
TS 0 layer 9 readLatency: 3.02e+06 ns
TS 0 layer 9 bufferLatency: 2.77e+06 ns (91.67%)
TS 0 layer 9 icLatency: 1.30e+03 ns
TS 0 layer 9 coreLatencyADC: 1.61e+03 ns (0.05%)
TS 0 layer 9 coreLatencyAccum: 2.08e+05 ns (6.90%)
TS 0 layer 9 coreLatencyOther: 4.03e+04 ns (1.33%)
TS 0 layer 9 arrayReadLatency: 2.03e+05 ns (6.70%)
TS 0 layer 9 arrayLatencyADC: 1.61e+03 ns (0.05%)
TS 0 layer 9 arrayLatencyAccum: 2.01e+05 ns (6.65%)
TS 0 layer 9 arrayLatencyOther: 0.00e+00 ns (0.00%)
TS 0 layer 9 readLatencyBuffer: 2.78e+06 ns (92.02%)
TS 0 layer 9 readLatencyIC: 2.59e+03 ns (0.09%)
TS 0 layer 9 readDynamicEnergy: 8.32e+07 pJ
TS 0 layer 9 leakagePower: 2276.42 uW
TS 0 layer 9 leakageEnergy: 6.88e+06 pJ
TS 0 layer 9 bufferDynamicEnergy: 2.59e+05 pJ (0.31%)
TS 0 layer 9 icDynamicEnergy: 1.49e+05 pJ (0.18%)
TS 0 layer 9 coreEnergyADC: 2.36e+05 pJ (0.28%)
TS 0 layer 9 coreEnergyAccum: 8.17e+07 pJ (98.28%)
TS 0 layer 9 coreEnergyOther: 1.60e+05 pJ (0.19%)
TS 0 layer 9 coreEnergyPopcnt: 6.24e+05 pJ (0.75%)
TS 0 layer 9 arrayReadDynamicEnergy: 8.26e+07 pJ (99.29%)
TS 0 layer 9 arrayEnergyADC: 2.36e+05 pJ (0.28%)
TS 0 layer 9 arrayEnergyAccum: 8.17e+07 pJ (98.26%)
TS 0 layer 9 arrayEnergyOther: 0.00e+00 pJ (0.00%)
TS 0 layer 9 arrayEnergyPopcnt: 6.24e+05 pJ (0.75%)
TS 0 layer 9 readDynamicEnergyBuffer: 3.07e+05 pJ (0.37%)
TS 0 layer 9 readDynamicEnergyIC: 3.75e+05 pJ (0.45%)
Time elapsed before estimating layer 10 ts 1 ====> 490.36 s
TS 0 layer 10 readLatency: 1.08e+07 ns
TS 0 layer 10 bufferLatency: 1.01e+07 ns (92.88%)
TS 0 layer 10 icLatency: 2.59e+03 ns
TS 0 layer 10 coreLatencyADC: 6.45e+03 ns (0.06%)
TS 0 layer 10 coreLatencyAccum: 7.21e+05 ns (6.66%)
TS 0 layer 10 coreLatencyOther: 4.03e+04 ns (0.37%)
TS 0 layer 10 arrayReadLatency: 7.26e+05 ns (6.71%)
TS 0 layer 10 arrayLatencyADC: 6.45e+03 ns (0.06%)
TS 0 layer 10 arrayLatencyAccum: 7.20e+05 ns (6.65%)
TS 0 layer 10 arrayLatencyOther: 0.00e+00 ns (0.00%)
TS 0 layer 10 readLatencyBuffer: 1.01e+07 ns (93.08%)
TS 0 layer 10 readLatencyIC: 5.19e+03 ns (0.05%)
TS 0 layer 10 readDynamicEnergy: 1.51e+08 pJ
TS 0 layer 10 leakagePower: 4552.85 uW
TS 0 layer 10 leakageEnergy: 4.93e+07 pJ
TS 0 layer 10 bufferDynamicEnergy: 5.69e+05 pJ (0.38%)
TS 0 layer 10 icDynamicEnergy: 5.96e+05 pJ (0.40%)
TS 0 layer 10 coreEnergyADC: 4.71e+05 pJ (0.31%)
TS 0 layer 10 coreEnergyAccum: 1.48e+08 pJ (97.98%)
TS 0 layer 10 coreEnergyOther: 1.60e+05 pJ (0.11%)
TS 0 layer 10 coreEnergyPopcnt: 1.25e+06 pJ (0.83%)
TS 0 layer 10 arrayReadDynamicEnergy: 1.49e+08 pJ (99.07%)
TS 0 layer 10 arrayEnergyADC: 4.71e+05 pJ (0.31%)
TS 0 layer 10 arrayEnergyAccum: 1.48e+08 pJ (97.93%)
TS 0 layer 10 arrayEnergyOther: 0.00e+00 pJ (0.00%)
TS 0 layer 10 arrayEnergyPopcnt: 1.25e+06 pJ (0.83%)
TS 0 layer 10 readDynamicEnergyBuffer: 7.63e+05 pJ (0.51%)
TS 0 layer 10 readDynamicEnergyIC: 1.50e+06 pJ (1.00%)
Time elapsed before estimating layer 11 ts 1 ====> 513.13 s
TS 0 layer 11 readLatency: 1.09e+07 ns
TS 0 layer 11 bufferLatency: 1.01e+07 ns (92.37%)
TS 0 layer 11 icLatency: 2.59e+03 ns
TS 0 layer 11 coreLatencyADC: 6.45e+03 ns (0.06%)
TS 0 layer 11 coreLatencyAccum: 7.80e+05 ns (7.17%)
TS 0 layer 11 coreLatencyOther: 4.03e+04 ns (0.37%)
TS 0 layer 11 arrayReadLatency: 7.86e+05 ns (7.22%)
TS 0 layer 11 arrayLatencyADC: 6.45e+03 ns (0.06%)
TS 0 layer 11 arrayLatencyAccum: 7.79e+05 ns (7.16%)
TS 0 layer 11 arrayLatencyOther: 0.00e+00 ns (0.00%)
TS 0 layer 11 readLatencyBuffer: 1.01e+07 ns (92.57%)
TS 0 layer 11 readLatencyIC: 5.19e+03 ns (0.05%)
TS 0 layer 11 readDynamicEnergy: 1.69e+08 pJ
TS 0 layer 11 leakagePower: 4552.85 uW
TS 0 layer 11 leakageEnergy: 4.95e+07 pJ
TS 0 layer 11 bufferDynamicEnergy: 5.69e+05 pJ (0.34%)
TS 0 layer 11 icDynamicEnergy: 5.96e+05 pJ (0.35%)
TS 0 layer 11 coreEnergyADC: 4.71e+05 pJ (0.28%)
TS 0 layer 11 coreEnergyAccum: 1.66e+08 pJ (98.20%)
TS 0 layer 11 coreEnergyOther: 1.60e+05 pJ (0.09%)
TS 0 layer 11 coreEnergyPopcnt: 1.25e+06 pJ (0.74%)
TS 0 layer 11 arrayReadDynamicEnergy: 1.67e+08 pJ (99.17%)
TS 0 layer 11 arrayEnergyADC: 4.71e+05 pJ (0.28%)
TS 0 layer 11 arrayEnergyAccum: 1.66e+08 pJ (98.15%)
TS 0 layer 11 arrayEnergyOther: 0.00e+00 pJ (0.00%)
TS 0 layer 11 arrayEnergyPopcnt: 1.25e+06 pJ (0.74%)
TS 0 layer 11 readDynamicEnergyBuffer: 7.63e+05 pJ (0.45%)
TS 0 layer 11 readDynamicEnergyIC: 1.50e+06 pJ (0.89%)
Time elapsed before estimating layer 12 ts 1 ====> 535.30 s
TS 0 layer 12 readLatency: 1.09e+07 ns
TS 0 layer 12 bufferLatency: 1.01e+07 ns (91.97%)
TS 0 layer 12 icLatency: 2.59e+03 ns
TS 0 layer 12 coreLatencyADC: 6.45e+03 ns (0.06%)
TS 0 layer 12 coreLatencyAccum: 8.28e+05 ns (7.58%)
TS 0 layer 12 coreLatencyOther: 4.03e+04 ns (0.37%)
TS 0 layer 12 arrayReadLatency: 8.34e+05 ns (7.63%)
TS 0 layer 12 arrayLatencyADC: 6.45e+03 ns (0.06%)
TS 0 layer 12 arrayLatencyAccum: 8.27e+05 ns (7.57%)
TS 0 layer 12 arrayLatencyOther: 0.00e+00 ns (0.00%)
TS 0 layer 12 readLatencyBuffer: 1.01e+07 ns (92.17%)
TS 0 layer 12 readLatencyIC: 5.19e+03 ns (0.05%)
TS 0 layer 12 readDynamicEnergy: 1.82e+08 pJ
TS 0 layer 12 leakagePower: 4552.85 uW
TS 0 layer 12 leakageEnergy: 4.98e+07 pJ
TS 0 layer 12 bufferDynamicEnergy: 5.69e+05 pJ (0.31%)
TS 0 layer 12 icDynamicEnergy: 5.96e+05 pJ (0.33%)
TS 0 layer 12 coreEnergyADC: 4.71e+05 pJ (0.26%)
TS 0 layer 12 coreEnergyAccum: 1.79e+08 pJ (98.33%)
TS 0 layer 12 coreEnergyOther: 1.60e+05 pJ (0.09%)
TS 0 layer 12 coreEnergyPopcnt: 1.25e+06 pJ (0.69%)
TS 0 layer 12 arrayReadDynamicEnergy: 1.81e+08 pJ (99.23%)
TS 0 layer 12 arrayEnergyADC: 4.71e+05 pJ (0.26%)
TS 0 layer 12 arrayEnergyAccum: 1.79e+08 pJ (98.29%)
TS 0 layer 12 arrayEnergyOther: 0.00e+00 pJ (0.00%)
TS 0 layer 12 arrayEnergyPopcnt: 1.25e+06 pJ (0.69%)
TS 0 layer 12 readDynamicEnergyBuffer: 7.63e+05 pJ (0.42%)
TS 0 layer 12 readDynamicEnergyIC: 1.50e+06 pJ (0.82%)
Time elapsed before estimating layer 13 ts 1 ====> 545.81 s
TS 0 layer 13 readLatency: 1.61e+06 ns
TS 0 layer 13 bufferLatency: 1.42e+06 ns (88.17%)
TS 0 layer 13 icLatency: 4.96e+03 ns
TS 0 layer 13 coreLatencyADC: 1.61e+03 ns (0.10%)
TS 0 layer 13 coreLatencyAccum: 1.64e+05 ns (10.17%)
TS 0 layer 13 coreLatencyOther: 2.02e+04 ns (1.25%)
TS 0 layer 13 arrayReadLatency: 1.63e+05 ns (10.11%)
TS 0 layer 13 arrayLatencyADC: 1.61e+03 ns (0.10%)
TS 0 layer 13 arrayLatencyAccum: 1.61e+05 ns (10.01%)
TS 0 layer 13 arrayLatencyOther: 0.00e+00 ns (0.00%)
TS 0 layer 13 readLatencyBuffer: 1.46e+06 ns (90.70%)
TS 0 layer 13 readLatencyIC: 9.93e+03 ns (0.62%)
TS 0 layer 13 readDynamicEnergy: 7.52e+07 pJ
TS 0 layer 13 leakagePower: 8886.50 uW
TS 0 layer 13 leakageEnergy: 1.43e+07 pJ
TS 0 layer 13 bufferDynamicEnergy: 3.20e+05 pJ (0.43%)
TS 0 layer 13 icDynamicEnergy: 1.16e+06 pJ (1.55%)
TS 0 layer 13 coreEnergyADC: 2.36e+05 pJ (0.31%)
TS 0 layer 13 coreEnergyAccum: 7.27e+07 pJ (96.77%)
TS 0 layer 13 coreEnergyOther: 7.98e+04 pJ (0.11%)
TS 0 layer 13 coreEnergyPopcnt: 6.24e+05 pJ (0.83%)
TS 0 layer 13 arrayReadDynamicEnergy: 7.34e+07 pJ (97.71%)
TS 0 layer 13 arrayEnergyADC: 2.36e+05 pJ (0.31%)
TS 0 layer 13 arrayEnergyAccum: 7.26e+07 pJ (96.56%)
TS 0 layer 13 arrayEnergyOther: 0.00e+00 pJ (0.00%)
TS 0 layer 13 arrayEnergyPopcnt: 6.24e+05 pJ (0.83%)
TS 0 layer 13 readDynamicEnergyBuffer: 6.97e+05 pJ (0.93%)
TS 0 layer 13 readDynamicEnergyIC: 2.94e+06 pJ (3.92%)
Time elapsed before estimating layer 14 ts 1 ====> 566.56 s
TS 0 layer 14 readLatency: 2.82e+06 ns
TS 0 layer 14 bufferLatency: 2.59e+06 ns (91.90%)
TS 0 layer 14 icLatency: 9.93e+03 ns
TS 0 layer 14 coreLatencyADC: 3.22e+03 ns (0.11%)
TS 0 layer 14 coreLatencyAccum: 1.95e+05 ns (6.92%)
TS 0 layer 14 coreLatencyOther: 2.02e+04 ns (0.72%)
TS 0 layer 14 arrayReadLatency: 1.95e+05 ns (6.91%)
TS 0 layer 14 arrayLatencyADC: 3.22e+03 ns (0.11%)
TS 0 layer 14 arrayLatencyAccum: 1.91e+05 ns (6.79%)
TS 0 layer 14 arrayLatencyOther: 0.00e+00 ns (0.00%)
TS 0 layer 14 readLatencyBuffer: 2.67e+06 ns (94.85%)
TS 0 layer 14 readLatencyIC: 1.99e+04 ns (0.70%)
TS 0 layer 14 readDynamicEnergy: 9.20e+07 pJ
TS 0 layer 14 leakagePower: 17773.00 uW
TS 0 layer 14 leakageEnergy: 5.01e+07 pJ
TS 0 layer 14 bufferDynamicEnergy: 1.05e+06 pJ (1.14%)
TS 0 layer 14 icDynamicEnergy: 4.66e+06 pJ (5.06%)
TS 0 layer 14 coreEnergyADC: 4.71e+05 pJ (0.51%)
TS 0 layer 14 coreEnergyAccum: 8.45e+07 pJ (91.84%)
TS 0 layer 14 coreEnergyOther: 7.98e+04 pJ (0.09%)
TS 0 layer 14 coreEnergyPopcnt: 1.25e+06 pJ (1.36%)
TS 0 layer 14 arrayReadDynamicEnergy: 8.56e+07 pJ (93.03%)
TS 0 layer 14 arrayEnergyADC: 4.71e+05 pJ (0.51%)
TS 0 layer 14 arrayEnergyAccum: 8.39e+07 pJ (91.16%)
TS 0 layer 14 arrayEnergyOther: 0.00e+00 pJ (0.00%)
TS 0 layer 14 arrayEnergyPopcnt: 1.25e+06 pJ (1.36%)
TS 0 layer 14 readDynamicEnergyBuffer: 2.56e+06 pJ (2.78%)
TS 0 layer 14 readDynamicEnergyIC: 1.18e+07 pJ (12.80%)
Time elapsed before estimating layer 15 ts 1 ====> 587.56 s
TS 0 layer 15 readLatency: 2.81e+06 ns
TS 0 layer 15 bufferLatency: 2.59e+06 ns (92.01%)
TS 0 layer 15 icLatency: 9.93e+03 ns
TS 0 layer 15 coreLatencyADC: 3.22e+03 ns (0.11%)
TS 0 layer 15 coreLatencyAccum: 1.92e+05 ns (6.81%)
TS 0 layer 15 coreLatencyOther: 2.02e+04 ns (0.72%)
TS 0 layer 15 arrayReadLatency: 1.91e+05 ns (6.80%)
TS 0 layer 15 arrayLatencyADC: 3.22e+03 ns (0.11%)
TS 0 layer 15 arrayLatencyAccum: 1.88e+05 ns (6.68%)
TS 0 layer 15 arrayLatencyOther: 0.00e+00 ns (0.00%)
TS 0 layer 15 readLatencyBuffer: 2.67e+06 ns (94.96%)
TS 0 layer 15 readLatencyIC: 1.99e+04 ns (0.71%)
TS 0 layer 15 readDynamicEnergy: 5.81e+07 pJ
TS 0 layer 15 leakagePower: 17773.00 uW
TS 0 layer 15 leakageEnergy: 5.00e+07 pJ
TS 0 layer 15 bufferDynamicEnergy: 1.05e+06 pJ (1.80%)
TS 0 layer 15 icDynamicEnergy: 4.66e+06 pJ (8.01%)
TS 0 layer 15 coreEnergyADC: 4.71e+05 pJ (0.81%)
TS 0 layer 15 coreEnergyAccum: 5.06e+07 pJ (87.10%)
TS 0 layer 15 coreEnergyOther: 7.98e+04 pJ (0.14%)
TS 0 layer 15 coreEnergyPopcnt: 1.25e+06 pJ (2.15%)
TS 0 layer 15 arrayReadDynamicEnergy: 5.17e+07 pJ (88.97%)
TS 0 layer 15 arrayEnergyADC: 4.71e+05 pJ (0.81%)
TS 0 layer 15 arrayEnergyAccum: 5.00e+07 pJ (86.01%)
TS 0 layer 15 arrayEnergyOther: 0.00e+00 pJ (0.00%)
TS 0 layer 15 arrayEnergyPopcnt: 1.25e+06 pJ (2.15%)
TS 0 layer 15 readDynamicEnergyBuffer: 2.56e+06 pJ (4.39%)
TS 0 layer 15 readDynamicEnergyIC: 1.18e+07 pJ (20.25%)
Time elapsed before estimating layer 16 ts 1 ====> 608.47 s
TS 0 layer 16 readLatency: 1.01e+06 ns
TS 0 layer 16 bufferLatency: 8.97e+05 ns (88.51%)
TS 0 layer 16 icLatency: 9.93e+03 ns
TS 0 layer 16 coreLatencyADC: 3.22e+03 ns (0.32%)
TS 0 layer 16 coreLatencyAccum: 8.08e+04 ns (7.98%)
TS 0 layer 16 coreLatencyOther: 2.24e+04 ns (2.21%)
TS 0 layer 16 arrayReadLatency: 8.06e+04 ns (7.95%)
TS 0 layer 16 arrayLatencyADC: 3.22e+03 ns (0.32%)
TS 0 layer 16 arrayLatencyAccum: 7.73e+04 ns (7.63%)
TS 0 layer 16 arrayLatencyOther: 0.00e+00 ns (0.00%)
TS 0 layer 16 readLatencyBuffer: 9.80e+05 ns (96.72%)
TS 0 layer 16 readLatencyIC: 1.99e+04 ns (1.96%)
TS 0 layer 16 readDynamicEnergy: 3.27e+07 pJ
TS 0 layer 16 leakagePower: 17773.00 uW
TS 0 layer 16 leakageEnergy: 1.80e+07 pJ
TS 0 layer 16 bufferDynamicEnergy: 8.72e+05 pJ (2.67%)
TS 0 layer 16 icDynamicEnergy: 4.66e+06 pJ (14.24%)
TS 0 layer 16 coreEnergyADC: 4.71e+05 pJ (1.44%)
TS 0 layer 16 coreEnergyAccum: 2.54e+07 pJ (77.59%)
TS 0 layer 16 coreEnergyOther: 7.98e+04 pJ (0.24%)
TS 0 layer 16 coreEnergyPopcnt: 1.25e+06 pJ (3.82%)
TS 0 layer 16 arrayReadDynamicEnergy: 2.65e+07 pJ (80.91%)
TS 0 layer 16 arrayEnergyADC: 4.71e+05 pJ (1.44%)
TS 0 layer 16 arrayEnergyAccum: 2.47e+07 pJ (75.65%)
TS 0 layer 16 arrayEnergyOther: 0.00e+00 pJ (0.00%)
TS 0 layer 16 arrayEnergyPopcnt: 1.25e+06 pJ (3.82%)
TS 0 layer 16 readDynamicEnergyBuffer: 2.38e+06 pJ (7.28%)
TS 0 layer 16 readDynamicEnergyIC: 1.18e+07 pJ (36.01%)
=============== Chip Performance Estimating Finish ===============
Max SNN Latency Layer: 7, Max Time Step: 6
SNN pipeline latency: 0.0208345700364265
Average of the snn layer latency (per timestep): 0.011762139908792655
Mean of the snn layer latency (per timestep): 0.011762139908792655
STD of the snn layer latency (per timestep): 0.007747411193022572
=============== Chip Area Analysis ===============
Chip Area: 1.46e+08 um^2
Chip ADC (or S/As and precharger for SRAM) Area: 7.02e+06 um^2 (4.82 %)
Chip IC Area (Global and Tile/PE local): 5.61e+06 um^2 (3.85 %)
Chip Accum (subarray level: adders, shiftAdds; PE/Tile/Global level: accumulation units) Area: 2.63e+07 um^2 (18.04 %)
Chip Other (e.g. decoders, mux, switchmatrix, buffers, IC, pooling and activation units) Area: 2.40e+07 um^2 (16.47 %)
Chip Popcnt Area: 7.67e+05 um^2 (0.53 %)
Chip Array Area: 6.93e+07 um^2 (47.60 %)
=============== Chip Latency Analysis ===============
Pipelined Clock Latency (per Layer per mergedTimeStep): 2.08e+07 ns
Buffer Latency (slowest timestep of the slowest layer): 2.01e+07 ns         (96.32 % of pipeline latency)
IC Latency (slowest timestep of the slowest layer): 7.05e+02 ns         (0.00 % of pipeline latency)
Core Latency ADC (slowest timestep of the slowest layer): 6.45e+03 ns         (0.03 % of pipeline latency)
Core Latency Accum (slowest timestep of the slowest layer): 6.78e+05 ns         (3.25 % of pipeline latency)
Core Latency Other (slowest timestep of the slowest layer): 8.06e+04 ns         (0.39 % of pipeline latency)
Array Read Latency (slowest timestep of the slowest layer): 6.73e+05 ns           (3.23 % of pipeline latency)
Array Latency ADC (slowest timestep of the slowest layer): 6.45e+03 ns           (0.03 % of pipeline latency)
Array Latency Accum (slowest timestep of the slowest layer): 6.66e+05 ns           (3.20 % of pipeline latency)
Array Latency Other (slowest timestep of the slowest layer): 0.00e+00 ns           (0.00 % of pipeline latency)
Read Latency Buffer (slowest timestep of the slowest layer): 2.01e+07 ns           (96.35 % of pipeline latency)
Read Latency IC (slowest timestep of the slowest layer): 1.41e+03 ns           (0.01 % of pipeline latency)
Total Read Latency (per image): 1.88e+08 ns
Total Buffer Latency (per image): 1.80e+08 ns         (95.80 % of total read latency)
Total IC Latency (per image): 4.71e+04 ns         (0.03 % of total read latency)
Total Core Latency ADC (per image): 6.61e+04 ns         (0.04 % of total read latency)
Total Core Latency Accum (per image): 6.59e+06 ns         (3.50 % of total read latency)
Total Core Latency Other (per image): 1.21e+06 ns         (0.64 % of total read latency)
Total Array Read Latency (per image): 6.21e+06 ns         (3.30 % of total read latency)
Total Array Latency ADC (per image): 6.61e+04 ns         (0.04 % of total read latency)
Total Array Latency Accum (per image): 6.14e+06 ns         (3.26 % of total read latency)
Total Array Latency Other (per image): 0.00e+00 ns         (0.00 % of total read latency)
Total Read Latency Buffer (per image): 1.81e+08 ns         (96.01 % of total read latency)
Total Read Latency IC (per image): 9.42e+04 ns         (0.05 % of total read latency)
=============== Chip Energy Analysis ===============
Total Read Dynamic Energy (per image): 1.73e+09 pJ
Total Buffer Dynamic Energy (per image): 1.60e+07 pJ         (0.93 % of total read dynamic energy)
Total IC Dynamic Energy (per image): 1.74e+07 pJ         (1.01 % of total read dynamic energy)
Total Core Energy ADC (per image): 6.83e+06 pJ         (0.40 % of total read dynamic energy)
Total Core Energy Accum (per image): 1.66e+09 pJ         (96.06 % of total read dynamic energy)
Total Core Energy Other (per image): 4.79e+06 pJ         (0.28 % of total read dynamic energy)
Total Core Energy Popcnt (per image): 2.31e+07 pJ         (1.34 % of total read dynamic energy)
Total Leakage Power (per image): 83800.39 uW
Total Leakage Energy (per image): 1.75e+09 pJ
Total Array Read Dynamic Energy (per image): 1.69e+09 pJ (97.65 % of total read dynamic energy)
Total Array Energy ADC (per image): 6.83e+06 pJ (0.40 % of total read dynamic energy)
Total Array Energy Accum (per image): 1.66e+09 pJ (95.92 % of total read dynamic energy)
Total Array Energy Other (per image): 0.00e+00 pJ (0.00 % of total read dynamic energy)
Total Array Energy Popcnt (per image): 2.31e+07 pJ (1.34 % of total read dynamic energy)
Total Read Dynamic Energy Buffer (per image): 2.16e+07 pJ (1.25 % of total read dynamic energy)
Total Read Dynamic Energy IC (per image): 4.39e+07 pJ (2.54 % of total read dynamic energy)

=============== Chip Performance Estimating Finish ===============
Energy Efficiency TOPS/W (Pipelined Process without IC Energy): 104.24342775929429
Throughput TOPS (Pipelined Process with IC Delay): 21.085192275719642
Throughput FPS (Pipelined Process with IC Delay): 47.99715080520652
Compute Efficiency TOPS/mm^2 (Pipelined Process with IC Delay): 0.144720630560686
Simulation finished, total time elapsed = 608.47 s
