=============== Parameter Loading Finish ===============
Time elapsed = 0.04 s
=============== Network Structure Loading Finish ===============
{'IH': 128, 'IW': 128, 'Cin': 2, 'KH': 3, 'KW': 3, 'Cout': 128, 'pooling': 1, 'stride': 1, 'isSNN': 1, 'T': 100, 'weight_row': 128, 'weight_col': 18}
{'IH': 64, 'IW': 64, 'Cin': 128, 'KH': 3, 'KW': 3, 'Cout': 128, 'pooling': 1, 'stride': 1, 'isSNN': 1, 'T': 100, 'weight_row': 128, 'weight_col': 1152}
{'IH': 32, 'IW': 32, 'Cin': 128, 'KH': 3, 'KW': 3, 'Cout': 128, 'pooling': 1, 'stride': 1, 'isSNN': 1, 'T': 100, 'weight_row': 128, 'weight_col': 1152}
{'IH': 16, 'IW': 16, 'Cin': 128, 'KH': 3, 'KW': 3, 'Cout': 128, 'pooling': 1, 'stride': 1, 'isSNN': 1, 'T': 100, 'weight_row': 128, 'weight_col': 1152}
{'IH': 1, 'IW': 1, 'Cin': 8192, 'KH': 1, 'KW': 1, 'Cout': 512, 'pooling': 1, 'stride': 1, 'isSNN': 1, 'T': 100, 'weight_row': 512, 'weight_col': 8192}
{'IH': 1, 'IW': 1, 'Cin': 512, 'KH': 1, 'KW': 1, 'Cout': 11, 'pooling': 1, 'stride': 1, 'isSNN': 1, 'T': 100, 'weight_row': 11, 'weight_col': 512}

------------------------------ FloorPlan --------------------------------
Tile and PE size are optimized to maximize memory utilization ( = memory mapped by synapse / total memory on chip)
Desired Conventional Mapped Tile Storage Size: 1024 x 1024
Desired Conventional PE Storage Size: 512 x 512
User-defined SubArray Size: 128 x 128
----------------- # of tile used for each layer -----------------
Layer 1: 2
Layer 2: 18
Layer 3: 9
Layer 4: 9
Layer 5: 64
Layer 6: 4
----------------- Speed-up of each layer ------------------
Layer 1: 64
Layer 2: 16
Layer 3: 8
Layer 4: 8
Layer 5: 2
Layer 6: 8
----------------- Utilization of each layer ------------------
Layer 1: 0.5625
Layer 2: 1.0
Layer 3: 1.0
Layer 4: 1.0
Layer 5: 1.0
Layer 6: 0.0859375
Memory Utilization of Whole Chip: 95.7252358490566 %
---------------------------- FloorPlan Done ------------------------------
Chip Area: 3.67e+07 um^2
Chip ADC (or S/As and precharger for SRAM) Area: 1.53e+06 um^2 (4.15 %)
Chip IC Area (Global and Tile/PE local): 3.45e+06 um^2 (9.40 %)
Chip Accum (subarray level: adders, shiftAdds; PE/Tile/Global level: accumulation units) Area: 5.71e+06 um^2 (15.53 %)
Chip Other (e.g. decoders, mux, switchmatrix, buffers, IC, pooling and activation units) Area: 8.24e+06 um^2 (22.43 %)
Chip Popcnt Area: 0.00e+00 um^2 (0.00 %)
Chip Array Area: 1.51e+07 um^2 (41.00 %)
Time elapsed = 4.17 s
=============== Chip Clk Period Estimating ===============
Time elapsed after estimating layer 1 = 32.96 s
Chip Clk Period: 1.0281894905588658 ns
=============== Chip Performance Estimating ===============
Time elapsed before estimating layer 1 ts 1 ====> 63.04 s
TS 0 layer 1 readLatency: 5.31e+07 ns
TS 0 layer 1 bufferLatency: 4.93e+07 ns (92.87%)
TS 0 layer 1 icLatency: 9.50e+00 ns
TS 0 layer 1 coreLatencyADC: 5.52e+05 ns (1.04%)
TS 0 layer 1 coreLatencyAccum: 1.11e+06 ns (2.09%)
TS 0 layer 1 coreLatencyOther: 2.13e+06 ns (4.01%)
TS 0 layer 1 arrayReadLatency: 1.66e+06 ns (3.12%)
TS 0 layer 1 arrayLatencyADC: 5.52e+05 ns (1.04%)
TS 0 layer 1 arrayLatencyAccum: 1.10e+06 ns (2.08%)
TS 0 layer 1 arrayLatencyOther: 0.00e+00 ns (0.00%)
TS 0 layer 1 readLatencyBuffer: 4.93e+07 ns (92.87%)
TS 0 layer 1 readLatencyIC: 1.90e+01 ns (0.00%)
TS 0 layer 1 readDynamicEnergy: 3.39e+07 pJ
TS 0 layer 1 leakagePower: 13.39 uW
TS 0 layer 1 leakageEnergy: 7.11e+05 pJ
TS 0 layer 1 bufferDynamicEnergy: 1.32e+05 pJ (0.39%)
TS 0 layer 1 icDynamicEnergy: 9.16e+01 pJ (0.00%)
TS 0 layer 1 coreEnergyADC: 2.97e+06 pJ (8.77%)
TS 0 layer 1 coreEnergyAccum: 2.41e+07 pJ (71.15%)
TS 0 layer 1 coreEnergyOther: 6.67e+06 pJ (19.69%)
TS 0 layer 1 coreEnergyPopcnt: 0.00e+00 pJ (0.00%)
TS 0 layer 1 arrayReadDynamicEnergy: 2.71e+07 pJ (79.92%)
TS 0 layer 1 arrayEnergyADC: 2.97e+06 pJ (8.77%)
TS 0 layer 1 arrayEnergyAccum: 2.41e+07 pJ (71.15%)
TS 0 layer 1 arrayEnergyOther: 0.00e+00 pJ (0.00%)
TS 0 layer 1 arrayEnergyPopcnt: 0.00e+00 pJ (0.00%)
TS 0 layer 1 readDynamicEnergyBuffer: 1.32e+05 pJ (0.39%)
TS 0 layer 1 readDynamicEnergyIC: 2.17e+02 pJ (0.00%)
Time elapsed before estimating layer 2 ts 1 ====> 159.13 s
TS 0 layer 2 readLatency: 1.43e+07 ns
TS 0 layer 2 bufferLatency: 4.39e+06 ns (30.68%)
TS 0 layer 2 icLatency: 7.05e+02 ns
TS 0 layer 2 coreLatencyADC: 3.11e+06 ns (21.73%)
TS 0 layer 2 coreLatencyAccum: 6.27e+06 ns (43.87%)
TS 0 layer 2 coreLatencyOther: 5.32e+05 ns (3.72%)
TS 0 layer 2 arrayReadLatency: 9.32e+06 ns (65.18%)
TS 0 layer 2 arrayLatencyADC: 3.11e+06 ns (21.73%)
TS 0 layer 2 arrayLatencyAccum: 6.21e+06 ns (43.45%)
TS 0 layer 2 arrayLatencyOther: 0.00e+00 ns (0.00%)
TS 0 layer 2 readLatencyBuffer: 4.39e+06 ns (30.72%)
TS 0 layer 2 readLatencyIC: 1.41e+03 ns (0.01%)
TS 0 layer 2 readDynamicEnergy: 8.60e+08 pJ
TS 0 layer 2 leakagePower: 1193.18 uW
TS 0 layer 2 leakageEnergy: 1.71e+07 pJ
TS 0 layer 2 bufferDynamicEnergy: 1.24e+06 pJ (0.14%)
TS 0 layer 2 icDynamicEnergy: 7.78e+04 pJ (0.01%)
TS 0 layer 2 coreEnergyADC: 9.40e+07 pJ (10.93%)
TS 0 layer 2 coreEnergyAccum: 7.63e+08 pJ (88.72%)
TS 0 layer 2 coreEnergyOther: 1.67e+06 pJ (0.19%)
TS 0 layer 2 coreEnergyPopcnt: 0.00e+00 pJ (0.00%)
TS 0 layer 2 arrayReadDynamicEnergy: 8.57e+08 pJ (99.65%)
TS 0 layer 2 arrayEnergyADC: 9.40e+07 pJ (10.93%)
TS 0 layer 2 arrayEnergyAccum: 7.63e+08 pJ (88.72%)
TS 0 layer 2 arrayEnergyOther: 0.00e+00 pJ (0.00%)
TS 0 layer 2 arrayEnergyPopcnt: 0.00e+00 pJ (0.00%)
TS 0 layer 2 readDynamicEnergyBuffer: 1.26e+06 pJ (0.15%)
TS 0 layer 2 readDynamicEnergyIC: 1.95e+05 pJ (0.02%)
Time elapsed before estimating layer 3 ts 1 ====> 175.41 s
TS 0 layer 3 readLatency: 6.70e+06 ns
TS 0 layer 3 bufferLatency: 2.20e+06 ns (32.77%)
TS 0 layer 3 icLatency: 7.05e+02 ns
TS 0 layer 3 coreLatencyADC: 1.46e+06 ns (21.74%)
TS 0 layer 3 coreLatencyAccum: 2.91e+06 ns (43.49%)
TS 0 layer 3 coreLatencyOther: 1.33e+05 ns (1.98%)
TS 0 layer 3 arrayReadLatency: 4.37e+06 ns (65.23%)
TS 0 layer 3 arrayLatencyADC: 1.46e+06 ns (21.74%)
TS 0 layer 3 arrayLatencyAccum: 2.91e+06 ns (43.49%)
TS 0 layer 3 arrayLatencyOther: 0.00e+00 ns (0.00%)
TS 0 layer 3 readLatencyBuffer: 2.20e+06 ns (32.86%)
TS 0 layer 3 readLatencyIC: 1.41e+03 ns (0.02%)
TS 0 layer 3 readDynamicEnergy: 1.56e+08 pJ
TS 0 layer 3 leakagePower: 1193.18 uW
TS 0 layer 3 leakageEnergy: 8.00e+06 pJ
TS 0 layer 3 bufferDynamicEnergy: 3.19e+05 pJ (0.21%)
TS 0 layer 3 icDynamicEnergy: 7.78e+04 pJ (0.05%)
TS 0 layer 3 coreEnergyADC: 1.70e+07 pJ (10.91%)
TS 0 layer 3 coreEnergyAccum: 1.38e+08 pJ (88.56%)
TS 0 layer 3 coreEnergyOther: 4.17e+05 pJ (0.27%)
TS 0 layer 3 coreEnergyPopcnt: 0.00e+00 pJ (0.00%)
TS 0 layer 3 arrayReadDynamicEnergy: 1.55e+08 pJ (99.47%)
TS 0 layer 3 arrayEnergyADC: 1.70e+07 pJ (10.91%)
TS 0 layer 3 arrayEnergyAccum: 1.38e+08 pJ (88.56%)
TS 0 layer 3 arrayEnergyOther: 0.00e+00 pJ (0.00%)
TS 0 layer 3 arrayEnergyPopcnt: 0.00e+00 pJ (0.00%)
TS 0 layer 3 readDynamicEnergyBuffer: 3.45e+05 pJ (0.22%)
TS 0 layer 3 readDynamicEnergyIC: 1.95e+05 pJ (0.13%)
Time elapsed before estimating layer 4 ts 1 ====> 179.68 s
TS 0 layer 4 readLatency: 1.64e+06 ns
TS 0 layer 4 bufferLatency: 5.53e+05 ns (33.80%)
TS 0 layer 4 icLatency: 7.05e+02 ns
TS 0 layer 4 coreLatencyADC: 3.50e+05 ns (21.35%)
TS 0 layer 4 coreLatencyAccum: 6.99e+05 ns (42.72%)
TS 0 layer 4 coreLatencyOther: 3.41e+04 ns (2.08%)
TS 0 layer 4 arrayReadLatency: 1.05e+06 ns (64.05%)
TS 0 layer 4 arrayLatencyADC: 3.50e+05 ns (21.35%)
TS 0 layer 4 arrayLatencyAccum: 6.99e+05 ns (42.70%)
TS 0 layer 4 arrayLatencyOther: 0.00e+00 ns (0.00%)
TS 0 layer 4 readLatencyBuffer: 5.59e+05 ns (34.16%)
TS 0 layer 4 readLatencyIC: 1.41e+03 ns (0.09%)
TS 0 layer 4 readDynamicEnergy: 2.91e+07 pJ
TS 0 layer 4 leakagePower: 1193.18 uW
TS 0 layer 4 leakageEnergy: 1.95e+06 pJ
TS 0 layer 4 bufferDynamicEnergy: 9.02e+04 pJ (0.31%)
TS 0 layer 4 icDynamicEnergy: 7.78e+04 pJ (0.27%)
TS 0 layer 4 coreEnergyADC: 3.16e+06 pJ (10.87%)
TS 0 layer 4 coreEnergyAccum: 2.57e+07 pJ (88.20%)
TS 0 layer 4 coreEnergyOther: 1.04e+05 pJ (0.36%)
TS 0 layer 4 coreEnergyPopcnt: 0.00e+00 pJ (0.00%)
TS 0 layer 4 arrayReadDynamicEnergy: 2.88e+07 pJ (99.03%)
TS 0 layer 4 arrayEnergyADC: 3.16e+06 pJ (10.87%)
TS 0 layer 4 arrayEnergyAccum: 2.57e+07 pJ (88.17%)
TS 0 layer 4 arrayEnergyOther: 0.00e+00 pJ (0.00%)
TS 0 layer 4 arrayEnergyPopcnt: 0.00e+00 pJ (0.00%)
TS 0 layer 4 readDynamicEnergyBuffer: 1.16e+05 pJ (0.40%)
TS 0 layer 4 readDynamicEnergyIC: 1.95e+05 pJ (0.67%)
Time elapsed before estimating layer 5 ts 1 ====> 186.85 s
TS 0 layer 5 readLatency: 1.93e+05 ns
TS 0 layer 5 bufferLatency: 1.47e+05 ns (76.57%)
TS 0 layer 5 icLatency: 1.76e+04 ns
TS 0 layer 5 coreLatencyADC: 6.58e+03 ns (3.42%)
TS 0 layer 5 coreLatencyAccum: 1.94e+04 ns (10.05%)
TS 0 layer 5 coreLatencyOther: 1.52e+03 ns (0.79%)
TS 0 layer 5 arrayReadLatency: 1.97e+04 ns (10.25%)
TS 0 layer 5 arrayLatencyADC: 6.58e+03 ns (3.42%)
TS 0 layer 5 arrayLatencyAccum: 1.32e+04 ns (6.84%)
TS 0 layer 5 arrayLatencyOther: 0.00e+00 ns (0.00%)
TS 0 layer 5 readLatencyBuffer: 2.95e+05 ns (153.36%)
TS 0 layer 5 readLatencyIC: 3.53e+04 ns (18.33%)
TS 0 layer 5 readDynamicEnergy: 2.73e+07 pJ
TS 0 layer 5 leakagePower: 31596.44 uW
TS 0 layer 5 leakageEnergy: 6.08e+06 pJ
TS 0 layer 5 bufferDynamicEnergy: 2.57e+06 pJ (9.42%)
TS 0 layer 5 icDynamicEnergy: 1.47e+07 pJ (53.79%)
TS 0 layer 5 coreEnergyADC: 8.84e+05 pJ (3.23%)
TS 0 layer 5 coreEnergyAccum: 9.17e+06 pJ (33.55%)
TS 0 layer 5 coreEnergyOther: 1.64e+03 pJ (0.01%)
TS 0 layer 5 coreEnergyPopcnt: 0.00e+00 pJ (0.00%)
TS 0 layer 5 arrayReadDynamicEnergy: 8.05e+06 pJ (29.47%)
TS 0 layer 5 arrayEnergyADC: 8.84e+05 pJ (3.23%)
TS 0 layer 5 arrayEnergyAccum: 7.17e+06 pJ (26.24%)
TS 0 layer 5 arrayEnergyOther: 0.00e+00 pJ (0.00%)
TS 0 layer 5 arrayEnergyPopcnt: 0.00e+00 pJ (0.00%)
TS 0 layer 5 readDynamicEnergyBuffer: 7.34e+06 pJ (26.88%)
TS 0 layer 5 readDynamicEnergyIC: 3.72e+07 pJ (136.05%)
Time elapsed before estimating layer 6 ts 1 ====> 186.95 s
TS 0 layer 6 readLatency: 4.01e+03 ns
TS 0 layer 6 bufferLatency: 2.29e+03 ns (57.15%)
TS 0 layer 6 icLatency: 7.26e+01 ns
TS 0 layer 6 coreLatencyADC: 1.41e+02 ns (3.53%)
TS 0 layer 6 coreLatencyAccum: 3.86e+02 ns (9.64%)
TS 0 layer 6 coreLatencyOther: 1.12e+03 ns (27.87%)
TS 0 layer 6 arrayReadLatency: 4.24e+02 ns (10.59%)
TS 0 layer 6 arrayLatencyADC: 1.41e+02 ns (3.53%)
TS 0 layer 6 arrayLatencyAccum: 2.83e+02 ns (7.06%)
TS 0 layer 6 arrayLatencyOther: 0.00e+00 ns (0.00%)
TS 0 layer 6 readLatencyBuffer: 2.98e+03 ns (74.38%)
TS 0 layer 6 readLatencyIC: 1.45e+02 ns (3.63%)
TS 0 layer 6 readDynamicEnergy: 2.41e+04 pJ
TS 0 layer 6 leakagePower: 98.39 uW
TS 0 layer 6 leakageEnergy: 3.94e+02 pJ
TS 0 layer 6 bufferDynamicEnergy: 6.32e+02 pJ (2.62%)
TS 0 layer 6 icDynamicEnergy: 2.57e+03 pJ (10.66%)
TS 0 layer 6 coreEnergyADC: 2.27e+03 pJ (9.41%)
TS 0 layer 6 coreEnergyAccum: 1.86e+04 pJ (77.12%)
TS 0 layer 6 coreEnergyOther: 4.28e+01 pJ (0.18%)
TS 0 layer 6 coreEnergyPopcnt: 0.00e+00 pJ (0.00%)
TS 0 layer 6 arrayReadDynamicEnergy: 2.07e+04 pJ (85.78%)
TS 0 layer 6 arrayEnergyADC: 2.27e+03 pJ (9.41%)
TS 0 layer 6 arrayEnergyAccum: 1.84e+04 pJ (76.37%)
TS 0 layer 6 arrayEnergyOther: 0.00e+00 pJ (0.00%)
TS 0 layer 6 arrayEnergyPopcnt: 0.00e+00 pJ (0.00%)
TS 0 layer 6 readDynamicEnergyBuffer: 1.56e+03 pJ (6.48%)
TS 0 layer 6 readDynamicEnergyIC: 5.93e+03 pJ (24.61%)
=============== Chip Performance Estimating Finish ===============
Max SNN Latency Layer: 0, Max Time Step: -1
SNN pipeline latency: 0.05307820652206969
Average of the snn layer latency (per timestep): 0.012651315744500269
Mean of the snn layer latency (per timestep): 0.012651315744500269
STD of the snn layer latency (per timestep): 0.018748015992468912
=============== Chip Area Analysis ===============
Chip Area: 3.67e+07 um^2
Chip ADC (or S/As and precharger for SRAM) Area: 1.53e+06 um^2 (4.15 %)
Chip IC Area (Global and Tile/PE local): 3.45e+06 um^2 (9.40 %)
Chip Accum (subarray level: adders, shiftAdds; PE/Tile/Global level: accumulation units) Area: 5.71e+06 um^2 (15.53 %)
Chip Other (e.g. decoders, mux, switchmatrix, buffers, IC, pooling and activation units) Area: 8.24e+06 um^2 (22.43 %)
Chip Popcnt Area: 0.00e+00 um^2 (0.00 %)
Chip Array Area: 1.51e+07 um^2 (41.00 %)
=============== Chip Latency Analysis ===============
Pipelined Clock Latency (per Layer per mergedTimeStep): 5.31e+07 ns
Buffer Latency (slowest timestep of the slowest layer): 4.93e+07 ns         (92.87 % of pipeline latency)
IC Latency (slowest timestep of the slowest layer): 9.50e+00 ns         (0.00 % of pipeline latency)
Core Latency ADC (slowest timestep of the slowest layer): 5.52e+05 ns         (1.04 % of pipeline latency)
Core Latency Accum (slowest timestep of the slowest layer): 1.11e+06 ns         (2.09 % of pipeline latency)
Core Latency Other (slowest timestep of the slowest layer): 2.13e+06 ns         (4.01 % of pipeline latency)
Array Read Latency (slowest timestep of the slowest layer): 1.66e+06 ns           (3.12 % of pipeline latency)
Array Latency ADC (slowest timestep of the slowest layer): 5.52e+05 ns           (1.04 % of pipeline latency)
Array Latency Accum (slowest timestep of the slowest layer): 1.10e+06 ns           (2.08 % of pipeline latency)
Array Latency Other (slowest timestep of the slowest layer): 0.00e+00 ns           (0.00 % of pipeline latency)
Read Latency Buffer (slowest timestep of the slowest layer): 4.93e+07 ns           (92.87 % of pipeline latency)
Read Latency IC (slowest timestep of the slowest layer): 1.90e+01 ns           (0.00 % of pipeline latency)
Total Read Latency (per image): 7.59e+07 ns
Total Buffer Latency (per image): 5.66e+07 ns         (74.53 % of total read latency)
Total IC Latency (per image): 1.98e+04 ns         (0.03 % of total read latency)
Total Core Latency ADC (per image): 5.47e+06 ns         (7.21 % of total read latency)
Total Core Latency Accum (per image): 1.10e+07 ns         (14.51 % of total read latency)
Total Core Latency Other (per image): 2.83e+06 ns         (3.73 % of total read latency)
Total Array Read Latency (per image): 1.64e+07 ns         (21.62 % of total read latency)
Total Array Latency ADC (per image): 5.47e+06 ns         (7.21 % of total read latency)
Total Array Latency Accum (per image): 1.09e+07 ns         (14.41 % of total read latency)
Total Array Latency Other (per image): 0.00e+00 ns         (0.00 % of total read latency)
Total Read Latency Buffer (per image): 5.67e+07 ns         (74.75 % of total read latency)
Total Read Latency IC (per image): 3.97e+04 ns         (0.05 % of total read latency)
=============== Chip Energy Analysis ===============
Total Read Dynamic Energy (per image): 1.11e+09 pJ
Total Buffer Dynamic Energy (per image): 4.35e+06 pJ         (0.39 % of total read dynamic energy)
Total IC Dynamic Energy (per image): 1.49e+07 pJ         (1.35 % of total read dynamic energy)
Total Core Energy ADC (per image): 1.18e+08 pJ         (10.67 % of total read dynamic energy)
Total Core Energy Accum (per image): 9.60e+08 pJ         (86.78 % of total read dynamic energy)
Total Core Energy Other (per image): 8.87e+06 pJ         (0.80 % of total read dynamic energy)
Total Core Energy Popcnt (per image): 0.00e+00 pJ         (0.00 % of total read dynamic energy)
Total Leakage Power (per image): 35287.77 uW
Total Leakage Energy (per image): 1.87e+09 pJ
Total Array Read Dynamic Energy (per image): 1.08e+09 pJ (97.27 % of total read dynamic energy)
Total Array Energy ADC (per image): 1.18e+08 pJ (10.67 % of total read dynamic energy)
Total Array Energy Accum (per image): 9.58e+08 pJ (86.60 % of total read dynamic energy)
Total Array Energy Other (per image): 0.00e+00 pJ (0.00 % of total read dynamic energy)
Total Array Energy Popcnt (per image): 0.00e+00 pJ (0.00 % of total read dynamic energy)
Total Read Dynamic Energy Buffer (per image): 9.20e+06 pJ (0.83 % of total read dynamic energy)
Total Read Dynamic Energy IC (per image): 3.78e+07 pJ (3.42 % of total read dynamic energy)

=============== Chip Performance Estimating Finish ===============
Energy Efficiency TOPS/W (Pipelined Process without IC Energy): 46.165774854899915
Throughput TOPS (Pipelined Process with IC Delay): 3.145065301529911
Throughput FPS (Pipelined Process with IC Delay): 18.840124139918036
Compute Efficiency TOPS/mm^2 (Pipelined Process with IC Delay): 0.08560395543024686
Simulation finished, total time elapsed = 186.95 s
