=============== Parameter Loading Finish ===============
Time elapsed = 0.04 s
=============== Network Structure Loading Finish ===============
{'IH': 128, 'IW': 128, 'Cin': 2, 'KH': 3, 'KW': 3, 'Cout': 128, 'pooling': 1, 'stride': 1, 'isSNN': 1, 'T': 100, 'weight_row': 128, 'weight_col': 18}
{'IH': 64, 'IW': 64, 'Cin': 128, 'KH': 3, 'KW': 3, 'Cout': 128, 'pooling': 1, 'stride': 1, 'isSNN': 1, 'T': 100, 'weight_row': 128, 'weight_col': 1152}
{'IH': 32, 'IW': 32, 'Cin': 128, 'KH': 3, 'KW': 3, 'Cout': 128, 'pooling': 1, 'stride': 1, 'isSNN': 1, 'T': 100, 'weight_row': 128, 'weight_col': 1152}
{'IH': 16, 'IW': 16, 'Cin': 128, 'KH': 3, 'KW': 3, 'Cout': 128, 'pooling': 1, 'stride': 1, 'isSNN': 1, 'T': 100, 'weight_row': 128, 'weight_col': 1152}
{'IH': 1, 'IW': 1, 'Cin': 8192, 'KH': 1, 'KW': 1, 'Cout': 512, 'pooling': 1, 'stride': 1, 'isSNN': 1, 'T': 100, 'weight_row': 512, 'weight_col': 8192}
{'IH': 1, 'IW': 1, 'Cin': 512, 'KH': 1, 'KW': 1, 'Cout': 11, 'pooling': 1, 'stride': 1, 'isSNN': 1, 'T': 100, 'weight_row': 11, 'weight_col': 512}

------------------------------ FloorPlan --------------------------------
Tile and PE size are optimized to maximize memory utilization ( = memory mapped by synapse / total memory on chip)
Desired Conventional Mapped Tile Storage Size: 1024 x 1024
Desired Conventional PE Storage Size: 512 x 512
User-defined SubArray Size: 128 x 128
----------------- # of tile used for each layer -----------------
Layer 1: 2
Layer 2: 18
Layer 3: 9
Layer 4: 9
Layer 5: 64
Layer 6: 4
----------------- Speed-up of each layer ------------------
Layer 1: 64
Layer 2: 16
Layer 3: 8
Layer 4: 8
Layer 5: 2
Layer 6: 8
----------------- Utilization of each layer ------------------
Layer 1: 0.5625
Layer 2: 1.0
Layer 3: 1.0
Layer 4: 1.0
Layer 5: 1.0
Layer 6: 0.0859375
Memory Utilization of Whole Chip: 95.7252358490566 %
---------------------------- FloorPlan Done ------------------------------
Chip Area: 3.69e+07 um^2
Chip ADC (or S/As and precharger for SRAM) Area: 1.53e+06 um^2 (4.13 %)
Chip IC Area (Global and Tile/PE local): 3.46e+06 um^2 (9.38 %)
Chip Accum (subarray level: adders, shiftAdds; PE/Tile/Global level: accumulation units) Area: 5.71e+06 um^2 (15.45 %)
Chip Other (e.g. decoders, mux, switchmatrix, buffers, IC, pooling and activation units) Area: 8.24e+06 um^2 (22.32 %)
Chip Popcnt Area: 1.67e+05 um^2 (0.45 %)
Chip Array Area: 1.51e+07 um^2 (40.80 %)
Time elapsed = 4.88 s
=============== Chip Clk Period Estimating ===============
Time elapsed after estimating layer 1 = 35.76 s
Chip Clk Period: 1.0281894905588658 ns
=============== Chip Performance Estimating ===============
Time elapsed before estimating layer 1 ts 1 ====> 81.76 s
TS 0 layer 1 readLatency: 5.22e+07 ns
TS 0 layer 1 bufferLatency: 4.93e+07 ns (94.42%)
TS 0 layer 1 icLatency: 9.50e+00 ns
TS 0 layer 1 coreLatencyADC: 3.37e+04 ns (0.06%)
TS 0 layer 1 coreLatencyAccum: 7.52e+05 ns (1.44%)
TS 0 layer 1 coreLatencyOther: 2.13e+06 ns (4.08%)
TS 0 layer 1 arrayReadLatency: 7.82e+05 ns (1.50%)
TS 0 layer 1 arrayLatencyADC: 3.37e+04 ns (0.06%)
TS 0 layer 1 arrayLatencyAccum: 7.48e+05 ns (1.43%)
TS 0 layer 1 arrayLatencyOther: 0.00e+00 ns (0.00%)
TS 0 layer 1 readLatencyBuffer: 4.93e+07 ns (94.42%)
TS 0 layer 1 readLatencyIC: 1.90e+01 ns (0.00%)
TS 0 layer 1 readDynamicEnergy: 2.45e+07 pJ
TS 0 layer 1 leakagePower: 13.39 uW
TS 0 layer 1 leakageEnergy: 6.99e+05 pJ
TS 0 layer 1 bufferDynamicEnergy: 1.32e+05 pJ (0.54%)
TS 0 layer 1 icDynamicEnergy: 9.18e+01 pJ (0.00%)
TS 0 layer 1 coreEnergyADC: 2.73e+05 pJ (1.12%)
TS 0 layer 1 coreEnergyAccum: 1.67e+07 pJ (68.15%)
TS 0 layer 1 coreEnergyOther: 6.67e+06 pJ (27.24%)
TS 0 layer 1 coreEnergyPopcnt: 7.25e+05 pJ (2.96%)
TS 0 layer 1 arrayReadDynamicEnergy: 1.77e+07 pJ (72.22%)
TS 0 layer 1 arrayEnergyADC: 2.73e+05 pJ (1.12%)
TS 0 layer 1 arrayEnergyAccum: 1.67e+07 pJ (68.15%)
TS 0 layer 1 arrayEnergyOther: 0.00e+00 pJ (0.00%)
TS 0 layer 1 arrayEnergyPopcnt: 7.25e+05 pJ (2.96%)
TS 0 layer 1 readDynamicEnergyBuffer: 1.32e+05 pJ (0.54%)
TS 0 layer 1 readDynamicEnergyIC: 2.17e+02 pJ (0.00%)
Time elapsed before estimating layer 2 ts 1 ====> 298.48 s
TS 0 layer 2 readLatency: 7.07e+06 ns
TS 0 layer 2 bufferLatency: 4.39e+06 ns (62.04%)
TS 0 layer 2 icLatency: 7.05e+02 ns
TS 0 layer 2 coreLatencyADC: 3.37e+04 ns (0.48%)
TS 0 layer 2 coreLatencyAccum: 2.12e+06 ns (29.95%)
TS 0 layer 2 coreLatencyOther: 5.32e+05 ns (7.52%)
TS 0 layer 2 arrayReadLatency: 2.09e+06 ns (29.58%)
TS 0 layer 2 arrayLatencyADC: 3.37e+04 ns (0.48%)
TS 0 layer 2 arrayLatencyAccum: 2.06e+06 ns (29.11%)
TS 0 layer 2 arrayLatencyOther: 0.00e+00 ns (0.00%)
TS 0 layer 2 readLatencyBuffer: 4.39e+06 ns (62.12%)
TS 0 layer 2 readLatencyIC: 1.41e+03 ns (0.02%)
TS 0 layer 2 readDynamicEnergy: 3.00e+08 pJ
TS 0 layer 2 leakagePower: 1193.18 uW
TS 0 layer 2 leakageEnergy: 8.43e+06 pJ
TS 0 layer 2 bufferDynamicEnergy: 1.24e+06 pJ (0.41%)
TS 0 layer 2 icDynamicEnergy: 7.80e+04 pJ (0.03%)
TS 0 layer 2 coreEnergyADC: 2.46e+06 pJ (0.82%)
TS 0 layer 2 coreEnergyAccum: 2.89e+08 pJ (96.02%)
TS 0 layer 2 coreEnergyOther: 1.67e+06 pJ (0.56%)
TS 0 layer 2 coreEnergyPopcnt: 6.52e+06 pJ (2.17%)
TS 0 layer 2 arrayReadDynamicEnergy: 2.97e+08 pJ (99.00%)
TS 0 layer 2 arrayEnergyADC: 2.46e+06 pJ (0.82%)
TS 0 layer 2 arrayEnergyAccum: 2.89e+08 pJ (96.01%)
TS 0 layer 2 arrayEnergyOther: 0.00e+00 pJ (0.00%)
TS 0 layer 2 arrayEnergyPopcnt: 6.52e+06 pJ (2.17%)
TS 0 layer 2 readDynamicEnergyBuffer: 1.26e+06 pJ (0.42%)
TS 0 layer 2 readDynamicEnergyIC: 1.95e+05 pJ (0.06%)
Time elapsed before estimating layer 3 ts 1 ====> 345.76 s
TS 0 layer 3 readLatency: 3.14e+06 ns
TS 0 layer 3 bufferLatency: 2.20e+06 ns (69.88%)
TS 0 layer 3 icLatency: 7.05e+02 ns
TS 0 layer 3 coreLatencyADC: 1.68e+04 ns (0.54%)
TS 0 layer 3 coreLatencyAccum: 7.96e+05 ns (25.33%)
TS 0 layer 3 coreLatencyOther: 1.33e+05 ns (4.23%)
TS 0 layer 3 arrayReadLatency: 8.12e+05 ns (25.86%)
TS 0 layer 3 arrayLatencyADC: 1.68e+04 ns (0.54%)
TS 0 layer 3 arrayLatencyAccum: 7.96e+05 ns (25.32%)
TS 0 layer 3 arrayLatencyOther: 0.00e+00 ns (0.00%)
TS 0 layer 3 readLatencyBuffer: 2.20e+06 ns (70.07%)
TS 0 layer 3 readLatencyIC: 1.41e+03 ns (0.04%)
TS 0 layer 3 readDynamicEnergy: 4.84e+07 pJ
TS 0 layer 3 leakagePower: 1193.18 uW
TS 0 layer 3 leakageEnergy: 3.75e+06 pJ
TS 0 layer 3 bufferDynamicEnergy: 3.19e+05 pJ (0.66%)
TS 0 layer 3 icDynamicEnergy: 7.80e+04 pJ (0.16%)
TS 0 layer 3 coreEnergyADC: 6.15e+05 pJ (1.27%)
TS 0 layer 3 coreEnergyAccum: 4.53e+07 pJ (93.67%)
TS 0 layer 3 coreEnergyOther: 4.17e+05 pJ (0.86%)
TS 0 layer 3 coreEnergyPopcnt: 1.63e+06 pJ (3.37%)
TS 0 layer 3 arrayReadDynamicEnergy: 4.76e+07 pJ (98.30%)
TS 0 layer 3 arrayEnergyADC: 6.15e+05 pJ (1.27%)
TS 0 layer 3 arrayEnergyAccum: 4.53e+07 pJ (93.65%)
TS 0 layer 3 arrayEnergyOther: 0.00e+00 pJ (0.00%)
TS 0 layer 3 arrayEnergyPopcnt: 1.63e+06 pJ (3.37%)
TS 0 layer 3 readDynamicEnergyBuffer: 3.45e+05 pJ (0.71%)
TS 0 layer 3 readDynamicEnergyIC: 1.95e+05 pJ (0.40%)
Time elapsed before estimating layer 4 ts 1 ====> 355.46 s
TS 0 layer 4 readLatency: 9.51e+05 ns
TS 0 layer 4 bufferLatency: 5.53e+05 ns (58.20%)
TS 0 layer 4 icLatency: 7.05e+02 ns
TS 0 layer 4 coreLatencyADC: 4.21e+03 ns (0.44%)
TS 0 layer 4 coreLatencyAccum: 3.59e+05 ns (37.70%)
TS 0 layer 4 coreLatencyOther: 3.41e+04 ns (3.58%)
TS 0 layer 4 arrayReadLatency: 3.62e+05 ns (38.10%)
TS 0 layer 4 arrayLatencyADC: 4.21e+03 ns (0.44%)
TS 0 layer 4 arrayLatencyAccum: 3.58e+05 ns (37.66%)
TS 0 layer 4 arrayLatencyOther: 0.00e+00 ns (0.00%)
TS 0 layer 4 readLatencyBuffer: 5.59e+05 ns (58.82%)
TS 0 layer 4 readLatencyIC: 1.41e+03 ns (0.15%)
TS 0 layer 4 readDynamicEnergy: 1.62e+07 pJ
TS 0 layer 4 leakagePower: 1193.18 uW
TS 0 layer 4 leakageEnergy: 1.13e+06 pJ
TS 0 layer 4 bufferDynamicEnergy: 9.02e+04 pJ (0.56%)
TS 0 layer 4 icDynamicEnergy: 7.80e+04 pJ (0.48%)
TS 0 layer 4 coreEnergyADC: 1.54e+05 pJ (0.95%)
TS 0 layer 4 coreEnergyAccum: 1.53e+07 pJ (94.84%)
TS 0 layer 4 coreEnergyOther: 1.04e+05 pJ (0.65%)
TS 0 layer 4 coreEnergyPopcnt: 4.08e+05 pJ (2.52%)
TS 0 layer 4 arrayReadDynamicEnergy: 1.59e+07 pJ (98.25%)
TS 0 layer 4 arrayEnergyADC: 1.54e+05 pJ (0.95%)
TS 0 layer 4 arrayEnergyAccum: 1.53e+07 pJ (94.78%)
TS 0 layer 4 arrayEnergyOther: 0.00e+00 pJ (0.00%)
TS 0 layer 4 arrayEnergyPopcnt: 4.08e+05 pJ (2.52%)
TS 0 layer 4 readDynamicEnergyBuffer: 1.16e+05 pJ (0.72%)
TS 0 layer 4 readDynamicEnergyIC: 1.95e+05 pJ (1.21%)
Time elapsed before estimating layer 5 ts 1 ====> 363.46 s
TS 0 layer 5 readLatency: 1.82e+05 ns
TS 0 layer 5 bufferLatency: 1.47e+05 ns (81.17%)
TS 0 layer 5 icLatency: 1.76e+04 ns
TS 0 layer 5 coreLatencyADC: 6.58e+01 ns (0.04%)
TS 0 layer 5 coreLatencyAccum: 1.50e+04 ns (8.24%)
TS 0 layer 5 coreLatencyOther: 1.52e+03 ns (0.84%)
TS 0 layer 5 arrayReadLatency: 8.83e+03 ns (4.86%)
TS 0 layer 5 arrayLatencyADC: 6.58e+01 ns (0.04%)
TS 0 layer 5 arrayLatencyAccum: 8.76e+03 ns (4.83%)
TS 0 layer 5 arrayLatencyOther: 0.00e+00 ns (0.00%)
TS 0 layer 5 readLatencyBuffer: 2.95e+05 ns (162.57%)
TS 0 layer 5 readLatencyIC: 3.53e+04 ns (19.43%)
TS 0 layer 5 readDynamicEnergy: 2.39e+07 pJ
TS 0 layer 5 leakagePower: 31596.44 uW
TS 0 layer 5 leakageEnergy: 5.74e+06 pJ
TS 0 layer 5 bufferDynamicEnergy: 2.57e+06 pJ (10.75%)
TS 0 layer 5 icDynamicEnergy: 1.47e+07 pJ (61.51%)
TS 0 layer 5 coreEnergyADC: 1.71e+04 pJ (0.07%)
TS 0 layer 5 coreEnergyAccum: 6.57e+06 pJ (27.46%)
TS 0 layer 5 coreEnergyOther: 1.64e+03 pJ (0.01%)
TS 0 layer 5 coreEnergyPopcnt: 4.53e+04 pJ (0.19%)
TS 0 layer 5 arrayReadDynamicEnergy: 4.64e+06 pJ (19.37%)
TS 0 layer 5 arrayEnergyADC: 1.71e+04 pJ (0.07%)
TS 0 layer 5 arrayEnergyAccum: 4.57e+06 pJ (19.11%)
TS 0 layer 5 arrayEnergyOther: 0.00e+00 pJ (0.00%)
TS 0 layer 5 arrayEnergyPopcnt: 4.53e+04 pJ (0.19%)
TS 0 layer 5 readDynamicEnergyBuffer: 7.34e+06 pJ (30.69%)
TS 0 layer 5 readDynamicEnergyIC: 3.72e+07 pJ (155.54%)
Time elapsed before estimating layer 6 ts 1 ====> 363.57 s
TS 0 layer 6 readLatency: 3.65e+03 ns
TS 0 layer 6 bufferLatency: 2.29e+03 ns (62.72%)
TS 0 layer 6 icLatency: 7.26e+01 ns
TS 0 layer 6 coreLatencyADC: 1.41e+00 ns (0.04%)
TS 0 layer 6 coreLatencyAccum: 1.70e+02 ns (4.67%)
TS 0 layer 6 coreLatencyOther: 1.12e+03 ns (30.59%)
TS 0 layer 6 arrayReadLatency: 6.85e+01 ns (1.88%)
TS 0 layer 6 arrayLatencyADC: 1.41e+00 ns (0.04%)
TS 0 layer 6 arrayLatencyAccum: 6.71e+01 ns (1.84%)
TS 0 layer 6 arrayLatencyOther: 0.00e+00 ns (0.00%)
TS 0 layer 6 readLatencyBuffer: 2.98e+03 ns (81.63%)
TS 0 layer 6 readLatencyIC: 1.45e+02 ns (3.98%)
TS 0 layer 6 readDynamicEnergy: 8.42e+03 pJ
TS 0 layer 6 leakagePower: 98.39 uW
TS 0 layer 6 leakageEnergy: 3.59e+02 pJ
TS 0 layer 6 bufferDynamicEnergy: 6.32e+02 pJ (7.51%)
TS 0 layer 6 icDynamicEnergy: 2.57e+03 pJ (30.60%)
TS 0 layer 6 coreEnergyADC: 2.29e+01 pJ (0.27%)
TS 0 layer 6 coreEnergyAccum: 4.43e+03 pJ (52.70%)
TS 0 layer 6 coreEnergyOther: 4.28e+01 pJ (0.51%)
TS 0 layer 6 coreEnergyPopcnt: 7.08e+02 pJ (8.41%)
TS 0 layer 6 arrayReadDynamicEnergy: 4.98e+03 pJ (59.22%)
TS 0 layer 6 arrayEnergyADC: 2.29e+01 pJ (0.27%)
TS 0 layer 6 arrayEnergyAccum: 4.25e+03 pJ (50.54%)
TS 0 layer 6 arrayEnergyOther: 0.00e+00 pJ (0.00%)
TS 0 layer 6 arrayEnergyPopcnt: 7.08e+02 pJ (8.41%)
TS 0 layer 6 readDynamicEnergyBuffer: 1.56e+03 pJ (18.56%)
TS 0 layer 6 readDynamicEnergyIC: 5.94e+03 pJ (70.57%)
=============== Chip Performance Estimating Finish ===============
Max SNN Latency Layer: 0, Max Time Step: -1
SNN pipeline latency: 0.05220453752515449
Average of the snn layer latency (per timestep): 0.010592062577418472
Mean of the snn layer latency (per timestep): 0.010592062577418472
STD of the snn layer latency (per timestep): 0.018765880559304858
=============== Chip Area Analysis ===============
Chip Area: 3.69e+07 um^2
Chip ADC (or S/As and precharger for SRAM) Area: 1.53e+06 um^2 (4.13 %)
Chip IC Area (Global and Tile/PE local): 3.46e+06 um^2 (9.38 %)
Chip Accum (subarray level: adders, shiftAdds; PE/Tile/Global level: accumulation units) Area: 5.71e+06 um^2 (15.45 %)
Chip Other (e.g. decoders, mux, switchmatrix, buffers, IC, pooling and activation units) Area: 8.24e+06 um^2 (22.32 %)
Chip Popcnt Area: 1.67e+05 um^2 (0.45 %)
Chip Array Area: 1.51e+07 um^2 (40.80 %)
=============== Chip Latency Analysis ===============
Pipelined Clock Latency (per Layer per mergedTimeStep): 5.22e+07 ns
Buffer Latency (slowest timestep of the slowest layer): 4.93e+07 ns         (94.42 % of pipeline latency)
IC Latency (slowest timestep of the slowest layer): 9.50e+00 ns         (0.00 % of pipeline latency)
Core Latency ADC (slowest timestep of the slowest layer): 3.37e+04 ns         (0.06 % of pipeline latency)
Core Latency Accum (slowest timestep of the slowest layer): 7.52e+05 ns         (1.44 % of pipeline latency)
Core Latency Other (slowest timestep of the slowest layer): 2.13e+06 ns         (4.08 % of pipeline latency)
Array Read Latency (slowest timestep of the slowest layer): 7.82e+05 ns           (1.50 % of pipeline latency)
Array Latency ADC (slowest timestep of the slowest layer): 3.37e+04 ns           (0.06 % of pipeline latency)
Array Latency Accum (slowest timestep of the slowest layer): 7.48e+05 ns           (1.43 % of pipeline latency)
Array Latency Other (slowest timestep of the slowest layer): 0.00e+00 ns           (0.00 % of pipeline latency)
Read Latency Buffer (slowest timestep of the slowest layer): 4.93e+07 ns           (94.42 % of pipeline latency)
Read Latency IC (slowest timestep of the slowest layer): 1.90e+01 ns           (0.00 % of pipeline latency)
Total Read Latency (per image): 6.36e+07 ns
Total Buffer Latency (per image): 5.66e+07 ns         (89.02 % of total read latency)
Total IC Latency (per image): 1.98e+04 ns         (0.03 % of total read latency)
Total Core Latency ADC (per image): 8.85e+04 ns         (0.14 % of total read latency)
Total Core Latency Accum (per image): 4.04e+06 ns         (6.35 % of total read latency)
Total Core Latency Other (per image): 2.83e+06 ns         (4.45 % of total read latency)
Total Array Read Latency (per image): 4.06e+06 ns         (6.38 % of total read latency)
Total Array Latency ADC (per image): 8.85e+04 ns         (0.14 % of total read latency)
Total Array Latency Accum (per image): 3.97e+06 ns         (6.24 % of total read latency)
Total Array Latency Other (per image): 0.00e+00 ns         (0.00 % of total read latency)
Total Read Latency Buffer (per image): 5.67e+07 ns         (89.29 % of total read latency)
Total Read Latency IC (per image): 3.97e+04 ns         (0.06 % of total read latency)
=============== Chip Energy Analysis ===============
Total Read Dynamic Energy (per image): 4.13e+08 pJ
Total Buffer Dynamic Energy (per image): 4.35e+06 pJ         (1.05 % of total read dynamic energy)
Total IC Dynamic Energy (per image): 1.50e+07 pJ         (3.62 % of total read dynamic energy)
Total Core Energy ADC (per image): 3.52e+06 pJ         (0.85 % of total read dynamic energy)
Total Core Energy Accum (per image): 3.72e+08 pJ         (90.08 % of total read dynamic energy)
Total Core Energy Other (per image): 8.87e+06 pJ         (2.14 % of total read dynamic energy)
Total Core Energy Popcnt (per image): 9.33e+06 pJ         (2.26 % of total read dynamic energy)
Total Leakage Power (per image): 35287.77 uW
Total Leakage Energy (per image): 1.84e+09 pJ
Total Array Read Dynamic Energy (per image): 3.83e+08 pJ (92.69 % of total read dynamic energy)
Total Array Energy ADC (per image): 3.52e+06 pJ (0.85 % of total read dynamic energy)
Total Array Energy Accum (per image): 3.70e+08 pJ (89.59 % of total read dynamic energy)
Total Array Energy Other (per image): 0.00e+00 pJ (0.00 % of total read dynamic energy)
Total Array Energy Popcnt (per image): 9.33e+06 pJ (2.26 % of total read dynamic energy)
Total Read Dynamic Energy Buffer (per image): 9.20e+06 pJ (2.23 % of total read dynamic energy)
Total Read Dynamic Energy IC (per image): 3.78e+07 pJ (9.14 % of total read dynamic energy)

=============== Chip Performance Estimating Finish ===============
Energy Efficiency TOPS/W (Pipelined Process without IC Energy): 61.06609885678734
Throughput TOPS (Pipelined Process with IC Delay): 3.1976995394234358
Throughput FPS (Pipelined Process with IC Delay): 19.155423022723937
Compute Efficiency TOPS/mm^2 (Pipelined Process with IC Delay): 0.08661927422588446
Simulation finished, total time elapsed = 363.58 s
