=============== Parameter Loading Finish ===============
Time elapsed = 0.08 s
=============== Network Structure Loading Finish ===============
{'IH': 56, 'IW': 56, 'Cin': 64, 'KH': 3, 'KW': 3, 'Cout': 64, 'pooling': 0, 'stride': 1, 'isSNN': 1, 'T': 100, 'weight_row': 64, 'weight_col': 576}
{'IH': 56, 'IW': 56, 'Cin': 64, 'KH': 3, 'KW': 3, 'Cout': 64, 'pooling': 0, 'stride': 1, 'isSNN': 1, 'T': 100, 'weight_row': 64, 'weight_col': 576}
{'IH': 56, 'IW': 56, 'Cin': 64, 'KH': 3, 'KW': 3, 'Cout': 64, 'pooling': 0, 'stride': 1, 'isSNN': 1, 'T': 100, 'weight_row': 64, 'weight_col': 576}
{'IH': 56, 'IW': 56, 'Cin': 64, 'KH': 3, 'KW': 3, 'Cout': 64, 'pooling': 0, 'stride': 1, 'isSNN': 1, 'T': 100, 'weight_row': 64, 'weight_col': 576}
{'IH': 56, 'IW': 56, 'Cin': 64, 'KH': 3, 'KW': 3, 'Cout': 128, 'pooling': 0, 'stride': 2, 'isSNN': 1, 'T': 100, 'weight_row': 128, 'weight_col': 576}
{'IH': 28, 'IW': 28, 'Cin': 128, 'KH': 3, 'KW': 3, 'Cout': 128, 'pooling': 0, 'stride': 1, 'isSNN': 1, 'T': 100, 'weight_row': 128, 'weight_col': 1152}
{'IH': 28, 'IW': 28, 'Cin': 128, 'KH': 3, 'KW': 3, 'Cout': 128, 'pooling': 0, 'stride': 1, 'isSNN': 1, 'T': 100, 'weight_row': 128, 'weight_col': 1152}
{'IH': 28, 'IW': 28, 'Cin': 128, 'KH': 3, 'KW': 3, 'Cout': 128, 'pooling': 0, 'stride': 1, 'isSNN': 1, 'T': 100, 'weight_row': 128, 'weight_col': 1152}
{'IH': 28, 'IW': 28, 'Cin': 128, 'KH': 3, 'KW': 3, 'Cout': 256, 'pooling': 0, 'stride': 2, 'isSNN': 1, 'T': 100, 'weight_row': 256, 'weight_col': 1152}
{'IH': 14, 'IW': 14, 'Cin': 256, 'KH': 3, 'KW': 3, 'Cout': 256, 'pooling': 0, 'stride': 1, 'isSNN': 1, 'T': 100, 'weight_row': 256, 'weight_col': 2304}
{'IH': 14, 'IW': 14, 'Cin': 256, 'KH': 3, 'KW': 3, 'Cout': 256, 'pooling': 0, 'stride': 1, 'isSNN': 1, 'T': 100, 'weight_row': 256, 'weight_col': 2304}
{'IH': 14, 'IW': 14, 'Cin': 256, 'KH': 3, 'KW': 3, 'Cout': 256, 'pooling': 0, 'stride': 1, 'isSNN': 1, 'T': 100, 'weight_row': 256, 'weight_col': 2304}
{'IH': 14, 'IW': 14, 'Cin': 256, 'KH': 3, 'KW': 3, 'Cout': 512, 'pooling': 0, 'stride': 2, 'isSNN': 1, 'T': 100, 'weight_row': 512, 'weight_col': 2304}
{'IH': 7, 'IW': 7, 'Cin': 512, 'KH': 3, 'KW': 3, 'Cout': 512, 'pooling': 0, 'stride': 1, 'isSNN': 1, 'T': 100, 'weight_row': 512, 'weight_col': 4608}
{'IH': 7, 'IW': 7, 'Cin': 512, 'KH': 3, 'KW': 3, 'Cout': 512, 'pooling': 0, 'stride': 1, 'isSNN': 1, 'T': 100, 'weight_row': 512, 'weight_col': 4608}
{'IH': 7, 'IW': 7, 'Cin': 512, 'KH': 3, 'KW': 3, 'Cout': 512, 'pooling': 1, 'stride': 1, 'isSNN': 1, 'T': 100, 'weight_row': 512, 'weight_col': 4608}

------------------------------ FloorPlan --------------------------------
Tile and PE size are optimized to maximize memory utilization ( = memory mapped by synapse / total memory on chip)
Desired Conventional Mapped Tile Storage Size: 1024 x 1024
Desired Conventional PE Storage Size: 512 x 512
User-defined SubArray Size: 128 x 128
----------------- # of tile used for each layer -----------------
Layer 1: 40
Layer 2: 40
Layer 3: 40
Layer 4: 40
Layer 5: 40
Layer 6: 18
Layer 7: 18
Layer 8: 18
Layer 9: 36
Layer 10: 18
Layer 11: 18
Layer 12: 18
Layer 13: 36
Layer 14: 36
Layer 15: 36
Layer 16: 36
----------------- Speed-up of each layer ------------------
Layer 1: 64
Layer 2: 64
Layer 3: 64
Layer 4: 64
Layer 5: 64
Layer 6: 16
Layer 7: 16
Layer 8: 16
Layer 9: 16
Layer 10: 4
Layer 11: 4
Layer 12: 4
Layer 13: 4
Layer 14: 2
Layer 15: 2
Layer 16: 2
----------------- Utilization of each layer ------------------
Layer 1: 0.45
Layer 2: 0.45
Layer 3: 0.45
Layer 4: 0.45
Layer 5: 0.9
Layer 6: 1.0
Layer 7: 1.0
Layer 8: 1.0
Layer 9: 1.0
Layer 10: 1.0
Layer 11: 1.0
Layer 12: 1.0
Layer 13: 1.0
Layer 14: 1.0
Layer 15: 1.0
Layer 16: 1.0
Memory Utilization of Whole Chip: 81.14754098360656 %
---------------------------- FloorPlan Done ------------------------------
Chip Area: 1.45e+08 um^2
Chip ADC (or S/As and precharger for SRAM) Area: 7.02e+06 um^2 (4.85 %)
Chip IC Area (Global and Tile/PE local): 5.60e+06 um^2 (3.86 %)
Chip Accum (subarray level: adders, shiftAdds; PE/Tile/Global level: accumulation units) Area: 2.63e+07 um^2 (18.13 %)
Chip Other (e.g. decoders, mux, switchmatrix, buffers, IC, pooling and activation units) Area: 2.40e+07 um^2 (16.56 %)
Chip Popcnt Area: 0.00e+00 um^2 (0.00 %)
Chip Array Area: 6.93e+07 um^2 (47.85 %)
Time elapsed = 19.26 s
=============== Chip Clk Period Estimating ===============
Time elapsed after estimating layer 1 = 39.50 s
Chip Clk Period: 1.0281894905588658 ns
=============== Chip Performance Estimating ===============
Time elapsed before estimating layer 1 ts 1 ====> 62.68 s
TS 0 layer 1 readLatency: 1.98e+07 ns
TS 0 layer 1 bufferLatency: 1.86e+07 ns (94.25%)
TS 0 layer 1 icLatency: 2.04e+02 ns
TS 0 layer 1 coreLatencyADC: 2.95e+05 ns (1.49%)
TS 0 layer 1 coreLatencyAccum: 6.81e+05 ns (3.45%)
TS 0 layer 1 coreLatencyOther: 1.61e+05 ns (0.82%)
TS 0 layer 1 arrayReadLatency: 8.85e+05 ns (4.48%)
TS 0 layer 1 arrayLatencyADC: 2.95e+05 ns (1.49%)
TS 0 layer 1 arrayLatencyAccum: 5.90e+05 ns (2.99%)
TS 0 layer 1 arrayLatencyOther: 0.00e+00 ns (0.00%)
TS 0 layer 1 readLatencyBuffer: 1.86e+07 ns (94.25%)
TS 0 layer 1 readLatencyIC: 4.09e+02 ns (0.00%)
TS 0 layer 1 readDynamicEnergy: 1.79e+08 pJ
TS 0 layer 1 leakagePower: 356.96 uW
TS 0 layer 1 leakageEnergy: 7.06e+06 pJ
TS 0 layer 1 bufferDynamicEnergy: 1.86e+06 pJ (1.04%)
TS 0 layer 1 icDynamicEnergy: 1.10e+04 pJ (0.01%)
TS 0 layer 1 coreEnergyADC: 1.93e+07 pJ (10.82%)
TS 0 layer 1 coreEnergyAccum: 1.57e+08 pJ (87.78%)
TS 0 layer 1 coreEnergyOther: 6.39e+05 pJ (0.36%)
TS 0 layer 1 coreEnergyPopcnt: 0.00e+00 pJ (0.00%)
TS 0 layer 1 arrayReadDynamicEnergy: 1.76e+08 pJ (98.59%)
TS 0 layer 1 arrayEnergyADC: 1.93e+07 pJ (10.82%)
TS 0 layer 1 arrayEnergyAccum: 1.57e+08 pJ (87.77%)
TS 0 layer 1 arrayEnergyOther: 0.00e+00 pJ (0.00%)
TS 0 layer 1 arrayEnergyPopcnt: 0.00e+00 pJ (0.00%)
TS 0 layer 1 readDynamicEnergyBuffer: 1.86e+06 pJ (1.04%)
TS 0 layer 1 readDynamicEnergyIC: 2.71e+04 pJ (0.02%)
Time elapsed before estimating layer 2 ts 1 ====> 86.82 s
TS 0 layer 2 readLatency: 1.98e+07 ns
TS 0 layer 2 bufferLatency: 1.86e+07 ns (93.90%)
TS 0 layer 2 icLatency: 2.04e+02 ns
TS 0 layer 2 coreLatencyADC: 3.20e+05 ns (1.61%)
TS 0 layer 2 coreLatencyAccum: 7.30e+05 ns (3.68%)
TS 0 layer 2 coreLatencyOther: 1.61e+05 ns (0.81%)
TS 0 layer 2 arrayReadLatency: 9.59e+05 ns (4.83%)
TS 0 layer 2 arrayLatencyADC: 3.20e+05 ns (1.61%)
TS 0 layer 2 arrayLatencyAccum: 6.39e+05 ns (3.22%)
TS 0 layer 2 arrayLatencyOther: 0.00e+00 ns (0.00%)
TS 0 layer 2 readLatencyBuffer: 1.86e+07 ns (93.90%)
TS 0 layer 2 readLatencyIC: 4.09e+02 ns (0.00%)
TS 0 layer 2 readDynamicEnergy: 3.70e+08 pJ
TS 0 layer 2 leakagePower: 356.96 uW
TS 0 layer 2 leakageEnergy: 7.08e+06 pJ
TS 0 layer 2 bufferDynamicEnergy: 1.86e+06 pJ (0.50%)
TS 0 layer 2 icDynamicEnergy: 1.10e+04 pJ (0.00%)
TS 0 layer 2 coreEnergyADC: 4.04e+07 pJ (10.90%)
TS 0 layer 2 coreEnergyAccum: 3.27e+08 pJ (88.43%)
TS 0 layer 2 coreEnergyOther: 6.39e+05 pJ (0.17%)
TS 0 layer 2 coreEnergyPopcnt: 0.00e+00 pJ (0.00%)
TS 0 layer 2 arrayReadDynamicEnergy: 3.68e+08 pJ (99.32%)
TS 0 layer 2 arrayEnergyADC: 4.04e+07 pJ (10.90%)
TS 0 layer 2 arrayEnergyAccum: 3.27e+08 pJ (88.42%)
TS 0 layer 2 arrayEnergyOther: 0.00e+00 pJ (0.00%)
TS 0 layer 2 arrayEnergyPopcnt: 0.00e+00 pJ (0.00%)
TS 0 layer 2 readDynamicEnergyBuffer: 1.86e+06 pJ (0.50%)
TS 0 layer 2 readDynamicEnergyIC: 2.71e+04 pJ (0.01%)
Time elapsed before estimating layer 3 ts 1 ====> 109.95 s
TS 0 layer 3 readLatency: 1.98e+07 ns
TS 0 layer 3 bufferLatency: 1.86e+07 ns (94.20%)
TS 0 layer 3 icLatency: 2.04e+02 ns
TS 0 layer 3 coreLatencyADC: 2.98e+05 ns (1.51%)
TS 0 layer 3 coreLatencyAccum: 6.87e+05 ns (3.47%)
TS 0 layer 3 coreLatencyOther: 1.61e+05 ns (0.82%)
TS 0 layer 3 arrayReadLatency: 8.94e+05 ns (4.52%)
TS 0 layer 3 arrayLatencyADC: 2.98e+05 ns (1.51%)
TS 0 layer 3 arrayLatencyAccum: 5.96e+05 ns (3.01%)
TS 0 layer 3 arrayLatencyOther: 0.00e+00 ns (0.00%)
TS 0 layer 3 readLatencyBuffer: 1.86e+07 ns (94.21%)
TS 0 layer 3 readLatencyIC: 4.09e+02 ns (0.00%)
TS 0 layer 3 readDynamicEnergy: 2.50e+08 pJ
TS 0 layer 3 leakagePower: 356.96 uW
TS 0 layer 3 leakageEnergy: 7.06e+06 pJ
TS 0 layer 3 bufferDynamicEnergy: 1.86e+06 pJ (0.74%)
TS 0 layer 3 icDynamicEnergy: 1.10e+04 pJ (0.00%)
TS 0 layer 3 coreEnergyADC: 2.72e+07 pJ (10.86%)
TS 0 layer 3 coreEnergyAccum: 2.21e+08 pJ (88.14%)
TS 0 layer 3 coreEnergyOther: 6.39e+05 pJ (0.25%)
TS 0 layer 3 coreEnergyPopcnt: 0.00e+00 pJ (0.00%)
TS 0 layer 3 arrayReadDynamicEnergy: 2.48e+08 pJ (98.99%)
TS 0 layer 3 arrayEnergyADC: 2.72e+07 pJ (10.86%)
TS 0 layer 3 arrayEnergyAccum: 2.21e+08 pJ (88.13%)
TS 0 layer 3 arrayEnergyOther: 0.00e+00 pJ (0.00%)
TS 0 layer 3 arrayEnergyPopcnt: 0.00e+00 pJ (0.00%)
TS 0 layer 3 readDynamicEnergyBuffer: 1.86e+06 pJ (0.74%)
TS 0 layer 3 readDynamicEnergyIC: 2.71e+04 pJ (0.01%)
Time elapsed before estimating layer 4 ts 1 ====> 115.12 s
TS 0 layer 4 readLatency: 1.91e+07 ns
TS 0 layer 4 bufferLatency: 1.86e+07 ns (97.42%)
TS 0 layer 4 icLatency: 2.04e+02 ns
TS 0 layer 4 coreLatencyADC: 8.06e+04 ns (0.42%)
TS 0 layer 4 coreLatencyAccum: 2.52e+05 ns (1.32%)
TS 0 layer 4 coreLatencyOther: 1.61e+05 ns (0.84%)
TS 0 layer 4 arrayReadLatency: 2.42e+05 ns (1.26%)
TS 0 layer 4 arrayLatencyADC: 8.06e+04 ns (0.42%)
TS 0 layer 4 arrayLatencyAccum: 1.61e+05 ns (0.84%)
TS 0 layer 4 arrayLatencyOther: 0.00e+00 ns (0.00%)
TS 0 layer 4 readLatencyBuffer: 1.86e+07 ns (97.43%)
TS 0 layer 4 readLatencyIC: 4.09e+02 ns (0.00%)
TS 0 layer 4 readDynamicEnergy: 1.02e+08 pJ
TS 0 layer 4 leakagePower: 356.96 uW
TS 0 layer 4 leakageEnergy: 6.83e+06 pJ
TS 0 layer 4 bufferDynamicEnergy: 1.86e+06 pJ (1.82%)
TS 0 layer 4 icDynamicEnergy: 1.10e+04 pJ (0.01%)
TS 0 layer 4 coreEnergyADC: 1.09e+07 pJ (10.70%)
TS 0 layer 4 coreEnergyAccum: 8.88e+07 pJ (86.85%)
TS 0 layer 4 coreEnergyOther: 6.39e+05 pJ (0.62%)
TS 0 layer 4 coreEnergyPopcnt: 0.00e+00 pJ (0.00%)
TS 0 layer 4 arrayReadDynamicEnergy: 9.97e+07 pJ (97.53%)
TS 0 layer 4 arrayEnergyADC: 1.09e+07 pJ (10.70%)
TS 0 layer 4 arrayEnergyAccum: 8.88e+07 pJ (86.83%)
TS 0 layer 4 arrayEnergyOther: 0.00e+00 pJ (0.00%)
TS 0 layer 4 arrayEnergyPopcnt: 0.00e+00 pJ (0.00%)
TS 0 layer 4 readDynamicEnergyBuffer: 1.86e+06 pJ (1.82%)
TS 0 layer 4 readDynamicEnergyIC: 2.71e+04 pJ (0.03%)
Time elapsed before estimating layer 5 ts 1 ====> 123.07 s
TS 0 layer 5 readLatency: 5.70e+06 ns
TS 0 layer 5 bufferLatency: 5.13e+06 ns (89.96%)
TS 0 layer 5 icLatency: 7.05e+02 ns
TS 0 layer 5 coreLatencyADC: 1.56e+05 ns (2.74%)
TS 0 layer 5 coreLatencyAccum: 3.35e+05 ns (5.88%)
TS 0 layer 5 coreLatencyOther: 8.06e+04 ns (1.41%)
TS 0 layer 5 arrayReadLatency: 4.68e+05 ns (8.21%)
TS 0 layer 5 arrayLatencyADC: 1.56e+05 ns (2.74%)
TS 0 layer 5 arrayLatencyAccum: 3.12e+05 ns (5.48%)
TS 0 layer 5 arrayLatencyOther: 0.00e+00 ns (0.00%)
TS 0 layer 5 readLatencyBuffer: 5.13e+06 ns (90.06%)
TS 0 layer 5 readLatencyIC: 1.41e+03 ns (0.02%)
TS 0 layer 5 readDynamicEnergy: 9.35e+07 pJ
TS 0 layer 5 leakagePower: 652.55 uW
TS 0 layer 5 leakageEnergy: 3.72e+06 pJ
TS 0 layer 5 bufferDynamicEnergy: 4.72e+05 pJ (0.51%)
TS 0 layer 5 icDynamicEnergy: 4.07e+04 pJ (0.04%)
TS 0 layer 5 coreEnergyADC: 1.02e+07 pJ (10.87%)
TS 0 layer 5 coreEnergyAccum: 8.25e+07 pJ (88.24%)
TS 0 layer 5 coreEnergyOther: 3.19e+05 pJ (0.34%)
TS 0 layer 5 coreEnergyPopcnt: 0.00e+00 pJ (0.00%)
TS 0 layer 5 arrayReadDynamicEnergy: 9.27e+07 pJ (99.10%)
TS 0 layer 5 arrayEnergyADC: 1.02e+07 pJ (10.87%)
TS 0 layer 5 arrayEnergyAccum: 8.25e+07 pJ (88.23%)
TS 0 layer 5 arrayEnergyOther: 0.00e+00 pJ (0.00%)
TS 0 layer 5 arrayEnergyPopcnt: 0.00e+00 pJ (0.00%)
TS 0 layer 5 readDynamicEnergyBuffer: 4.85e+05 pJ (0.52%)
TS 0 layer 5 readDynamicEnergyIC: 1.01e+05 pJ (0.11%)
Time elapsed before estimating layer 6 ts 1 ====> 132.10 s
TS 0 layer 6 readLatency: 2.21e+07 ns
TS 0 layer 6 bufferLatency: 2.01e+07 ns (90.84%)
TS 0 layer 6 icLatency: 7.05e+02 ns
TS 0 layer 6 coreLatencyADC: 6.43e+05 ns (2.91%)
TS 0 layer 6 coreLatencyAccum: 1.30e+06 ns (5.88%)
TS 0 layer 6 coreLatencyOther: 8.06e+04 ns (0.36%)
TS 0 layer 6 arrayReadLatency: 1.93e+06 ns (8.74%)
TS 0 layer 6 arrayLatencyADC: 6.43e+05 ns (2.91%)
TS 0 layer 6 arrayLatencyAccum: 1.29e+06 ns (5.82%)
TS 0 layer 6 arrayLatencyOther: 0.00e+00 ns (0.00%)
TS 0 layer 6 readLatencyBuffer: 2.01e+07 ns (90.87%)
TS 0 layer 6 readLatencyIC: 1.41e+03 ns (0.01%)
TS 0 layer 6 readDynamicEnergy: 3.30e+08 pJ
TS 0 layer 6 leakagePower: 1193.18 uW
TS 0 layer 6 leakageEnergy: 2.64e+07 pJ
TS 0 layer 6 bufferDynamicEnergy: 9.42e+05 pJ (0.29%)
TS 0 layer 6 icDynamicEnergy: 7.78e+04 pJ (0.02%)
TS 0 layer 6 coreEnergyADC: 3.61e+07 pJ (10.93%)
TS 0 layer 6 coreEnergyAccum: 2.93e+08 pJ (88.67%)
TS 0 layer 6 coreEnergyOther: 3.19e+05 pJ (0.10%)
TS 0 layer 6 coreEnergyPopcnt: 0.00e+00 pJ (0.00%)
TS 0 layer 6 arrayReadDynamicEnergy: 3.29e+08 pJ (99.59%)
TS 0 layer 6 arrayEnergyADC: 3.61e+07 pJ (10.93%)
TS 0 layer 6 arrayEnergyAccum: 2.93e+08 pJ (88.66%)
TS 0 layer 6 arrayEnergyOther: 0.00e+00 pJ (0.00%)
TS 0 layer 6 arrayEnergyPopcnt: 0.00e+00 pJ (0.00%)
TS 0 layer 6 readDynamicEnergyBuffer: 9.67e+05 pJ (0.29%)
TS 0 layer 6 readDynamicEnergyIC: 1.95e+05 pJ (0.06%)
Time elapsed before estimating layer 7 ts 1 ====> 140.69 s
TS 0 layer 7 readLatency: 2.18e+07 ns
TS 0 layer 7 bufferLatency: 2.01e+07 ns (91.97%)
TS 0 layer 7 icLatency: 7.05e+02 ns
TS 0 layer 7 coreLatencyADC: 5.53e+05 ns (2.53%)
TS 0 layer 7 coreLatencyAccum: 1.12e+06 ns (5.12%)
TS 0 layer 7 coreLatencyOther: 8.06e+04 ns (0.37%)
TS 0 layer 7 arrayReadLatency: 1.66e+06 ns (7.60%)
TS 0 layer 7 arrayLatencyADC: 5.53e+05 ns (2.53%)
TS 0 layer 7 arrayLatencyAccum: 1.11e+06 ns (5.07%)
TS 0 layer 7 arrayLatencyOther: 0.00e+00 ns (0.00%)
TS 0 layer 7 readLatencyBuffer: 2.01e+07 ns (92.00%)
TS 0 layer 7 readLatencyIC: 1.41e+03 ns (0.01%)
TS 0 layer 7 readDynamicEnergy: 7.14e+07 pJ
TS 0 layer 7 leakagePower: 1193.18 uW
TS 0 layer 7 leakageEnergy: 2.60e+07 pJ
TS 0 layer 7 bufferDynamicEnergy: 9.42e+05 pJ (1.32%)
TS 0 layer 7 icDynamicEnergy: 7.78e+04 pJ (0.11%)
TS 0 layer 7 coreEnergyADC: 7.68e+06 pJ (10.76%)
TS 0 layer 7 coreEnergyAccum: 6.23e+07 pJ (87.36%)
TS 0 layer 7 coreEnergyOther: 3.19e+05 pJ (0.45%)
TS 0 layer 7 coreEnergyPopcnt: 0.00e+00 pJ (0.00%)
TS 0 layer 7 arrayReadDynamicEnergy: 7.00e+07 pJ (98.11%)
TS 0 layer 7 arrayEnergyADC: 7.68e+06 pJ (10.76%)
TS 0 layer 7 arrayEnergyAccum: 6.23e+07 pJ (87.34%)
TS 0 layer 7 arrayEnergyOther: 0.00e+00 pJ (0.00%)
TS 0 layer 7 arrayEnergyPopcnt: 0.00e+00 pJ (0.00%)
TS 0 layer 7 readDynamicEnergyBuffer: 9.67e+05 pJ (1.36%)
TS 0 layer 7 readDynamicEnergyIC: 1.95e+05 pJ (0.27%)
Time elapsed before estimating layer 8 ts 1 ====> 143.33 s
TS 0 layer 8 readLatency: 2.06e+07 ns
TS 0 layer 8 bufferLatency: 2.01e+07 ns (97.21%)
TS 0 layer 8 icLatency: 7.05e+02 ns
TS 0 layer 8 coreLatencyADC: 1.61e+05 ns (0.78%)
TS 0 layer 8 coreLatencyAccum: 3.33e+05 ns (1.61%)
TS 0 layer 8 coreLatencyOther: 8.06e+04 ns (0.39%)
TS 0 layer 8 arrayReadLatency: 4.82e+05 ns (2.34%)
TS 0 layer 8 arrayLatencyADC: 1.61e+05 ns (0.78%)
TS 0 layer 8 arrayLatencyAccum: 3.21e+05 ns (1.56%)
TS 0 layer 8 arrayLatencyOther: 0.00e+00 ns (0.00%)
TS 0 layer 8 readLatencyBuffer: 2.01e+07 ns (97.24%)
TS 0 layer 8 readLatencyIC: 1.41e+03 ns (0.01%)
TS 0 layer 8 readDynamicEnergy: 6.87e+07 pJ
TS 0 layer 8 leakagePower: 1193.18 uW
TS 0 layer 8 leakageEnergy: 2.46e+07 pJ
TS 0 layer 8 bufferDynamicEnergy: 9.42e+05 pJ (1.37%)
TS 0 layer 8 icDynamicEnergy: 7.78e+04 pJ (0.11%)
TS 0 layer 8 coreEnergyADC: 7.39e+06 pJ (10.76%)
TS 0 layer 8 coreEnergyAccum: 5.99e+07 pJ (87.29%)
TS 0 layer 8 coreEnergyOther: 3.19e+05 pJ (0.47%)
TS 0 layer 8 coreEnergyPopcnt: 0.00e+00 pJ (0.00%)
TS 0 layer 8 arrayReadDynamicEnergy: 6.73e+07 pJ (98.03%)
TS 0 layer 8 arrayEnergyADC: 7.39e+06 pJ (10.76%)
TS 0 layer 8 arrayEnergyAccum: 5.99e+07 pJ (87.28%)
TS 0 layer 8 arrayEnergyOther: 0.00e+00 pJ (0.00%)
TS 0 layer 8 arrayEnergyPopcnt: 0.00e+00 pJ (0.00%)
TS 0 layer 8 readDynamicEnergyBuffer: 9.67e+05 pJ (1.41%)
TS 0 layer 8 readDynamicEnergyIC: 1.95e+05 pJ (0.28%)
Time elapsed before estimating layer 9 ts 1 ====> 148.17 s
TS 0 layer 9 readLatency: 3.24e+06 ns
TS 0 layer 9 bufferLatency: 2.78e+06 ns (85.78%)
TS 0 layer 9 icLatency: 2.59e+03 ns
TS 0 layer 9 coreLatencyADC: 1.37e+05 ns (4.22%)
TS 0 layer 9 coreLatencyAccum: 2.81e+05 ns (8.68%)
TS 0 layer 9 coreLatencyOther: 4.03e+04 ns (1.24%)
TS 0 layer 9 arrayReadLatency: 4.10e+05 ns (12.65%)
TS 0 layer 9 arrayLatencyADC: 1.37e+05 ns (4.22%)
TS 0 layer 9 arrayLatencyAccum: 2.73e+05 ns (8.43%)
TS 0 layer 9 arrayLatencyOther: 0.00e+00 ns (0.00%)
TS 0 layer 9 readLatencyBuffer: 2.80e+06 ns (86.44%)
TS 0 layer 9 readLatencyIC: 5.19e+03 ns (0.16%)
TS 0 layer 9 readDynamicEnergy: 4.82e+07 pJ
TS 0 layer 9 leakagePower: 2276.42 uW
TS 0 layer 9 leakageEnergy: 7.38e+06 pJ
TS 0 layer 9 bufferDynamicEnergy: 2.85e+05 pJ (0.59%)
TS 0 layer 9 icDynamicEnergy: 2.98e+05 pJ (0.62%)
TS 0 layer 9 coreEnergyADC: 5.20e+06 pJ (10.79%)
TS 0 layer 9 coreEnergyAccum: 4.23e+07 pJ (87.67%)
TS 0 layer 9 coreEnergyOther: 1.60e+05 pJ (0.33%)
TS 0 layer 9 coreEnergyPopcnt: 0.00e+00 pJ (0.00%)
TS 0 layer 9 arrayReadDynamicEnergy: 4.74e+07 pJ (98.38%)
TS 0 layer 9 arrayEnergyADC: 5.20e+06 pJ (10.79%)
TS 0 layer 9 arrayEnergyAccum: 4.22e+07 pJ (87.58%)
TS 0 layer 9 arrayEnergyOther: 0.00e+00 pJ (0.00%)
TS 0 layer 9 arrayEnergyPopcnt: 0.00e+00 pJ (0.00%)
TS 0 layer 9 readDynamicEnergyBuffer: 3.82e+05 pJ (0.79%)
TS 0 layer 9 readDynamicEnergyIC: 7.50e+05 pJ (1.56%)
Time elapsed before estimating layer 10 ts 1 ====> 153.84 s
TS 0 layer 10 readLatency: 1.19e+07 ns
TS 0 layer 10 bufferLatency: 1.01e+07 ns (84.29%)
TS 0 layer 10 icLatency: 2.59e+03 ns
TS 0 layer 10 coreLatencyADC: 6.10e+05 ns (5.11%)
TS 0 layer 10 coreLatencyAccum: 1.22e+06 ns (10.23%)
TS 0 layer 10 coreLatencyOther: 4.03e+04 ns (0.34%)
TS 0 layer 10 arrayReadLatency: 1.83e+06 ns (15.34%)
TS 0 layer 10 arrayLatencyADC: 6.10e+05 ns (5.11%)
TS 0 layer 10 arrayLatencyAccum: 1.22e+06 ns (10.22%)
TS 0 layer 10 arrayLatencyOther: 0.00e+00 ns (0.00%)
TS 0 layer 10 readLatencyBuffer: 1.01e+07 ns (84.47%)
TS 0 layer 10 readLatencyIC: 5.19e+03 ns (0.04%)
TS 0 layer 10 readDynamicEnergy: 2.15e+08 pJ
TS 0 layer 10 leakagePower: 4552.85 uW
TS 0 layer 10 leakageEnergy: 5.43e+07 pJ
TS 0 layer 10 bufferDynamicEnergy: 5.69e+05 pJ (0.26%)
TS 0 layer 10 icDynamicEnergy: 5.95e+05 pJ (0.28%)
TS 0 layer 10 coreEnergyADC: 2.34e+07 pJ (10.90%)
TS 0 layer 10 coreEnergyAccum: 1.90e+08 pJ (88.48%)
TS 0 layer 10 coreEnergyOther: 1.60e+05 pJ (0.07%)
TS 0 layer 10 coreEnergyPopcnt: 0.00e+00 pJ (0.00%)
TS 0 layer 10 arrayReadDynamicEnergy: 2.14e+08 pJ (99.35%)
TS 0 layer 10 arrayEnergyADC: 2.34e+07 pJ (10.90%)
TS 0 layer 10 arrayEnergyAccum: 1.90e+08 pJ (88.45%)
TS 0 layer 10 arrayEnergyOther: 0.00e+00 pJ (0.00%)
TS 0 layer 10 arrayEnergyPopcnt: 0.00e+00 pJ (0.00%)
TS 0 layer 10 readDynamicEnergyBuffer: 7.63e+05 pJ (0.35%)
TS 0 layer 10 readDynamicEnergyIC: 1.50e+06 pJ (0.70%)
Time elapsed before estimating layer 11 ts 1 ====> 159.45 s
TS 0 layer 11 readLatency: 1.16e+07 ns
TS 0 layer 11 bufferLatency: 1.01e+07 ns (86.61%)
TS 0 layer 11 icLatency: 2.59e+03 ns
TS 0 layer 11 coreLatencyADC: 5.03e+05 ns (4.34%)
TS 0 layer 11 coreLatencyAccum: 1.01e+06 ns (8.68%)
TS 0 layer 11 coreLatencyOther: 4.03e+04 ns (0.35%)
TS 0 layer 11 arrayReadLatency: 1.51e+06 ns (13.01%)
TS 0 layer 11 arrayLatencyADC: 5.03e+05 ns (4.34%)
TS 0 layer 11 arrayLatencyAccum: 1.01e+06 ns (8.68%)
TS 0 layer 11 arrayLatencyOther: 0.00e+00 ns (0.00%)
TS 0 layer 11 readLatencyBuffer: 1.01e+07 ns (86.79%)
TS 0 layer 11 readLatencyIC: 5.19e+03 ns (0.04%)
TS 0 layer 11 readDynamicEnergy: 7.52e+07 pJ
TS 0 layer 11 leakagePower: 4552.85 uW
TS 0 layer 11 leakageEnergy: 5.28e+07 pJ
TS 0 layer 11 bufferDynamicEnergy: 5.69e+05 pJ (0.76%)
TS 0 layer 11 icDynamicEnergy: 5.95e+05 pJ (0.79%)
TS 0 layer 11 coreEnergyADC: 8.10e+06 pJ (10.77%)
TS 0 layer 11 coreEnergyAccum: 6.58e+07 pJ (87.47%)
TS 0 layer 11 coreEnergyOther: 1.60e+05 pJ (0.21%)
TS 0 layer 11 coreEnergyPopcnt: 0.00e+00 pJ (0.00%)
TS 0 layer 11 arrayReadDynamicEnergy: 7.38e+07 pJ (98.14%)
TS 0 layer 11 arrayEnergyADC: 8.10e+06 pJ (10.77%)
TS 0 layer 11 arrayEnergyAccum: 6.57e+07 pJ (87.37%)
TS 0 layer 11 arrayEnergyOther: 0.00e+00 pJ (0.00%)
TS 0 layer 11 arrayEnergyPopcnt: 0.00e+00 pJ (0.00%)
TS 0 layer 11 readDynamicEnergyBuffer: 7.63e+05 pJ (1.01%)
TS 0 layer 11 readDynamicEnergyIC: 1.50e+06 pJ (1.99%)
Time elapsed before estimating layer 12 ts 1 ====> 162.29 s
TS 0 layer 12 readLatency: 1.06e+07 ns
TS 0 layer 12 bufferLatency: 1.01e+07 ns (95.29%)
TS 0 layer 12 icLatency: 2.59e+03 ns
TS 0 layer 12 coreLatencyADC: 1.51e+05 ns (1.43%)
TS 0 layer 12 coreLatencyAccum: 3.03e+05 ns (2.88%)
TS 0 layer 12 coreLatencyOther: 4.03e+04 ns (0.38%)
TS 0 layer 12 arrayReadLatency: 4.53e+05 ns (4.30%)
TS 0 layer 12 arrayLatencyADC: 1.51e+05 ns (1.43%)
TS 0 layer 12 arrayLatencyAccum: 3.02e+05 ns (2.86%)
TS 0 layer 12 arrayLatencyOther: 0.00e+00 ns (0.00%)
TS 0 layer 12 readLatencyBuffer: 1.01e+07 ns (95.49%)
TS 0 layer 12 readLatencyIC: 5.19e+03 ns (0.05%)
TS 0 layer 12 readDynamicEnergy: 4.92e+07 pJ
TS 0 layer 12 leakagePower: 4552.85 uW
TS 0 layer 12 leakageEnergy: 4.80e+07 pJ
TS 0 layer 12 bufferDynamicEnergy: 5.69e+05 pJ (1.16%)
TS 0 layer 12 icDynamicEnergy: 5.95e+05 pJ (1.21%)
TS 0 layer 12 coreEnergyADC: 5.24e+06 pJ (10.66%)
TS 0 layer 12 coreEnergyAccum: 4.26e+07 pJ (86.65%)
TS 0 layer 12 coreEnergyOther: 1.60e+05 pJ (0.32%)
TS 0 layer 12 coreEnergyPopcnt: 0.00e+00 pJ (0.00%)
TS 0 layer 12 arrayReadDynamicEnergy: 4.78e+07 pJ (97.15%)
TS 0 layer 12 arrayEnergyADC: 5.24e+06 pJ (10.66%)
TS 0 layer 12 arrayEnergyAccum: 4.25e+07 pJ (86.49%)
TS 0 layer 12 arrayEnergyOther: 0.00e+00 pJ (0.00%)
TS 0 layer 12 arrayEnergyPopcnt: 0.00e+00 pJ (0.00%)
TS 0 layer 12 readDynamicEnergyBuffer: 7.63e+05 pJ (1.55%)
TS 0 layer 12 readDynamicEnergyIC: 1.50e+06 pJ (3.05%)
Time elapsed before estimating layer 13 ts 1 ====> 167.82 s
TS 0 layer 13 readLatency: 1.84e+06 ns
TS 0 layer 13 bufferLatency: 1.46e+06 ns (79.22%)
TS 0 layer 13 icLatency: 9.93e+03 ns
TS 0 layer 13 coreLatencyADC: 1.16e+05 ns (6.31%)
TS 0 layer 13 coreLatencyAccum: 2.37e+05 ns (12.84%)
TS 0 layer 13 coreLatencyOther: 2.02e+04 ns (1.09%)
TS 0 layer 13 arrayReadLatency: 3.49e+05 ns (18.93%)
TS 0 layer 13 arrayLatencyADC: 1.16e+05 ns (6.31%)
TS 0 layer 13 arrayLatencyAccum: 2.33e+05 ns (12.62%)
TS 0 layer 13 arrayLatencyOther: 0.00e+00 ns (0.00%)
TS 0 layer 13 readLatencyBuffer: 1.54e+06 ns (83.65%)
TS 0 layer 13 readLatencyIC: 1.99e+04 ns (1.08%)
TS 0 layer 13 readDynamicEnergy: 2.35e+07 pJ
TS 0 layer 13 leakagePower: 8886.50 uW
TS 0 layer 13 leakageEnergy: 1.64e+07 pJ
TS 0 layer 13 bufferDynamicEnergy: 5.23e+05 pJ (2.22%)
TS 0 layer 13 icDynamicEnergy: 2.33e+06 pJ (9.89%)
TS 0 layer 13 coreEnergyADC: 2.22e+06 pJ (9.46%)
TS 0 layer 13 coreEnergyAccum: 1.84e+07 pJ (78.09%)
TS 0 layer 13 coreEnergyOther: 7.98e+04 pJ (0.34%)
TS 0 layer 13 coreEnergyPopcnt: 0.00e+00 pJ (0.00%)
TS 0 layer 13 arrayReadDynamicEnergy: 2.03e+07 pJ (86.20%)
TS 0 layer 13 arrayEnergyADC: 2.22e+06 pJ (9.46%)
TS 0 layer 13 arrayEnergyAccum: 1.80e+07 pJ (76.74%)
TS 0 layer 13 arrayEnergyOther: 0.00e+00 pJ (0.00%)
TS 0 layer 13 arrayEnergyPopcnt: 0.00e+00 pJ (0.00%)
TS 0 layer 13 readDynamicEnergyBuffer: 1.28e+06 pJ (5.43%)
TS 0 layer 13 readDynamicEnergyIC: 5.88e+06 pJ (25.01%)
Time elapsed before estimating layer 14 ts 1 ====> 173.88 s
TS 0 layer 14 readLatency: 3.51e+06 ns
TS 0 layer 14 bufferLatency: 2.59e+06 ns (73.83%)
TS 0 layer 14 icLatency: 9.93e+03 ns
TS 0 layer 14 coreLatencyADC: 2.95e+05 ns (8.40%)
TS 0 layer 14 coreLatencyAccum: 5.93e+05 ns (16.91%)
TS 0 layer 14 coreLatencyOther: 2.02e+04 ns (0.57%)
TS 0 layer 14 arrayReadLatency: 8.84e+05 ns (25.21%)
TS 0 layer 14 arrayLatencyADC: 2.95e+05 ns (8.40%)
TS 0 layer 14 arrayLatencyAccum: 5.89e+05 ns (16.81%)
TS 0 layer 14 arrayLatencyOther: 0.00e+00 ns (0.00%)
TS 0 layer 14 readLatencyBuffer: 2.67e+06 ns (76.20%)
TS 0 layer 14 readLatencyIC: 1.99e+04 ns (0.57%)
TS 0 layer 14 readDynamicEnergy: 8.85e+07 pJ
TS 0 layer 14 leakagePower: 17773.00 uW
TS 0 layer 14 leakageEnergy: 6.23e+07 pJ
TS 0 layer 14 bufferDynamicEnergy: 1.05e+06 pJ (1.18%)
TS 0 layer 14 icDynamicEnergy: 4.65e+06 pJ (5.26%)
TS 0 layer 14 coreEnergyADC: 9.01e+06 pJ (10.18%)
TS 0 layer 14 coreEnergyAccum: 7.37e+07 pJ (83.29%)
TS 0 layer 14 coreEnergyOther: 7.98e+04 pJ (0.09%)
TS 0 layer 14 coreEnergyPopcnt: 0.00e+00 pJ (0.00%)
TS 0 layer 14 arrayReadDynamicEnergy: 8.21e+07 pJ (92.76%)
TS 0 layer 14 arrayEnergyADC: 9.01e+06 pJ (10.18%)
TS 0 layer 14 arrayEnergyAccum: 7.31e+07 pJ (82.58%)
TS 0 layer 14 arrayEnergyOther: 0.00e+00 pJ (0.00%)
TS 0 layer 14 arrayEnergyPopcnt: 0.00e+00 pJ (0.00%)
TS 0 layer 14 readDynamicEnergyBuffer: 2.56e+06 pJ (2.89%)
TS 0 layer 14 readDynamicEnergyIC: 1.18e+07 pJ (13.29%)
Time elapsed before estimating layer 15 ts 1 ====> 179.87 s
TS 0 layer 15 readLatency: 3.36e+06 ns
TS 0 layer 15 bufferLatency: 2.59e+06 ns (77.01%)
TS 0 layer 15 icLatency: 9.93e+03 ns
TS 0 layer 15 coreLatencyADC: 2.47e+05 ns (7.33%)
TS 0 layer 15 coreLatencyAccum: 4.97e+05 ns (14.77%)
TS 0 layer 15 coreLatencyOther: 2.02e+04 ns (0.60%)
TS 0 layer 15 arrayReadLatency: 7.40e+05 ns (21.99%)
TS 0 layer 15 arrayLatencyADC: 2.47e+05 ns (7.33%)
TS 0 layer 15 arrayLatencyAccum: 4.93e+05 ns (14.66%)
TS 0 layer 15 arrayLatencyOther: 0.00e+00 ns (0.00%)
TS 0 layer 15 readLatencyBuffer: 2.67e+06 ns (79.48%)
TS 0 layer 15 readLatencyIC: 1.99e+04 ns (0.59%)
TS 0 layer 15 readDynamicEnergy: 8.28e+07 pJ
TS 0 layer 15 leakagePower: 17773.00 uW
TS 0 layer 15 leakageEnergy: 5.98e+07 pJ
TS 0 layer 15 bufferDynamicEnergy: 1.05e+06 pJ (1.26%)
TS 0 layer 15 icDynamicEnergy: 4.65e+06 pJ (5.62%)
TS 0 layer 15 coreEnergyADC: 8.38e+06 pJ (10.12%)
TS 0 layer 15 coreEnergyAccum: 6.87e+07 pJ (82.90%)
TS 0 layer 15 coreEnergyOther: 7.98e+04 pJ (0.10%)
TS 0 layer 15 coreEnergyPopcnt: 0.00e+00 pJ (0.00%)
TS 0 layer 15 arrayReadDynamicEnergy: 7.64e+07 pJ (92.26%)
TS 0 layer 15 arrayEnergyADC: 8.38e+06 pJ (10.12%)
TS 0 layer 15 arrayEnergyAccum: 6.80e+07 pJ (82.14%)
TS 0 layer 15 arrayEnergyOther: 0.00e+00 pJ (0.00%)
TS 0 layer 15 arrayEnergyPopcnt: 0.00e+00 pJ (0.00%)
TS 0 layer 15 readDynamicEnergyBuffer: 2.56e+06 pJ (3.09%)
TS 0 layer 15 readDynamicEnergyIC: 1.18e+07 pJ (14.20%)
