=============== Parameter Loading Finish ===============
Time elapsed = 0.04 s
=============== Network Structure Loading Finish ===============
{'IH': 56, 'IW': 56, 'Cin': 64, 'KH': 3, 'KW': 3, 'Cout': 64, 'pooling': 0, 'stride': 1, 'isSNN': 1, 'T': 100, 'weight_row': 64, 'weight_col': 576}
{'IH': 56, 'IW': 56, 'Cin': 64, 'KH': 3, 'KW': 3, 'Cout': 64, 'pooling': 0, 'stride': 1, 'isSNN': 1, 'T': 100, 'weight_row': 64, 'weight_col': 576}
{'IH': 56, 'IW': 56, 'Cin': 64, 'KH': 3, 'KW': 3, 'Cout': 64, 'pooling': 0, 'stride': 1, 'isSNN': 1, 'T': 100, 'weight_row': 64, 'weight_col': 576}
{'IH': 56, 'IW': 56, 'Cin': 64, 'KH': 3, 'KW': 3, 'Cout': 64, 'pooling': 0, 'stride': 1, 'isSNN': 1, 'T': 100, 'weight_row': 64, 'weight_col': 576}
{'IH': 56, 'IW': 56, 'Cin': 64, 'KH': 3, 'KW': 3, 'Cout': 128, 'pooling': 0, 'stride': 2, 'isSNN': 1, 'T': 100, 'weight_row': 128, 'weight_col': 576}
{'IH': 28, 'IW': 28, 'Cin': 128, 'KH': 3, 'KW': 3, 'Cout': 128, 'pooling': 0, 'stride': 1, 'isSNN': 1, 'T': 100, 'weight_row': 128, 'weight_col': 1152}
{'IH': 28, 'IW': 28, 'Cin': 128, 'KH': 3, 'KW': 3, 'Cout': 128, 'pooling': 0, 'stride': 1, 'isSNN': 1, 'T': 100, 'weight_row': 128, 'weight_col': 1152}
{'IH': 28, 'IW': 28, 'Cin': 128, 'KH': 3, 'KW': 3, 'Cout': 128, 'pooling': 0, 'stride': 1, 'isSNN': 1, 'T': 100, 'weight_row': 128, 'weight_col': 1152}
{'IH': 28, 'IW': 28, 'Cin': 128, 'KH': 3, 'KW': 3, 'Cout': 256, 'pooling': 0, 'stride': 2, 'isSNN': 1, 'T': 100, 'weight_row': 256, 'weight_col': 1152}
{'IH': 14, 'IW': 14, 'Cin': 256, 'KH': 3, 'KW': 3, 'Cout': 256, 'pooling': 0, 'stride': 1, 'isSNN': 1, 'T': 100, 'weight_row': 256, 'weight_col': 2304}
{'IH': 14, 'IW': 14, 'Cin': 256, 'KH': 3, 'KW': 3, 'Cout': 256, 'pooling': 0, 'stride': 1, 'isSNN': 1, 'T': 100, 'weight_row': 256, 'weight_col': 2304}
{'IH': 14, 'IW': 14, 'Cin': 256, 'KH': 3, 'KW': 3, 'Cout': 256, 'pooling': 0, 'stride': 1, 'isSNN': 1, 'T': 100, 'weight_row': 256, 'weight_col': 2304}
{'IH': 14, 'IW': 14, 'Cin': 256, 'KH': 3, 'KW': 3, 'Cout': 512, 'pooling': 0, 'stride': 2, 'isSNN': 1, 'T': 100, 'weight_row': 512, 'weight_col': 2304}
{'IH': 7, 'IW': 7, 'Cin': 512, 'KH': 3, 'KW': 3, 'Cout': 512, 'pooling': 0, 'stride': 1, 'isSNN': 1, 'T': 100, 'weight_row': 512, 'weight_col': 4608}
{'IH': 7, 'IW': 7, 'Cin': 512, 'KH': 3, 'KW': 3, 'Cout': 512, 'pooling': 0, 'stride': 1, 'isSNN': 1, 'T': 100, 'weight_row': 512, 'weight_col': 4608}
{'IH': 7, 'IW': 7, 'Cin': 512, 'KH': 3, 'KW': 3, 'Cout': 512, 'pooling': 1, 'stride': 1, 'isSNN': 1, 'T': 100, 'weight_row': 512, 'weight_col': 4608}

------------------------------ FloorPlan --------------------------------
Tile and PE size are optimized to maximize memory utilization ( = memory mapped by synapse / total memory on chip)
Desired Conventional Mapped Tile Storage Size: 1024 x 1024
Desired Conventional PE Storage Size: 512 x 512
User-defined SubArray Size: 128 x 128
----------------- # of tile used for each layer -----------------
Layer 1: 40
Layer 2: 40
Layer 3: 40
Layer 4: 40
Layer 5: 40
Layer 6: 18
Layer 7: 18
Layer 8: 18
Layer 9: 36
Layer 10: 18
Layer 11: 18
Layer 12: 18
Layer 13: 36
Layer 14: 36
Layer 15: 36
Layer 16: 36
----------------- Speed-up of each layer ------------------
Layer 1: 64
Layer 2: 64
Layer 3: 64
Layer 4: 64
Layer 5: 64
Layer 6: 16
Layer 7: 16
Layer 8: 16
Layer 9: 16
Layer 10: 4
Layer 11: 4
Layer 12: 4
Layer 13: 4
Layer 14: 2
Layer 15: 2
Layer 16: 2
----------------- Utilization of each layer ------------------
Layer 1: 0.45
Layer 2: 0.45
Layer 3: 0.45
Layer 4: 0.45
Layer 5: 0.9
Layer 6: 1.0
Layer 7: 1.0
Layer 8: 1.0
Layer 9: 1.0
Layer 10: 1.0
Layer 11: 1.0
Layer 12: 1.0
Layer 13: 1.0
Layer 14: 1.0
Layer 15: 1.0
Layer 16: 1.0
Memory Utilization of Whole Chip: 81.14754098360656 %
---------------------------- FloorPlan Done ------------------------------
Chip Area: 1.46e+08 um^2
Chip ADC (or S/As and precharger for SRAM) Area: 7.02e+06 um^2 (4.82 %)
Chip IC Area (Global and Tile/PE local): 5.61e+06 um^2 (3.85 %)
Chip Accum (subarray level: adders, shiftAdds; PE/Tile/Global level: accumulation units) Area: 2.63e+07 um^2 (18.04 %)
Chip Other (e.g. decoders, mux, switchmatrix, buffers, IC, pooling and activation units) Area: 2.40e+07 um^2 (16.47 %)
Chip Popcnt Area: 7.67e+05 um^2 (0.53 %)
Chip Array Area: 6.93e+07 um^2 (47.60 %)
Time elapsed = 19.07 s
=============== Chip Clk Period Estimating ===============
Time elapsed after estimating layer 1 = 39.85 s
Chip Clk Period: 1.0281894905588658 ns
=============== Chip Performance Estimating ===============
Time elapsed before estimating layer 1 ts 1 ====> 310.99 s
TS 0 layer 1 readLatency: 8.75e+06 ns
TS 0 layer 1 bufferLatency: 7.96e+06 ns (90.97%)
TS 0 layer 1 icLatency: 8.72e+01 ns
TS 0 layer 1 coreLatencyADC: 3.22e+03 ns (0.04%)
TS 0 layer 1 coreLatencyAccum: 6.26e+05 ns (7.16%)
TS 0 layer 1 coreLatencyOther: 1.61e+05 ns (1.84%)
TS 0 layer 1 arrayReadLatency: 5.39e+05 ns (6.16%)
TS 0 layer 1 arrayLatencyADC: 3.22e+03 ns (0.04%)
TS 0 layer 1 arrayLatencyAccum: 5.35e+05 ns (6.12%)
TS 0 layer 1 arrayLatencyOther: 0.00e+00 ns (0.00%)
TS 0 layer 1 readLatencyBuffer: 7.96e+06 ns (90.98%)
TS 0 layer 1 readLatencyIC: 1.74e+02 ns (0.00%)
TS 0 layer 1 readDynamicEnergy: 1.51e+08 pJ
TS 0 layer 1 leakagePower: 356.96 uW
TS 0 layer 1 leakageEnergy: 3.12e+06 pJ
TS 0 layer 1 bufferDynamicEnergy: 7.93e+05 pJ (0.52%)
TS 0 layer 1 icDynamicEnergy: 4.73e+03 pJ (0.00%)
TS 0 layer 1 coreEnergyADC: 4.71e+05 pJ (0.31%)
TS 0 layer 1 coreEnergyAccum: 1.49e+08 pJ (98.75%)
TS 0 layer 1 coreEnergyOther: 6.39e+05 pJ (0.42%)
TS 0 layer 1 coreEnergyPopcnt: 2.50e+06 pJ (1.65%)
TS 0 layer 1 arrayReadDynamicEnergy: 1.50e+08 pJ (99.05%)
TS 0 layer 1 arrayEnergyADC: 4.71e+05 pJ (0.31%)
TS 0 layer 1 arrayEnergyAccum: 1.49e+08 pJ (98.73%)
TS 0 layer 1 arrayEnergyOther: 0.00e+00 pJ (0.00%)
TS 0 layer 1 arrayEnergyPopcnt: 2.50e+06 pJ (1.65%)
TS 0 layer 1 readDynamicEnergyBuffer: 7.95e+05 pJ (0.53%)
TS 0 layer 1 readDynamicEnergyIC: 1.16e+04 pJ (0.01%)
successRate of layer 1 = 0.19
Max(successRate) of layer 1 = 0.19
Min(successRate) of layer 1 = 0.19
Sparsity of layer 1 = 0.936
Compression ratio of layer 1 = 0.427
Time elapsed before estimating layer 2 ts 1 ====> 490.79 s
TS 0 layer 2 readLatency: 1.91e+07 ns
TS 0 layer 2 bufferLatency: 1.85e+07 ns (96.56%)
TS 0 layer 2 icLatency: 2.02e+02 ns
TS 0 layer 2 coreLatencyADC: 3.22e+03 ns (0.02%)
TS 0 layer 2 coreLatencyAccum: 4.93e+05 ns (2.58%)
TS 0 layer 2 coreLatencyOther: 1.61e+05 ns (0.84%)
TS 0 layer 2 arrayReadLatency: 4.06e+05 ns (2.12%)
TS 0 layer 2 arrayLatencyADC: 3.22e+03 ns (0.02%)
TS 0 layer 2 arrayLatencyAccum: 4.03e+05 ns (2.11%)
TS 0 layer 2 arrayLatencyOther: 0.00e+00 ns (0.00%)
TS 0 layer 2 readLatencyBuffer: 1.85e+07 ns (96.57%)
TS 0 layer 2 readLatencyIC: 4.05e+02 ns (0.00%)
TS 0 layer 2 readDynamicEnergy: 2.16e+08 pJ
TS 0 layer 2 leakagePower: 356.96 uW
TS 0 layer 2 leakageEnergy: 6.83e+06 pJ
TS 0 layer 2 bufferDynamicEnergy: 1.84e+06 pJ (0.85%)
TS 0 layer 2 icDynamicEnergy: 1.10e+04 pJ (0.01%)
TS 0 layer 2 coreEnergyADC: 4.71e+05 pJ (0.22%)
TS 0 layer 2 coreEnergyAccum: 2.13e+08 pJ (98.63%)
TS 0 layer 2 coreEnergyOther: 6.39e+05 pJ (0.30%)
TS 0 layer 2 coreEnergyPopcnt: 2.50e+06 pJ (1.16%)
TS 0 layer 2 arrayReadDynamicEnergy: 2.13e+08 pJ (98.84%)
TS 0 layer 2 arrayEnergyADC: 4.71e+05 pJ (0.22%)
TS 0 layer 2 arrayEnergyAccum: 2.13e+08 pJ (98.62%)
TS 0 layer 2 arrayEnergyOther: 0.00e+00 pJ (0.00%)
TS 0 layer 2 arrayEnergyPopcnt: 2.50e+06 pJ (1.16%)
TS 0 layer 2 readDynamicEnergyBuffer: 1.84e+06 pJ (0.85%)
TS 0 layer 2 readDynamicEnergyIC: 2.69e+04 pJ (0.01%)
successRate of layer 2 = 0.51
Max(successRate) of layer 2 = 0.51
Min(successRate) of layer 2 = 0.51
Sparsity of layer 2 = 0.703
Compression ratio of layer 2 = 0.991
Time elapsed before estimating layer 3 ts 1 ====> 757.85 s
TS 0 layer 3 readLatency: 1.10e+07 ns
TS 0 layer 3 bufferLatency: 1.03e+07 ns (93.33%)
TS 0 layer 3 icLatency: 1.13e+02 ns
TS 0 layer 3 coreLatencyADC: 3.22e+03 ns (0.03%)
TS 0 layer 3 coreLatencyAccum: 5.72e+05 ns (5.18%)
TS 0 layer 3 coreLatencyOther: 1.61e+05 ns (1.46%)
TS 0 layer 3 arrayReadLatency: 4.85e+05 ns (4.39%)
TS 0 layer 3 arrayLatencyADC: 3.22e+03 ns (0.03%)
TS 0 layer 3 arrayLatencyAccum: 4.81e+05 ns (4.36%)
TS 0 layer 3 arrayLatencyOther: 0.00e+00 ns (0.00%)
TS 0 layer 3 readLatencyBuffer: 1.03e+07 ns (93.34%)
TS 0 layer 3 readLatencyIC: 2.26e+02 ns (0.00%)
TS 0 layer 3 readDynamicEnergy: 2.14e+08 pJ
TS 0 layer 3 leakagePower: 356.96 uW
TS 0 layer 3 leakageEnergy: 3.94e+06 pJ
TS 0 layer 3 bufferDynamicEnergy: 1.03e+06 pJ (0.48%)
TS 0 layer 3 icDynamicEnergy: 6.12e+03 pJ (0.00%)
TS 0 layer 3 coreEnergyADC: 4.71e+05 pJ (0.22%)
TS 0 layer 3 coreEnergyAccum: 2.12e+08 pJ (99.00%)
TS 0 layer 3 coreEnergyOther: 6.39e+05 pJ (0.30%)
TS 0 layer 3 coreEnergyPopcnt: 2.50e+06 pJ (1.16%)
TS 0 layer 3 arrayReadDynamicEnergy: 2.13e+08 pJ (99.22%)
TS 0 layer 3 arrayEnergyADC: 4.71e+05 pJ (0.22%)
TS 0 layer 3 arrayEnergyAccum: 2.12e+08 pJ (99.00%)
TS 0 layer 3 arrayEnergyOther: 0.00e+00 pJ (0.00%)
TS 0 layer 3 arrayEnergyPopcnt: 2.50e+06 pJ (1.16%)
TS 0 layer 3 readDynamicEnergyBuffer: 1.03e+06 pJ (0.48%)
TS 0 layer 3 readDynamicEnergyIC: 1.50e+04 pJ (0.01%)
successRate of layer 3 = 0.16
Max(successRate) of layer 3 = 0.16
Min(successRate) of layer 3 = 0.16
Sparsity of layer 3 = 0.923
Compression ratio of layer 3 = 0.553
Time elapsed before estimating layer 4 ts 1 ====> 789.69 s
TS 0 layer 4 readLatency: 1.92e+07 ns
TS 0 layer 4 bufferLatency: 1.89e+07 ns (98.29%)
TS 0 layer 4 icLatency: 2.07e+02 ns
TS 0 layer 4 coreLatencyADC: 8.06e+02 ns (0.00%)
TS 0 layer 4 coreLatencyAccum: 1.67e+05 ns (0.87%)
TS 0 layer 4 coreLatencyOther: 1.61e+05 ns (0.84%)
TS 0 layer 4 arrayReadLatency: 7.74e+04 ns (0.40%)
TS 0 layer 4 arrayLatencyADC: 8.06e+02 ns (0.00%)
TS 0 layer 4 arrayLatencyAccum: 7.66e+04 ns (0.40%)
TS 0 layer 4 arrayLatencyOther: 0.00e+00 ns (0.00%)
TS 0 layer 4 readLatencyBuffer: 1.89e+07 ns (98.30%)
TS 0 layer 4 readLatencyIC: 4.15e+02 ns (0.00%)
TS 0 layer 4 readDynamicEnergy: 4.63e+07 pJ
TS 0 layer 4 leakagePower: 356.96 uW
TS 0 layer 4 leakageEnergy: 6.87e+06 pJ
TS 0 layer 4 bufferDynamicEnergy: 1.89e+06 pJ (4.07%)
TS 0 layer 4 icDynamicEnergy: 1.12e+04 pJ (0.02%)
TS 0 layer 4 coreEnergyADC: 1.18e+05 pJ (0.25%)
TS 0 layer 4 coreEnergyAccum: 4.37e+07 pJ (94.27%)
TS 0 layer 4 coreEnergyOther: 6.39e+05 pJ (1.38%)
TS 0 layer 4 coreEnergyPopcnt: 6.24e+05 pJ (1.35%)
TS 0 layer 4 arrayReadDynamicEnergy: 4.38e+07 pJ (94.49%)
TS 0 layer 4 arrayEnergyADC: 1.18e+05 pJ (0.25%)
TS 0 layer 4 arrayEnergyAccum: 4.37e+07 pJ (94.23%)
TS 0 layer 4 arrayEnergyOther: 0.00e+00 pJ (0.00%)
TS 0 layer 4 arrayEnergyPopcnt: 6.24e+05 pJ (1.35%)
TS 0 layer 4 readDynamicEnergyBuffer: 1.89e+06 pJ (4.08%)
TS 0 layer 4 readDynamicEnergyIC: 2.75e+04 pJ (0.06%)
successRate of layer 4 = 0.66
Max(successRate) of layer 4 = 0.66
Min(successRate) of layer 4 = 0.66
Sparsity of layer 4 = 0.73
Compression ratio of layer 4 = 1.015
Time elapsed before estimating layer 5 ts 1 ====> 872.14 s
TS 0 layer 5 readLatency: 2.19e+06 ns
TS 0 layer 5 bufferLatency: 1.85e+06 ns (84.39%)
TS 0 layer 5 icLatency: 2.54e+02 ns
TS 0 layer 5 coreLatencyADC: 1.61e+03 ns (0.07%)
TS 0 layer 5 coreLatencyAccum: 2.63e+05 ns (12.03%)
TS 0 layer 5 coreLatencyOther: 8.06e+04 ns (3.68%)
TS 0 layer 5 arrayReadLatency: 2.42e+05 ns (11.05%)
TS 0 layer 5 arrayLatencyADC: 1.61e+03 ns (0.07%)
TS 0 layer 5 arrayLatencyAccum: 2.40e+05 ns (10.98%)
TS 0 layer 5 arrayLatencyOther: 0.00e+00 ns (0.00%)
TS 0 layer 5 readLatencyBuffer: 1.85e+06 ns (84.49%)
TS 0 layer 5 readLatencyIC: 5.07e+02 ns (0.02%)
TS 0 layer 5 readDynamicEnergy: 7.01e+07 pJ
TS 0 layer 5 leakagePower: 652.55 uW
TS 0 layer 5 leakageEnergy: 1.43e+06 pJ
TS 0 layer 5 bufferDynamicEnergy: 1.70e+05 pJ (0.24%)
TS 0 layer 5 icDynamicEnergy: 1.47e+04 pJ (0.02%)
TS 0 layer 5 coreEnergyADC: 2.36e+05 pJ (0.34%)
TS 0 layer 5 coreEnergyAccum: 6.94e+07 pJ (99.01%)
TS 0 layer 5 coreEnergyOther: 3.19e+05 pJ (0.46%)
TS 0 layer 5 coreEnergyPopcnt: 6.24e+05 pJ (0.89%)
TS 0 layer 5 arrayReadDynamicEnergy: 6.96e+07 pJ (99.33%)
TS 0 layer 5 arrayEnergyADC: 2.36e+05 pJ (0.34%)
TS 0 layer 5 arrayEnergyAccum: 6.94e+07 pJ (99.00%)
TS 0 layer 5 arrayEnergyOther: 0.00e+00 pJ (0.00%)
TS 0 layer 5 arrayEnergyPopcnt: 6.24e+05 pJ (0.89%)
TS 0 layer 5 readDynamicEnergyBuffer: 1.75e+05 pJ (0.25%)
TS 0 layer 5 readDynamicEnergyIC: 3.64e+04 pJ (0.05%)
successRate of layer 5 = 0.36
Max(successRate) of layer 5 = 0.36
Min(successRate) of layer 5 = 0.36
Sparsity of layer 5 = 0.952
Compression ratio of layer 5 = 0.36
Time elapsed before estimating layer 6 ts 1 ====> 960.95 s
TS 0 layer 6 readLatency: 1.57e+07 ns
TS 0 layer 6 bufferLatency: 1.53e+07 ns (97.40%)
TS 0 layer 6 icLatency: 5.36e+02 ns
TS 0 layer 6 coreLatencyADC: 6.45e+03 ns (0.04%)
TS 0 layer 6 coreLatencyAccum: 3.21e+05 ns (2.05%)
TS 0 layer 6 coreLatencyOther: 8.06e+04 ns (0.51%)
TS 0 layer 6 arrayReadLatency: 3.16e+05 ns (2.02%)
TS 0 layer 6 arrayLatencyADC: 6.45e+03 ns (0.04%)
TS 0 layer 6 arrayLatencyAccum: 3.09e+05 ns (1.97%)
TS 0 layer 6 arrayLatencyOther: 0.00e+00 ns (0.00%)
TS 0 layer 6 readLatencyBuffer: 1.53e+07 ns (97.43%)
TS 0 layer 6 readLatencyIC: 1.07e+03 ns (0.01%)
TS 0 layer 6 readDynamicEnergy: 7.55e+07 pJ
TS 0 layer 6 leakagePower: 1193.18 uW
TS 0 layer 6 leakageEnergy: 1.87e+07 pJ
TS 0 layer 6 bufferDynamicEnergy: 7.17e+05 pJ (0.95%)
TS 0 layer 6 icDynamicEnergy: 5.93e+04 pJ (0.08%)
TS 0 layer 6 coreEnergyADC: 4.71e+05 pJ (0.62%)
TS 0 layer 6 coreEnergyAccum: 7.40e+07 pJ (97.97%)
TS 0 layer 6 coreEnergyOther: 3.19e+05 pJ (0.42%)
TS 0 layer 6 coreEnergyPopcnt: 1.25e+06 pJ (1.65%)
TS 0 layer 6 arrayReadDynamicEnergy: 7.45e+07 pJ (98.58%)
TS 0 layer 6 arrayEnergyADC: 4.71e+05 pJ (0.62%)
TS 0 layer 6 arrayEnergyAccum: 7.40e+07 pJ (97.96%)
TS 0 layer 6 arrayEnergyOther: 0.00e+00 pJ (0.00%)
TS 0 layer 6 arrayEnergyPopcnt: 1.25e+06 pJ (1.65%)
TS 0 layer 6 readDynamicEnergyBuffer: 7.36e+05 pJ (0.97%)
TS 0 layer 6 readDynamicEnergyIC: 1.48e+05 pJ (0.20%)
successRate of layer 6 = 0.86
Max(successRate) of layer 6 = 0.86
Min(successRate) of layer 6 = 0.86
Sparsity of layer 6 = 0.845
Compression ratio of layer 6 = 0.761
Time elapsed before estimating layer 7 ts 1 ====> 1096.81 s
TS 0 layer 7 readLatency: 4.14e+06 ns
TS 0 layer 7 bufferLatency: 3.35e+06 ns (81.03%)
TS 0 layer 7 icLatency: 1.18e+02 ns
TS 0 layer 7 coreLatencyADC: 6.45e+03 ns (0.16%)
TS 0 layer 7 coreLatencyAccum: 7.03e+05 ns (17.00%)
TS 0 layer 7 coreLatencyOther: 8.06e+04 ns (1.95%)
TS 0 layer 7 arrayReadLatency: 6.98e+05 ns (16.87%)
TS 0 layer 7 arrayLatencyADC: 6.45e+03 ns (0.16%)
TS 0 layer 7 arrayLatencyAccum: 6.91e+05 ns (16.71%)
TS 0 layer 7 arrayLatencyOther: 0.00e+00 ns (0.00%)
TS 0 layer 7 readLatencyBuffer: 3.35e+06 ns (81.05%)
TS 0 layer 7 readLatencyIC: 2.35e+02 ns (0.01%)
TS 0 layer 7 readDynamicEnergy: 4.84e+07 pJ
TS 0 layer 7 leakagePower: 1193.18 uW
TS 0 layer 7 leakageEnergy: 4.94e+06 pJ
TS 0 layer 7 bufferDynamicEnergy: 1.57e+05 pJ (0.33%)
TS 0 layer 7 icDynamicEnergy: 1.30e+04 pJ (0.03%)
TS 0 layer 7 coreEnergyADC: 4.71e+05 pJ (0.97%)
TS 0 layer 7 coreEnergyAccum: 4.75e+07 pJ (98.26%)
TS 0 layer 7 coreEnergyOther: 3.19e+05 pJ (0.66%)
TS 0 layer 7 coreEnergyPopcnt: 1.25e+06 pJ (2.58%)
TS 0 layer 7 arrayReadDynamicEnergy: 4.80e+07 pJ (99.21%)
TS 0 layer 7 arrayEnergyADC: 4.71e+05 pJ (0.97%)
TS 0 layer 7 arrayEnergyAccum: 4.75e+07 pJ (98.24%)
TS 0 layer 7 arrayEnergyOther: 0.00e+00 pJ (0.00%)
TS 0 layer 7 arrayEnergyPopcnt: 1.25e+06 pJ (2.58%)
TS 0 layer 7 readDynamicEnergyBuffer: 1.62e+05 pJ (0.33%)
TS 0 layer 7 readDynamicEnergyIC: 3.26e+04 pJ (0.07%)
successRate of layer 7 = 0.49
Max(successRate) of layer 7 = 0.49
Min(successRate) of layer 7 = 0.49
Sparsity of layer 7 = 0.983
Compression ratio of layer 7 = 0.167
Time elapsed before estimating layer 8 ts 1 ====> 1120.11 s
TS 0 layer 8 readLatency: 1.20e+07 ns
TS 0 layer 8 bufferLatency: 1.18e+07 ns (98.45%)
TS 0 layer 8 icLatency: 4.14e+02 ns
TS 0 layer 8 coreLatencyADC: 1.61e+03 ns (0.01%)
TS 0 layer 8 coreLatencyAccum: 1.06e+05 ns (0.88%)
TS 0 layer 8 coreLatencyOther: 8.06e+04 ns (0.67%)
TS 0 layer 8 arrayReadLatency: 9.58e+04 ns (0.80%)
TS 0 layer 8 arrayLatencyADC: 1.61e+03 ns (0.01%)
TS 0 layer 8 arrayLatencyAccum: 9.42e+04 ns (0.79%)
TS 0 layer 8 arrayLatencyOther: 0.00e+00 ns (0.00%)
TS 0 layer 8 readLatencyBuffer: 1.18e+07 ns (98.48%)
TS 0 layer 8 readLatencyIC: 8.27e+02 ns (0.01%)
TS 0 layer 8 readDynamicEnergy: 1.97e+07 pJ
TS 0 layer 8 leakagePower: 1193.18 uW
TS 0 layer 8 leakageEnergy: 1.43e+07 pJ
TS 0 layer 8 bufferDynamicEnergy: 5.53e+05 pJ (2.81%)
TS 0 layer 8 icDynamicEnergy: 4.58e+04 pJ (0.23%)
TS 0 layer 8 coreEnergyADC: 1.18e+05 pJ (0.60%)
TS 0 layer 8 coreEnergyAccum: 1.87e+07 pJ (95.04%)
TS 0 layer 8 coreEnergyOther: 3.19e+05 pJ (1.62%)
TS 0 layer 8 coreEnergyPopcnt: 3.12e+05 pJ (1.59%)
TS 0 layer 8 arrayReadDynamicEnergy: 1.88e+07 pJ (95.58%)
TS 0 layer 8 arrayEnergyADC: 1.18e+05 pJ (0.60%)
TS 0 layer 8 arrayEnergyAccum: 1.87e+07 pJ (94.98%)
TS 0 layer 8 arrayEnergyOther: 0.00e+00 pJ (0.00%)
TS 0 layer 8 arrayEnergyPopcnt: 3.12e+05 pJ (1.59%)
TS 0 layer 8 readDynamicEnergyBuffer: 5.68e+05 pJ (2.89%)
TS 0 layer 8 readDynamicEnergyIC: 1.14e+05 pJ (0.58%)
successRate of layer 8 = 0.81
Max(successRate) of layer 8 = 0.81
Min(successRate) of layer 8 = 0.81
Sparsity of layer 8 = 0.902
Compression ratio of layer 8 = 0.587
Time elapsed before estimating layer 9 ts 1 ====> 1180.22 s
TS 0 layer 9 readLatency: 8.14e+05 ns
TS 0 layer 9 bufferLatency: 6.14e+05 ns (75.46%)
TS 0 layer 9 icLatency: 5.73e+02 ns
TS 0 layer 9 coreLatencyADC: 1.61e+03 ns (0.20%)
TS 0 layer 9 coreLatencyAccum: 1.76e+05 ns (21.60%)
TS 0 layer 9 coreLatencyOther: 4.03e+04 ns (4.95%)
TS 0 layer 9 arrayReadLatency: 1.70e+05 ns (20.83%)
TS 0 layer 9 arrayLatencyADC: 1.61e+03 ns (0.20%)
TS 0 layer 9 arrayLatencyAccum: 1.68e+05 ns (20.63%)
TS 0 layer 9 arrayLatencyOther: 0.00e+00 ns (0.00%)
TS 0 layer 9 readLatencyBuffer: 6.19e+05 ns (76.04%)
TS 0 layer 9 readLatencyIC: 1.15e+03 ns (0.14%)
TS 0 layer 9 readDynamicEnergy: 2.76e+07 pJ
TS 0 layer 9 leakagePower: 2276.42 uW
TS 0 layer 9 leakageEnergy: 1.85e+06 pJ
TS 0 layer 9 bufferDynamicEnergy: 6.30e+04 pJ (0.23%)
TS 0 layer 9 icDynamicEnergy: 6.59e+04 pJ (0.24%)
TS 0 layer 9 coreEnergyADC: 2.36e+05 pJ (0.85%)
TS 0 layer 9 coreEnergyAccum: 2.75e+07 pJ (99.65%)
TS 0 layer 9 coreEnergyOther: 1.60e+05 pJ (0.58%)
TS 0 layer 9 coreEnergyPopcnt: 6.24e+05 pJ (2.27%)
TS 0 layer 9 arrayReadDynamicEnergy: 2.77e+07 pJ (100.36%)
TS 0 layer 9 arrayEnergyADC: 2.36e+05 pJ (0.85%)
TS 0 layer 9 arrayEnergyAccum: 2.74e+07 pJ (99.51%)
TS 0 layer 9 arrayEnergyOther: 0.00e+00 pJ (0.00%)
TS 0 layer 9 arrayEnergyPopcnt: 6.24e+05 pJ (2.27%)
TS 0 layer 9 readDynamicEnergyBuffer: 8.44e+04 pJ (0.31%)
TS 0 layer 9 readDynamicEnergyIC: 1.66e+05 pJ (0.60%)
successRate of layer 9 = 0.55
Max(successRate) of layer 9 = 0.60
Min(successRate) of layer 9 = 0.49
Sparsity of layer 9 = 0.974
Compression ratio of layer 9 = 0.221
Time elapsed before estimating layer 10 ts 1 ====> 1267.11 s
TS 0 layer 10 readLatency: 5.48e+06 ns
TS 0 layer 10 bufferLatency: 5.08e+06 ns (92.59%)
TS 0 layer 10 icLatency: 1.31e+03 ns
TS 0 layer 10 coreLatencyADC: 6.45e+03 ns (0.12%)
TS 0 layer 10 coreLatencyAccum: 3.70e+05 ns (6.75%)
TS 0 layer 10 coreLatencyOther: 4.03e+04 ns (0.74%)
TS 0 layer 10 arrayReadLatency: 3.75e+05 ns (6.84%)
TS 0 layer 10 arrayLatencyADC: 6.45e+03 ns (0.12%)
TS 0 layer 10 arrayLatencyAccum: 3.69e+05 ns (6.73%)
TS 0 layer 10 arrayLatencyOther: 0.00e+00 ns (0.00%)
TS 0 layer 10 readLatencyBuffer: 5.09e+06 ns (92.79%)
TS 0 layer 10 readLatencyIC: 2.62e+03 ns (0.05%)
TS 0 layer 10 readDynamicEnergy: 6.44e+07 pJ
TS 0 layer 10 leakagePower: 4552.85 uW
TS 0 layer 10 leakageEnergy: 2.50e+07 pJ
TS 0 layer 10 bufferDynamicEnergy: 2.87e+05 pJ (0.45%)
TS 0 layer 10 icDynamicEnergy: 3.01e+05 pJ (0.47%)
TS 0 layer 10 coreEnergyADC: 4.71e+05 pJ (0.73%)
TS 0 layer 10 coreEnergyAccum: 6.37e+07 pJ (98.95%)
TS 0 layer 10 coreEnergyOther: 1.60e+05 pJ (0.25%)
TS 0 layer 10 coreEnergyPopcnt: 1.25e+06 pJ (1.94%)
TS 0 layer 10 arrayReadDynamicEnergy: 6.41e+07 pJ (99.56%)
TS 0 layer 10 arrayEnergyADC: 4.71e+05 pJ (0.73%)
TS 0 layer 10 arrayEnergyAccum: 6.36e+07 pJ (98.83%)
TS 0 layer 10 arrayEnergyOther: 0.00e+00 pJ (0.00%)
TS 0 layer 10 arrayEnergyPopcnt: 1.25e+06 pJ (1.94%)
TS 0 layer 10 readDynamicEnergyBuffer: 3.85e+05 pJ (0.60%)
TS 0 layer 10 readDynamicEnergyIC: 7.58e+05 pJ (1.18%)
successRate of layer 10 = 0.82
Max(successRate) of layer 10 = 0.83
Min(successRate) of layer 10 = 0.81
Sparsity of layer 10 = 0.929
Compression ratio of layer 10 = 0.505
Time elapsed before estimating layer 11 ts 1 ====> 1376.00 s
TS 0 layer 11 readLatency: 2.57e+06 ns
TS 0 layer 11 bufferLatency: 1.94e+06 ns (75.58%)
TS 0 layer 11 icLatency: 5.01e+02 ns
TS 0 layer 11 coreLatencyADC: 6.45e+03 ns (0.25%)
TS 0 layer 11 coreLatencyAccum: 5.99e+05 ns (23.34%)
TS 0 layer 11 coreLatencyOther: 4.03e+04 ns (1.57%)
TS 0 layer 11 arrayReadLatency: 6.04e+05 ns (23.55%)
TS 0 layer 11 arrayLatencyADC: 6.45e+03 ns (0.25%)
TS 0 layer 11 arrayLatencyAccum: 5.98e+05 ns (23.29%)
TS 0 layer 11 arrayLatencyOther: 0.00e+00 ns (0.00%)
TS 0 layer 11 readLatencyBuffer: 1.94e+06 ns (75.74%)
TS 0 layer 11 readLatencyIC: 1.00e+03 ns (0.04%)
TS 0 layer 11 readDynamicEnergy: 4.46e+07 pJ
TS 0 layer 11 leakagePower: 4552.85 uW
TS 0 layer 11 leakageEnergy: 1.17e+07 pJ
TS 0 layer 11 bufferDynamicEnergy: 1.10e+05 pJ (0.25%)
TS 0 layer 11 icDynamicEnergy: 1.15e+05 pJ (0.26%)
TS 0 layer 11 coreEnergyADC: 4.71e+05 pJ (1.06%)
TS 0 layer 11 coreEnergyAccum: 4.46e+07 pJ (100.07%)
TS 0 layer 11 coreEnergyOther: 1.60e+05 pJ (0.36%)
TS 0 layer 11 coreEnergyPopcnt: 1.25e+06 pJ (2.80%)
TS 0 layer 11 arrayReadDynamicEnergy: 4.50e+07 pJ (100.95%)
TS 0 layer 11 arrayEnergyADC: 4.71e+05 pJ (1.06%)
TS 0 layer 11 arrayEnergyAccum: 4.45e+07 pJ (99.89%)
TS 0 layer 11 arrayEnergyOther: 0.00e+00 pJ (0.00%)
TS 0 layer 11 arrayEnergyPopcnt: 1.25e+06 pJ (2.80%)
TS 0 layer 11 readDynamicEnergyBuffer: 1.47e+05 pJ (0.33%)
TS 0 layer 11 readDynamicEnergyIC: 2.90e+05 pJ (0.65%)
successRate of layer 11 = 0.59
Max(successRate) of layer 11 = 0.62
Min(successRate) of layer 11 = 0.55
Sparsity of layer 11 = 0.981
Compression ratio of layer 11 = 0.193
Time elapsed before estimating layer 12 ts 1 ====> 1396.60 s
TS 0 layer 12 readLatency: 4.53e+06 ns
TS 0 layer 12 bufferLatency: 4.43e+06 ns (97.84%)
TS 0 layer 12 icLatency: 1.14e+03 ns
TS 0 layer 12 coreLatencyADC: 1.61e+03 ns (0.04%)
TS 0 layer 12 coreLatencyAccum: 6.82e+04 ns (1.50%)
TS 0 layer 12 coreLatencyOther: 4.03e+04 ns (0.89%)
TS 0 layer 12 arrayReadLatency: 6.87e+04 ns (1.52%)
TS 0 layer 12 arrayLatencyADC: 1.61e+03 ns (0.04%)
TS 0 layer 12 arrayLatencyAccum: 6.71e+04 ns (1.48%)
TS 0 layer 12 arrayLatencyOther: 0.00e+00 ns (0.00%)
TS 0 layer 12 readLatencyBuffer: 4.44e+06 ns (98.05%)
TS 0 layer 12 readLatencyIC: 2.29e+03 ns (0.05%)
TS 0 layer 12 readDynamicEnergy: 1.12e+07 pJ
TS 0 layer 12 leakagePower: 4552.85 uW
TS 0 layer 12 leakageEnergy: 2.06e+07 pJ
TS 0 layer 12 bufferDynamicEnergy: 2.51e+05 pJ (2.25%)
TS 0 layer 12 icDynamicEnergy: 2.63e+05 pJ (2.36%)
TS 0 layer 12 coreEnergyADC: 1.18e+05 pJ (1.06%)
TS 0 layer 12 coreEnergyAccum: 1.10e+07 pJ (98.42%)
TS 0 layer 12 coreEnergyOther: 1.60e+05 pJ (1.43%)
TS 0 layer 12 coreEnergyPopcnt: 3.12e+05 pJ (2.80%)
TS 0 layer 12 arrayReadDynamicEnergy: 1.10e+07 pJ (98.77%)
TS 0 layer 12 arrayEnergyADC: 1.18e+05 pJ (1.06%)
TS 0 layer 12 arrayEnergyAccum: 1.09e+07 pJ (97.71%)
TS 0 layer 12 arrayEnergyOther: 0.00e+00 pJ (0.00%)
TS 0 layer 12 arrayEnergyPopcnt: 3.12e+05 pJ (2.80%)
TS 0 layer 12 readDynamicEnergyBuffer: 3.36e+05 pJ (3.01%)
TS 0 layer 12 readDynamicEnergyIC: 6.62e+05 pJ (5.93%)
successRate of layer 12 = 0.89
Max(successRate) of layer 12 = 0.89
Min(successRate) of layer 12 = 0.89
Sparsity of layer 12 = 0.94
Compression ratio of layer 12 = 0.441
Time elapsed before estimating layer 13 ts 1 ====> 1441.81 s
TS 0 layer 13 readLatency: 2.51e+05 ns
TS 0 layer 13 bufferLatency: 2.21e+05 ns (87.72%)
TS 0 layer 13 icLatency: 1.50e+03 ns
TS 0 layer 13 coreLatencyADC: 1.61e+03 ns (0.64%)
TS 0 layer 13 coreLatencyAccum: 8.54e+04 ns (33.97%)
TS 0 layer 13 coreLatencyOther: 2.02e+04 ns (8.02%)
TS 0 layer 13 arrayReadLatency: 8.30e+04 ns (33.01%)
TS 0 layer 13 arrayLatencyADC: 1.61e+03 ns (0.64%)
TS 0 layer 13 arrayLatencyAccum: 8.14e+04 ns (32.37%)
TS 0 layer 13 arrayLatencyOther: 0.00e+00 ns (0.00%)
TS 0 layer 13 readLatencyBuffer: 2.33e+05 ns (92.63%)
TS 0 layer 13 readLatencyIC: 3.00e+03 ns (1.19%)
TS 0 layer 13 readDynamicEnergy: 6.11e+06 pJ
TS 0 layer 13 leakagePower: 8886.50 uW
TS 0 layer 13 leakageEnergy: 2.23e+06 pJ
TS 0 layer 13 bufferDynamicEnergy: 7.90e+04 pJ (1.29%)
TS 0 layer 13 icDynamicEnergy: 3.52e+05 pJ (5.75%)
TS 0 layer 13 coreEnergyADC: 2.36e+05 pJ (3.85%)
TS 0 layer 13 coreEnergyAccum: 9.03e+06 pJ (147.71%)
TS 0 layer 13 coreEnergyOther: 7.98e+04 pJ (1.31%)
TS 0 layer 13 coreEnergyPopcnt: 6.24e+05 pJ (10.21%)
TS 0 layer 13 arrayReadDynamicEnergy: 8.95e+06 pJ (146.38%)
TS 0 layer 13 arrayEnergyADC: 2.36e+05 pJ (3.85%)
TS 0 layer 13 arrayEnergyAccum: 8.71e+06 pJ (142.53%)
TS 0 layer 13 arrayEnergyOther: 0.00e+00 pJ (0.00%)
TS 0 layer 13 arrayEnergyPopcnt: 6.24e+05 pJ (10.21%)
TS 0 layer 13 readDynamicEnergyBuffer: 1.93e+05 pJ (3.16%)
TS 0 layer 13 readDynamicEnergyIC: 8.89e+05 pJ (14.54%)
successRate of layer 13 = 0.82
Max(successRate) of layer 13 = 0.87
Min(successRate) of layer 13 = 0.79
Sparsity of layer 13 = 0.987
Compression ratio of layer 13 = 0.151
Time elapsed before estimating layer 14 ts 1 ====> 1534.17 s
TS 0 layer 14 readLatency: 6.84e+05 ns
TS 0 layer 14 bufferLatency: 5.28e+05 ns (77.21%)
TS 0 layer 14 icLatency: 2.02e+03 ns
TS 0 layer 14 coreLatencyADC: 3.22e+03 ns (0.47%)
TS 0 layer 14 coreLatencyAccum: 2.05e+05 ns (29.91%)
TS 0 layer 14 coreLatencyOther: 2.02e+04 ns (2.95%)
TS 0 layer 14 arrayReadLatency: 2.04e+05 ns (29.87%)
TS 0 layer 14 arrayLatencyADC: 3.22e+03 ns (0.47%)
TS 0 layer 14 arrayLatencyAccum: 2.01e+05 ns (29.39%)
TS 0 layer 14 arrayLatencyOther: 0.00e+00 ns (0.00%)
TS 0 layer 14 readLatencyBuffer: 5.45e+05 ns (79.69%)
TS 0 layer 14 readLatencyIC: 4.05e+03 ns (0.59%)
TS 0 layer 14 readDynamicEnergy: 2.58e+07 pJ
TS 0 layer 14 leakagePower: 17773.00 uW
TS 0 layer 14 leakageEnergy: 1.22e+07 pJ
TS 0 layer 14 bufferDynamicEnergy: 2.13e+05 pJ (0.83%)
TS 0 layer 14 icDynamicEnergy: 9.50e+05 pJ (3.68%)
TS 0 layer 14 coreEnergyADC: 4.71e+05 pJ (1.82%)
TS 0 layer 14 coreEnergyAccum: 3.10e+07 pJ (119.97%)
TS 0 layer 14 coreEnergyOther: 7.98e+04 pJ (0.31%)
TS 0 layer 14 coreEnergyPopcnt: 1.25e+06 pJ (4.84%)
TS 0 layer 14 arrayReadDynamicEnergy: 3.08e+07 pJ (119.34%)
TS 0 layer 14 arrayEnergyADC: 4.71e+05 pJ (1.82%)
TS 0 layer 14 arrayEnergyAccum: 3.03e+07 pJ (117.51%)
TS 0 layer 14 arrayEnergyOther: 0.00e+00 pJ (0.00%)
TS 0 layer 14 arrayEnergyPopcnt: 1.25e+06 pJ (4.84%)
TS 0 layer 14 readDynamicEnergyBuffer: 5.21e+05 pJ (2.02%)
TS 0 layer 14 readDynamicEnergyIC: 2.40e+06 pJ (9.31%)
successRate of layer 14 = 0.80
Max(successRate) of layer 14 = 0.83
Min(successRate) of layer 14 = 0.78
Sparsity of layer 14 = 0.975
Compression ratio of layer 14 = 0.204
Time elapsed before estimating layer 15 ts 1 ====> 1646.93 s
TS 0 layer 15 readLatency: 8.51e+05 ns
TS 0 layer 15 bufferLatency: 5.83e+05 ns (68.50%)
TS 0 layer 15 icLatency: 2.23e+03 ns
TS 0 layer 15 coreLatencyADC: 3.22e+03 ns (0.38%)
TS 0 layer 15 coreLatencyAccum: 3.14e+05 ns (36.97%)
TS 0 layer 15 coreLatencyOther: 2.02e+04 ns (2.37%)
TS 0 layer 15 arrayReadLatency: 3.14e+05 ns (36.94%)
TS 0 layer 15 arrayLatencyADC: 3.22e+03 ns (0.38%)
TS 0 layer 15 arrayLatencyAccum: 3.11e+05 ns (36.56%)
TS 0 layer 15 arrayLatencyOther: 0.00e+00 ns (0.00%)
TS 0 layer 15 readLatencyBuffer: 6.01e+05 ns (70.70%)
TS 0 layer 15 readLatencyIC: 4.47e+03 ns (0.53%)
TS 0 layer 15 readDynamicEnergy: 5.03e+07 pJ
TS 0 layer 15 leakagePower: 17773.00 uW
TS 0 layer 15 leakageEnergy: 1.51e+07 pJ
TS 0 layer 15 bufferDynamicEnergy: 2.35e+05 pJ (0.47%)
TS 0 layer 15 icDynamicEnergy: 1.05e+06 pJ (2.08%)
TS 0 layer 15 coreEnergyADC: 4.71e+05 pJ (0.94%)
TS 0 layer 15 coreEnergyAccum: 5.52e+07 pJ (109.64%)
TS 0 layer 15 coreEnergyOther: 7.98e+04 pJ (0.16%)
TS 0 layer 15 coreEnergyPopcnt: 1.25e+06 pJ (2.48%)
TS 0 layer 15 arrayReadDynamicEnergy: 5.50e+07 pJ (109.32%)
TS 0 layer 15 arrayEnergyADC: 4.71e+05 pJ (0.94%)
TS 0 layer 15 arrayEnergyAccum: 5.46e+07 pJ (108.38%)
TS 0 layer 15 arrayEnergyOther: 0.00e+00 pJ (0.00%)
TS 0 layer 15 arrayEnergyPopcnt: 1.25e+06 pJ (2.48%)
TS 0 layer 15 readDynamicEnergyBuffer: 5.75e+05 pJ (1.14%)
TS 0 layer 15 readDynamicEnergyIC: 2.65e+06 pJ (5.26%)
successRate of layer 15 = 0.66
Max(successRate) of layer 15 = 0.69
Min(successRate) of layer 15 = 0.62
Sparsity of layer 15 = 0.978
Compression ratio of layer 15 = 0.225
