Override log path to logs
Override parallel_granularity to column
Design Parameters:
- paramFile: /tmp/demo_8_CIFAR10DVS_ComPASS_False_False_False.cfg
- multiprocess: 4
- operationMode: 1
- memCellType: MemCellType.SRAM
- accessType: CellAccessType.CMOS_access
- transistorType: TransistorType.conventional
- deviceRoadmap: DeviceRoadmap.LSTP
- globalBufferType: SRAM
- globalBufferCoreSizeRow: 128
- globalBufferCoreSizeCol: 128
- tileBufferType: RF
- tileBufferCoreSizeRow: 32
- tileBufferCoreSizeCol: 32
- peBufferType: SRAM
- chipActivation: True
- actFunc: reLu
- novelMapping: False
- SARADC: False
- currentMode: True
- pipeline: True
- speedUpDegree: 8
- validated: True
- synchronous: True
- algoWeightMin: -1
- algoWeightMax: 1
- clkFreq: 1000000000.0
- temperature: 300
- techNode: 22
- featureSize: 4e-08
- wireWidth: 40
- globalBusDelayTolerance: 0.1
- localBusDelayTolerance: 0.1
- treeFoldedRatio: 4
- maxGlobalBusWidth: 2048
- numRowSubArray: 128
- numColSubArray: 128
- relaxArrayCellHeight: False
- relaxArrayCellWidth: False
- numColMuxed: 8
- levelOutput: 32
- cellBit: 1
- heightInFeatureSizeSRAM: 10
- widthInFeatureSizeSRAM: 28
- widthSRAMCellNMOS: 2
- widthSRAMCellPMOS: 1
- widthAccessCMOS: 1
- minSenseVoltage: 0.1
- heightInFeatureSize1T1R: 4
- widthInFeatureSize1T1R: 12
- heightInFeatureSizeCrossbar: 2
- widthInFeatureSizeCrossbar: 2
- resistanceOn: 6000.0
- resistanceOff: 900000.0
- maxConductance: 0.00016666666666666666
- minConductance: 1.111111111111111e-06
- readVoltage: 0.5
- readPulseWidth: 1e-08
- accessVoltage: 1.1
- resistanceAccess: 1500.0
- writeVoltage: 2
- conventionalParallel: False
- conventionalSequential: True
- BNNparallelMode: False
- BNNsequentialMode: False
- XNORsequentialMode: False
- XNORparallelMode: False
- parallelRead: False
- speculationRecover: False
- mergedTimestep: 100
- synapseBit: 8
- numBitInput: 8
- device: cpu
- multidevice: True
- debug: False
- debugTime: False
- testLayers: 0
- log_path: logs
- parallel_granularity: column
- speculative: False
- dense_mode: ComPASS
- sub_tw: 8
- dynamic_stw: False
- hit_threshold: 2
- miss_threshold: 1
- csr_compress: False
- alpha: 1.44
- beta: 1.4
- gamma: 0.17
- delta: 0.15
- epsilon: 0.05
- zeta: 1.22
- AR: 1.9
- Rho: 4.03e-08
- wireLengthRow: 4e-07
- wireLengthCol: 1.12e-06
- unitLengthWireResistance: 13256578.94736842
- wireResistanceRow: 5.302631578947368
- wireResistanceCol: 14.847368421052632
- numRowPerSynapse: 1
- numColPerSynapse: 8

Device Property:
- vdd: 0.85
- vth: 0.419915
- phyGateLength: 2.6e-08
- capIdealGate: 5.245e-10
- capFringe: 8.004e-10
- effectiveResistanceMultiplier: 1.77
- current_gmNmos: 456.0
- current_gmPmos: 185.0
- currentOnNmos: {0: 791.9, 10: 756.4, 20: 722.2, 30: 689.4, 40: 658.1, 50: 628.3, 60: 600.0, 70: 573.3, 80: 548.0, 90: 524.2, 100: 501.7, 1: 788.35, 2: 784.8, 3: 781.25, 4: 777.6999999999999, 5: 774.15, 6: 770.6, 7: 767.05, 8: 763.5, 9: 759.9499999999999, 11: 752.98, 12: 749.56, 13: 746.14, 14: 742.72, 15: 739.3, 16: 735.88, 17: 732.46, 18: 729.0400000000001, 19: 725.62, 21: 718.9200000000001, 22: 715.64, 23: 712.36, 24: 709.08, 25: 705.8, 26: 702.52, 27: 699.24, 28: 695.96, 29: 692.68, 31: 686.27, 32: 683.14, 33: 680.01, 34: 676.88, 35: 673.75, 36: 670.62, 37: 667.49, 38: 664.36, 39: 661.23, 41: 655.12, 42: 652.14, 43: 649.16, 44: 646.18, 45: 643.2, 46: 640.22, 47: 637.24, 48: 634.26, 49: 631.28, 51: 625.4699999999999, 52: 622.64, 53: 619.81, 54: 616.98, 55: 614.15, 56: 611.3199999999999, 57: 608.49, 58: 605.66, 59: 602.83, 61: 597.33, 62: 594.66, 63: 591.99, 64: 589.3199999999999, 65: 586.65, 66: 583.98, 67: 581.31, 68: 578.64, 69: 575.9699999999999, 71: 570.77, 72: 568.24, 73: 565.7099999999999, 74: 563.18, 75: 560.65, 76: 558.12, 77: 555.59, 78: 553.06, 79: 550.53, 81: 545.62, 82: 543.24, 83: 540.86, 84: 538.48, 85: 536.1, 86: 533.72, 87: 531.34, 88: 528.96, 89: 526.58, 91: 521.95, 92: 519.7, 93: 517.45, 94: 515.2, 95: 512.95, 96: 510.7, 97: 508.45, 98: 506.2, 99: 503.95}
- currentOnPmos: {0: 600.2, 10: 561.3, 20: 525.5, 30: 492.5, 40: 462.2, 50: 434.3, 60: 408.7, 70: 385.1, 80: 363.4, 90: 343.3, 100: 324.8, 1: 596.3100000000001, 2: 592.4200000000001, 3: 588.53, 4: 584.64, 5: 580.75, 6: 576.86, 7: 572.97, 8: 569.0799999999999, 9: 565.1899999999999, 11: 557.7199999999999, 12: 554.14, 13: 550.56, 14: 546.98, 15: 543.4, 16: 539.8199999999999, 17: 536.24, 18: 532.66, 19: 529.08, 21: 522.2, 22: 518.9, 23: 515.6, 24: 512.3, 25: 509.0, 26: 505.7, 27: 502.4, 28: 499.1, 29: 495.8, 31: 489.47, 32: 486.44, 33: 483.40999999999997, 34: 480.38, 35: 477.35, 36: 474.32, 37: 471.28999999999996, 38: 468.26, 39: 465.23, 41: 459.40999999999997, 42: 456.62, 43: 453.83, 44: 451.04, 45: 448.25, 46: 445.46, 47: 442.67, 48: 439.88, 49: 437.09000000000003, 51: 431.74, 52: 429.18, 53: 426.62, 54: 424.06, 55: 421.5, 56: 418.94, 57: 416.38, 58: 413.82, 59: 411.26, 61: 406.34, 62: 403.98, 63: 401.62, 64: 399.26, 65: 396.9, 66: 394.54, 67: 392.18, 68: 389.82, 69: 387.46000000000004, 71: 382.93, 72: 380.76, 73: 378.59000000000003, 74: 376.42, 75: 374.25, 76: 372.08, 77: 369.90999999999997, 78: 367.74, 79: 365.57, 81: 361.39, 82: 359.38, 83: 357.37, 84: 355.36, 85: 353.35, 86: 351.34, 87: 349.33, 88: 347.32, 89: 345.31, 91: 341.45, 92: 339.6, 93: 337.75, 94: 335.90000000000003, 95: 334.05, 96: 332.2, 97: 330.35, 98: 328.5, 99: 326.65000000000003}
- currentOffNmos: {0: 0.0001, 10: 0.0001473, 20: 0.0002121, 30: 0.0002996, 40: 0.0004153, 50: 0.0005658, 60: 0.0007589, 70: 0.001003, 80: 0.001307, 90: 0.001682, 100: 0.002139, 1: 0.00010473000000000001, 2: 0.00010946, 3: 0.00011419, 4: 0.00011892, 5: 0.00012365, 6: 0.00012838, 7: 0.00013311, 8: 0.00013784, 9: 0.00014257, 11: 0.00015378, 12: 0.00016026000000000001, 13: 0.00016674, 14: 0.00017322, 15: 0.0001797, 16: 0.00018618, 17: 0.00019266, 18: 0.00019914, 19: 0.00020562, 21: 0.00022085, 22: 0.0002296, 23: 0.00023835000000000002, 24: 0.0002471, 25: 0.00025585, 26: 0.00026460000000000003, 27: 0.00027335, 28: 0.0002821, 29: 0.00029085000000000005, 31: 0.00031117000000000004, 32: 0.00032274, 33: 0.00033431, 34: 0.00034588, 35: 0.00035745000000000004, 36: 0.00036902, 37: 0.00038059, 38: 0.00039216, 39: 0.00040373000000000004, 41: 0.00043035, 42: 0.0004454, 43: 0.00046045, 44: 0.0004755, 45: 0.00049055, 46: 0.0005056, 47: 0.00052065, 48: 0.0005357, 49: 0.00055075, 51: 0.00058511, 52: 0.0006044199999999999, 53: 0.00062373, 54: 0.00064304, 55: 0.0006623499999999999, 56: 0.00068166, 57: 0.00070097, 58: 0.00072028, 59: 0.0007395899999999999, 61: 0.00078331, 62: 0.0008077199999999999, 63: 0.0008321299999999999, 64: 0.0008565399999999999, 65: 0.00088095, 66: 0.00090536, 67: 0.0009297699999999999, 68: 0.00095418, 69: 0.00097859, 71: 0.0010334, 72: 0.0010638, 73: 0.0010942, 74: 0.0011246, 75: 0.001155, 76: 0.0011854, 77: 0.0012158, 78: 0.0012462, 79: 0.0012766000000000001, 81: 0.0013445, 82: 0.001382, 83: 0.0014195, 84: 0.001457, 85: 0.0014945, 86: 0.001532, 87: 0.0015695, 88: 0.001607, 89: 0.0016445, 91: 0.0017277, 92: 0.0017733999999999998, 93: 0.0018191, 94: 0.0018647999999999998, 95: 0.0019104999999999999, 96: 0.0019562, 97: 0.0020019, 98: 0.0020475999999999997, 99: 0.0020932999999999998}
- currentOffPmos: {0: 0.0001, 10: 0.0001473, 20: 0.0002121, 30: 0.0002996, 40: 0.0004153, 50: 0.0005658, 60: 0.0007589, 70: 0.001003, 80: 0.001307, 90: 0.001682, 100: 0.002139, 1: 0.00010473000000000001, 2: 0.00010946, 3: 0.00011419, 4: 0.00011892, 5: 0.00012365, 6: 0.00012838, 7: 0.00013311, 8: 0.00013784, 9: 0.00014257, 11: 0.00015378, 12: 0.00016026000000000001, 13: 0.00016674, 14: 0.00017322, 15: 0.0001797, 16: 0.00018618, 17: 0.00019266, 18: 0.00019914, 19: 0.00020562, 21: 0.00022085, 22: 0.0002296, 23: 0.00023835000000000002, 24: 0.0002471, 25: 0.00025585, 26: 0.00026460000000000003, 27: 0.00027335, 28: 0.0002821, 29: 0.00029085000000000005, 31: 0.00031117000000000004, 32: 0.00032274, 33: 0.00033431, 34: 0.00034588, 35: 0.00035745000000000004, 36: 0.00036902, 37: 0.00038059, 38: 0.00039216, 39: 0.00040373000000000004, 41: 0.00043035, 42: 0.0004454, 43: 0.00046045, 44: 0.0004755, 45: 0.00049055, 46: 0.0005056, 47: 0.00052065, 48: 0.0005357, 49: 0.00055075, 51: 0.00058511, 52: 0.0006044199999999999, 53: 0.00062373, 54: 0.00064304, 55: 0.0006623499999999999, 56: 0.00068166, 57: 0.00070097, 58: 0.00072028, 59: 0.0007395899999999999, 61: 0.00078331, 62: 0.0008077199999999999, 63: 0.0008321299999999999, 64: 0.0008565399999999999, 65: 0.00088095, 66: 0.00090536, 67: 0.0009297699999999999, 68: 0.00095418, 69: 0.00097859, 71: 0.0010334, 72: 0.0010638, 73: 0.0010942, 74: 0.0011246, 75: 0.001155, 76: 0.0011854, 77: 0.0012158, 78: 0.0012462, 79: 0.0012766000000000001, 81: 0.0013445, 82: 0.001382, 83: 0.0014195, 84: 0.001457, 85: 0.0014945, 86: 0.001532, 87: 0.0015695, 88: 0.001607, 89: 0.0016445, 91: 0.0017277, 92: 0.0017733999999999998, 93: 0.0018191, 94: 0.0018647999999999998, 95: 0.0019104999999999999, 96: 0.0019562, 97: 0.0020019, 98: 0.0020475999999999997, 99: 0.0020932999999999998}
- pnSizeRatio: 1.3193935354881705
- techNodeInNano: 22
- techNode: 2.2000000000000002e-08
- deviceRoadmap: DeviceRoadmap.LSTP
- transistorType: TransistorType.conventional
- capOverlap: 1.0490000000000001e-10
- cjd: 0.001
- cjswd: 2.5e-10
- cjswgd: 5e-11
- mjd: 0.5
- mjswd: 0.33
- mjswgd: 0.33
- buildInPotential: 0.9
- capJunction: 0.0007171371656006362
- capSidewall: 2.0074164593238696e-10
- capDrainToChannel: 4.014832918647739e-11
- capPolywire: 0.0

Memory Cell Property:
- memCellType: MemCellType.SRAM
- techNode: 22
- area: 0
- aspectRatio: 1
- resistanceOn: 6000.0
- resistanceOff: 900000.0
- minSenseVoltage: 0.1
- accessType: CellAccessType.CMOS_access
- featureSize: 4e-08
- accessVoltage: 1.1
- readVoltage: 0.5
- writeVoltage: 2
- readPulseWidth: 1e-08
- writePulseWidth: 1e-08
- resistanceAccess: 1500.0
- nonlinearIV: False
- nonlinearity: 0.0
- resistanceAvg: 453000.0
- resCellAccess: 86357.32243511004
- resMemCellOn: 0.0
- resMemCellOff: 0.0
- resMemCellAvg: 0.0
- resMemCellOnAtHalfVw: 0.0
- resMemCellOffAtHalfVw: 0.0
- resMemCellAvgAtHalfVw: 0.0
- resMemCellOnAtVw: 0.0
- resMemCellOffAtVw: 0.0
- resMemCellAvgAtVw: 0.0
- capSRAMCell: 1.9364668729435822e-16
- multipleCells: 1
- maxNumLevelLTP: 0
- maxNumLevelLTD: 0
- widthAccessCMOS: 1
- widthSRAMCellNMOS: 2
- widthSRAMPCellPMOS: 1
- widthInFeatureSize: 28
- heightInFeatureSize: 10
- capCellAccess: 3.100281451830707e-17

=============== Parameter Loading Finish ===============
Time elapsed = 2.07 s
=============== Network Structure Loading Finish ===============
{'IH': 128, 'IW': 128, 'Cin': 2, 'KH': 3, 'KW': 3, 'Cout': 128, 'pooling': 1, 'stride': 1, 'isSNN': 1, 'T': 100, 'weight_row': 128, 'weight_col': 18}
{'IH': 64, 'IW': 64, 'Cin': 128, 'KH': 3, 'KW': 3, 'Cout': 128, 'pooling': 1, 'stride': 1, 'isSNN': 1, 'T': 100, 'weight_row': 128, 'weight_col': 1152}
{'IH': 32, 'IW': 32, 'Cin': 128, 'KH': 3, 'KW': 3, 'Cout': 128, 'pooling': 1, 'stride': 1, 'isSNN': 1, 'T': 100, 'weight_row': 128, 'weight_col': 1152}
{'IH': 16, 'IW': 16, 'Cin': 128, 'KH': 3, 'KW': 3, 'Cout': 128, 'pooling': 1, 'stride': 1, 'isSNN': 1, 'T': 100, 'weight_row': 128, 'weight_col': 1152}
{'IH': 1, 'IW': 1, 'Cin': 8192, 'KH': 1, 'KW': 1, 'Cout': 512, 'pooling': 1, 'stride': 1, 'isSNN': 1, 'T': 100, 'weight_row': 512, 'weight_col': 8192}
{'IH': 1, 'IW': 1, 'Cin': 512, 'KH': 1, 'KW': 1, 'Cout': 10, 'pooling': 1, 'stride': 1, 'isSNN': 1, 'T': 100, 'weight_row': 10, 'weight_col': 512}

------------------------------ FloorPlan --------------------------------
Tile and PE size are optimized to maximize memory utilization ( = memory mapped by synapse / total memory on chip)
Desired Conventional Mapped Tile Storage Size: 1024 x 1024
Desired Conventional PE Storage Size: 512 x 512
User-defined SubArray Size: 128 x 128
----------------- # of tile used for each layer -----------------
Layer 1: 2
Layer 2: 18
Layer 3: 9
Layer 4: 9
Layer 5: 64
Layer 6: 4
----------------- Speed-up of each layer ------------------
Layer 1: 64
Layer 2: 16
Layer 3: 8
Layer 4: 8
Layer 5: 2
Layer 6: 8
----------------- Utilization of each layer ------------------
Layer 1: 0.5625
Layer 2: 1.0
Layer 3: 1.0
Layer 4: 1.0
Layer 5: 1.0
Layer 6: 0.078125
Memory Utilization of Whole Chip: 95.69575471698113 %
---------------------------- FloorPlan Done ------------------------------
Chip Area: 3.69e+07 um^2
Chip ADC (or S/As and precharger for SRAM) Area: 1.53e+06 um^2 (4.13 %)
Chip IC Area (Global and Tile/PE local): 3.46e+06 um^2 (9.38 %)
Chip Accum (subarray level: adders, shiftAdds; PE/Tile/Global level: accumulation units) Area: 5.71e+06 um^2 (15.45 %)
Chip Other (e.g. decoders, mux, switchmatrix, buffers, IC, pooling and activation units) Area: 8.24e+06 um^2 (22.32 %)
Chip Popcnt Area: 1.67e+05 um^2 (0.45 %)
Chip Array Area: 1.51e+07 um^2 (40.80 %)
Time elapsed = 5.96 s
=============== Chip Clk Period Estimating ===============
Time elapsed after estimating layer 1 = 25.30 s
Chip Clk Period: 1.0281894905588658 ns
=============== Chip Performance Estimating ===============
Time elapsed before estimating layer 1 ts 1 ====> 108.26 s
TS 0 layer 1 readLatency: 5.36e+07 ns
TS 0 layer 1 bufferLatency: 4.93e+07 ns (91.89%)
TS 0 layer 1 icLatency: 9.50e+00 ns
TS 0 layer 1 coreLatencyADC: 3.37e+04 ns (0.06%)
TS 0 layer 1 coreLatencyAccum: 2.19e+06 ns (4.08%)
TS 0 layer 1 coreLatencyOther: 2.13e+06 ns (3.97%)
TS 0 layer 1 arrayReadLatency: 2.22e+06 ns (4.14%)
TS 0 layer 1 arrayLatencyADC: 3.37e+04 ns (0.06%)
TS 0 layer 1 arrayLatencyAccum: 2.19e+06 ns (4.07%)
TS 0 layer 1 arrayLatencyOther: 0.00e+00 ns (0.00%)
TS 0 layer 1 readLatencyBuffer: 4.93e+07 ns (91.89%)
TS 0 layer 1 readLatencyIC: 1.90e+01 ns (0.00%)
TS 0 layer 1 readDynamicEnergy: 5.54e+07 pJ
TS 0 layer 1 leakagePower: 13.39 uW
TS 0 layer 1 leakageEnergy: 7.18e+05 pJ
TS 0 layer 1 bufferDynamicEnergy: 1.32e+05 pJ (0.24%)
TS 0 layer 1 icDynamicEnergy: 9.18e+01 pJ (0.00%)
TS 0 layer 1 coreEnergyADC: 2.73e+05 pJ (0.49%)
TS 0 layer 1 coreEnergyAccum: 4.76e+07 pJ (85.91%)
TS 0 layer 1 coreEnergyOther: 6.67e+06 pJ (12.05%)
TS 0 layer 1 coreEnergyPopcnt: 7.25e+05 pJ (1.31%)
TS 0 layer 1 arrayReadDynamicEnergy: 4.86e+07 pJ (87.71%)
TS 0 layer 1 arrayEnergyADC: 2.73e+05 pJ (0.49%)
TS 0 layer 1 arrayEnergyAccum: 4.76e+07 pJ (85.91%)
TS 0 layer 1 arrayEnergyOther: 0.00e+00 pJ (0.00%)
TS 0 layer 1 arrayEnergyPopcnt: 7.25e+05 pJ (1.31%)
TS 0 layer 1 readDynamicEnergyBuffer: 1.32e+05 pJ (0.24%)
TS 0 layer 1 readDynamicEnergyIC: 2.17e+02 pJ (0.00%)
Time elapsed before estimating layer 2 ts 1 ====> 271.09 s
TS 0 layer 2 readLatency: 8.86e+06 ns
TS 0 layer 2 bufferLatency: 4.39e+06 ns (49.50%)
TS 0 layer 2 icLatency: 7.05e+02 ns
TS 0 layer 2 coreLatencyADC: 3.37e+04 ns (0.38%)
TS 0 layer 2 coreLatencyAccum: 3.91e+06 ns (44.11%)
TS 0 layer 2 coreLatencyOther: 5.32e+05 ns (6.00%)
TS 0 layer 2 arrayReadLatency: 3.88e+06 ns (43.82%)
TS 0 layer 2 arrayLatencyADC: 3.37e+04 ns (0.38%)
TS 0 layer 2 arrayLatencyAccum: 3.85e+06 ns (43.44%)
TS 0 layer 2 arrayLatencyOther: 0.00e+00 ns (0.00%)
TS 0 layer 2 readLatencyBuffer: 4.39e+06 ns (49.57%)
TS 0 layer 2 readLatencyIC: 1.41e+03 ns (0.02%)
TS 0 layer 2 readDynamicEnergy: 6.60e+08 pJ
TS 0 layer 2 leakagePower: 1193.25 uW
TS 0 layer 2 leakageEnergy: 1.06e+07 pJ
TS 0 layer 2 bufferDynamicEnergy: 1.24e+06 pJ (0.19%)
TS 0 layer 2 icDynamicEnergy: 7.80e+04 pJ (0.01%)
TS 0 layer 2 coreEnergyADC: 2.46e+06 pJ (0.37%)
TS 0 layer 2 coreEnergyAccum: 6.48e+08 pJ (98.19%)
TS 0 layer 2 coreEnergyOther: 1.67e+06 pJ (0.25%)
TS 0 layer 2 coreEnergyPopcnt: 6.52e+06 pJ (0.99%)
TS 0 layer 2 arrayReadDynamicEnergy: 6.57e+08 pJ (99.55%)
TS 0 layer 2 arrayEnergyADC: 2.46e+06 pJ (0.37%)
TS 0 layer 2 arrayEnergyAccum: 6.48e+08 pJ (98.19%)
TS 0 layer 2 arrayEnergyOther: 0.00e+00 pJ (0.00%)
TS 0 layer 2 arrayEnergyPopcnt: 6.52e+06 pJ (0.99%)
TS 0 layer 2 readDynamicEnergyBuffer: 1.26e+06 pJ (0.19%)
TS 0 layer 2 readDynamicEnergyIC: 1.95e+05 pJ (0.03%)
Time elapsed before estimating layer 3 ts 1 ====> 304.48 s
TS 0 layer 3 readLatency: 3.98e+06 ns
TS 0 layer 3 bufferLatency: 2.20e+06 ns (55.16%)
TS 0 layer 3 icLatency: 7.05e+02 ns
TS 0 layer 3 coreLatencyADC: 1.68e+04 ns (0.42%)
TS 0 layer 3 coreLatencyAccum: 1.63e+06 ns (41.05%)
TS 0 layer 3 coreLatencyOther: 1.33e+05 ns (3.34%)
TS 0 layer 3 arrayReadLatency: 1.65e+06 ns (41.47%)
TS 0 layer 3 arrayLatencyADC: 1.68e+04 ns (0.42%)
TS 0 layer 3 arrayLatencyAccum: 1.63e+06 ns (41.04%)
TS 0 layer 3 arrayLatencyOther: 0.00e+00 ns (0.00%)
TS 0 layer 3 readLatencyBuffer: 2.20e+06 ns (55.31%)
TS 0 layer 3 readLatencyIC: 1.41e+03 ns (0.04%)
TS 0 layer 3 readDynamicEnergy: 1.84e+08 pJ
TS 0 layer 3 leakagePower: 1193.18 uW
TS 0 layer 3 leakageEnergy: 4.75e+06 pJ
TS 0 layer 3 bufferDynamicEnergy: 3.19e+05 pJ (0.17%)
TS 0 layer 3 icDynamicEnergy: 7.80e+04 pJ (0.04%)
TS 0 layer 3 coreEnergyADC: 6.15e+05 pJ (0.34%)
TS 0 layer 3 coreEnergyAccum: 1.80e+08 pJ (98.33%)
TS 0 layer 3 coreEnergyOther: 4.17e+05 pJ (0.23%)
TS 0 layer 3 coreEnergyPopcnt: 1.63e+06 pJ (0.89%)
TS 0 layer 3 arrayReadDynamicEnergy: 1.83e+08 pJ (99.55%)
TS 0 layer 3 arrayEnergyADC: 6.15e+05 pJ (0.34%)
TS 0 layer 3 arrayEnergyAccum: 1.80e+08 pJ (98.33%)
TS 0 layer 3 arrayEnergyOther: 0.00e+00 pJ (0.00%)
TS 0 layer 3 arrayEnergyPopcnt: 1.63e+06 pJ (0.89%)
TS 0 layer 3 readDynamicEnergyBuffer: 3.45e+05 pJ (0.19%)
TS 0 layer 3 readDynamicEnergyIC: 1.95e+05 pJ (0.11%)
Time elapsed before estimating layer 4 ts 1 ====> 316.32 s
TS 0 layer 4 readLatency: 9.87e+05 ns
TS 0 layer 4 bufferLatency: 5.53e+05 ns (56.09%)
TS 0 layer 4 icLatency: 7.05e+02 ns
TS 0 layer 4 coreLatencyADC: 4.21e+03 ns (0.43%)
TS 0 layer 4 coreLatencyAccum: 3.94e+05 ns (39.96%)
TS 0 layer 4 coreLatencyOther: 3.41e+04 ns (3.45%)
TS 0 layer 4 arrayReadLatency: 3.98e+05 ns (40.35%)
TS 0 layer 4 arrayLatencyADC: 4.21e+03 ns (0.43%)
TS 0 layer 4 arrayLatencyAccum: 3.94e+05 ns (39.92%)
TS 0 layer 4 arrayLatencyOther: 0.00e+00 ns (0.00%)
TS 0 layer 4 readLatencyBuffer: 5.59e+05 ns (56.69%)
TS 0 layer 4 readLatencyIC: 1.41e+03 ns (0.14%)
TS 0 layer 4 readDynamicEnergy: 3.86e+07 pJ
TS 0 layer 4 leakagePower: 1193.18 uW
TS 0 layer 4 leakageEnergy: 1.18e+06 pJ
TS 0 layer 4 bufferDynamicEnergy: 9.02e+04 pJ (0.23%)
TS 0 layer 4 icDynamicEnergy: 7.80e+04 pJ (0.20%)
TS 0 layer 4 coreEnergyADC: 1.54e+05 pJ (0.40%)
TS 0 layer 4 coreEnergyAccum: 3.78e+07 pJ (97.84%)
TS 0 layer 4 coreEnergyOther: 1.04e+05 pJ (0.27%)
TS 0 layer 4 coreEnergyPopcnt: 4.08e+05 pJ (1.06%)
TS 0 layer 4 arrayReadDynamicEnergy: 3.83e+07 pJ (99.27%)
TS 0 layer 4 arrayEnergyADC: 1.54e+05 pJ (0.40%)
TS 0 layer 4 arrayEnergyAccum: 3.78e+07 pJ (97.82%)
TS 0 layer 4 arrayEnergyOther: 0.00e+00 pJ (0.00%)
TS 0 layer 4 arrayEnergyPopcnt: 4.08e+05 pJ (1.06%)
TS 0 layer 4 readDynamicEnergyBuffer: 1.16e+05 pJ (0.30%)
TS 0 layer 4 readDynamicEnergyIC: 1.95e+05 pJ (0.50%)
Time elapsed before estimating layer 5 ts 1 ====> 329.44 s
TS 0 layer 5 readLatency: 1.81e+05 ns
TS 0 layer 5 bufferLatency: 1.47e+05 ns (81.65%)
TS 0 layer 5 icLatency: 1.76e+04 ns
TS 0 layer 5 coreLatencyADC: 6.58e+01 ns (0.04%)
TS 0 layer 5 coreLatencyAccum: 1.39e+04 ns (7.70%)
TS 0 layer 5 coreLatencyOther: 1.52e+03 ns (0.84%)
TS 0 layer 5 arrayReadLatency: 7.78e+03 ns (4.31%)
TS 0 layer 5 arrayLatencyADC: 6.58e+01 ns (0.04%)
TS 0 layer 5 arrayLatencyAccum: 7.71e+03 ns (4.27%)
TS 0 layer 5 arrayLatencyOther: 0.00e+00 ns (0.00%)
TS 0 layer 5 readLatencyBuffer: 2.95e+05 ns (163.52%)
TS 0 layer 5 readLatencyIC: 3.53e+04 ns (19.54%)
TS 0 layer 5 readDynamicEnergy: 2.40e+07 pJ
TS 0 layer 5 leakagePower: 31596.44 uW
TS 0 layer 5 leakageEnergy: 5.71e+06 pJ
TS 0 layer 5 bufferDynamicEnergy: 2.57e+06 pJ (10.74%)
TS 0 layer 5 icDynamicEnergy: 1.47e+07 pJ (61.42%)
TS 0 layer 5 coreEnergyADC: 1.71e+04 pJ (0.07%)
TS 0 layer 5 coreEnergyAccum: 6.61e+06 pJ (27.58%)
TS 0 layer 5 coreEnergyOther: 1.64e+03 pJ (0.01%)
TS 0 layer 5 coreEnergyPopcnt: 4.53e+04 pJ (0.19%)
TS 0 layer 5 arrayReadDynamicEnergy: 4.67e+06 pJ (19.50%)
TS 0 layer 5 arrayEnergyADC: 1.71e+04 pJ (0.07%)
TS 0 layer 5 arrayEnergyAccum: 4.61e+06 pJ (19.24%)
TS 0 layer 5 arrayEnergyOther: 0.00e+00 pJ (0.00%)
TS 0 layer 5 arrayEnergyPopcnt: 4.53e+04 pJ (0.19%)
TS 0 layer 5 readDynamicEnergyBuffer: 7.34e+06 pJ (30.64%)
TS 0 layer 5 readDynamicEnergyIC: 3.72e+07 pJ (155.29%)
Time elapsed before estimating layer 6 ts 1 ====> 329.55 s
TS 0 layer 6 readLatency: 3.65e+03 ns
TS 0 layer 6 bufferLatency: 2.26e+03 ns (61.96%)
TS 0 layer 6 icLatency: 7.06e+01 ns
TS 0 layer 6 coreLatencyADC: 1.29e+00 ns (0.04%)
TS 0 layer 6 coreLatencyAccum: 2.01e+02 ns (5.51%)
TS 0 layer 6 coreLatencyOther: 1.12e+03 ns (30.56%)
TS 0 layer 6 arrayReadLatency: 9.90e+01 ns (2.71%)
TS 0 layer 6 arrayLatencyADC: 1.29e+00 ns (0.04%)
TS 0 layer 6 arrayLatencyAccum: 9.77e+01 ns (2.68%)
TS 0 layer 6 arrayLatencyOther: 0.00e+00 ns (0.00%)
TS 0 layer 6 readLatencyBuffer: 2.94e+03 ns (80.42%)
TS 0 layer 6 readLatencyIC: 1.41e+02 ns (3.87%)
TS 0 layer 6 readDynamicEnergy: 9.30e+03 pJ
TS 0 layer 6 leakagePower: 94.79 uW
TS 0 layer 6 leakageEnergy: 3.46e+02 pJ
TS 0 layer 6 bufferDynamicEnergy: 6.13e+02 pJ (6.59%)
TS 0 layer 6 icDynamicEnergy: 2.47e+03 pJ (26.50%)
TS 0 layer 6 coreEnergyADC: 2.09e+01 pJ (0.22%)
TS 0 layer 6 coreEnergyAccum: 5.46e+03 pJ (58.66%)
TS 0 layer 6 coreEnergyOther: 3.87e+01 pJ (0.42%)
TS 0 layer 6 coreEnergyPopcnt: 7.08e+02 pJ (7.61%)
TS 0 layer 6 arrayReadDynamicEnergy: 6.02e+03 pJ (64.70%)
TS 0 layer 6 arrayEnergyADC: 2.09e+01 pJ (0.22%)
TS 0 layer 6 arrayEnergyAccum: 5.29e+03 pJ (56.86%)
TS 0 layer 6 arrayEnergyOther: 0.00e+00 pJ (0.00%)
TS 0 layer 6 arrayEnergyPopcnt: 7.08e+02 pJ (7.61%)
TS 0 layer 6 readDynamicEnergyBuffer: 1.51e+03 pJ (16.21%)
TS 0 layer 6 readDynamicEnergyIC: 5.66e+03 pJ (60.85%)
=============== Chip Performance Estimating Finish ===============
Max SNN Latency Layer: 0, Max Time Step: -1
SNN pipeline latency: 0.05364239392037064
Average of the snn layer latency (per timestep): 0.011275647468167135
Mean of the snn layer latency (per timestep): 0.011275647468167135
STD of the snn layer latency (per timestep): 0.019192085195846174
=============== Chip Area Analysis ===============
Chip Area: 3.69e+07 um^2
Chip ADC (or S/As and precharger for SRAM) Area: 1.53e+06 um^2 (4.13 %)
Chip IC Area (Global and Tile/PE local): 3.46e+06 um^2 (9.38 %)
Chip Accum (subarray level: adders, shiftAdds; PE/Tile/Global level: accumulation units) Area: 5.71e+06 um^2 (15.45 %)
Chip Other (e.g. decoders, mux, switchmatrix, buffers, IC, pooling and activation units) Area: 8.24e+06 um^2 (22.32 %)
Chip Popcnt Area: 1.67e+05 um^2 (0.45 %)
Chip Array Area: 1.51e+07 um^2 (40.80 %)
=============== Chip Latency Analysis ===============
Pipelined Clock Latency (per Layer per mergedTimeStep): 5.36e+07 ns
Buffer Latency (slowest timestep of the slowest layer): 4.93e+07 ns         (91.89 % of pipeline latency)
IC Latency (slowest timestep of the slowest layer): 9.50e+00 ns         (0.00 % of pipeline latency)
Core Latency ADC (slowest timestep of the slowest layer): 3.37e+04 ns         (0.06 % of pipeline latency)
Core Latency Accum (slowest timestep of the slowest layer): 2.19e+06 ns         (4.08 % of pipeline latency)
Core Latency Other (slowest timestep of the slowest layer): 2.13e+06 ns         (3.97 % of pipeline latency)
Array Read Latency (slowest timestep of the slowest layer): 2.22e+06 ns           (4.14 % of pipeline latency)
Array Latency ADC (slowest timestep of the slowest layer): 3.37e+04 ns           (0.06 % of pipeline latency)
Array Latency Accum (slowest timestep of the slowest layer): 2.19e+06 ns           (4.07 % of pipeline latency)
Array Latency Other (slowest timestep of the slowest layer): 0.00e+00 ns           (0.00 % of pipeline latency)
Read Latency Buffer (slowest timestep of the slowest layer): 4.93e+07 ns           (91.89 % of pipeline latency)
Read Latency IC (slowest timestep of the slowest layer): 1.90e+01 ns           (0.00 % of pipeline latency)
Total Read Latency (per image): 6.77e+07 ns
Total Buffer Latency (per image): 5.66e+07 ns         (83.63 % of total read latency)
Total IC Latency (per image): 1.98e+04 ns         (0.03 % of total read latency)
Total Core Latency ADC (per image): 8.85e+04 ns         (0.13 % of total read latency)
Total Core Latency Accum (per image): 8.14e+06 ns         (12.03 % of total read latency)
Total Core Latency Other (per image): 2.83e+06 ns         (4.18 % of total read latency)
Total Array Read Latency (per image): 8.16e+06 ns         (12.06 % of total read latency)
Total Array Latency ADC (per image): 8.85e+04 ns         (0.13 % of total read latency)
Total Array Latency Accum (per image): 8.07e+06 ns         (11.93 % of total read latency)
Total Array Latency Other (per image): 0.00e+00 ns         (0.00 % of total read latency)
Total Read Latency Buffer (per image): 5.67e+07 ns         (83.87 % of total read latency)
Total Read Latency IC (per image): 3.97e+04 ns         (0.06 % of total read latency)
=============== Chip Energy Analysis ===============
Total Read Dynamic Energy (per image): 9.62e+08 pJ
Total Buffer Dynamic Energy (per image): 4.35e+06 pJ         (0.45 % of total read dynamic energy)
Total IC Dynamic Energy (per image): 1.50e+07 pJ         (1.55 % of total read dynamic energy)
Total Core Energy ADC (per image): 3.52e+06 pJ         (0.37 % of total read dynamic energy)
Total Core Energy Accum (per image): 9.21e+08 pJ         (95.73 % of total read dynamic energy)
Total Core Energy Other (per image): 8.87e+06 pJ         (0.92 % of total read dynamic energy)
Total Core Energy Popcnt (per image): 9.33e+06 pJ         (0.97 % of total read dynamic energy)
Total Leakage Power (per image): 35284.23 uW
Total Leakage Energy (per image): 1.89e+09 pJ
Total Array Read Dynamic Energy (per image): 9.32e+08 pJ (96.86 % of total read dynamic energy)
Total Array Energy ADC (per image): 3.52e+06 pJ (0.37 % of total read dynamic energy)
Total Array Energy Accum (per image): 9.19e+08 pJ (95.52 % of total read dynamic energy)
Total Array Energy Other (per image): 0.00e+00 pJ (0.00 % of total read dynamic energy)
Total Array Energy Popcnt (per image): 9.33e+06 pJ (0.97 % of total read dynamic energy)
Total Read Dynamic Energy Buffer (per image): 9.20e+06 pJ (0.96 % of total read dynamic energy)
Total Read Dynamic Energy IC (per image): 3.78e+07 pJ (3.93 % of total read dynamic energy)

=============== Chip Performance Estimating Finish ===============
Energy Efficiency TOPS/W (Pipelined Process without IC Energy): 48.18641008334247
Throughput TOPS (Pipelined Process with IC Delay): 3.1119849618905033
Throughput FPS (Pipelined Process with IC Delay): 18.641971897906874
Compute Efficiency TOPS/mm^2 (Pipelined Process with IC Delay): 0.08429743804179457
Simulation finished, total time elapsed = 329.55 s
